2024-12-14 18:45:29,131 [INFO] Activator:176 - 


2024-12-14 18:45:29,138 [INFO] Activator:177 - !SESSION log4j initialized
2024-12-14 18:45:36,125 [INFO] LogOutputStream:77 - [STDOUT_REDIRECT] 
2024-12-14 18:45:58,445 [ERROR] LogOutputStream:75 - [STDERR_REDIRECT] SLF4J: Failed to load class "org.slf4j.impl.StaticLoggerBinder".
2024-12-14 18:45:58,445 [ERROR] LogOutputStream:75 - [STDERR_REDIRECT] SLF4J: Defaulting to no-operation (NOP) logger implementation
2024-12-14 18:45:58,447 [ERROR] LogOutputStream:75 - [STDERR_REDIRECT] SLF4J: See http://www.slf4j.org/codes.html#StaticLoggerBinder for further details.
2024-12-14 19:25:14,624 [INFO] ApplicationProperties:184 - Using Application install path: C:\ST\STM32CubeIDE_1.12.1\STM32CubeIDE\plugins\com.st.stm32cube.common.mx_6.8.1.202304191431
2024-12-14 19:25:14,661 [INFO] DbMcusXml:78 - Set database path to: C:\ST\STM32CubeIDE_1.12.1\STM32CubeIDE\plugins\com.st.stm32cube.common.mx_6.8.1.202304191431\\db\/mcu/
2024-12-14 19:25:14,662 [INFO] ApiDb:274 - Set plugin database path to: C:\ST\STM32CubeIDE_1.12.1\STM32CubeIDE\plugins\com.st.stm32cube.common.mx_6.8.1.202304191431\\db\/plugins/boardmanager/
2024-12-14 19:25:14,664 [WARN] ApiDb:259 - Overriding images path with different value:  => C:\ST\STM32CubeIDE_1.12.1\STM32CubeIDE\plugins\com.st.stm32cube.common.mx_6.8.1.202304191431\\db\/plugins/mcufinder/images/
2024-12-14 19:25:14,686 [INFO] ApiDb:250 - Set database path to: C:\Users\voine\.stmcufinder\plugins\mcufinder//mcu/
2024-12-14 19:25:14,689 [INFO] DbMcusAds:125 - Set database path to: C:\Users\voine\.stmcufinder\plugins\mcufinder//mcu/
2024-12-14 19:25:14,723 [INFO] CrossReferenceDbSqlite:203 - Set database path to: C:\Users\voine\.stmcufinder\plugins\mcufinder//mcu/cs/
2024-12-14 19:25:14,859 [INFO] RulesReader:64 - Compatibility file has been processed (293 Rules)
2024-12-14 19:25:14,983 [INFO] DbMcusXml:78 - Set database path to: C:\ST\STM32CubeIDE_1.12.1\STM32CubeIDE\plugins\com.st.stm32cube.common.mx_6.8.1.202304191431\\db\/mcu/
2024-12-14 19:25:14,983 [INFO] ApiDb:274 - Set plugin database path to: C:\ST\STM32CubeIDE_1.12.1\STM32CubeIDE\plugins\com.st.stm32cube.common.mx_6.8.1.202304191431\\db\/plugins/boardmanager/
2024-12-14 19:25:14,983 [INFO] ApiDb:261 - Set plugin images path to: C:\ST\STM32CubeIDE_1.12.1\STM32CubeIDE\plugins\com.st.stm32cube.common.mx_6.8.1.202304191431\\db\/plugins/mcufinder/images/
2024-12-14 19:25:14,985 [WARN] DbFile:41 - Overriding database path with different value: C:\Users\voine\.stmcufinder\plugins\mcufinder/ => C:\Users\voine\.stmcufinder\plugins\mcufinder
2024-12-14 19:25:14,985 [INFO] ApiDb:250 - Set database path to: C:\Users\voine\.stmcufinder\plugins\mcufinder//mcu/
2024-12-14 19:25:14,985 [WARN] DbFile:41 - Overriding database path with different value: C:\Users\voine\.stmcufinder\plugins\mcufinder/ => C:\Users\voine\.stmcufinder\plugins\mcufinder
2024-12-14 19:25:14,985 [INFO] DbMcusAds:125 - Set database path to: C:\Users\voine\.stmcufinder\plugins\mcufinder//mcu/
2024-12-14 19:25:14,985 [WARN] DbFile:41 - Overriding database path with different value: C:\Users\voine\.stmcufinder\plugins\mcufinder/ => C:\Users\voine\.stmcufinder\plugins\mcufinder
2024-12-14 19:25:14,985 [WARN] DbFile:41 - Overriding database path with different value: C:\Users\voine\.stmcufinder\plugins\mcufinder/ => C:\Users\voine\.stmcufinder\plugins\mcufinder
2024-12-14 19:25:14,985 [INFO] CrossReferenceDbSqlite:203 - Set database path to: C:\Users\voine\.stmcufinder\plugins\mcufinder//mcu/cs/
2024-12-14 19:25:15,088 [INFO] MainPanel:253 - HeapMemory: 613416960
2024-12-14 19:25:15,231 [INFO] DbMcusXml:78 - Set database path to: C:\ST\STM32CubeIDE_1.12.1\STM32CubeIDE\plugins\com.st.stm32cube.common.mx_6.8.1.202304191431\\db\/mcu/
2024-12-14 19:25:15,231 [INFO] ApiDb:274 - Set plugin database path to: C:\ST\STM32CubeIDE_1.12.1\STM32CubeIDE\plugins\com.st.stm32cube.common.mx_6.8.1.202304191431\\db\/plugins/boardmanager/
2024-12-14 19:25:15,231 [INFO] ApiDb:261 - Set plugin images path to: C:\ST\STM32CubeIDE_1.12.1\STM32CubeIDE\plugins\com.st.stm32cube.common.mx_6.8.1.202304191431\\db\/plugins/mcufinder/images/
2024-12-14 19:25:15,232 [WARN] DbFile:41 - Overriding database path with different value: C:\Users\voine\.stmcufinder\plugins\mcufinder/ => C:\Users\voine\.stmcufinder\plugins\mcufinder
2024-12-14 19:25:15,232 [INFO] ApiDb:250 - Set database path to: C:\Users\voine\.stmcufinder\plugins\mcufinder//mcu/
2024-12-14 19:25:15,232 [WARN] DbFile:41 - Overriding database path with different value: C:\Users\voine\.stmcufinder\plugins\mcufinder/ => C:\Users\voine\.stmcufinder\plugins\mcufinder
2024-12-14 19:25:15,232 [INFO] DbMcusAds:125 - Set database path to: C:\Users\voine\.stmcufinder\plugins\mcufinder//mcu/
2024-12-14 19:25:15,232 [WARN] DbFile:41 - Overriding database path with different value: C:\Users\voine\.stmcufinder\plugins\mcufinder/ => C:\Users\voine\.stmcufinder\plugins\mcufinder
2024-12-14 19:25:15,232 [WARN] DbFile:41 - Overriding database path with different value: C:\Users\voine\.stmcufinder\plugins\mcufinder/ => C:\Users\voine\.stmcufinder\plugins\mcufinder
2024-12-14 19:25:15,233 [INFO] CrossReferenceDbSqlite:203 - Set database path to: C:\Users\voine\.stmcufinder\plugins\mcufinder//mcu/cs/
2024-12-14 19:25:15,274 [INFO] ApplicationProperties:184 - Using Application install path: C:\ST\STM32CubeIDE_1.12.1\STM32CubeIDE\plugins\com.st.stm32cube.common.mx_6.8.1.202304191431
2024-12-14 19:25:15,276 [INFO] PluginManage:196 - Search for loadable plugins [exclusion list=, ]
2024-12-14 19:25:15,279 [INFO] PluginManage:310 - Check plugin analytics
2024-12-14 19:25:15,497 [INFO] AnalyticsPlugin:253 - Accepted Software Licenses: 
2024-12-14 19:25:15,498 [INFO] AnalyticsPlugin:255 - Accepted CMSIS Pack Licenses: 
2024-12-14 19:25:15,498 [INFO] AnalyticsPlugin:257 - Accepted Firmware Licenses: FW.F4.1.27.0
2024-12-14 19:25:15,515 [INFO] PluginManage:359 - Loaded plugin analytics (category:tool,tabindex:-1)
2024-12-14 19:25:15,515 [INFO] PluginManage:310 - Check plugin cadmodel
2024-12-14 19:25:15,537 [INFO] CADModel:105 - Init CAD model plugin
2024-12-14 19:25:15,537 [INFO] PluginManage:359 - Loaded plugin cadmodel (category:power,tabindex:5)
2024-12-14 19:25:15,537 [INFO] PluginManage:310 - Check plugin clock
2024-12-14 19:25:15,566 [INFO] PluginManage:359 - Loaded plugin clock (category:base,tabindex:2)
2024-12-14 19:25:15,566 [INFO] PluginManage:310 - Check plugin ddr
2024-12-14 19:25:15,571 [INFO] PluginManage:359 - Loaded plugin ddr (category:tool,tabindex:6)
2024-12-14 19:25:15,571 [INFO] PluginManage:310 - Check plugin filemanager
2024-12-14 19:25:15,754 [INFO] PluginManage:359 - Loaded plugin filemanager (category:base,tabindex:10)
2024-12-14 19:25:15,754 [INFO] PluginManage:310 - Check plugin ipmanager
2024-12-14 19:25:15,767 [INFO] PluginManage:359 - Loaded plugin ipmanager (category:base,tabindex:5)
2024-12-14 19:25:15,767 [INFO] PluginManage:310 - Check plugin lpbam
2024-12-14 19:25:15,791 [INFO] PluginManage:359 - Loaded plugin lpbam (category:base,tabindex:0)
2024-12-14 19:25:15,791 [INFO] PluginManage:310 - Check plugin pinoutandconfiguration
2024-12-14 19:25:15,816 [INFO] PluginManage:359 - Loaded plugin pinoutandconfiguration (category:base,tabindex:1)
2024-12-14 19:25:15,816 [INFO] PluginManage:310 - Check plugin pinoutconfig
2024-12-14 19:25:15,948 [WARN] SupportedApi:132 - Cannot load RTOS API schema: s4s-elt-must-match.1: The content of 'definitions' must match (annotation?, (simpleType | complexType)?, (unique | key | keyref)*)). A problem was found starting at: attribute.
2024-12-14 19:25:16,168 [INFO] PluginManage:359 - Loaded plugin pinoutconfig (category:base,tabindex:0)
2024-12-14 19:25:16,168 [INFO] PluginManage:310 - Check plugin power
2024-12-14 19:25:16,201 [INFO] PluginManage:359 - Loaded plugin power (category:power,tabindex:4)
2024-12-14 19:25:16,202 [INFO] PluginManage:310 - Check plugin projectmanager
2024-12-14 19:25:16,225 [INFO] PluginManage:359 - Loaded plugin projectmanager (category:projectmanager,tabindex:3)
2024-12-14 19:25:16,225 [INFO] PluginManage:310 - Check plugin thirdparty
2024-12-14 19:25:16,647 [INFO] PluginManage:359 - Loaded plugin thirdparty (category:base,tabindex:-1)
2024-12-14 19:25:16,647 [INFO] PluginManage:310 - Check plugin tools
2024-12-14 19:25:16,647 [WARN] IntegrityCheckThread:84 - waiting for thirdparty lock release [integrity check]
2024-12-14 19:25:16,648 [INFO] IntegrityCheckThread:86 - entering critical section [integrity check]
2024-12-14 19:25:16,650 [INFO] ThirdPartyUpdaterWithRetryManager:70 - Updater plugin not ready yet. [1/15]
2024-12-14 19:25:16,705 [INFO] PluginManage:359 - Loaded plugin tools (category:base,tabindex:7)
2024-12-14 19:25:16,705 [INFO] PluginManage:310 - Check plugin tutovideos
2024-12-14 19:25:17,002 [INFO] PluginManage:359 - Loaded plugin tutovideos (category:base,tabindex:-1)
2024-12-14 19:25:17,002 [INFO] PluginManage:310 - Check plugin updater
2024-12-14 19:25:17,023 [INFO] PluginManage:359 - Loaded plugin updater (category:base,tabindex:12)
2024-12-14 19:25:17,023 [INFO] PluginManage:283 - PluginManage : Loaded plugins [15]
2024-12-14 19:25:17,401 [INFO] PinOutPanel:1499 - setPackage(No Configuration,No Configuration)
2024-12-14 19:25:17,503 [INFO] CADModel:165 - CPN selected for project level
2024-12-14 19:25:17,503 [INFO] CADModel:114 - Register for checkConnection events
2024-12-14 19:25:17,542 [INFO] IPUIPlugin:80 - create IPUIPlugin
2024-12-14 19:25:17,543 [INFO] PluginManager:220 - loadIPPluginJar : add adc
2024-12-14 19:25:17,591 [INFO] IPUIPlugin:80 - create IPUIPlugin
2024-12-14 19:25:17,592 [INFO] PluginManager:220 - loadIPPluginJar : add aes
2024-12-14 19:25:17,654 [INFO] IPUIPlugin:80 - create IPUIPlugin
2024-12-14 19:25:17,654 [INFO] PluginManager:220 - loadIPPluginJar : add can
2024-12-14 19:25:17,692 [INFO] IPUIPlugin:80 - create IPUIPlugin
2024-12-14 19:25:17,693 [INFO] PluginManager:220 - loadIPPluginJar : add comp
2024-12-14 19:25:17,743 [INFO] IPUIPlugin:80 - create IPUIPlugin
2024-12-14 19:25:17,743 [INFO] PluginManager:220 - loadIPPluginJar : add cryp
2024-12-14 19:25:17,789 [INFO] IPUIPlugin:80 - create IPUIPlugin
2024-12-14 19:25:17,790 [INFO] PluginManager:220 - loadIPPluginJar : add dfsdm
2024-12-14 19:25:17,809 [INFO] IPUIPlugin:80 - create IPUIPlugin
2024-12-14 19:25:17,810 [INFO] PluginManager:220 - loadIPPluginJar : add dma
2024-12-14 19:25:17,871 [INFO] IPUIPlugin:80 - create IPUIPlugin
2024-12-14 19:25:17,871 [INFO] PluginManager:220 - loadIPPluginJar : add dma3
2024-12-14 19:25:17,901 [INFO] IPUIPlugin:80 - create IPUIPlugin
2024-12-14 19:25:17,901 [INFO] PluginManager:220 - loadIPPluginJar : add fatfs
2024-12-14 19:25:17,968 [INFO] IPUIPlugin:80 - create IPUIPlugin
2024-12-14 19:25:17,968 [INFO] PluginManager:220 - loadIPPluginJar : add fmc
2024-12-14 19:25:17,991 [INFO] IPUIPlugin:80 - create IPUIPlugin
2024-12-14 19:25:17,991 [INFO] PluginManager:220 - loadIPPluginJar : add freertos
2024-12-14 19:25:18,019 [INFO] IPUIPlugin:80 - create IPUIPlugin
2024-12-14 19:25:18,019 [INFO] PluginManager:220 - loadIPPluginJar : add genericplugin
2024-12-14 19:25:18,160 [INFO] IPUIPlugin:80 - create IPUIPlugin
2024-12-14 19:25:18,161 [INFO] PluginManager:220 - loadIPPluginJar : add gfxmmu
2024-12-14 19:25:18,359 [INFO] IPUIPlugin:80 - create IPUIPlugin
2024-12-14 19:25:18,359 [INFO] PluginManager:220 - loadIPPluginJar : add gic
2024-12-14 19:25:18,378 [INFO] IPUIPlugin:80 - create IPUIPlugin
2024-12-14 19:25:18,378 [INFO] PluginManager:220 - loadIPPluginJar : add gpio
2024-12-14 19:25:18,522 [INFO] IPUIPlugin:80 - create IPUIPlugin
2024-12-14 19:25:18,522 [INFO] PluginManager:220 - loadIPPluginJar : add gtzc
2024-12-14 19:25:18,572 [INFO] IPUIPlugin:80 - create IPUIPlugin
2024-12-14 19:25:18,572 [INFO] PluginManager:220 - loadIPPluginJar : add hash
2024-12-14 19:25:18,647 [INFO] IPUIPlugin:80 - create IPUIPlugin
2024-12-14 19:25:18,647 [INFO] PluginManager:220 - loadIPPluginJar : add i2c
2024-12-14 19:25:18,711 [INFO] IPUIPlugin:80 - create IPUIPlugin
2024-12-14 19:25:18,712 [INFO] PluginManager:220 - loadIPPluginJar : add i2s
2024-12-14 19:25:18,771 [INFO] IPUIPlugin:80 - create IPUIPlugin
2024-12-14 19:25:18,771 [INFO] PluginManager:220 - loadIPPluginJar : add i3c
2024-12-14 19:25:18,918 [INFO] IPUIPlugin:80 - create IPUIPlugin
2024-12-14 19:25:18,918 [INFO] PluginManager:220 - loadIPPluginJar : add ipddr
2024-12-14 19:25:19,064 [INFO] IPUIPlugin:80 - create IPUIPlugin
2024-12-14 19:25:19,064 [INFO] PluginManager:220 - loadIPPluginJar : add linkedlist
2024-12-14 19:25:19,120 [INFO] IPUIPlugin:80 - create IPUIPlugin
2024-12-14 19:25:19,120 [INFO] PluginManager:220 - loadIPPluginJar : add lorawan
2024-12-14 19:25:19,177 [INFO] IPUIPlugin:80 - create IPUIPlugin
2024-12-14 19:25:19,177 [INFO] PluginManager:220 - loadIPPluginJar : add ltdc
2024-12-14 19:25:19,197 [INFO] IPUIPlugin:80 - create IPUIPlugin
2024-12-14 19:25:19,197 [INFO] PluginManager:220 - loadIPPluginJar : add mdma
2024-12-14 19:25:19,215 [INFO] IPUIPlugin:80 - create IPUIPlugin
2024-12-14 19:25:19,215 [INFO] PluginManager:220 - loadIPPluginJar : add nvic
2024-12-14 19:25:19,273 [INFO] IPUIPlugin:80 - create IPUIPlugin
2024-12-14 19:25:19,273 [INFO] PluginManager:220 - loadIPPluginJar : add opamp
2024-12-14 19:25:19,378 [INFO] IPUIPlugin:80 - create IPUIPlugin
2024-12-14 19:25:19,378 [INFO] PluginManager:220 - loadIPPluginJar : add openamp
2024-12-14 19:25:19,440 [INFO] IPUIPlugin:80 - create IPUIPlugin
2024-12-14 19:25:19,440 [INFO] PluginManager:220 - loadIPPluginJar : add pdm2pcm
2024-12-14 19:25:19,461 [INFO] IPUIPlugin:80 - create IPUIPlugin
2024-12-14 19:25:19,465 [INFO] PluginManager:220 - loadIPPluginJar : add plateformsettings
2024-12-14 19:25:19,502 [INFO] IPUIPlugin:80 - create IPUIPlugin
2024-12-14 19:25:19,502 [INFO] PluginManager:220 - loadIPPluginJar : add quadspi
2024-12-14 19:25:19,526 [INFO] IPUIPlugin:80 - create IPUIPlugin
2024-12-14 19:25:19,526 [INFO] PluginManager:220 - loadIPPluginJar : add resmgrutility
2024-12-14 19:25:19,595 [INFO] IPUIPlugin:80 - create IPUIPlugin
2024-12-14 19:25:19,595 [INFO] PluginManager:220 - loadIPPluginJar : add sai
2024-12-14 19:25:19,651 [INFO] ThirdPartyUpdaterWithRetryManager:70 - Updater plugin not ready yet. [2/15]
2024-12-14 19:25:19,661 [INFO] IPUIPlugin:80 - create IPUIPlugin
2024-12-14 19:25:19,661 [INFO] PluginManager:220 - loadIPPluginJar : add spi
2024-12-14 19:25:19,763 [INFO] IPUIPlugin:80 - create IPUIPlugin
2024-12-14 19:25:19,765 [INFO] PluginManager:220 - loadIPPluginJar : add stm32_wpan
2024-12-14 19:25:19,810 [INFO] IPUIPlugin:80 - create IPUIPlugin
2024-12-14 19:25:19,811 [INFO] PluginManager:220 - loadIPPluginJar : add tim
2024-12-14 19:25:19,888 [INFO] IPUIPlugin:80 - create IPUIPlugin
2024-12-14 19:25:19,889 [INFO] PluginManager:220 - loadIPPluginJar : add touchsensing
2024-12-14 19:25:19,923 [INFO] IPUIPlugin:80 - create IPUIPlugin
2024-12-14 19:25:19,923 [INFO] PluginManager:220 - loadIPPluginJar : add tracer_emb
2024-12-14 19:25:19,962 [INFO] IPUIPlugin:80 - create IPUIPlugin
2024-12-14 19:25:19,962 [INFO] PluginManager:220 - loadIPPluginJar : add ts
2024-12-14 19:25:19,996 [INFO] IPUIPlugin:80 - create IPUIPlugin
2024-12-14 19:25:19,996 [INFO] PluginManager:220 - loadIPPluginJar : add tsc
2024-12-14 19:25:20,031 [INFO] IPUIPlugin:80 - create IPUIPlugin
2024-12-14 19:25:20,031 [INFO] PluginManager:220 - loadIPPluginJar : add ucpd
2024-12-14 19:25:20,090 [INFO] IPUIPlugin:80 - create IPUIPlugin
2024-12-14 19:25:20,090 [INFO] PluginManager:220 - loadIPPluginJar : add usart
2024-12-14 19:25:20,159 [INFO] IPUIPlugin:80 - create IPUIPlugin
2024-12-14 19:25:20,159 [INFO] PluginManager:220 - loadIPPluginJar : add usbx
2024-12-14 19:25:20,312 [INFO] CADModel:165 - CPN selected for project level
2024-12-14 19:25:20,312 [INFO] CADModel:114 - Register for checkConnection events
2024-12-14 19:25:20,313 [FATAL] Updater:308 - Updater called before beeing initialized
2024-12-14 19:25:20,313 [ERROR] CADModel:125 - Updater not yet initialized, retry later 
2024-12-14 19:25:20,500 [INFO] CADModel:165 - CPN selected for project level
2024-12-14 19:25:20,500 [INFO] CADModel:114 - Register for checkConnection events
2024-12-14 19:25:20,500 [FATAL] Updater:308 - Updater called before beeing initialized
2024-12-14 19:25:20,500 [ERROR] CADModel:125 - Updater not yet initialized, retry later 
2024-12-14 19:25:20,506 [FATAL] Updater:308 - Updater called before beeing initialized
2024-12-14 19:25:20,709 [FATAL] Updater:308 - Updater called before beeing initialized
2024-12-14 19:25:20,728 [INFO] DbMcusAds:53 - JSON generation date=Fri Sep 20 16:04:23 EEST 2024 (1726837463113)
2024-12-14 19:25:20,728 [FATAL] Updater:308 - Updater called before beeing initialized
2024-12-14 19:25:20,843 [WARN] DetailPanel:346 - Failed to get advertising image, set to default
2024-12-14 19:25:20,982 [FATAL] Updater:308 - Updater called before beeing initialized
2024-12-14 19:25:20,985 [FATAL] Updater:308 - Updater called before beeing initialized
2024-12-14 19:25:20,985 [FATAL] Updater:308 - Updater called before beeing initialized
2024-12-14 19:25:20,987 [WARN] DetailPanel:346 - Failed to get advertising image, set to default
2024-12-14 19:25:20,988 [FATAL] Updater:308 - Updater called before beeing initialized
2024-12-14 19:25:21,082 [ERROR] Updater:1120 - MainUpdater not yet initialized. External WinMGr cannot be set.
2024-12-14 19:25:21,097 [INFO] Updater:1056 - Updater Version found : 6.8.1
2024-12-14 19:25:21,157 [INFO] ApplicationProperties:184 - Using Application install path: C:\ST\STM32CubeIDE_1.12.1\STM32CubeIDE\plugins\com.st.stm32cube.common.mx_6.8.1.202304191431
2024-12-14 19:25:21,462 [INFO] MainUpdater:2854 - connection check result : 10
2024-12-14 19:25:21,462 [INFO] MainUpdater:3548 - Updater definition file requires update
2024-12-14 19:25:21,463 [INFO] MainUpdater:283 - Updater Check For Update Now.
2024-12-14 19:25:21,463 [INFO] MicroXplorer:498 - Change Database Version : DB.6.0.81
2024-12-14 19:25:21,647 [INFO] ServerAccessManage:473 - Download File updaters.zip
2024-12-14 19:25:21,712 [INFO] FileExtend:240 - Unzip File : updaters.zip
2024-12-14 19:25:21,712 [INFO] FileExtend:255 - Standard Zip Deflate
2024-12-14 19:25:22,661 [WARN] MainUpdater:1187 - Updater busy. Cannot search thirdparties
2024-12-14 19:25:22,661 [INFO] ThirdPartyUpdaterWithRetryManager:96 - Updater plugin is busy. [1/15]
2024-12-14 19:25:22,782 [INFO] ServerAccessManage:473 - Download File PacksControlFlags.xml
2024-12-14 19:25:23,014 [INFO] ServerAccessManage:473 - Download File cubemx.pidx
2024-12-14 19:25:23,648 [INFO] ServerAccessManage:473 - Download File STMicroelectronics.X-CUBE-BLEMGR.pdsc
2024-12-14 19:25:23,899 [ERROR] ServerAccessManage:1089 - Problem, file not found on Server
2024-12-14 19:25:24,970 [INFO] ServerAccessManage:473 - Download File STMicroelectronics.X-CUBE-FREERTOS.pdsc
2024-12-14 19:25:25,676 [WARN] MainUpdater:1187 - Updater busy. Cannot search thirdparties
2024-12-14 19:25:25,676 [INFO] ThirdPartyUpdaterWithRetryManager:96 - Updater plugin is busy. [2/15]
2024-12-14 19:25:26,035 [INFO] ServerAccessManage:473 - Download File STMicroelectronics.X-CUBE-TCPP.pdsc
2024-12-14 19:25:27,148 [WARN] PopulateThirdPartyThread:106 - Error when creating pack: C:/Users/voine/.stm32cubemx/thirdparties/pdsc/STMicroelectronics.X-CUBE-BLEMGR.pdsc
2024-12-14 19:25:27,221 [WARN] PackLoader:240 - Cannot read IP mode file for STMicroelectronics.X-CUBE-FREERTOS.1.3.0
2024-12-14 19:25:27,230 [WARN] PopulateThirdPartyThread:106 - Error when creating pack: C:/Users/voine/.stm32cubemx/thirdparties/pdsc/STMicroelectronics.X-CUBE-TCPP.pdsc
2024-12-14 19:25:27,230 [INFO] PopulateThirdPartyThread:66 - Ending populate Thread
2024-12-14 19:25:27,239 [INFO] ThirdParty:1030 - CMSIS Pack Vendor :STMicroelectronics X-CUBE-FREERTOS 1.3.0
2024-12-14 19:25:27,240 [INFO] LoadServerUpdatesThread:373 - End of LoadServerUpdate Thread
2024-12-14 19:25:27,393 [INFO] CheckServerUpdateThread:120 - End of CheckServer Thread
2024-12-14 19:25:27,402 [INFO] MainUpdater:2854 - connection check result : 10
2024-12-14 19:25:27,413 [INFO] MainUpdater:2854 - connection check result : 10
2024-12-14 19:25:27,668 [INFO] MicroXplorer:468 - Change Database Path : 
2024-12-14 19:25:27,669 [INFO] MicroXplorer:498 - Change Database Version : DB.6.0.81
2024-12-14 19:25:27,669 [WARN] ThirdParty:871 - waiting for thirdparty lock release [close project]
2024-12-14 19:25:29,033 [WARN] PackLoader:240 - Cannot read IP mode file for STMicroelectronics.FP-SNS-MOTENVWB1.1.4.0
2024-12-14 19:25:29,040 [WARN] PackLoader:240 - Cannot read IP mode file for STMicroelectronics.FP-ATR-ASTRA1.2.0.1
2024-12-14 19:25:29,056 [WARN] PackLoader:240 - Cannot read IP mode file for STMicroelectronics.X-CUBE-SMBUS.2.1.0
2024-12-14 19:25:29,079 [WARN] PackLoader:240 - Cannot read IP mode file for STMicroelectronics.X-CUBE-WB05N.1.1.0
2024-12-14 19:25:29,096 [WARN] PackLoader:240 - Cannot read IP mode file for STMicroelectronics.X-CUBE-TOUCHGFX.4.23.1
2024-12-14 19:25:29,111 [WARN] PackLoader:240 - Cannot read IP mode file for STMicroelectronics.X-CUBE-TOUCHGFX.4.23.0
2024-12-14 19:25:29,124 [WARN] PackLoader:240 - Cannot read IP mode file for STMicroelectronics.X-CUBE-TOUCHGFX.4.23.2
2024-12-14 19:25:29,169 [WARN] PackLoader:240 - Cannot read IP mode file for STMicroelectronics.X-CUBE-AZRTOS-F7.1.1.0
2024-12-14 19:25:29,194 [WARN] PackLoader:240 - Cannot read IP mode file for STMicroelectronics.FP-SNS-MOTENV1.4.3.2
2024-12-14 19:25:29,308 [WARN] PackLoader:240 - Cannot read IP mode file for STMicroelectronics.X-CUBE-MEMS1.11.0.0
2024-12-14 19:25:29,459 [WARN] PackLoader:240 - Cannot read IP mode file for STMicroelectronics.FP-SNS-FLIGHT1.5.0.2
2024-12-14 19:25:29,486 [WARN] PackLoader:240 - Cannot read IP mode file for STMicroelectronics.X-CUBE-DISPLAY.3.0.0
2024-12-14 19:25:29,518 [WARN] PackLoader:240 - Cannot read IP mode file for STMicroelectronics.X-CUBE-BLE1.7.0.0
2024-12-14 19:25:29,549 [WARN] PackLoader:240 - Cannot read IP mode file for STMicroelectronics.X-CUBE-NFC10.1.0.0
2024-12-14 19:25:29,555 [ERROR] Engine:466 - C:\Users\voine\.stm32cubemx\thirdparties\pdsc\STMicroelectronics.X-CUBE-BLEMGR.4.0.0.pdsc: PDSC version is not supported
2024-12-14 19:25:29,578 [WARN] PackLoader:240 - Cannot read IP mode file for emotas.I-CUBE-CANOPEN.1.3.0
2024-12-14 19:25:29,611 [WARN] PackLoader:240 - Cannot read IP mode file for STMicroelectronics.X-CUBE-BLEMGR.3.1.0
2024-12-14 19:25:29,634 [WARN] PackLoader:240 - Cannot read IP mode file for STMicroelectronics.FP-SNS-SMARTAG2.1.2.0
2024-12-14 19:25:29,663 [INFO] LogOutputStream:77 - [STDOUT_REDIRECT] 1 : Invalid condition id : UX_CORESTACK_Condition cause : null
2024-12-14 19:25:29,664 [INFO] LogOutputStream:77 - [STDOUT_REDIRECT] 1 : Invalid condition id : UX_CORESTACK_Condition cause : null
2024-12-14 19:25:29,666 [INFO] LogOutputStream:77 - [STDOUT_REDIRECT] 1 : Invalid condition id : UX_CORESTACK_Condition cause : null
2024-12-14 19:25:29,667 [INFO] LogOutputStream:77 - [STDOUT_REDIRECT] 1 : Invalid condition id : UX_CORESTACK_Condition cause : null
2024-12-14 19:25:29,668 [INFO] LogOutputStream:77 - [STDOUT_REDIRECT] 1 : Invalid condition id : UX_CORESTACK_Condition cause : null
2024-12-14 19:25:29,671 [WARN] PackLoader:240 - Cannot read IP mode file for STMicroelectronics.X-CUBE-AZRTOS-WL.2.0.0
2024-12-14 19:25:29,694 [WARN] PackLoader:240 - Cannot read IP mode file for STMicroelectronics.FP-SNS-MOTENV1.5.0.0
2024-12-14 19:25:29,702 [WARN] PackLoader:240 - Cannot read IP mode file for wolfSSL.I-CUBE-wolfMQTT.1.19.0
2024-12-14 19:25:29,726 [WARN] PackLoader:240 - Cannot read IP mode file for WES.I-CUBE-Cesium.1.3.0
2024-12-14 19:25:29,750 [WARN] PackLoader:240 - Cannot read IP mode file for STMicroelectronics.X-CUBE-BLE2.3.3.0
2024-12-14 19:25:29,778 [WARN] PackLoader:240 - Cannot read IP mode file for STMicroelectronics.X-CUBE-NFC9.1.0.0
2024-12-14 19:25:29,799 [WARN] PackLoader:240 - Cannot read IP mode file for STMicroelectronics.X-CUBE-TCPP.4.1.0
2024-12-14 19:25:29,822 [WARN] PackLoader:240 - Cannot read IP mode file for STMicroelectronics.X-CUBE-ALGOBUILD.1.3.0
2024-12-14 19:25:29,863 [WARN] PackLoader:240 - Cannot read IP mode file for STMicroelectronics.X-CUBE-AZRTOS-G0.1.1.0
2024-12-14 19:25:29,892 [WARN] PackLoader:240 - Cannot read IP mode file for STMicroelectronics.X-CUBE-SAFEA1.1.2.2
2024-12-14 19:25:29,921 [WARN] PackLoader:240 - Cannot read IP mode file for STMicroelectronics.X-CUBE-NFC4.3.0.0
2024-12-14 19:25:29,942 [ERROR] Engine:466 - C:\Users\voine\.stm32cubemx\thirdparties\pdsc\EmbeddedOffice.I-CUBE-FS-RTOS.1.0.1.pdsc: PDSC version is not supported
2024-12-14 19:25:29,969 [WARN] PackLoader:240 - Cannot read IP mode file for STMicroelectronics.X-CUBE-BLEMGR.3.0.0
2024-12-14 19:25:29,974 [ERROR] Engine:466 - C:\Users\voine\.stm32cubemx\thirdparties\pdsc\STMicroelectronics.X-CUBE-TCPP.4.2.0.pdsc: PDSC version is not supported
2024-12-14 19:25:29,993 [ERROR] Engine:466 - C:\Users\voine\.stm32cubemx\thirdparties\pdsc\RealThread.X-CUBE-RT-Thread_Nano.4.1.1.pdsc: PDSC version is not supported
2024-12-14 19:25:30,001 [WARN] PackLoader:240 - Cannot read IP mode file for STMicroelectronics.FP-ATR-SIGFOX1.3.2.0
2024-12-14 19:25:30,007 [ERROR] Engine:466 - C:\Users\voine\.stm32cubemx\thirdparties\pdsc\quantropi.X-CUBE-qispace-sdk-base.1.9.3.pdsc: PDSC version is not supported
2024-12-14 19:25:30,032 [WARN] PackLoader:240 - Cannot read IP mode file for STMicroelectronics.X-CUBE-EEPRMA1.5.1.0
2024-12-14 19:25:30,090 [WARN] PackLoader:240 - Cannot read IP mode file for SEGGER.I-CUBE-embOS.1.3.1
2024-12-14 19:25:30,138 [WARN] PackLoader:240 - Cannot read IP mode file for STMicroelectronics.X-CUBE-ALGOBUILD.1.4.0
2024-12-14 19:25:30,158 [WARN] PackLoader:240 - Cannot read IP mode file for STMicroelectronics.X-CUBE-AI.9.1.0
2024-12-14 19:25:30,181 [WARN] PackLoader:240 - Cannot read IP mode file for STMicroelectronics.X-CUBE-GNSS1.6.0.0
2024-12-14 19:25:30,211 [WARN] PackLoader:240 - Cannot read IP mode file for STMicroelectronics.X-CUBE-AZRTOS-F4.1.1.0
2024-12-14 19:25:30,232 [WARN] PackLoader:240 - Cannot read IP mode file for STMicroelectronics.X-CUBE-ISPU.2.1.0
2024-12-14 19:25:30,249 [WARN] PackLoader:240 - Cannot read IP mode file for STMicroelectronics.X-CUBE-FREERTOS.1.2.0
2024-12-14 19:25:30,267 [WARN] PackLoader:240 - Cannot read IP mode file for wolfSSL.I-CUBE-wolfSSL.5.6.6
2024-12-14 19:25:30,299 [WARN] PackLoader:240 - Cannot read IP mode file for STMicroelectronics.X-CUBE-AZRTOS-L5.2.0.0
2024-12-14 19:25:30,322 [WARN] PackLoader:240 - Cannot read IP mode file for STMicroelectronics.X-CUBE-NFC6.3.1.0
2024-12-14 19:25:30,345 [WARN] PackLoader:240 - Cannot read IP mode file for ITTIA_DB.I-CUBE-ITTIADB.8.8.0
2024-12-14 19:25:30,360 [ERROR] Engine:466 - C:\Users\voine\.stm32cubemx\thirdparties\pdsc\STMicroelectronics.X-CUBE-DPower.1.2.0.pdsc: PDSC version is not supported
2024-12-14 19:25:30,378 [WARN] PackLoader:240 - Cannot read IP mode file for STMicroelectronics.X-CUBE-AI.9.0.0
2024-12-14 19:25:30,382 [WARN] PackLoader:240 - Cannot read IP mode file for STMicroelectronics.X-CUBE-FREERTOS.1.3.0
2024-12-14 19:25:30,412 [WARN] PackLoader:240 - Cannot read IP mode file for STMicroelectronics.X-CUBE-NFC7.1.0.1
2024-12-14 19:25:30,437 [WARN] PackLoader:240 - Cannot read IP mode file for STMicroelectronics.X-CUBE-NFC6.3.0.0
2024-12-14 19:25:30,462 [WARN] PackLoader:240 - Cannot read IP mode file for STMicroelectronics.X-CUBE-AI.8.1.0
2024-12-14 19:25:30,506 [WARN] ConditionMgr:438 - getConditionDescription Invalid condition id : LAN8742 Phy interface Condition cause : null
2024-12-14 19:25:30,507 [WARN] PackLoader:240 - Cannot read IP mode file for STMicroelectronics.X-CUBE-AZRTOS-L4.2.0.0
2024-12-14 19:25:30,508 [WARN] ConditionMgr:1039 - genDependencies : Invalid condition id : LAN8742 Phy interface Condition cause : null
2024-12-14 19:25:30,510 [WARN] ConditionMgr:1039 - genDependencies : Invalid condition id : LAN8742 Phy interface Condition cause : null
2024-12-14 19:25:30,510 [WARN] ConditionMgr:1039 - genDependencies : Invalid condition id : LAN8742 Phy interface Condition cause : null
2024-12-14 19:25:30,534 [WARN] PackLoader:240 - Cannot read IP mode file for STMicroelectronics.X-CUBE-SFXS2LP1.4.0.0
2024-12-14 19:25:30,576 [WARN] PackLoader:240 - Cannot read IP mode file for STMicroelectronics.X-CUBE-AZRTOS-H7.3.3.0
2024-12-14 19:25:30,596 [ERROR] Engine:466 - C:\Users\voine\.stm32cubemx\thirdparties\pdsc\STMicroelectronics.X-CUBE-IPS.3.0.0.pdsc: PDSC version is not supported
2024-12-14 19:25:30,620 [WARN] ConditionMgr:438 - getConditionDescription Invalid condition id : UX DEVICE CLASS RTOS Condition cause : null
2024-12-14 19:25:30,620 [WARN] ConditionMgr:438 - getConditionDescription Invalid condition id : UX DEVICE CLASS RTOS Condition cause : null
2024-12-14 19:25:30,621 [WARN] PackLoader:240 - Cannot read IP mode file for STMicroelectronics.X-CUBE-AZRTOS-WB.2.0.0
2024-12-14 19:25:30,622 [WARN] ConditionMgr:1039 - genDependencies : Invalid condition id : UX DEVICE CLASS RTOS Condition cause : null
2024-12-14 19:25:30,622 [WARN] ConditionMgr:1039 - genDependencies : Invalid condition id : UX DEVICE CLASS RTOS Condition cause : null
2024-12-14 19:25:30,623 [WARN] ConditionMgr:1039 - genDependencies : Invalid condition id : UX DEVICE CLASS RTOS Condition cause : null
2024-12-14 19:25:30,623 [WARN] ConditionMgr:1039 - genDependencies : Invalid condition id : UX DEVICE CLASS RTOS Condition cause : null
2024-12-14 19:25:30,623 [WARN] ConditionMgr:1039 - genDependencies : Invalid condition id : UX DEVICE CLASS RTOS Condition cause : null
2024-12-14 19:25:30,640 [WARN] PackLoader:240 - Cannot read IP mode file for STMicroelectronics.X-CUBE-GNSS1.7.0.0
2024-12-14 19:25:30,654 [ERROR] Engine:466 - C:\Users\voine\.stm32cubemx\thirdparties\pdsc\STMicroelectronics.FP-SNS-STBOX1.2.0.0.pdsc: PDSC version is not supported
2024-12-14 19:25:30,675 [WARN] PackLoader:240 - Cannot read IP mode file for STMicroelectronics.X-CUBE-SUBG2.5.0.0
2024-12-14 19:25:30,688 [WARN] PackLoader:240 - Cannot read IP mode file for Cesanta.I-CUBE-Mongoose.7.13.0
2024-12-14 19:25:30,720 [WARN] PackLoader:240 - Cannot read IP mode file for STMicroelectronics.X-CUBE-AZRTOS-G4.2.0.0
2024-12-14 19:25:30,756 [WARN] PackLoader:240 - Cannot read IP mode file for Infineon.AIROC-Wi-Fi-Bluetooth-STM32.1.5.1
2024-12-14 19:25:30,780 [WARN] PackLoader:240 - Cannot read IP mode file for STMicroelectronics.FP-SNS-MOTENVWB1.1.3.1
2024-12-14 19:25:30,796 [WARN] PackLoader:240 - Cannot read IP mode file for STMicroelectronics.X-CUBE-ISPU.2.0.0
2024-12-14 19:25:30,830 [WARN] PackLoader:240 - Cannot read IP mode file for STMicroelectronics.X-CUBE-ALS.1.0.2
2024-12-14 19:25:30,889 [WARN] PackLoader:240 - Cannot read IP mode file for STMicroelectronics.X-CUBE-MEMS1.10.0.0
2024-12-14 19:25:31,007 [WARN] PackLoader:240 - Cannot read IP mode file for STMicroelectronics.X-CUBE-FREERTOS.1.1.0
2024-12-14 19:25:31,029 [WARN] PackLoader:240 - Cannot read IP mode file for STMicroelectronics.X-CUBE-TOUCHGFX.4.24.1
2024-12-14 19:25:31,036 [WARN] PackLoader:240 - Cannot read IP mode file for wolfSSL.I-CUBE-wolfTPM.3.4.0
2024-12-14 19:25:31,064 [WARN] PackLoader:240 - Cannot read IP mode file for portGmbH.I-Cube-SoM-uGOAL.1.1.0
2024-12-14 19:25:31,085 [WARN] PackLoader:240 - Cannot read IP mode file for STMicroelectronics.X-CUBE-ALS.1.0.1
2024-12-14 19:25:31,117 [WARN] PackLoader:240 - Cannot read IP mode file for STMicroelectronics.X-CUBE-AZRTOS-H7RS.1.0.0
2024-12-14 19:25:31,136 [WARN] PackLoader:240 - Cannot read IP mode file for STMicroelectronics.FP-ATR-ASTRA1.2.0.0
2024-12-14 19:25:31,155 [ERROR] Engine:466 - C:\Users\voine\.stm32cubemx\thirdparties\pdsc\STMicroelectronics.X-CUBE-TOF1.3.4.2.pdsc: PDSC version is not supported
2024-12-14 19:25:31,179 [WARN] PackLoader:240 - Cannot read IP mode file for STMicroelectronics.X-CUBE-TOF1.3.4.0
2024-12-14 19:25:31,207 [WARN] PackLoader:240 - Cannot read IP mode file for STMicroelectronics.X-CUBE-TOF1.3.4.1
2024-12-14 19:25:31,247 [WARN] PackLoader:240 - Cannot read IP mode file for STMicroelectronics.X-CUBE-AZRTOS-H7.3.2.0
2024-12-14 19:25:31,257 [WARN] PackLoader:240 - Cannot read IP mode file for wolfSSL.I-CUBE-wolfSSH.1.4.17
2024-12-14 19:25:31,257 [INFO] ThirdParty:978 - Integrity check success = true
2024-12-14 19:25:31,259 [INFO] IntegrityCheckThread:100 - exiting critical section [integrity check]
2024-12-14 19:25:31,259 [INFO] IntegrityCheckThread:103 - End integrity checks thread
2024-12-14 19:25:31,259 [INFO] ThirdParty:873 - entering critical section [close project]
2024-12-14 19:25:31,261 [INFO] ThirdParty:883 - exiting critical section [close project]
2024-12-14 19:25:31,285 [INFO] PinOutPanel:1499 - setPackage(No Configuration,No Configuration)
2024-12-14 19:25:31,298 [INFO] UtilMem:75 - Begin LoadConfig() Used Memory: 729550416 Bytes (892338176)
2024-12-14 19:25:31,300 [INFO] MicroXplorer:468 - Change Database Path : 
2024-12-14 19:25:31,300 [INFO] MicroXplorer:498 - Change Database Version : DB.6.0.81
2024-12-14 19:25:31,301 [INFO] OpenFileManager:308 - Change cursor
2024-12-14 19:25:31,382 [INFO] Mcu:1937 - Initializing MCU STM32F401R(D-E)Tx STM32F401RETx STM32F401RET6
2024-12-14 19:25:32,915 [INFO] Context:659 - Trying to add GPIOservice into a context  which must be forbidden
2024-12-14 19:25:33,525 [INFO] RtosManager:555 - Registered RTOS mode: class=CMSIS, group=RTOS, mode=CMSIS_V1, owner=FREERTOS
2024-12-14 19:25:33,525 [INFO] RtosManager:555 - Registered RTOS mode: class=CMSIS, group=RTOS2, mode=CMSIS_V2, owner=FREERTOS
2024-12-14 19:25:33,526 [INFO] RtosManager:555 - Registered RTOS mode: class=RTOS, group=Core, mode=CMSIS_V1, owner=FREERTOS
2024-12-14 19:25:33,526 [INFO] RtosManager:555 - Registered RTOS mode: class=RTOS, group=Core, mode=CMSIS_V2, owner=FREERTOS
2024-12-14 19:25:33,528 [WARN] ModelIntegratedComponent:184 - Missing modes for component STMicroelectronics:FreeRTOS:0.0.1:STMicroelectronics:RTOS:FreeRTOS:Core:::10.2.0:
2024-12-14 19:25:33,546 [WARN] ModelIntegratedComponent:63 - No mode defined for component null
2024-12-14 19:25:33,546 [WARN] ModelIntegratedComponent:63 - No mode defined for component null
2024-12-14 19:25:33,547 [WARN] ModelIntegratedComponent:63 - No mode defined for component null
2024-12-14 19:25:33,547 [WARN] ModelIntegratedComponent:63 - No mode defined for component null
2024-12-14 19:25:33,547 [WARN] ModelIntegratedComponent:63 - No mode defined for component null
2024-12-14 19:25:33,547 [WARN] ModelIntegratedComponent:63 - No mode defined for component null
2024-12-14 19:25:33,548 [WARN] ModelIntegratedComponent:63 - No mode defined for component null
2024-12-14 19:25:33,548 [WARN] ModelIntegratedComponent:63 - No mode defined for component null
2024-12-14 19:25:33,548 [WARN] ModelIntegratedComponent:63 - No mode defined for component null
2024-12-14 19:25:33,548 [WARN] ModelIntegratedComponent:63 - No mode defined for component null
2024-12-14 19:25:33,549 [WARN] ModelIntegratedComponent:63 - No mode defined for component null
2024-12-14 19:25:33,549 [WARN] ModelIntegratedComponent:63 - No mode defined for component null
2024-12-14 19:25:33,549 [WARN] ModelIntegratedComponent:63 - No mode defined for component null
2024-12-14 19:25:33,549 [WARN] ModelIntegratedComponent:63 - No mode defined for component null
2024-12-14 19:25:33,550 [WARN] ModelIntegratedComponent:63 - No mode defined for component null
2024-12-14 19:25:33,550 [WARN] ModelIntegratedComponent:63 - No mode defined for component null
2024-12-14 19:25:33,550 [WARN] ModelIntegratedComponent:63 - No mode defined for component null
2024-12-14 19:25:33,550 [WARN] ModelIntegratedComponent:63 - No mode defined for component null
2024-12-14 19:25:33,552 [WARN] ModelIntegratedComponent:63 - No mode defined for component null
2024-12-14 19:25:33,552 [WARN] ModelIntegratedComponent:63 - No mode defined for component null
2024-12-14 19:25:33,552 [WARN] ModelIntegratedComponent:63 - No mode defined for component null
2024-12-14 19:25:33,552 [WARN] ModelIntegratedComponent:63 - No mode defined for component null
2024-12-14 19:25:33,552 [WARN] ModelIntegratedComponent:63 - No mode defined for component null
2024-12-14 19:25:33,552 [WARN] ModelIntegratedComponent:63 - No mode defined for component null
2024-12-14 19:25:33,553 [WARN] ModelIntegratedComponent:63 - No mode defined for component null
2024-12-14 19:25:33,553 [WARN] ModelIntegratedComponent:63 - No mode defined for component null
2024-12-14 19:25:33,553 [WARN] ModelIntegratedComponent:63 - No mode defined for component null
2024-12-14 19:25:33,553 [WARN] ModelIntegratedComponent:63 - No mode defined for component null
2024-12-14 19:25:33,553 [WARN] ModelIntegratedComponent:63 - No mode defined for component null
2024-12-14 19:25:33,553 [WARN] ModelIntegratedComponent:63 - No mode defined for component null
2024-12-14 19:25:33,554 [WARN] ModelIntegratedComponent:63 - No mode defined for component null
2024-12-14 19:25:33,554 [WARN] ModelIntegratedComponent:63 - No mode defined for component null
2024-12-14 19:25:33,554 [WARN] ModelIntegratedComponent:63 - No mode defined for component null
2024-12-14 19:25:33,735 [INFO] ThirdPartyModel:298 - Start build external matchings
2024-12-14 19:25:34,415 [INFO] ThirdPartyModel:316 - End build external matchings
2024-12-14 19:25:34,450 [INFO] ImportTextPane:194 - (OptionalMessage_ERROR) IP (RCC) : Parameter (RTCHSEDivFreq_Value) has invalid value (4000000)
2024-12-14 19:25:34,759 [INFO] UtilMem:75 - End LoadConfig() Used Memory: 602376000 Bytes (892338176)
2024-12-14 19:25:34,904 [INFO] ApiDb:581 - Connected to CubeFinder SQLite database (C:\Users\voine\.stmcufinder\plugins\mcufinder\mcu\cube-finder-db.db)
2024-12-14 19:25:35,050 [INFO] ApiDb:668 - CubeFinder database Data Model version=2.1
2024-12-14 19:25:35,050 [INFO] ApiDb:669 - CubeFinder database Configuration version=3.0.39
2024-12-14 19:25:35,051 [INFO] ApiDb:670 - CubeFinder database generation date=2024-11-21 (1732182206)
2024-12-14 19:25:35,051 [INFO] ApiDb:671 - CubeFinder database FW Pack versions=[FP-ATR-ASTRA1_V2.0.0, FP-SNS-FLIGHT1_V5.0.2, FP-SNS-MOTENV1_V5.0.0, FP-SNS-MOTENVWB1_V1.4.0, FP-SNS-SMARTAG2_V1.2.0, FP-SNS-STBOX1_V2.0.0, STM32Cube_FW_C0_V1.3.0, STM32Cube_FW_F4_V1.28.1, STM32Cube_FW_F7_V1.17.2, STM32Cube_FW_G0_V1.6.2, STM32Cube_FW_G4_V1.6.1, STM32Cube_FW_H5_V1.4.0, STM32Cube_FW_H7RS_V1.1.0, STM32Cube_FW_H7_V1.12.0, STM32Cube_FW_L0_V1.12.2, STM32Cube_FW_L4_V1.18.1, STM32Cube_FW_L5_V1.5.1, STM32Cube_FW_N6_V1.0.0, STM32Cube_FW_U0_V1.2.0, STM32Cube_FW_U3_V1.0.0, STM32Cube_FW_U5_V1.7.0, STM32Cube_FW_WB0_V1.1.0, STM32Cube_FW_WBA_V1.5.0, STM32Cube_FW_WB_V1.21.0, STM32Cube_FW_WL3_V1.0.0, STM32Cube_FW_WL_V1.3.0, X-CUBE-ALGOBUILD_V1.4.0, X-CUBE-ALS_V1.0.2, X-CUBE-AZRTOS-F4_V1.1.0, X-CUBE-AZRTOS-F7_V1.1.0, X-CUBE-AZRTOS-G0_V1.1.0, X-CUBE-AZRTOS-G4_V2.0.0, X-CUBE-AZRTOS-H7RS_V1.0.0, X-CUBE-AZRTOS-H7_V3.3.0, X-CUBE-AZRTOS-L4_V2.0.0, X-CUBE-AZRTOS-L5_V2.0.0, X-CUBE-AZRTOS-WB_V2.0.0, X-CUBE-AZRTOS-WL_V2.0.0, X-CUBE-BLE1_V7.0.0, X-CUBE-BLE2_V3.3.0, X-CUBE-BLEMGR_V3.1.0, X-CUBE-EEPRMA1_V5.1.0, X-CUBE-FREERTOS_V1.2.0, X-CUBE-GNSS1_V6.0.0, X-CUBE-MEMS1_V11.0.0, X-CUBE-NFC4_V3.0.0, X-CUBE-NFC7_V1.0.1, X-CUBE-SFXS2LP1_V4.0.0, X-CUBE-SUBG2_V5.0.0, X-CUBE-TOF1_V3.4.2]
2024-12-14 19:25:38,430 [INFO] ApiDb:240 - Found 297 in-development CPN: [B-G473E-ZEST1S, B-WB1M-WPAN1, B-WL5M-SUBG1, NUCLEO-C031C6, NUCLEO-H503RB, NUCLEO-H563ZI, NUCLEO-U545RE-Q, NUCLEO-U5A5ZJ-Q, NUCLEO-WBA52CG, STEVAL-PROTEUS1, STEVAL-STWINBX1, STM320518-EVAL, STM32C0116-DK, STM32C011D6Y3TR, STM32C011D6Y6TR, STM32C011F4P3, STM32C011F4P6, STM32C011F4U3, STM32C011F4U6TR, STM32C011F6P3, STM32C011F6P6, STM32C011F6U3, STM32C011F6U6TR, STM32C011J4M3, STM32C011J4M6, STM32C011J6M3, STM32C011J6M6, STM32C0316-DK, STM32C031C4T3, STM32C031C4T6, STM32C031C4U3, STM32C031C4U6, STM32C031C6T3, STM32C031C6T6, STM32C031C6U3, STM32C031C6U6, STM32C031F4P3, STM32C031F4P6, STM32C031F6P3, STM32C031F6P6, STM32C031G4U3, STM32C031G4U6, STM32C031G6U3, STM32C031G6U6, STM32C031K4T3, STM32C031K4T6, STM32C031K4U3, STM32C031K4U6, STM32C031K6T3, STM32C031K6T6, STM32C031K6U3, STM32C031K6U6, STM32G071K8TXN, STM32G071K8UXN, STM32G081GBU6N, STM32G081KBT6N, STM32G081KBUXN, STM32G0B1CCT6N, STM32G0B1KCT6, STM32G0B1NEY6TR, STM32G0B1RCT6N, STM32G0C1CCT6, STM32G0C1CCT6N, STM32G0C1CCU6N, STM32G0C1CET6N, STM32G0C1CEU6N, STM32G0C1KCT6, STM32G0C1NEY6TR, STM32G0C1RCI6N, STM32G0C1RCT6N, STM32G0C1REI6N, STM32G0C1RET6N, STM32G0C1VCI6, STM32G0C1VEI6, STM32G471CCT6, STM32G471CCU6, STM32G471CET3, STM32G471CET6, STM32G471CEU3, STM32G471CEU6, STM32G471MCT6, STM32G471MET3, STM32G471MET6, STM32G471MEY6TR, STM32G471QCT6, STM32G471QET3, STM32G471RCT6, STM32G471RET3, STM32G471RET6, STM32G471VCH6, STM32G471VCI6, STM32G471VCT6, STM32G471VEH3, STM32G471VEH6, STM32G471VEI3, STM32G471VEI6, STM32G471VET3, STM32G471VET6, STM32G474CCT6, STM32H503CBT6, STM32H503CBU6, STM32H503EBY6TR, STM32H503KBU6, STM32H503RBT6, STM32H562AGI6, STM32H562AII6, STM32H562IGK6, STM32H562IGT6, STM32H562IIK6, STM32H562IIT6, STM32H562RGT6, STM32H562RGV6, STM32H562RIT6, STM32H562RIV6, STM32H562VGT6, STM32H562VIT6, STM32H562ZGT6, STM32H562ZIT6, STM32H563AGI6, STM32H563AII3Q, STM32H563AII6, STM32H563IGK6, STM32H563IGT6, STM32H563IIK3Q, STM32H563IIK6, STM32H563IIT3Q, STM32H563IIT6, STM32H563MIY3QTR, STM32H563RGT6, STM32H563RGV6, STM32H563RIT6, STM32H563RIV6, STM32H563VGT6, STM32H563VIT3Q, STM32H563VIT6, STM32H563ZGT6, STM32H563ZIT3Q, STM32H563ZIT6, STM32H573AII3Q, STM32H573AII6, STM32H573I-DK, STM32H573IIK3Q, STM32H573IIK6, STM32H573IIT3Q, STM32H573IIT6, STM32H573MIY3QTR, STM32H573RIT6, STM32H573RIV6, STM32H573VIT3Q, STM32H573VIT6, STM32H573ZIT3Q, STM32H573ZIT6, STM32L4R5QGI6STR, STM32MP131AAE3, STM32MP131AAF3, STM32MP131AAG3, STM32MP131CAE3, STM32MP131CAF3, STM32MP131CAG3, STM32MP131DAE7, STM32MP131DAF7, STM32MP131DAG7, STM32MP131FAE7, STM32MP131FAF7, STM32MP131FAG7, STM32MP133AAE3, STM32MP133AAF3, STM32MP133AAG3, STM32MP133CAE3, STM32MP133CAF3, STM32MP133CAG3, STM32MP133DAE7, STM32MP133DAF7, STM32MP133DAG7, STM32MP133FAE7, STM32MP133FAF7, STM32MP133FAG7, STM32MP135AAE3, STM32MP135AAF3, STM32MP135AAG3, STM32MP135CAE3, STM32MP135CAF3, STM32MP135CAG3, STM32MP135DAE7, STM32MP135DAF7, STM32MP135DAG7, STM32MP135F-DK, STM32MP135FAE7, STM32MP135FAF7, STM32MP135FAF7T, STM32MP135FAF7U, STM32MP135FAG7, STM32U535CBT6, STM32U535CBT6Q, STM32U535CBU6, STM32U535CBU6Q, STM32U535CCT6, STM32U535CCT6Q, STM32U535CCU6, STM32U535CCU6Q, STM32U535CET6, STM32U535CET6Q, STM32U535CEU6, STM32U535CEU6Q, STM32U535JEY6QTR, STM32U535NCY6QTR, STM32U535NEY6QTR, STM32U535RBI6, STM32U535RBI6Q, STM32U535RBT6, STM32U535RBT6Q, STM32U535RCI6, STM32U535RCI6Q, STM32U535RCT6, STM32U535RCT6Q, STM32U535REI6, STM32U535REI6Q, STM32U535RET6, STM32U535RET6Q, STM32U535VCI6, STM32U535VCI6Q, STM32U535VCT6, STM32U535VCT6Q, STM32U535VEI6, STM32U535VEI6Q, STM32U535VET6, STM32U535VET6Q, STM32U545CET6, STM32U545CET6Q, STM32U545CEU6, STM32U545CEU6Q, STM32U545JEY6QTR, STM32U545NEY6QTR, STM32U545REI6, STM32U545REI6Q, STM32U545RET6, STM32U545RET6Q, STM32U545VEI6, STM32U545VEI6Q, STM32U545VET6, STM32U545VET6Q, STM32U595AIH6, STM32U595AIH6Q, STM32U595AJH6, STM32U595AJH6Q, STM32U595QII6, STM32U595QII6Q, STM32U595QJI6, STM32U595QJI6Q, STM32U595RIT6, STM32U595RIT6Q, STM32U595RJT6, STM32U595RJT6Q, STM32U595VIT6, STM32U595VIT6Q, STM32U595VJT6, STM32U595VJT6Q, STM32U595ZIT6, STM32U595ZIT6Q, STM32U595ZIY6QTR, STM32U595ZJT6, STM32U595ZJT6Q, STM32U595ZJY6QTR, STM32U599BJY6QTR, STM32U599NIH6Q, STM32U599NJH6Q, STM32U599VIT6Q, STM32U599VJT6, STM32U599VJT6Q, STM32U599ZIT6Q, STM32U599ZIY6QTR, STM32U599ZJT6Q, STM32U599ZJY6QTR, STM32U5A5AJH6, STM32U5A5AJH6Q, STM32U5A5QJI6, STM32U5A5QJI6Q, STM32U5A5RJT6, STM32U5A5RJT6Q, STM32U5A5VJT6, STM32U5A5VJT6Q, STM32U5A5ZJT6, STM32U5A5ZJT6Q, STM32U5A5ZJY6QTR, STM32U5A9BJY6QTR, STM32U5A9J-DK, STM32U5A9NJH6Q, STM32U5A9VJT6Q, STM32U5A9ZJT6Q, STM32U5A9ZJY6QTR, STM32WB1MMCH6, STM32WBA52CEU6, STM32WBA52CEU6T, STM32WBA52CGU6, STM32WBA52CGU6T, STM32WL5MOCH6, STM32WL5MOCH6TR]
2024-12-14 19:25:38,434 [INFO] DbMcus:216 - Found 4366 MCUs, 4366 are supported
2024-12-14 19:25:38,438 [INFO] ApiDb:423 - Load user favorites file C:\Users\voine/.stm32cubeide/favorites.mcus.txt: 0 item(s)
2024-12-14 19:25:38,438 [INFO] ApiDb:427 - User favorites MCUs=[]
2024-12-14 19:25:38,438 [INFO] DbMcus:222 - Set 0 / 0 favorites MCUs
2024-12-14 19:25:38,960 [WARN] ThirdParty:833 - waiting for thirdparty lock release [change project]
2024-12-14 19:25:38,960 [INFO] ThirdParty:835 - entering critical section [change project]
2024-12-14 19:25:38,960 [INFO] ThirdParty:1030 - CMSIS Pack Vendor :STMicroelectronics X-CUBE-AZRTOS-H7 3.3.0
2024-12-14 19:25:38,960 [INFO] ThirdParty:1030 - CMSIS Pack Vendor :STMicroelectronics X-CUBE-NFC9 1.0.0
2024-12-14 19:25:38,960 [INFO] ThirdParty:1030 - CMSIS Pack Vendor :STMicroelectronics X-CUBE-GNSS1 6.0.0
2024-12-14 19:25:38,960 [INFO] ThirdParty:1030 - CMSIS Pack Vendor :STMicroelectronics USB_HOST 2.0.0
2024-12-14 19:25:38,960 [INFO] ThirdParty:1030 - CMSIS Pack Vendor :STMicroelectronics FP-SNS-MOTENVWB1 1.4.0
2024-12-14 19:25:38,961 [INFO] ThirdParty:1030 - CMSIS Pack Vendor :STMicroelectronics X-CUBE-AZRTOS-F4 1.1.0
2024-12-14 19:25:38,961 [INFO] ThirdParty:1030 - CMSIS Pack Vendor :STMicroelectronics LIBJPEG 8.0.0
2024-12-14 19:25:38,961 [INFO] ThirdParty:1030 - CMSIS Pack Vendor :STMicroelectronics FP-ATR-ASTRA1 2.0.1
2024-12-14 19:25:38,961 [INFO] ThirdParty:1030 - CMSIS Pack Vendor :STMicroelectronics X-CUBE-SMBUS 2.1.0
2024-12-14 19:25:38,961 [INFO] ThirdParty:1030 - CMSIS Pack Vendor :STMicroelectronics X-CUBE-WB05N 1.1.0
2024-12-14 19:25:38,961 [INFO] ThirdParty:1030 - CMSIS Pack Vendor :STMicroelectronics USB_DEVICE 3.0.0
2024-12-14 19:25:38,961 [INFO] ThirdParty:1030 - CMSIS Pack Vendor :STMicroelectronics X-CUBE-TCPP 4.1.0
2024-12-14 19:25:38,961 [INFO] ThirdParty:1030 - CMSIS Pack Vendor :STMicroelectronics X-CUBE-ISPU 2.1.0
2024-12-14 19:25:38,961 [INFO] ThirdParty:1030 - CMSIS Pack Vendor :STMicroelectronics X-CUBE-FREERTOS 1.2.0
2024-12-14 19:25:38,961 [INFO] ThirdParty:1030 - CMSIS Pack Vendor :STMicroelectronics X-CUBE-AZRTOS-WB 2.0.0
2024-12-14 19:25:38,961 [INFO] ThirdParty:1030 - CMSIS Pack Vendor :wolfSSL I-CUBE-wolfSSL 5.6.6
2024-12-14 19:25:38,961 [INFO] ThirdParty:1030 - CMSIS Pack Vendor :STMicroelectronics X-CUBE-GNSS1 7.0.0
2024-12-14 19:25:38,961 [INFO] ThirdParty:1030 - CMSIS Pack Vendor :STMicroelectronics X-CUBE-TOUCHGFX 4.23.1
2024-12-14 19:25:38,961 [INFO] ThirdParty:1030 - CMSIS Pack Vendor :STMicroelectronics X-CUBE-TOUCHGFX 4.23.0
2024-12-14 19:25:38,961 [INFO] ThirdParty:1030 - CMSIS Pack Vendor :STMicroelectronics X-CUBE-TOUCHGFX 4.23.2
2024-12-14 19:25:38,962 [INFO] ThirdParty:1030 - CMSIS Pack Vendor :STMicroelectronics X-CUBE-AZRTOS-F7 1.1.0
2024-12-14 19:25:38,962 [INFO] ThirdParty:1030 - CMSIS Pack Vendor :STMicroelectronics X-CUBE-AZRTOS-L5 2.0.0
2024-12-14 19:25:38,962 [INFO] ThirdParty:1030 - CMSIS Pack Vendor :STMicroelectronics USB_DEVICE 2.0.0
2024-12-14 19:25:38,962 [INFO] ThirdParty:1030 - CMSIS Pack Vendor :STMicroelectronics X-CUBE-NFC6 3.1.0
2024-12-14 19:25:38,962 [INFO] ThirdParty:1030 - CMSIS Pack Vendor :ITTIA_DB I-CUBE-ITTIADB 8.8.0
2024-12-14 19:25:38,962 [INFO] ThirdParty:1030 - CMSIS Pack Vendor :STMicroelectronics FP-SNS-MOTENV1 4.3.2
2024-12-14 19:25:38,962 [INFO] ThirdParty:1030 - CMSIS Pack Vendor :STMicroelectronics X-CUBE-ALGOBUILD 1.3.0
2024-12-14 19:25:38,962 [INFO] ThirdParty:1030 - CMSIS Pack Vendor :STMicroelectronics X-CUBE-MEMS1 11.0.0
2024-12-14 19:25:38,962 [INFO] ThirdParty:1030 - CMSIS Pack Vendor :STMicroelectronics FreeRTOS 0.0.1
2024-12-14 19:25:38,962 [INFO] ThirdParty:1030 - CMSIS Pack Vendor :STMicroelectronics X-CUBE-AZRTOS-G0 1.1.0
2024-12-14 19:25:38,962 [INFO] ThirdParty:1030 - CMSIS Pack Vendor :STMicroelectronics X-CUBE-SAFEA1 1.2.2
2024-12-14 19:25:38,962 [INFO] ThirdParty:1030 - CMSIS Pack Vendor :STMicroelectronics X-CUBE-NFC4 3.0.0
2024-12-14 19:25:38,962 [INFO] ThirdParty:1030 - CMSIS Pack Vendor :STMicroelectronics X-CUBE-SUBG2 5.0.0
2024-12-14 19:25:38,962 [INFO] ThirdParty:1030 - CMSIS Pack Vendor :STMicroelectronics STM32_WPAN 1.0.0
2024-12-14 19:25:38,962 [INFO] ThirdParty:1030 - CMSIS Pack Vendor :STMicroelectronics lwIP 2.0.3
2024-12-14 19:25:38,962 [INFO] ThirdParty:1030 - CMSIS Pack Vendor :STMicroelectronics FP-SNS-FLIGHT1 5.0.2
2024-12-14 19:25:38,962 [INFO] ThirdParty:1030 - CMSIS Pack Vendor :Cesanta I-CUBE-Mongoose 7.13.0
2024-12-14 19:25:38,962 [INFO] ThirdParty:1030 - CMSIS Pack Vendor :STMicroelectronics USB_HOST 1.0.0
2024-12-14 19:25:38,962 [INFO] ThirdParty:1030 - CMSIS Pack Vendor :STMicroelectronics X-CUBE-AI 9.0.0
2024-12-14 19:25:38,962 [INFO] ThirdParty:1030 - CMSIS Pack Vendor :STMicroelectronics X-CUBE-AZRTOS-G4 2.0.0
2024-12-14 19:25:38,962 [INFO] ThirdParty:1030 - CMSIS Pack Vendor :STMicroelectronics PDM2PCM 3.1.0
2024-12-14 19:25:38,962 [INFO] ThirdParty:1030 - CMSIS Pack Vendor :Infineon AIROC-Wi-Fi-Bluetooth-STM32 1.5.1
2024-12-14 19:25:38,962 [INFO] ThirdParty:1030 - CMSIS Pack Vendor :STMicroelectronics X-CUBE-BLEMGR 3.0.0
2024-12-14 19:25:38,963 [INFO] ThirdParty:1030 - CMSIS Pack Vendor :STMicroelectronics PDM2PCM 3.3.0
2024-12-14 19:25:38,963 [INFO] ThirdParty:1030 - CMSIS Pack Vendor :STMicroelectronics X-CUBE-DISPLAY 3.0.0
2024-12-14 19:25:38,963 [INFO] ThirdParty:1030 - CMSIS Pack Vendor :STMicroelectronics FP-SNS-MOTENVWB1 1.3.1
2024-12-14 19:25:38,963 [INFO] ThirdParty:1030 - CMSIS Pack Vendor :STMicroelectronics X-CUBE-BLE1 7.0.0
2024-12-14 19:25:38,963 [INFO] ThirdParty:1030 - CMSIS Pack Vendor :STMicroelectronics FP-ATR-SIGFOX1 3.2.0
2024-12-14 19:25:38,963 [INFO] ThirdParty:1030 - CMSIS Pack Vendor :STMicroelectronics X-CUBE-NFC10 1.0.0
2024-12-14 19:25:38,963 [INFO] ThirdParty:1030 - CMSIS Pack Vendor :STMicroelectronics X-CUBE-ISPU 2.0.0
2024-12-14 19:25:38,963 [INFO] ThirdParty:1030 - CMSIS Pack Vendor :STMicroelectronics X-CUBE-EEPRMA1 5.1.0
2024-12-14 19:25:38,963 [INFO] ThirdParty:1030 - CMSIS Pack Vendor :STMicroelectronics HAL Drivers 0.0.0
2024-12-14 19:25:38,964 [INFO] ThirdParty:1030 - CMSIS Pack Vendor :STMicroelectronics MBEDTLS 2.16.2
2024-12-14 19:25:38,964 [INFO] ThirdParty:1030 - CMSIS Pack Vendor :STMicroelectronics X-CUBE-ALS 1.0.2
2024-12-14 19:25:38,964 [INFO] ThirdParty:1030 - CMSIS Pack Vendor :emotas I-CUBE-CANOPEN 1.3.0
2024-12-14 19:25:38,964 [INFO] ThirdParty:1030 - CMSIS Pack Vendor :STMicroelectronics X-CUBE-FREERTOS 1.3.0
2024-12-14 19:25:38,964 [INFO] ThirdParty:1030 - CMSIS Pack Vendor :STMicroelectronics X-CUBE-MEMS1 10.0.0
2024-12-14 19:25:38,964 [INFO] ThirdParty:1030 - CMSIS Pack Vendor :STMicroelectronics X-CUBE-FREERTOS 1.1.0
2024-12-14 19:25:38,965 [INFO] ThirdParty:1030 - CMSIS Pack Vendor :STMicroelectronics X-CUBE-NFC7 1.0.1
2024-12-14 19:25:38,965 [INFO] ThirdParty:1030 - CMSIS Pack Vendor :STMicroelectronics MBEDTLS 2.14.1
2024-12-14 19:25:38,965 [INFO] ThirdParty:1030 - CMSIS Pack Vendor :STMicroelectronics X-CUBE-TOUCHGFX 4.24.1
2024-12-14 19:25:38,965 [INFO] ThirdParty:1030 - CMSIS Pack Vendor :STMicroelectronics X-CUBE-NFC6 3.0.0
2024-12-14 19:25:38,965 [INFO] ThirdParty:1030 - CMSIS Pack Vendor :wolfSSL I-CUBE-wolfTPM 3.4.0
2024-12-14 19:25:38,965 [INFO] ThirdParty:1030 - CMSIS Pack Vendor :portGmbH I-Cube-SoM-uGOAL 1.1.0
2024-12-14 19:25:38,965 [INFO] ThirdParty:1030 - CMSIS Pack Vendor :STMicroelectronics X-CUBE-ALS 1.0.1
2024-12-14 19:25:38,966 [INFO] ThirdParty:1030 - CMSIS Pack Vendor :STMicroelectronics X-CUBE-BLEMGR 3.1.0
2024-12-14 19:25:38,966 [INFO] ThirdParty:1030 - CMSIS Pack Vendor :STMicroelectronics ThreadX 1.0.0
2024-12-14 19:25:38,966 [INFO] ThirdParty:1030 - CMSIS Pack Vendor :STMicroelectronics FP-SNS-SMARTAG2 1.2.0
2024-12-14 19:25:38,966 [INFO] ThirdParty:1030 - CMSIS Pack Vendor :STMicroelectronics X-CUBE-AZRTOS-WL 2.0.0
2024-12-14 19:25:38,966 [INFO] ThirdParty:1030 - CMSIS Pack Vendor :SEGGER I-CUBE-embOS 1.3.1
2024-12-14 19:25:38,966 [INFO] ThirdParty:1030 - CMSIS Pack Vendor :STMicroelectronics X-CUBE-ALGOBUILD 1.4.0
2024-12-14 19:25:38,966 [INFO] ThirdParty:1030 - CMSIS Pack Vendor :STMicroelectronics FP-SNS-MOTENV1 5.0.0
2024-12-14 19:25:38,966 [INFO] ThirdParty:1030 - CMSIS Pack Vendor :STMicroelectronics USB_DEVICE 1.0.0
2024-12-14 19:25:38,966 [INFO] ThirdParty:1030 - CMSIS Pack Vendor :STMicroelectronics X-CUBE-AI 8.1.0
2024-12-14 19:25:38,966 [INFO] ThirdParty:1030 - CMSIS Pack Vendor :STMicroelectronics X-CUBE-AZRTOS-H7RS 1.0.0
2024-12-14 19:25:38,966 [INFO] ThirdParty:1030 - CMSIS Pack Vendor :wolfSSL I-CUBE-wolfMQTT 1.19.0
2024-12-14 19:25:38,966 [INFO] ThirdParty:1030 - CMSIS Pack Vendor :STMicroelectronics X-CUBE-AZRTOS-L4 2.0.0
2024-12-14 19:25:38,966 [INFO] ThirdParty:1030 - CMSIS Pack Vendor :STMicroelectronics ThreadX 0.0.2
2024-12-14 19:25:38,967 [INFO] ThirdParty:1030 - CMSIS Pack Vendor :WES I-CUBE-Cesium 1.3.0
2024-12-14 19:25:38,967 [INFO] ThirdParty:1030 - CMSIS Pack Vendor :STMicroelectronics FP-ATR-ASTRA1 2.0.0
2024-12-14 19:25:38,967 [INFO] ThirdParty:1030 - CMSIS Pack Vendor :STMicroelectronics lwIP 2.1.2
2024-12-14 19:25:38,967 [INFO] ThirdParty:1030 - CMSIS Pack Vendor :STMicroelectronics X-CUBE-SFXS2LP1 4.0.0
2024-12-14 19:25:38,967 [INFO] ThirdParty:1030 - CMSIS Pack Vendor :STMicroelectronics X-CUBE-BLE2 3.3.0
2024-12-14 19:25:38,967 [INFO] ThirdParty:1030 - CMSIS Pack Vendor :STMicroelectronics X-CUBE-AI 9.1.0
2024-12-14 19:25:38,967 [INFO] ThirdParty:1030 - CMSIS Pack Vendor :STMicroelectronics X-CUBE-TOF1 3.4.0
2024-12-14 19:25:38,967 [INFO] ThirdParty:1030 - CMSIS Pack Vendor :STMicroelectronics X-CUBE-TOF1 3.4.1
2024-12-14 19:25:38,967 [INFO] ThirdParty:1030 - CMSIS Pack Vendor :STMicroelectronics X-CUBE-AZRTOS-H7 3.2.0
2024-12-14 19:25:38,967 [INFO] ThirdParty:1030 - CMSIS Pack Vendor :STMicroelectronics PDM2PCM 3.2.0
2024-12-14 19:25:38,967 [INFO] ThirdParty:1030 - CMSIS Pack Vendor :wolfSSL I-CUBE-wolfSSH 1.4.17
2024-12-14 19:25:38,968 [INFO] ThirdParty:841 - exiting critical section [change project]
2024-12-14 19:25:39,443 [INFO] PinOutPanel:1499 - setPackage(No Configuration,No Configuration)
2024-12-14 19:25:39,444 [INFO] PinOutPanel:1499 - setPackage(STM32F401RETx,LQFP64)
2024-12-14 19:25:40,623 [INFO] UtilMem:75 - Before build in PCC Used Memory: 666619632 Bytes (892338176)
2024-12-14 19:25:41,985 [INFO] UtilMem:75 - After build in PCC Used Memory: 761380808 Bytes (892338176)
2024-12-14 19:25:42,042 [INFO] IPUIPlugin:80 - create IPUIPlugin
2024-12-14 19:25:42,043 [INFO] IPUIPlugin:80 - create IPUIPlugin
2024-12-14 19:25:42,043 [INFO] IPUIPlugin:80 - create IPUIPlugin
2024-12-14 19:25:42,044 [INFO] IPUIPlugin:80 - create IPUIPlugin
2024-12-14 19:25:42,044 [INFO] IPUIPlugin:80 - create IPUIPlugin
2024-12-14 19:25:42,044 [INFO] IPUIPlugin:80 - create IPUIPlugin
2024-12-14 19:25:42,045 [INFO] IPUIPlugin:80 - create IPUIPlugin
2024-12-14 19:25:42,045 [INFO] IPUIPlugin:80 - create IPUIPlugin
2024-12-14 19:25:42,045 [INFO] IPUIPlugin:80 - create IPUIPlugin
2024-12-14 19:25:42,046 [INFO] IPUIPlugin:80 - create IPUIPlugin
2024-12-14 19:25:42,046 [INFO] IPUIPlugin:80 - create IPUIPlugin
2024-12-14 19:25:42,046 [INFO] IPUIPlugin:80 - create IPUIPlugin
2024-12-14 19:25:42,047 [INFO] IPUIPlugin:80 - create IPUIPlugin
2024-12-14 19:25:42,048 [INFO] IPUIPlugin:80 - create IPUIPlugin
2024-12-14 19:25:42,048 [INFO] IPUIPlugin:80 - create IPUIPlugin
2024-12-14 19:25:42,049 [INFO] IPUIPlugin:80 - create IPUIPlugin
2024-12-14 19:25:42,049 [INFO] IPUIPlugin:80 - create IPUIPlugin
2024-12-14 19:25:42,050 [INFO] IPUIPlugin:80 - create IPUIPlugin
2024-12-14 19:25:42,051 [INFO] IPUIPlugin:80 - create IPUIPlugin
2024-12-14 19:25:42,051 [INFO] IPUIPlugin:80 - create IPUIPlugin
2024-12-14 19:25:42,052 [INFO] IPUIPlugin:80 - create IPUIPlugin
2024-12-14 19:25:42,052 [INFO] IPUIPlugin:80 - create IPUIPlugin
2024-12-14 19:25:42,053 [INFO] IPUIPlugin:80 - create IPUIPlugin
2024-12-14 19:25:42,053 [INFO] IPUIPlugin:80 - create IPUIPlugin
2024-12-14 19:25:42,054 [INFO] IPUIPlugin:80 - create IPUIPlugin
2024-12-14 19:25:42,054 [INFO] IPUIPlugin:80 - create IPUIPlugin
2024-12-14 19:25:42,055 [INFO] IPUIPlugin:80 - create IPUIPlugin
2024-12-14 19:25:42,055 [INFO] IPUIPlugin:80 - create IPUIPlugin
2024-12-14 19:25:42,056 [INFO] IPUIPlugin:80 - create IPUIPlugin
2024-12-14 19:25:42,056 [INFO] IPUIPlugin:80 - create IPUIPlugin
2024-12-14 19:25:42,056 [INFO] IPUIPlugin:80 - create IPUIPlugin
2024-12-14 19:25:42,057 [INFO] IPUIPlugin:80 - create IPUIPlugin
2024-12-14 19:25:42,057 [INFO] IPUIPlugin:80 - create IPUIPlugin
2024-12-14 19:25:42,058 [INFO] IPUIPlugin:80 - create IPUIPlugin
2024-12-14 19:25:42,058 [INFO] IPUIPlugin:80 - create IPUIPlugin
2024-12-14 19:25:42,059 [INFO] IPUIPlugin:80 - create IPUIPlugin
2024-12-14 19:25:42,059 [INFO] IPUIPlugin:80 - create IPUIPlugin
2024-12-14 19:25:42,059 [INFO] IPUIPlugin:80 - create IPUIPlugin
2024-12-14 19:25:42,196 [INFO] ApiDbMcu:507 - Load IP Config File for PDM2PCM
2024-12-14 19:25:42,563 [INFO] CADModel:165 - CPN selected for project levelSTM32F401RET6
2024-12-14 19:25:42,563 [INFO] CADModel:114 - Register for checkConnection events
2024-12-14 19:25:42,626 [INFO] OpenFileManager:328 - Restore cursor
