2024-12-15 12:26:28,482 [INFO] Activator:176 - 


2024-12-15 12:26:28,489 [INFO] Activator:177 - !SESSION log4j initialized
2024-12-15 12:26:38,018 [INFO] LogOutputStream:77 - [STDOUT_REDIRECT] 
2024-12-15 12:27:01,485 [ERROR] LogOutputStream:75 - [STDERR_REDIRECT] SLF4J: Failed to load class "org.slf4j.impl.StaticLoggerBinder".
2024-12-15 12:27:01,485 [ERROR] LogOutputStream:75 - [STDERR_REDIRECT] SLF4J: Defaulting to no-operation (NOP) logger implementation
2024-12-15 12:27:01,488 [ERROR] LogOutputStream:75 - [STDERR_REDIRECT] SLF4J: See http://www.slf4j.org/codes.html#StaticLoggerBinder for further details.
2024-12-15 13:23:47,141 [INFO] Activator:176 - 


2024-12-15 13:23:47,143 [INFO] Activator:177 - !SESSION log4j initialized
2024-12-15 13:23:53,725 [INFO] LogOutputStream:77 - [STDOUT_REDIRECT] 
2024-12-15 13:24:16,076 [ERROR] LogOutputStream:75 - [STDERR_REDIRECT] SLF4J: Failed to load class "org.slf4j.impl.StaticLoggerBinder".
2024-12-15 13:24:16,077 [ERROR] LogOutputStream:75 - [STDERR_REDIRECT] SLF4J: Defaulting to no-operation (NOP) logger implementation
2024-12-15 13:24:16,079 [ERROR] LogOutputStream:75 - [STDERR_REDIRECT] SLF4J: See http://www.slf4j.org/codes.html#StaticLoggerBinder for further details.
2024-12-15 13:30:17,645 [INFO] Activator:176 - 


2024-12-15 13:30:17,646 [INFO] Activator:177 - !SESSION log4j initialized
2024-12-15 13:30:23,328 [INFO] LogOutputStream:77 - [STDOUT_REDIRECT] 
2024-12-15 13:30:44,511 [ERROR] LogOutputStream:75 - [STDERR_REDIRECT] SLF4J: Failed to load class "org.slf4j.impl.StaticLoggerBinder".
2024-12-15 13:30:44,511 [ERROR] LogOutputStream:75 - [STDERR_REDIRECT] SLF4J: Defaulting to no-operation (NOP) logger implementation
2024-12-15 13:30:44,512 [ERROR] LogOutputStream:75 - [STDERR_REDIRECT] SLF4J: See http://www.slf4j.org/codes.html#StaticLoggerBinder for further details.
2024-12-15 16:28:14,005 [INFO] Activator:176 - 


2024-12-15 16:28:14,008 [INFO] Activator:177 - !SESSION log4j initialized
2024-12-15 16:28:19,762 [INFO] LogOutputStream:77 - [STDOUT_REDIRECT] 
2024-12-15 16:28:41,050 [ERROR] LogOutputStream:75 - [STDERR_REDIRECT] SLF4J: Failed to load class "org.slf4j.impl.StaticLoggerBinder".
2024-12-15 16:28:41,050 [ERROR] LogOutputStream:75 - [STDERR_REDIRECT] SLF4J: Defaulting to no-operation (NOP) logger implementation
2024-12-15 16:28:41,052 [ERROR] LogOutputStream:75 - [STDERR_REDIRECT] SLF4J: See http://www.slf4j.org/codes.html#StaticLoggerBinder for further details.
2024-12-15 16:28:47,759 [INFO] ApplicationProperties:184 - Using Application install path: C:\ST\STM32CubeIDE_1.12.1\STM32CubeIDE\plugins\com.st.stm32cube.common.mx_6.8.1.202304191431
2024-12-15 16:28:47,801 [INFO] DbMcusXml:78 - Set database path to: C:\ST\STM32CubeIDE_1.12.1\STM32CubeIDE\plugins\com.st.stm32cube.common.mx_6.8.1.202304191431\\db\/mcu/
2024-12-15 16:28:47,801 [INFO] ApiDb:274 - Set plugin database path to: C:\ST\STM32CubeIDE_1.12.1\STM32CubeIDE\plugins\com.st.stm32cube.common.mx_6.8.1.202304191431\\db\/plugins/boardmanager/
2024-12-15 16:28:47,804 [WARN] ApiDb:259 - Overriding images path with different value:  => C:\ST\STM32CubeIDE_1.12.1\STM32CubeIDE\plugins\com.st.stm32cube.common.mx_6.8.1.202304191431\\db\/plugins/mcufinder/images/
2024-12-15 16:28:47,838 [INFO] ApiDb:250 - Set database path to: C:\Users\voine\.stmcufinder\plugins\mcufinder//mcu/
2024-12-15 16:28:47,840 [INFO] DbMcusAds:125 - Set database path to: C:\Users\voine\.stmcufinder\plugins\mcufinder//mcu/
2024-12-15 16:28:47,880 [INFO] CrossReferenceDbSqlite:203 - Set database path to: C:\Users\voine\.stmcufinder\plugins\mcufinder//mcu/cs/
2024-12-15 16:28:48,080 [INFO] RulesReader:64 - Compatibility file has been processed (293 Rules)
2024-12-15 16:28:48,241 [INFO] DbMcusXml:78 - Set database path to: C:\ST\STM32CubeIDE_1.12.1\STM32CubeIDE\plugins\com.st.stm32cube.common.mx_6.8.1.202304191431\\db\/mcu/
2024-12-15 16:28:48,241 [INFO] ApiDb:274 - Set plugin database path to: C:\ST\STM32CubeIDE_1.12.1\STM32CubeIDE\plugins\com.st.stm32cube.common.mx_6.8.1.202304191431\\db\/plugins/boardmanager/
2024-12-15 16:28:48,241 [INFO] ApiDb:261 - Set plugin images path to: C:\ST\STM32CubeIDE_1.12.1\STM32CubeIDE\plugins\com.st.stm32cube.common.mx_6.8.1.202304191431\\db\/plugins/mcufinder/images/
2024-12-15 16:28:48,242 [WARN] DbFile:41 - Overriding database path with different value: C:\Users\voine\.stmcufinder\plugins\mcufinder/ => C:\Users\voine\.stmcufinder\plugins\mcufinder
2024-12-15 16:28:48,242 [INFO] ApiDb:250 - Set database path to: C:\Users\voine\.stmcufinder\plugins\mcufinder//mcu/
2024-12-15 16:28:48,242 [WARN] DbFile:41 - Overriding database path with different value: C:\Users\voine\.stmcufinder\plugins\mcufinder/ => C:\Users\voine\.stmcufinder\plugins\mcufinder
2024-12-15 16:28:48,242 [INFO] DbMcusAds:125 - Set database path to: C:\Users\voine\.stmcufinder\plugins\mcufinder//mcu/
2024-12-15 16:28:48,242 [WARN] DbFile:41 - Overriding database path with different value: C:\Users\voine\.stmcufinder\plugins\mcufinder/ => C:\Users\voine\.stmcufinder\plugins\mcufinder
2024-12-15 16:28:48,242 [WARN] DbFile:41 - Overriding database path with different value: C:\Users\voine\.stmcufinder\plugins\mcufinder/ => C:\Users\voine\.stmcufinder\plugins\mcufinder
2024-12-15 16:28:48,242 [INFO] CrossReferenceDbSqlite:203 - Set database path to: C:\Users\voine\.stmcufinder\plugins\mcufinder//mcu/cs/
2024-12-15 16:28:48,410 [INFO] MainPanel:253 - HeapMemory: 295698432
2024-12-15 16:28:48,631 [INFO] DbMcusXml:78 - Set database path to: C:\ST\STM32CubeIDE_1.12.1\STM32CubeIDE\plugins\com.st.stm32cube.common.mx_6.8.1.202304191431\\db\/mcu/
2024-12-15 16:28:48,631 [INFO] ApiDb:274 - Set plugin database path to: C:\ST\STM32CubeIDE_1.12.1\STM32CubeIDE\plugins\com.st.stm32cube.common.mx_6.8.1.202304191431\\db\/plugins/boardmanager/
2024-12-15 16:28:48,631 [INFO] ApiDb:261 - Set plugin images path to: C:\ST\STM32CubeIDE_1.12.1\STM32CubeIDE\plugins\com.st.stm32cube.common.mx_6.8.1.202304191431\\db\/plugins/mcufinder/images/
2024-12-15 16:28:48,632 [WARN] DbFile:41 - Overriding database path with different value: C:\Users\voine\.stmcufinder\plugins\mcufinder/ => C:\Users\voine\.stmcufinder\plugins\mcufinder
2024-12-15 16:28:48,633 [INFO] ApiDb:250 - Set database path to: C:\Users\voine\.stmcufinder\plugins\mcufinder//mcu/
2024-12-15 16:28:48,633 [WARN] DbFile:41 - Overriding database path with different value: C:\Users\voine\.stmcufinder\plugins\mcufinder/ => C:\Users\voine\.stmcufinder\plugins\mcufinder
2024-12-15 16:28:48,633 [INFO] DbMcusAds:125 - Set database path to: C:\Users\voine\.stmcufinder\plugins\mcufinder//mcu/
2024-12-15 16:28:48,633 [WARN] DbFile:41 - Overriding database path with different value: C:\Users\voine\.stmcufinder\plugins\mcufinder/ => C:\Users\voine\.stmcufinder\plugins\mcufinder
2024-12-15 16:28:48,633 [WARN] DbFile:41 - Overriding database path with different value: C:\Users\voine\.stmcufinder\plugins\mcufinder/ => C:\Users\voine\.stmcufinder\plugins\mcufinder
2024-12-15 16:28:48,634 [INFO] CrossReferenceDbSqlite:203 - Set database path to: C:\Users\voine\.stmcufinder\plugins\mcufinder//mcu/cs/
2024-12-15 16:28:48,666 [INFO] ApplicationProperties:184 - Using Application install path: C:\ST\STM32CubeIDE_1.12.1\STM32CubeIDE\plugins\com.st.stm32cube.common.mx_6.8.1.202304191431
2024-12-15 16:28:48,669 [INFO] PluginManage:196 - Search for loadable plugins [exclusion list=, ]
2024-12-15 16:28:48,672 [INFO] PluginManage:310 - Check plugin analytics
2024-12-15 16:28:48,948 [INFO] AnalyticsPlugin:253 - Accepted Software Licenses: 
2024-12-15 16:28:48,948 [INFO] AnalyticsPlugin:255 - Accepted CMSIS Pack Licenses: 
2024-12-15 16:28:48,949 [INFO] AnalyticsPlugin:257 - Accepted Firmware Licenses: FW.F4.1.27.0
2024-12-15 16:28:48,977 [INFO] PluginManage:359 - Loaded plugin analytics (category:tool,tabindex:-1)
2024-12-15 16:28:48,978 [INFO] PluginManage:310 - Check plugin cadmodel
2024-12-15 16:28:49,000 [INFO] CADModel:105 - Init CAD model plugin
2024-12-15 16:28:49,001 [INFO] PluginManage:359 - Loaded plugin cadmodel (category:power,tabindex:5)
2024-12-15 16:28:49,002 [INFO] PluginManage:310 - Check plugin clock
2024-12-15 16:28:49,027 [INFO] PluginManage:359 - Loaded plugin clock (category:base,tabindex:2)
2024-12-15 16:28:49,027 [INFO] PluginManage:310 - Check plugin ddr
2024-12-15 16:28:49,032 [INFO] PluginManage:359 - Loaded plugin ddr (category:tool,tabindex:6)
2024-12-15 16:28:49,032 [INFO] PluginManage:310 - Check plugin filemanager
2024-12-15 16:28:49,215 [INFO] PluginManage:359 - Loaded plugin filemanager (category:base,tabindex:10)
2024-12-15 16:28:49,215 [INFO] PluginManage:310 - Check plugin ipmanager
2024-12-15 16:28:49,225 [INFO] PluginManage:359 - Loaded plugin ipmanager (category:base,tabindex:5)
2024-12-15 16:28:49,226 [INFO] PluginManage:310 - Check plugin lpbam
2024-12-15 16:28:49,253 [INFO] PluginManage:359 - Loaded plugin lpbam (category:base,tabindex:0)
2024-12-15 16:28:49,253 [INFO] PluginManage:310 - Check plugin pinoutandconfiguration
2024-12-15 16:28:49,291 [INFO] PluginManage:359 - Loaded plugin pinoutandconfiguration (category:base,tabindex:1)
2024-12-15 16:28:49,291 [INFO] PluginManage:310 - Check plugin pinoutconfig
2024-12-15 16:28:49,415 [WARN] SupportedApi:132 - Cannot load RTOS API schema: s4s-elt-must-match.1: The content of 'definitions' must match (annotation?, (simpleType | complexType)?, (unique | key | keyref)*)). A problem was found starting at: attribute.
2024-12-15 16:28:49,609 [INFO] PluginManage:359 - Loaded plugin pinoutconfig (category:base,tabindex:0)
2024-12-15 16:28:49,609 [INFO] PluginManage:310 - Check plugin power
2024-12-15 16:28:49,637 [INFO] PluginManage:359 - Loaded plugin power (category:power,tabindex:4)
2024-12-15 16:28:49,637 [INFO] PluginManage:310 - Check plugin projectmanager
2024-12-15 16:28:49,655 [INFO] PluginManage:359 - Loaded plugin projectmanager (category:projectmanager,tabindex:3)
2024-12-15 16:28:49,655 [INFO] PluginManage:310 - Check plugin thirdparty
2024-12-15 16:28:49,979 [INFO] PluginManage:359 - Loaded plugin thirdparty (category:base,tabindex:-1)
2024-12-15 16:28:49,979 [WARN] IntegrityCheckThread:84 - waiting for thirdparty lock release [integrity check]
2024-12-15 16:28:49,979 [INFO] PluginManage:310 - Check plugin tools
2024-12-15 16:28:49,979 [INFO] IntegrityCheckThread:86 - entering critical section [integrity check]
2024-12-15 16:28:49,981 [INFO] ThirdPartyUpdaterWithRetryManager:70 - Updater plugin not ready yet. [1/15]
2024-12-15 16:28:50,036 [INFO] PluginManage:359 - Loaded plugin tools (category:base,tabindex:7)
2024-12-15 16:28:50,036 [INFO] PluginManage:310 - Check plugin tutovideos
2024-12-15 16:28:50,359 [INFO] PluginManage:359 - Loaded plugin tutovideos (category:base,tabindex:-1)
2024-12-15 16:28:50,359 [INFO] PluginManage:310 - Check plugin updater
2024-12-15 16:28:50,404 [INFO] PluginManage:359 - Loaded plugin updater (category:base,tabindex:12)
2024-12-15 16:28:50,406 [INFO] PluginManage:283 - PluginManage : Loaded plugins [15]
2024-12-15 16:28:50,956 [INFO] PinOutPanel:1499 - setPackage(No Configuration,No Configuration)
2024-12-15 16:28:51,216 [INFO] CADModel:165 - CPN selected for project level
2024-12-15 16:28:51,217 [INFO] CADModel:114 - Register for checkConnection events
2024-12-15 16:28:51,432 [INFO] IPUIPlugin:80 - create IPUIPlugin
2024-12-15 16:28:51,434 [INFO] PluginManager:220 - loadIPPluginJar : add adc
2024-12-15 16:28:51,848 [INFO] IPUIPlugin:80 - create IPUIPlugin
2024-12-15 16:28:51,851 [INFO] PluginManager:220 - loadIPPluginJar : add aes
2024-12-15 16:28:52,077 [INFO] IPUIPlugin:80 - create IPUIPlugin
2024-12-15 16:28:52,082 [INFO] PluginManager:220 - loadIPPluginJar : add can
2024-12-15 16:28:52,497 [INFO] IPUIPlugin:80 - create IPUIPlugin
2024-12-15 16:28:52,497 [INFO] PluginManager:220 - loadIPPluginJar : add comp
2024-12-15 16:28:52,697 [INFO] IPUIPlugin:80 - create IPUIPlugin
2024-12-15 16:28:52,698 [INFO] PluginManager:220 - loadIPPluginJar : add cryp
2024-12-15 16:28:52,784 [INFO] IPUIPlugin:80 - create IPUIPlugin
2024-12-15 16:28:52,784 [INFO] PluginManager:220 - loadIPPluginJar : add dfsdm
2024-12-15 16:28:52,820 [INFO] IPUIPlugin:80 - create IPUIPlugin
2024-12-15 16:28:52,823 [INFO] PluginManager:220 - loadIPPluginJar : add dma
2024-12-15 16:28:52,988 [INFO] IPUIPlugin:80 - create IPUIPlugin
2024-12-15 16:28:52,988 [INFO] PluginManager:220 - loadIPPluginJar : add dma3
2024-12-15 16:28:52,991 [INFO] ThirdPartyUpdaterWithRetryManager:70 - Updater plugin not ready yet. [2/15]
2024-12-15 16:28:53,080 [INFO] IPUIPlugin:80 - create IPUIPlugin
2024-12-15 16:28:53,081 [INFO] PluginManager:220 - loadIPPluginJar : add fatfs
2024-12-15 16:28:53,207 [INFO] IPUIPlugin:80 - create IPUIPlugin
2024-12-15 16:28:53,208 [INFO] PluginManager:220 - loadIPPluginJar : add fmc
2024-12-15 16:28:53,247 [INFO] IPUIPlugin:80 - create IPUIPlugin
2024-12-15 16:28:53,247 [INFO] PluginManager:220 - loadIPPluginJar : add freertos
2024-12-15 16:28:53,303 [INFO] IPUIPlugin:80 - create IPUIPlugin
2024-12-15 16:28:53,304 [INFO] PluginManager:220 - loadIPPluginJar : add genericplugin
2024-12-15 16:28:53,567 [INFO] IPUIPlugin:80 - create IPUIPlugin
2024-12-15 16:28:53,567 [INFO] PluginManager:220 - loadIPPluginJar : add gfxmmu
2024-12-15 16:28:53,907 [INFO] IPUIPlugin:80 - create IPUIPlugin
2024-12-15 16:28:53,908 [INFO] PluginManager:220 - loadIPPluginJar : add gic
2024-12-15 16:28:53,933 [INFO] IPUIPlugin:80 - create IPUIPlugin
2024-12-15 16:28:53,933 [INFO] PluginManager:220 - loadIPPluginJar : add gpio
2024-12-15 16:28:54,163 [INFO] IPUIPlugin:80 - create IPUIPlugin
2024-12-15 16:28:54,164 [INFO] PluginManager:220 - loadIPPluginJar : add gtzc
2024-12-15 16:28:54,318 [INFO] IPUIPlugin:80 - create IPUIPlugin
2024-12-15 16:28:54,319 [INFO] PluginManager:220 - loadIPPluginJar : add hash
2024-12-15 16:28:54,451 [INFO] IPUIPlugin:80 - create IPUIPlugin
2024-12-15 16:28:54,451 [INFO] PluginManager:220 - loadIPPluginJar : add i2c
2024-12-15 16:28:54,540 [INFO] IPUIPlugin:80 - create IPUIPlugin
2024-12-15 16:28:54,540 [INFO] PluginManager:220 - loadIPPluginJar : add i2s
2024-12-15 16:28:54,632 [INFO] IPUIPlugin:80 - create IPUIPlugin
2024-12-15 16:28:54,632 [INFO] PluginManager:220 - loadIPPluginJar : add i3c
2024-12-15 16:28:54,776 [INFO] IPUIPlugin:80 - create IPUIPlugin
2024-12-15 16:28:54,776 [INFO] PluginManager:220 - loadIPPluginJar : add ipddr
2024-12-15 16:28:54,942 [INFO] IPUIPlugin:80 - create IPUIPlugin
2024-12-15 16:28:54,942 [INFO] PluginManager:220 - loadIPPluginJar : add linkedlist
2024-12-15 16:28:55,023 [INFO] IPUIPlugin:80 - create IPUIPlugin
2024-12-15 16:28:55,023 [INFO] PluginManager:220 - loadIPPluginJar : add lorawan
2024-12-15 16:28:55,098 [INFO] IPUIPlugin:80 - create IPUIPlugin
2024-12-15 16:28:55,099 [INFO] PluginManager:220 - loadIPPluginJar : add ltdc
2024-12-15 16:28:55,126 [INFO] IPUIPlugin:80 - create IPUIPlugin
2024-12-15 16:28:55,127 [INFO] PluginManager:220 - loadIPPluginJar : add mdma
2024-12-15 16:28:55,145 [INFO] IPUIPlugin:80 - create IPUIPlugin
2024-12-15 16:28:55,146 [INFO] PluginManager:220 - loadIPPluginJar : add nvic
2024-12-15 16:28:55,225 [INFO] IPUIPlugin:80 - create IPUIPlugin
2024-12-15 16:28:55,225 [INFO] PluginManager:220 - loadIPPluginJar : add opamp
2024-12-15 16:28:55,345 [INFO] IPUIPlugin:80 - create IPUIPlugin
2024-12-15 16:28:55,345 [INFO] PluginManager:220 - loadIPPluginJar : add openamp
2024-12-15 16:28:55,438 [INFO] IPUIPlugin:80 - create IPUIPlugin
2024-12-15 16:28:55,438 [INFO] PluginManager:220 - loadIPPluginJar : add pdm2pcm
2024-12-15 16:28:55,463 [INFO] IPUIPlugin:80 - create IPUIPlugin
2024-12-15 16:28:55,467 [INFO] PluginManager:220 - loadIPPluginJar : add plateformsettings
2024-12-15 16:28:55,532 [INFO] IPUIPlugin:80 - create IPUIPlugin
2024-12-15 16:28:55,533 [INFO] PluginManager:220 - loadIPPluginJar : add quadspi
2024-12-15 16:28:55,559 [INFO] IPUIPlugin:80 - create IPUIPlugin
2024-12-15 16:28:55,559 [INFO] PluginManager:220 - loadIPPluginJar : add resmgrutility
2024-12-15 16:28:55,719 [INFO] IPUIPlugin:80 - create IPUIPlugin
2024-12-15 16:28:55,719 [INFO] PluginManager:220 - loadIPPluginJar : add sai
2024-12-15 16:28:55,799 [INFO] IPUIPlugin:80 - create IPUIPlugin
2024-12-15 16:28:55,799 [INFO] PluginManager:220 - loadIPPluginJar : add spi
2024-12-15 16:28:55,889 [INFO] IPUIPlugin:80 - create IPUIPlugin
2024-12-15 16:28:55,889 [INFO] PluginManager:220 - loadIPPluginJar : add stm32_wpan
2024-12-15 16:28:55,935 [INFO] IPUIPlugin:80 - create IPUIPlugin
2024-12-15 16:28:55,935 [INFO] PluginManager:220 - loadIPPluginJar : add tim
2024-12-15 16:28:56,001 [INFO] ThirdPartyUpdaterWithRetryManager:70 - Updater plugin not ready yet. [3/15]
2024-12-15 16:28:56,017 [INFO] IPUIPlugin:80 - create IPUIPlugin
2024-12-15 16:28:56,017 [INFO] PluginManager:220 - loadIPPluginJar : add touchsensing
2024-12-15 16:28:56,050 [INFO] IPUIPlugin:80 - create IPUIPlugin
2024-12-15 16:28:56,050 [INFO] PluginManager:220 - loadIPPluginJar : add tracer_emb
2024-12-15 16:28:56,107 [INFO] IPUIPlugin:80 - create IPUIPlugin
2024-12-15 16:28:56,107 [INFO] PluginManager:220 - loadIPPluginJar : add ts
2024-12-15 16:28:56,167 [INFO] IPUIPlugin:80 - create IPUIPlugin
2024-12-15 16:28:56,167 [INFO] PluginManager:220 - loadIPPluginJar : add tsc
2024-12-15 16:28:56,203 [INFO] IPUIPlugin:80 - create IPUIPlugin
2024-12-15 16:28:56,203 [INFO] PluginManager:220 - loadIPPluginJar : add ucpd
2024-12-15 16:28:56,265 [INFO] IPUIPlugin:80 - create IPUIPlugin
2024-12-15 16:28:56,265 [INFO] PluginManager:220 - loadIPPluginJar : add usart
2024-12-15 16:28:56,322 [INFO] IPUIPlugin:80 - create IPUIPlugin
2024-12-15 16:28:56,322 [INFO] PluginManager:220 - loadIPPluginJar : add usbx
2024-12-15 16:28:56,487 [INFO] CADModel:165 - CPN selected for project level
2024-12-15 16:28:56,487 [INFO] CADModel:114 - Register for checkConnection events
2024-12-15 16:28:56,487 [FATAL] Updater:308 - Updater called before beeing initialized
2024-12-15 16:28:56,487 [ERROR] CADModel:125 - Updater not yet initialized, retry later 
2024-12-15 16:28:56,690 [INFO] CADModel:165 - CPN selected for project level
2024-12-15 16:28:56,691 [INFO] CADModel:114 - Register for checkConnection events
2024-12-15 16:28:56,691 [FATAL] Updater:308 - Updater called before beeing initialized
2024-12-15 16:28:56,691 [ERROR] CADModel:125 - Updater not yet initialized, retry later 
2024-12-15 16:28:56,697 [FATAL] Updater:308 - Updater called before beeing initialized
2024-12-15 16:28:56,955 [FATAL] Updater:308 - Updater called before beeing initialized
2024-12-15 16:28:56,970 [INFO] DbMcusAds:53 - JSON generation date=Fri Sep 20 16:04:23 EEST 2024 (1726837463113)
2024-12-15 16:28:56,971 [FATAL] Updater:308 - Updater called before beeing initialized
2024-12-15 16:28:57,069 [WARN] DetailPanel:346 - Failed to get advertising image, set to default
2024-12-15 16:28:57,206 [FATAL] Updater:308 - Updater called before beeing initialized
2024-12-15 16:28:57,210 [FATAL] Updater:308 - Updater called before beeing initialized
2024-12-15 16:28:57,210 [FATAL] Updater:308 - Updater called before beeing initialized
2024-12-15 16:28:57,210 [WARN] DetailPanel:346 - Failed to get advertising image, set to default
2024-12-15 16:28:57,211 [FATAL] Updater:308 - Updater called before beeing initialized
2024-12-15 16:28:57,310 [ERROR] Updater:1120 - MainUpdater not yet initialized. External WinMGr cannot be set.
2024-12-15 16:28:57,322 [INFO] Updater:1056 - Updater Version found : 6.8.1
2024-12-15 16:28:57,346 [INFO] ApplicationProperties:184 - Using Application install path: C:\ST\STM32CubeIDE_1.12.1\STM32CubeIDE\plugins\com.st.stm32cube.common.mx_6.8.1.202304191431
2024-12-15 16:28:57,624 [INFO] MainUpdater:2854 - connection check result : 10
2024-12-15 16:28:57,625 [INFO] MainUpdater:283 - Updater Check For Update Now.
2024-12-15 16:28:57,625 [INFO] MicroXplorer:498 - Change Database Version : DB.6.0.81
2024-12-15 16:28:57,855 [INFO] CheckServerUpdateThread:120 - End of CheckServer Thread
2024-12-15 16:28:57,865 [INFO] MainUpdater:2854 - connection check result : 10
2024-12-15 16:28:57,875 [INFO] MainUpdater:2854 - connection check result : 10
2024-12-15 16:28:58,104 [INFO] MicroXplorer:468 - Change Database Path : 
2024-12-15 16:28:58,104 [INFO] MicroXplorer:498 - Change Database Version : DB.6.0.81
2024-12-15 16:28:58,105 [WARN] ThirdParty:871 - waiting for thirdparty lock release [close project]
2024-12-15 16:28:59,306 [WARN] PackLoader:240 - Cannot read IP mode file for STMicroelectronics.FP-SNS-MOTENVWB1.1.4.0
2024-12-15 16:28:59,323 [WARN] PackLoader:240 - Cannot read IP mode file for STMicroelectronics.FP-ATR-ASTRA1.2.0.1
2024-12-15 16:28:59,341 [WARN] PackLoader:240 - Cannot read IP mode file for STMicroelectronics.X-CUBE-SMBUS.2.1.0
2024-12-15 16:28:59,360 [WARN] PackLoader:240 - Cannot read IP mode file for STMicroelectronics.X-CUBE-WB05N.1.1.0
2024-12-15 16:28:59,377 [WARN] PackLoader:240 - Cannot read IP mode file for STMicroelectronics.X-CUBE-TOUCHGFX.4.23.1
2024-12-15 16:28:59,390 [WARN] PackLoader:240 - Cannot read IP mode file for STMicroelectronics.X-CUBE-TOUCHGFX.4.23.0
2024-12-15 16:28:59,404 [WARN] PackLoader:240 - Cannot read IP mode file for STMicroelectronics.X-CUBE-TOUCHGFX.4.23.2
2024-12-15 16:28:59,457 [WARN] PackLoader:240 - Cannot read IP mode file for STMicroelectronics.X-CUBE-AZRTOS-F7.1.1.0
2024-12-15 16:28:59,482 [WARN] PackLoader:240 - Cannot read IP mode file for STMicroelectronics.FP-SNS-MOTENV1.4.3.2
2024-12-15 16:28:59,585 [WARN] PackLoader:240 - Cannot read IP mode file for STMicroelectronics.X-CUBE-MEMS1.11.0.0
2024-12-15 16:28:59,750 [WARN] PackLoader:240 - Cannot read IP mode file for STMicroelectronics.FP-SNS-FLIGHT1.5.0.2
2024-12-15 16:28:59,783 [WARN] PackLoader:240 - Cannot read IP mode file for STMicroelectronics.X-CUBE-DISPLAY.3.0.0
2024-12-15 16:28:59,817 [WARN] PackLoader:240 - Cannot read IP mode file for STMicroelectronics.X-CUBE-BLE1.7.0.0
2024-12-15 16:28:59,847 [WARN] PackLoader:240 - Cannot read IP mode file for STMicroelectronics.X-CUBE-NFC10.1.0.0
2024-12-15 16:28:59,911 [ERROR] Engine:466 - C:\Users\voine\.stm32cubemx\thirdparties\pdsc\STMicroelectronics.X-CUBE-BLEMGR.4.0.0.pdsc: PDSC version is not supported
2024-12-15 16:28:59,962 [WARN] PackLoader:240 - Cannot read IP mode file for emotas.I-CUBE-CANOPEN.1.3.0
2024-12-15 16:28:59,994 [WARN] PackLoader:240 - Cannot read IP mode file for STMicroelectronics.X-CUBE-BLEMGR.3.1.0
2024-12-15 16:29:00,022 [WARN] PackLoader:240 - Cannot read IP mode file for STMicroelectronics.FP-SNS-SMARTAG2.1.2.0
2024-12-15 16:29:00,053 [INFO] LogOutputStream:77 - [STDOUT_REDIRECT] 1 : Invalid condition id : UX_CORESTACK_Condition cause : null
2024-12-15 16:29:00,054 [INFO] LogOutputStream:77 - [STDOUT_REDIRECT] 1 : Invalid condition id : UX_CORESTACK_Condition cause : null
2024-12-15 16:29:00,055 [INFO] LogOutputStream:77 - [STDOUT_REDIRECT] 1 : Invalid condition id : UX_CORESTACK_Condition cause : null
2024-12-15 16:29:00,056 [INFO] LogOutputStream:77 - [STDOUT_REDIRECT] 1 : Invalid condition id : UX_CORESTACK_Condition cause : null
2024-12-15 16:29:00,057 [INFO] LogOutputStream:77 - [STDOUT_REDIRECT] 1 : Invalid condition id : UX_CORESTACK_Condition cause : null
2024-12-15 16:29:00,059 [WARN] PackLoader:240 - Cannot read IP mode file for STMicroelectronics.X-CUBE-AZRTOS-WL.2.0.0
2024-12-15 16:29:00,086 [WARN] PackLoader:240 - Cannot read IP mode file for STMicroelectronics.FP-SNS-MOTENV1.5.0.0
2024-12-15 16:29:00,111 [WARN] PackLoader:240 - Cannot read IP mode file for wolfSSL.I-CUBE-wolfMQTT.1.19.0
2024-12-15 16:29:00,139 [WARN] PackLoader:240 - Cannot read IP mode file for WES.I-CUBE-Cesium.1.3.0
2024-12-15 16:29:00,165 [WARN] PackLoader:240 - Cannot read IP mode file for STMicroelectronics.X-CUBE-BLE2.3.3.0
2024-12-15 16:29:00,191 [WARN] PackLoader:240 - Cannot read IP mode file for STMicroelectronics.X-CUBE-NFC9.1.0.0
2024-12-15 16:29:00,214 [WARN] PackLoader:240 - Cannot read IP mode file for STMicroelectronics.X-CUBE-TCPP.4.1.0
2024-12-15 16:29:00,246 [WARN] PackLoader:240 - Cannot read IP mode file for STMicroelectronics.X-CUBE-ALGOBUILD.1.3.0
2024-12-15 16:29:00,312 [WARN] PackLoader:240 - Cannot read IP mode file for STMicroelectronics.X-CUBE-AZRTOS-G0.1.1.0
2024-12-15 16:29:00,352 [WARN] PackLoader:240 - Cannot read IP mode file for STMicroelectronics.X-CUBE-SAFEA1.1.2.2
2024-12-15 16:29:00,379 [WARN] PackLoader:240 - Cannot read IP mode file for STMicroelectronics.X-CUBE-NFC4.3.0.0
2024-12-15 16:29:00,410 [ERROR] Engine:466 - C:\Users\voine\.stm32cubemx\thirdparties\pdsc\EmbeddedOffice.I-CUBE-FS-RTOS.1.0.1.pdsc: PDSC version is not supported
2024-12-15 16:29:00,472 [WARN] PackLoader:240 - Cannot read IP mode file for STMicroelectronics.X-CUBE-BLEMGR.3.0.0
2024-12-15 16:29:00,586 [ERROR] Engine:466 - C:\Users\voine\.stm32cubemx\thirdparties\pdsc\STMicroelectronics.X-CUBE-TCPP.4.2.0.pdsc: PDSC version is not supported
2024-12-15 16:29:00,638 [ERROR] Engine:466 - C:\Users\voine\.stm32cubemx\thirdparties\pdsc\RealThread.X-CUBE-RT-Thread_Nano.4.1.1.pdsc: PDSC version is not supported
2024-12-15 16:29:00,692 [WARN] PackLoader:240 - Cannot read IP mode file for STMicroelectronics.FP-ATR-SIGFOX1.3.2.0
2024-12-15 16:29:00,725 [ERROR] Engine:466 - C:\Users\voine\.stm32cubemx\thirdparties\pdsc\quantropi.X-CUBE-qispace-sdk-base.1.9.3.pdsc: PDSC version is not supported
2024-12-15 16:29:00,766 [WARN] PackLoader:240 - Cannot read IP mode file for STMicroelectronics.X-CUBE-EEPRMA1.5.1.0
2024-12-15 16:29:00,838 [WARN] PackLoader:240 - Cannot read IP mode file for SEGGER.I-CUBE-embOS.1.3.1
2024-12-15 16:29:00,925 [WARN] PackLoader:240 - Cannot read IP mode file for STMicroelectronics.X-CUBE-ALGOBUILD.1.4.0
2024-12-15 16:29:00,960 [WARN] PackLoader:240 - Cannot read IP mode file for STMicroelectronics.X-CUBE-AI.9.1.0
2024-12-15 16:29:00,990 [WARN] PackLoader:240 - Cannot read IP mode file for STMicroelectronics.X-CUBE-GNSS1.6.0.0
2024-12-15 16:29:01,058 [WARN] PackLoader:240 - Cannot read IP mode file for STMicroelectronics.X-CUBE-AZRTOS-F4.1.1.0
2024-12-15 16:29:01,090 [WARN] PackLoader:240 - Cannot read IP mode file for STMicroelectronics.X-CUBE-ISPU.2.1.0
2024-12-15 16:29:01,126 [WARN] PackLoader:240 - Cannot read IP mode file for STMicroelectronics.X-CUBE-FREERTOS.1.2.0
2024-12-15 16:29:01,153 [WARN] PackLoader:240 - Cannot read IP mode file for wolfSSL.I-CUBE-wolfSSL.5.6.6
2024-12-15 16:29:01,230 [WARN] PackLoader:240 - Cannot read IP mode file for STMicroelectronics.X-CUBE-AZRTOS-L5.2.0.0
2024-12-15 16:29:01,298 [WARN] PackLoader:240 - Cannot read IP mode file for STMicroelectronics.X-CUBE-NFC6.3.1.0
2024-12-15 16:29:01,336 [WARN] PackLoader:240 - Cannot read IP mode file for ITTIA_DB.I-CUBE-ITTIADB.8.8.0
2024-12-15 16:29:01,359 [ERROR] Engine:466 - C:\Users\voine\.stm32cubemx\thirdparties\pdsc\STMicroelectronics.X-CUBE-DPower.1.2.0.pdsc: PDSC version is not supported
2024-12-15 16:29:01,386 [WARN] PackLoader:240 - Cannot read IP mode file for STMicroelectronics.X-CUBE-AI.9.0.0
2024-12-15 16:29:01,415 [WARN] PackLoader:240 - Cannot read IP mode file for STMicroelectronics.X-CUBE-FREERTOS.1.3.0
2024-12-15 16:29:01,453 [WARN] PackLoader:240 - Cannot read IP mode file for STMicroelectronics.X-CUBE-NFC7.1.0.1
2024-12-15 16:29:01,489 [WARN] PackLoader:240 - Cannot read IP mode file for STMicroelectronics.X-CUBE-NFC6.3.0.0
2024-12-15 16:29:01,521 [WARN] PackLoader:240 - Cannot read IP mode file for STMicroelectronics.X-CUBE-AI.8.1.0
2024-12-15 16:29:01,567 [WARN] ConditionMgr:438 - getConditionDescription Invalid condition id : LAN8742 Phy interface Condition cause : null
2024-12-15 16:29:01,568 [WARN] PackLoader:240 - Cannot read IP mode file for STMicroelectronics.X-CUBE-AZRTOS-L4.2.0.0
2024-12-15 16:29:01,570 [WARN] ConditionMgr:1039 - genDependencies : Invalid condition id : LAN8742 Phy interface Condition cause : null
2024-12-15 16:29:01,571 [WARN] ConditionMgr:1039 - genDependencies : Invalid condition id : LAN8742 Phy interface Condition cause : null
2024-12-15 16:29:01,572 [WARN] ConditionMgr:1039 - genDependencies : Invalid condition id : LAN8742 Phy interface Condition cause : null
2024-12-15 16:29:01,605 [WARN] PackLoader:240 - Cannot read IP mode file for STMicroelectronics.X-CUBE-SFXS2LP1.4.0.0
2024-12-15 16:29:01,669 [WARN] PackLoader:240 - Cannot read IP mode file for STMicroelectronics.X-CUBE-AZRTOS-H7.3.3.0
2024-12-15 16:29:01,704 [ERROR] Engine:466 - C:\Users\voine\.stm32cubemx\thirdparties\pdsc\STMicroelectronics.X-CUBE-IPS.3.0.0.pdsc: PDSC version is not supported
2024-12-15 16:29:01,761 [WARN] ConditionMgr:438 - getConditionDescription Invalid condition id : UX DEVICE CLASS RTOS Condition cause : null
2024-12-15 16:29:01,762 [WARN] ConditionMgr:438 - getConditionDescription Invalid condition id : UX DEVICE CLASS RTOS Condition cause : null
2024-12-15 16:29:01,773 [WARN] PackLoader:240 - Cannot read IP mode file for STMicroelectronics.X-CUBE-AZRTOS-WB.2.0.0
2024-12-15 16:29:01,775 [WARN] ConditionMgr:1039 - genDependencies : Invalid condition id : UX DEVICE CLASS RTOS Condition cause : null
2024-12-15 16:29:01,776 [WARN] ConditionMgr:1039 - genDependencies : Invalid condition id : UX DEVICE CLASS RTOS Condition cause : null
2024-12-15 16:29:01,777 [WARN] ConditionMgr:1039 - genDependencies : Invalid condition id : UX DEVICE CLASS RTOS Condition cause : null
2024-12-15 16:29:01,777 [WARN] ConditionMgr:1039 - genDependencies : Invalid condition id : UX DEVICE CLASS RTOS Condition cause : null
2024-12-15 16:29:01,777 [WARN] ConditionMgr:1039 - genDependencies : Invalid condition id : UX DEVICE CLASS RTOS Condition cause : null
2024-12-15 16:29:01,806 [WARN] PackLoader:240 - Cannot read IP mode file for STMicroelectronics.X-CUBE-GNSS1.7.0.0
2024-12-15 16:29:01,835 [ERROR] Engine:466 - C:\Users\voine\.stm32cubemx\thirdparties\pdsc\STMicroelectronics.FP-SNS-STBOX1.2.0.0.pdsc: PDSC version is not supported
2024-12-15 16:29:01,871 [WARN] PackLoader:240 - Cannot read IP mode file for STMicroelectronics.X-CUBE-SUBG2.5.0.0
2024-12-15 16:29:01,918 [WARN] PackLoader:240 - Cannot read IP mode file for Cesanta.I-CUBE-Mongoose.7.13.0
2024-12-15 16:29:01,962 [WARN] PackLoader:240 - Cannot read IP mode file for STMicroelectronics.X-CUBE-AZRTOS-G4.2.0.0
2024-12-15 16:29:02,021 [WARN] PackLoader:240 - Cannot read IP mode file for Infineon.AIROC-Wi-Fi-Bluetooth-STM32.1.5.1
2024-12-15 16:29:02,050 [WARN] PackLoader:240 - Cannot read IP mode file for STMicroelectronics.FP-SNS-MOTENVWB1.1.3.1
2024-12-15 16:29:02,074 [WARN] PackLoader:240 - Cannot read IP mode file for STMicroelectronics.X-CUBE-ISPU.2.0.0
2024-12-15 16:29:02,095 [WARN] PackLoader:240 - Cannot read IP mode file for STMicroelectronics.X-CUBE-ALS.1.0.2
2024-12-15 16:29:02,171 [WARN] PackLoader:240 - Cannot read IP mode file for STMicroelectronics.X-CUBE-MEMS1.10.0.0
2024-12-15 16:29:02,395 [WARN] PackLoader:240 - Cannot read IP mode file for STMicroelectronics.X-CUBE-FREERTOS.1.1.0
2024-12-15 16:29:02,430 [WARN] PackLoader:240 - Cannot read IP mode file for STMicroelectronics.X-CUBE-TOUCHGFX.4.24.1
2024-12-15 16:29:02,452 [WARN] PackLoader:240 - Cannot read IP mode file for wolfSSL.I-CUBE-wolfTPM.3.4.0
2024-12-15 16:29:02,478 [WARN] PackLoader:240 - Cannot read IP mode file for portGmbH.I-Cube-SoM-uGOAL.1.1.0
2024-12-15 16:29:02,496 [WARN] PackLoader:240 - Cannot read IP mode file for STMicroelectronics.X-CUBE-ALS.1.0.1
2024-12-15 16:29:02,538 [WARN] PackLoader:240 - Cannot read IP mode file for STMicroelectronics.X-CUBE-AZRTOS-H7RS.1.0.0
2024-12-15 16:29:02,569 [WARN] PackLoader:240 - Cannot read IP mode file for STMicroelectronics.FP-ATR-ASTRA1.2.0.0
2024-12-15 16:29:02,592 [ERROR] Engine:466 - C:\Users\voine\.stm32cubemx\thirdparties\pdsc\STMicroelectronics.X-CUBE-TOF1.3.4.2.pdsc: PDSC version is not supported
2024-12-15 16:29:02,620 [WARN] PackLoader:240 - Cannot read IP mode file for STMicroelectronics.X-CUBE-TOF1.3.4.0
2024-12-15 16:29:02,655 [WARN] PackLoader:240 - Cannot read IP mode file for STMicroelectronics.X-CUBE-TOF1.3.4.1
2024-12-15 16:29:02,702 [WARN] PackLoader:240 - Cannot read IP mode file for STMicroelectronics.X-CUBE-AZRTOS-H7.3.2.0
2024-12-15 16:29:02,727 [WARN] PackLoader:240 - Cannot read IP mode file for wolfSSL.I-CUBE-wolfSSH.1.4.17
2024-12-15 16:29:02,728 [INFO] ThirdParty:978 - Integrity check success = true
2024-12-15 16:29:02,728 [INFO] IntegrityCheckThread:100 - exiting critical section [integrity check]
2024-12-15 16:29:02,729 [INFO] IntegrityCheckThread:103 - End integrity checks thread
2024-12-15 16:29:02,729 [INFO] ThirdParty:873 - entering critical section [close project]
2024-12-15 16:29:02,730 [INFO] ThirdParty:883 - exiting critical section [close project]
2024-12-15 16:29:02,737 [INFO] PinOutPanel:1499 - setPackage(No Configuration,No Configuration)
2024-12-15 16:29:02,787 [INFO] UtilMem:75 - Begin LoadConfig() Used Memory: 263596208 Bytes (340787200)
2024-12-15 16:29:02,790 [INFO] MicroXplorer:468 - Change Database Path : 
2024-12-15 16:29:02,790 [INFO] MicroXplorer:498 - Change Database Version : DB.6.0.81
2024-12-15 16:29:02,791 [INFO] OpenFileManager:308 - Change cursor
2024-12-15 16:29:02,885 [INFO] Mcu:1937 - Initializing MCU STM32F401R(D-E)Tx STM32F401RETx STM32F401RET6
2024-12-15 16:29:04,994 [INFO] Context:659 - Trying to add GPIOservice into a context  which must be forbidden
2024-12-15 16:29:05,804 [INFO] RtosManager:555 - Registered RTOS mode: class=CMSIS, group=RTOS, mode=CMSIS_V1, owner=FREERTOS
2024-12-15 16:29:05,805 [INFO] RtosManager:555 - Registered RTOS mode: class=CMSIS, group=RTOS2, mode=CMSIS_V2, owner=FREERTOS
2024-12-15 16:29:05,805 [INFO] RtosManager:555 - Registered RTOS mode: class=RTOS, group=Core, mode=CMSIS_V1, owner=FREERTOS
2024-12-15 16:29:05,805 [INFO] RtosManager:555 - Registered RTOS mode: class=RTOS, group=Core, mode=CMSIS_V2, owner=FREERTOS
2024-12-15 16:29:05,806 [WARN] ModelIntegratedComponent:184 - Missing modes for component STMicroelectronics:FreeRTOS:0.0.1:STMicroelectronics:RTOS:FreeRTOS:Core:::10.2.0:
2024-12-15 16:29:05,836 [WARN] ModelIntegratedComponent:63 - No mode defined for component null
2024-12-15 16:29:05,836 [WARN] ModelIntegratedComponent:63 - No mode defined for component null
2024-12-15 16:29:05,837 [WARN] ModelIntegratedComponent:63 - No mode defined for component null
2024-12-15 16:29:05,837 [WARN] ModelIntegratedComponent:63 - No mode defined for component null
2024-12-15 16:29:05,837 [WARN] ModelIntegratedComponent:63 - No mode defined for component null
2024-12-15 16:29:05,837 [WARN] ModelIntegratedComponent:63 - No mode defined for component null
2024-12-15 16:29:05,838 [WARN] ModelIntegratedComponent:63 - No mode defined for component null
2024-12-15 16:29:05,840 [WARN] ModelIntegratedComponent:63 - No mode defined for component null
2024-12-15 16:29:05,841 [WARN] ModelIntegratedComponent:63 - No mode defined for component null
2024-12-15 16:29:05,841 [WARN] ModelIntegratedComponent:63 - No mode defined for component null
2024-12-15 16:29:05,842 [WARN] ModelIntegratedComponent:63 - No mode defined for component null
2024-12-15 16:29:05,842 [WARN] ModelIntegratedComponent:63 - No mode defined for component null
2024-12-15 16:29:05,842 [WARN] ModelIntegratedComponent:63 - No mode defined for component null
2024-12-15 16:29:05,842 [WARN] ModelIntegratedComponent:63 - No mode defined for component null
2024-12-15 16:29:05,842 [WARN] ModelIntegratedComponent:63 - No mode defined for component null
2024-12-15 16:29:05,843 [WARN] ModelIntegratedComponent:63 - No mode defined for component null
2024-12-15 16:29:05,843 [WARN] ModelIntegratedComponent:63 - No mode defined for component null
2024-12-15 16:29:05,844 [WARN] ModelIntegratedComponent:63 - No mode defined for component null
2024-12-15 16:29:05,844 [WARN] ModelIntegratedComponent:63 - No mode defined for component null
2024-12-15 16:29:05,845 [WARN] ModelIntegratedComponent:63 - No mode defined for component null
2024-12-15 16:29:05,845 [WARN] ModelIntegratedComponent:63 - No mode defined for component null
2024-12-15 16:29:05,846 [WARN] ModelIntegratedComponent:63 - No mode defined for component null
2024-12-15 16:29:05,846 [WARN] ModelIntegratedComponent:63 - No mode defined for component null
2024-12-15 16:29:05,846 [WARN] ModelIntegratedComponent:63 - No mode defined for component null
2024-12-15 16:29:05,847 [WARN] ModelIntegratedComponent:63 - No mode defined for component null
2024-12-15 16:29:05,847 [WARN] ModelIntegratedComponent:63 - No mode defined for component null
2024-12-15 16:29:05,847 [WARN] ModelIntegratedComponent:63 - No mode defined for component null
2024-12-15 16:29:05,848 [WARN] ModelIntegratedComponent:63 - No mode defined for component null
2024-12-15 16:29:05,848 [WARN] ModelIntegratedComponent:63 - No mode defined for component null
2024-12-15 16:29:05,848 [WARN] ModelIntegratedComponent:63 - No mode defined for component null
2024-12-15 16:29:05,848 [WARN] ModelIntegratedComponent:63 - No mode defined for component null
2024-12-15 16:29:05,848 [WARN] ModelIntegratedComponent:63 - No mode defined for component null
2024-12-15 16:29:05,848 [WARN] ModelIntegratedComponent:63 - No mode defined for component null
2024-12-15 16:29:06,004 [INFO] ThirdPartyModel:298 - Start build external matchings
2024-12-15 16:29:06,519 [INFO] ThirdPartyModel:316 - End build external matchings
2024-12-15 16:29:06,564 [INFO] ImportTextPane:194 - (OptionalMessage_ERROR) IP (RCC) : Parameter (RTCHSEDivFreq_Value) has invalid value (4000000)
2024-12-15 16:29:06,826 [INFO] UtilMem:75 - End LoadConfig() Used Memory: 329596808 Bytes (452984832)
2024-12-15 16:29:06,992 [INFO] ApiDb:581 - Connected to CubeFinder SQLite database (C:\Users\voine\.stmcufinder\plugins\mcufinder\mcu\cube-finder-db.db)
2024-12-15 16:29:07,121 [INFO] ApiDb:668 - CubeFinder database Data Model version=2.1
2024-12-15 16:29:07,121 [INFO] ApiDb:669 - CubeFinder database Configuration version=3.0.39
2024-12-15 16:29:07,122 [INFO] ApiDb:670 - CubeFinder database generation date=2024-11-21 (1732182206)
2024-12-15 16:29:07,122 [INFO] ApiDb:671 - CubeFinder database FW Pack versions=[FP-ATR-ASTRA1_V2.0.0, FP-SNS-FLIGHT1_V5.0.2, FP-SNS-MOTENV1_V5.0.0, FP-SNS-MOTENVWB1_V1.4.0, FP-SNS-SMARTAG2_V1.2.0, FP-SNS-STBOX1_V2.0.0, STM32Cube_FW_C0_V1.3.0, STM32Cube_FW_F4_V1.28.1, STM32Cube_FW_F7_V1.17.2, STM32Cube_FW_G0_V1.6.2, STM32Cube_FW_G4_V1.6.1, STM32Cube_FW_H5_V1.4.0, STM32Cube_FW_H7RS_V1.1.0, STM32Cube_FW_H7_V1.12.0, STM32Cube_FW_L0_V1.12.2, STM32Cube_FW_L4_V1.18.1, STM32Cube_FW_L5_V1.5.1, STM32Cube_FW_N6_V1.0.0, STM32Cube_FW_U0_V1.2.0, STM32Cube_FW_U3_V1.0.0, STM32Cube_FW_U5_V1.7.0, STM32Cube_FW_WB0_V1.1.0, STM32Cube_FW_WBA_V1.5.0, STM32Cube_FW_WB_V1.21.0, STM32Cube_FW_WL3_V1.0.0, STM32Cube_FW_WL_V1.3.0, X-CUBE-ALGOBUILD_V1.4.0, X-CUBE-ALS_V1.0.2, X-CUBE-AZRTOS-F4_V1.1.0, X-CUBE-AZRTOS-F7_V1.1.0, X-CUBE-AZRTOS-G0_V1.1.0, X-CUBE-AZRTOS-G4_V2.0.0, X-CUBE-AZRTOS-H7RS_V1.0.0, X-CUBE-AZRTOS-H7_V3.3.0, X-CUBE-AZRTOS-L4_V2.0.0, X-CUBE-AZRTOS-L5_V2.0.0, X-CUBE-AZRTOS-WB_V2.0.0, X-CUBE-AZRTOS-WL_V2.0.0, X-CUBE-BLE1_V7.0.0, X-CUBE-BLE2_V3.3.0, X-CUBE-BLEMGR_V3.1.0, X-CUBE-EEPRMA1_V5.1.0, X-CUBE-FREERTOS_V1.2.0, X-CUBE-GNSS1_V6.0.0, X-CUBE-MEMS1_V11.0.0, X-CUBE-NFC4_V3.0.0, X-CUBE-NFC7_V1.0.1, X-CUBE-SFXS2LP1_V4.0.0, X-CUBE-SUBG2_V5.0.0, X-CUBE-TOF1_V3.4.2]
2024-12-15 16:29:09,803 [INFO] ApiDb:240 - Found 297 in-development CPN: [B-G473E-ZEST1S, B-WB1M-WPAN1, B-WL5M-SUBG1, NUCLEO-C031C6, NUCLEO-H503RB, NUCLEO-H563ZI, NUCLEO-U545RE-Q, NUCLEO-U5A5ZJ-Q, NUCLEO-WBA52CG, STEVAL-PROTEUS1, STEVAL-STWINBX1, STM320518-EVAL, STM32C0116-DK, STM32C011D6Y3TR, STM32C011D6Y6TR, STM32C011F4P3, STM32C011F4P6, STM32C011F4U3, STM32C011F4U6TR, STM32C011F6P3, STM32C011F6P6, STM32C011F6U3, STM32C011F6U6TR, STM32C011J4M3, STM32C011J4M6, STM32C011J6M3, STM32C011J6M6, STM32C0316-DK, STM32C031C4T3, STM32C031C4T6, STM32C031C4U3, STM32C031C4U6, STM32C031C6T3, STM32C031C6T6, STM32C031C6U3, STM32C031C6U6, STM32C031F4P3, STM32C031F4P6, STM32C031F6P3, STM32C031F6P6, STM32C031G4U3, STM32C031G4U6, STM32C031G6U3, STM32C031G6U6, STM32C031K4T3, STM32C031K4T6, STM32C031K4U3, STM32C031K4U6, STM32C031K6T3, STM32C031K6T6, STM32C031K6U3, STM32C031K6U6, STM32G071K8TXN, STM32G071K8UXN, STM32G081GBU6N, STM32G081KBT6N, STM32G081KBUXN, STM32G0B1CCT6N, STM32G0B1KCT6, STM32G0B1NEY6TR, STM32G0B1RCT6N, STM32G0C1CCT6, STM32G0C1CCT6N, STM32G0C1CCU6N, STM32G0C1CET6N, STM32G0C1CEU6N, STM32G0C1KCT6, STM32G0C1NEY6TR, STM32G0C1RCI6N, STM32G0C1RCT6N, STM32G0C1REI6N, STM32G0C1RET6N, STM32G0C1VCI6, STM32G0C1VEI6, STM32G471CCT6, STM32G471CCU6, STM32G471CET3, STM32G471CET6, STM32G471CEU3, STM32G471CEU6, STM32G471MCT6, STM32G471MET3, STM32G471MET6, STM32G471MEY6TR, STM32G471QCT6, STM32G471QET3, STM32G471RCT6, STM32G471RET3, STM32G471RET6, STM32G471VCH6, STM32G471VCI6, STM32G471VCT6, STM32G471VEH3, STM32G471VEH6, STM32G471VEI3, STM32G471VEI6, STM32G471VET3, STM32G471VET6, STM32G474CCT6, STM32H503CBT6, STM32H503CBU6, STM32H503EBY6TR, STM32H503KBU6, STM32H503RBT6, STM32H562AGI6, STM32H562AII6, STM32H562IGK6, STM32H562IGT6, STM32H562IIK6, STM32H562IIT6, STM32H562RGT6, STM32H562RGV6, STM32H562RIT6, STM32H562RIV6, STM32H562VGT6, STM32H562VIT6, STM32H562ZGT6, STM32H562ZIT6, STM32H563AGI6, STM32H563AII3Q, STM32H563AII6, STM32H563IGK6, STM32H563IGT6, STM32H563IIK3Q, STM32H563IIK6, STM32H563IIT3Q, STM32H563IIT6, STM32H563MIY3QTR, STM32H563RGT6, STM32H563RGV6, STM32H563RIT6, STM32H563RIV6, STM32H563VGT6, STM32H563VIT3Q, STM32H563VIT6, STM32H563ZGT6, STM32H563ZIT3Q, STM32H563ZIT6, STM32H573AII3Q, STM32H573AII6, STM32H573I-DK, STM32H573IIK3Q, STM32H573IIK6, STM32H573IIT3Q, STM32H573IIT6, STM32H573MIY3QTR, STM32H573RIT6, STM32H573RIV6, STM32H573VIT3Q, STM32H573VIT6, STM32H573ZIT3Q, STM32H573ZIT6, STM32L4R5QGI6STR, STM32MP131AAE3, STM32MP131AAF3, STM32MP131AAG3, STM32MP131CAE3, STM32MP131CAF3, STM32MP131CAG3, STM32MP131DAE7, STM32MP131DAF7, STM32MP131DAG7, STM32MP131FAE7, STM32MP131FAF7, STM32MP131FAG7, STM32MP133AAE3, STM32MP133AAF3, STM32MP133AAG3, STM32MP133CAE3, STM32MP133CAF3, STM32MP133CAG3, STM32MP133DAE7, STM32MP133DAF7, STM32MP133DAG7, STM32MP133FAE7, STM32MP133FAF7, STM32MP133FAG7, STM32MP135AAE3, STM32MP135AAF3, STM32MP135AAG3, STM32MP135CAE3, STM32MP135CAF3, STM32MP135CAG3, STM32MP135DAE7, STM32MP135DAF7, STM32MP135DAG7, STM32MP135F-DK, STM32MP135FAE7, STM32MP135FAF7, STM32MP135FAF7T, STM32MP135FAF7U, STM32MP135FAG7, STM32U535CBT6, STM32U535CBT6Q, STM32U535CBU6, STM32U535CBU6Q, STM32U535CCT6, STM32U535CCT6Q, STM32U535CCU6, STM32U535CCU6Q, STM32U535CET6, STM32U535CET6Q, STM32U535CEU6, STM32U535CEU6Q, STM32U535JEY6QTR, STM32U535NCY6QTR, STM32U535NEY6QTR, STM32U535RBI6, STM32U535RBI6Q, STM32U535RBT6, STM32U535RBT6Q, STM32U535RCI6, STM32U535RCI6Q, STM32U535RCT6, STM32U535RCT6Q, STM32U535REI6, STM32U535REI6Q, STM32U535RET6, STM32U535RET6Q, STM32U535VCI6, STM32U535VCI6Q, STM32U535VCT6, STM32U535VCT6Q, STM32U535VEI6, STM32U535VEI6Q, STM32U535VET6, STM32U535VET6Q, STM32U545CET6, STM32U545CET6Q, STM32U545CEU6, STM32U545CEU6Q, STM32U545JEY6QTR, STM32U545NEY6QTR, STM32U545REI6, STM32U545REI6Q, STM32U545RET6, STM32U545RET6Q, STM32U545VEI6, STM32U545VEI6Q, STM32U545VET6, STM32U545VET6Q, STM32U595AIH6, STM32U595AIH6Q, STM32U595AJH6, STM32U595AJH6Q, STM32U595QII6, STM32U595QII6Q, STM32U595QJI6, STM32U595QJI6Q, STM32U595RIT6, STM32U595RIT6Q, STM32U595RJT6, STM32U595RJT6Q, STM32U595VIT6, STM32U595VIT6Q, STM32U595VJT6, STM32U595VJT6Q, STM32U595ZIT6, STM32U595ZIT6Q, STM32U595ZIY6QTR, STM32U595ZJT6, STM32U595ZJT6Q, STM32U595ZJY6QTR, STM32U599BJY6QTR, STM32U599NIH6Q, STM32U599NJH6Q, STM32U599VIT6Q, STM32U599VJT6, STM32U599VJT6Q, STM32U599ZIT6Q, STM32U599ZIY6QTR, STM32U599ZJT6Q, STM32U599ZJY6QTR, STM32U5A5AJH6, STM32U5A5AJH6Q, STM32U5A5QJI6, STM32U5A5QJI6Q, STM32U5A5RJT6, STM32U5A5RJT6Q, STM32U5A5VJT6, STM32U5A5VJT6Q, STM32U5A5ZJT6, STM32U5A5ZJT6Q, STM32U5A5ZJY6QTR, STM32U5A9BJY6QTR, STM32U5A9J-DK, STM32U5A9NJH6Q, STM32U5A9VJT6Q, STM32U5A9ZJT6Q, STM32U5A9ZJY6QTR, STM32WB1MMCH6, STM32WBA52CEU6, STM32WBA52CEU6T, STM32WBA52CGU6, STM32WBA52CGU6T, STM32WL5MOCH6, STM32WL5MOCH6TR]
2024-12-15 16:29:09,809 [INFO] DbMcus:216 - Found 4366 MCUs, 4366 are supported
2024-12-15 16:29:09,812 [INFO] ApiDb:423 - Load user favorites file C:\Users\voine/.stm32cubeide/favorites.mcus.txt: 0 item(s)
2024-12-15 16:29:09,813 [INFO] ApiDb:427 - User favorites MCUs=[]
2024-12-15 16:29:09,813 [INFO] DbMcus:222 - Set 0 / 0 favorites MCUs
2024-12-15 16:29:10,372 [WARN] ThirdParty:833 - waiting for thirdparty lock release [change project]
2024-12-15 16:29:10,373 [INFO] ThirdParty:835 - entering critical section [change project]
2024-12-15 16:29:10,373 [INFO] ThirdParty:1030 - CMSIS Pack Vendor :STMicroelectronics X-CUBE-AZRTOS-H7 3.3.0
2024-12-15 16:29:10,373 [INFO] ThirdParty:1030 - CMSIS Pack Vendor :STMicroelectronics X-CUBE-NFC9 1.0.0
2024-12-15 16:29:10,373 [INFO] ThirdParty:1030 - CMSIS Pack Vendor :STMicroelectronics X-CUBE-GNSS1 6.0.0
2024-12-15 16:29:10,373 [INFO] ThirdParty:1030 - CMSIS Pack Vendor :STMicroelectronics USB_HOST 2.0.0
2024-12-15 16:29:10,374 [INFO] ThirdParty:1030 - CMSIS Pack Vendor :STMicroelectronics FP-SNS-MOTENVWB1 1.4.0
2024-12-15 16:29:10,374 [INFO] ThirdParty:1030 - CMSIS Pack Vendor :STMicroelectronics X-CUBE-AZRTOS-F4 1.1.0
2024-12-15 16:29:10,374 [INFO] ThirdParty:1030 - CMSIS Pack Vendor :STMicroelectronics LIBJPEG 8.0.0
2024-12-15 16:29:10,374 [INFO] ThirdParty:1030 - CMSIS Pack Vendor :STMicroelectronics FP-ATR-ASTRA1 2.0.1
2024-12-15 16:29:10,374 [INFO] ThirdParty:1030 - CMSIS Pack Vendor :STMicroelectronics X-CUBE-SMBUS 2.1.0
2024-12-15 16:29:10,374 [INFO] ThirdParty:1030 - CMSIS Pack Vendor :STMicroelectronics X-CUBE-WB05N 1.1.0
2024-12-15 16:29:10,374 [INFO] ThirdParty:1030 - CMSIS Pack Vendor :STMicroelectronics USB_DEVICE 3.0.0
2024-12-15 16:29:10,374 [INFO] ThirdParty:1030 - CMSIS Pack Vendor :STMicroelectronics X-CUBE-TCPP 4.1.0
2024-12-15 16:29:10,374 [INFO] ThirdParty:1030 - CMSIS Pack Vendor :STMicroelectronics X-CUBE-ISPU 2.1.0
2024-12-15 16:29:10,374 [INFO] ThirdParty:1030 - CMSIS Pack Vendor :STMicroelectronics X-CUBE-FREERTOS 1.2.0
2024-12-15 16:29:10,374 [INFO] ThirdParty:1030 - CMSIS Pack Vendor :STMicroelectronics X-CUBE-AZRTOS-WB 2.0.0
2024-12-15 16:29:10,374 [INFO] ThirdParty:1030 - CMSIS Pack Vendor :wolfSSL I-CUBE-wolfSSL 5.6.6
2024-12-15 16:29:10,374 [INFO] ThirdParty:1030 - CMSIS Pack Vendor :STMicroelectronics X-CUBE-GNSS1 7.0.0
2024-12-15 16:29:10,375 [INFO] ThirdParty:1030 - CMSIS Pack Vendor :STMicroelectronics X-CUBE-TOUCHGFX 4.23.1
2024-12-15 16:29:10,375 [INFO] ThirdParty:1030 - CMSIS Pack Vendor :STMicroelectronics X-CUBE-TOUCHGFX 4.23.0
2024-12-15 16:29:10,375 [INFO] ThirdParty:1030 - CMSIS Pack Vendor :STMicroelectronics X-CUBE-TOUCHGFX 4.23.2
2024-12-15 16:29:10,375 [INFO] ThirdParty:1030 - CMSIS Pack Vendor :STMicroelectronics X-CUBE-AZRTOS-F7 1.1.0
2024-12-15 16:29:10,375 [INFO] ThirdParty:1030 - CMSIS Pack Vendor :STMicroelectronics X-CUBE-AZRTOS-L5 2.0.0
2024-12-15 16:29:10,375 [INFO] ThirdParty:1030 - CMSIS Pack Vendor :STMicroelectronics USB_DEVICE 2.0.0
2024-12-15 16:29:10,375 [INFO] ThirdParty:1030 - CMSIS Pack Vendor :STMicroelectronics X-CUBE-NFC6 3.1.0
2024-12-15 16:29:10,375 [INFO] ThirdParty:1030 - CMSIS Pack Vendor :ITTIA_DB I-CUBE-ITTIADB 8.8.0
2024-12-15 16:29:10,375 [INFO] ThirdParty:1030 - CMSIS Pack Vendor :STMicroelectronics FP-SNS-MOTENV1 4.3.2
2024-12-15 16:29:10,375 [INFO] ThirdParty:1030 - CMSIS Pack Vendor :STMicroelectronics X-CUBE-ALGOBUILD 1.3.0
2024-12-15 16:29:10,375 [INFO] ThirdParty:1030 - CMSIS Pack Vendor :STMicroelectronics X-CUBE-MEMS1 11.0.0
2024-12-15 16:29:10,375 [INFO] ThirdParty:1030 - CMSIS Pack Vendor :STMicroelectronics FreeRTOS 0.0.1
2024-12-15 16:29:10,375 [INFO] ThirdParty:1030 - CMSIS Pack Vendor :STMicroelectronics X-CUBE-AZRTOS-G0 1.1.0
2024-12-15 16:29:10,375 [INFO] ThirdParty:1030 - CMSIS Pack Vendor :STMicroelectronics X-CUBE-SAFEA1 1.2.2
2024-12-15 16:29:10,376 [INFO] ThirdParty:1030 - CMSIS Pack Vendor :STMicroelectronics X-CUBE-NFC4 3.0.0
2024-12-15 16:29:10,376 [INFO] ThirdParty:1030 - CMSIS Pack Vendor :STMicroelectronics X-CUBE-SUBG2 5.0.0
2024-12-15 16:29:10,376 [INFO] ThirdParty:1030 - CMSIS Pack Vendor :STMicroelectronics STM32_WPAN 1.0.0
2024-12-15 16:29:10,376 [INFO] ThirdParty:1030 - CMSIS Pack Vendor :STMicroelectronics lwIP 2.0.3
2024-12-15 16:29:10,376 [INFO] ThirdParty:1030 - CMSIS Pack Vendor :STMicroelectronics FP-SNS-FLIGHT1 5.0.2
2024-12-15 16:29:10,376 [INFO] ThirdParty:1030 - CMSIS Pack Vendor :Cesanta I-CUBE-Mongoose 7.13.0
2024-12-15 16:29:10,376 [INFO] ThirdParty:1030 - CMSIS Pack Vendor :STMicroelectronics USB_HOST 1.0.0
2024-12-15 16:29:10,376 [INFO] ThirdParty:1030 - CMSIS Pack Vendor :STMicroelectronics X-CUBE-AI 9.0.0
2024-12-15 16:29:10,376 [INFO] ThirdParty:1030 - CMSIS Pack Vendor :STMicroelectronics X-CUBE-AZRTOS-G4 2.0.0
2024-12-15 16:29:10,376 [INFO] ThirdParty:1030 - CMSIS Pack Vendor :STMicroelectronics PDM2PCM 3.1.0
2024-12-15 16:29:10,376 [INFO] ThirdParty:1030 - CMSIS Pack Vendor :Infineon AIROC-Wi-Fi-Bluetooth-STM32 1.5.1
2024-12-15 16:29:10,377 [INFO] ThirdParty:1030 - CMSIS Pack Vendor :STMicroelectronics X-CUBE-BLEMGR 3.0.0
2024-12-15 16:29:10,377 [INFO] ThirdParty:1030 - CMSIS Pack Vendor :STMicroelectronics PDM2PCM 3.3.0
2024-12-15 16:29:10,377 [INFO] ThirdParty:1030 - CMSIS Pack Vendor :STMicroelectronics X-CUBE-DISPLAY 3.0.0
2024-12-15 16:29:10,377 [INFO] ThirdParty:1030 - CMSIS Pack Vendor :STMicroelectronics FP-SNS-MOTENVWB1 1.3.1
2024-12-15 16:29:10,377 [INFO] ThirdParty:1030 - CMSIS Pack Vendor :STMicroelectronics X-CUBE-BLE1 7.0.0
2024-12-15 16:29:10,377 [INFO] ThirdParty:1030 - CMSIS Pack Vendor :STMicroelectronics FP-ATR-SIGFOX1 3.2.0
2024-12-15 16:29:10,377 [INFO] ThirdParty:1030 - CMSIS Pack Vendor :STMicroelectronics X-CUBE-NFC10 1.0.0
2024-12-15 16:29:10,377 [INFO] ThirdParty:1030 - CMSIS Pack Vendor :STMicroelectronics X-CUBE-ISPU 2.0.0
2024-12-15 16:29:10,377 [INFO] ThirdParty:1030 - CMSIS Pack Vendor :STMicroelectronics X-CUBE-EEPRMA1 5.1.0
2024-12-15 16:29:10,377 [INFO] ThirdParty:1030 - CMSIS Pack Vendor :STMicroelectronics HAL Drivers 0.0.0
2024-12-15 16:29:10,377 [INFO] ThirdParty:1030 - CMSIS Pack Vendor :STMicroelectronics MBEDTLS 2.16.2
2024-12-15 16:29:10,378 [INFO] ThirdParty:1030 - CMSIS Pack Vendor :STMicroelectronics X-CUBE-ALS 1.0.2
2024-12-15 16:29:10,378 [INFO] ThirdParty:1030 - CMSIS Pack Vendor :emotas I-CUBE-CANOPEN 1.3.0
2024-12-15 16:29:10,378 [INFO] ThirdParty:1030 - CMSIS Pack Vendor :STMicroelectronics X-CUBE-FREERTOS 1.3.0
2024-12-15 16:29:10,378 [INFO] ThirdParty:1030 - CMSIS Pack Vendor :STMicroelectronics X-CUBE-MEMS1 10.0.0
2024-12-15 16:29:10,378 [INFO] ThirdParty:1030 - CMSIS Pack Vendor :STMicroelectronics X-CUBE-FREERTOS 1.1.0
2024-12-15 16:29:10,378 [INFO] ThirdParty:1030 - CMSIS Pack Vendor :STMicroelectronics X-CUBE-NFC7 1.0.1
2024-12-15 16:29:10,378 [INFO] ThirdParty:1030 - CMSIS Pack Vendor :STMicroelectronics MBEDTLS 2.14.1
2024-12-15 16:29:10,378 [INFO] ThirdParty:1030 - CMSIS Pack Vendor :STMicroelectronics X-CUBE-TOUCHGFX 4.24.1
2024-12-15 16:29:10,379 [INFO] ThirdParty:1030 - CMSIS Pack Vendor :STMicroelectronics X-CUBE-NFC6 3.0.0
2024-12-15 16:29:10,379 [INFO] ThirdParty:1030 - CMSIS Pack Vendor :wolfSSL I-CUBE-wolfTPM 3.4.0
2024-12-15 16:29:10,379 [INFO] ThirdParty:1030 - CMSIS Pack Vendor :portGmbH I-Cube-SoM-uGOAL 1.1.0
2024-12-15 16:29:10,379 [INFO] ThirdParty:1030 - CMSIS Pack Vendor :STMicroelectronics X-CUBE-ALS 1.0.1
2024-12-15 16:29:10,379 [INFO] ThirdParty:1030 - CMSIS Pack Vendor :STMicroelectronics X-CUBE-BLEMGR 3.1.0
2024-12-15 16:29:10,379 [INFO] ThirdParty:1030 - CMSIS Pack Vendor :STMicroelectronics ThreadX 1.0.0
2024-12-15 16:29:10,379 [INFO] ThirdParty:1030 - CMSIS Pack Vendor :STMicroelectronics FP-SNS-SMARTAG2 1.2.0
2024-12-15 16:29:10,379 [INFO] ThirdParty:1030 - CMSIS Pack Vendor :STMicroelectronics X-CUBE-AZRTOS-WL 2.0.0
2024-12-15 16:29:10,379 [INFO] ThirdParty:1030 - CMSIS Pack Vendor :SEGGER I-CUBE-embOS 1.3.1
2024-12-15 16:29:10,379 [INFO] ThirdParty:1030 - CMSIS Pack Vendor :STMicroelectronics X-CUBE-ALGOBUILD 1.4.0
2024-12-15 16:29:10,379 [INFO] ThirdParty:1030 - CMSIS Pack Vendor :STMicroelectronics FP-SNS-MOTENV1 5.0.0
2024-12-15 16:29:10,379 [INFO] ThirdParty:1030 - CMSIS Pack Vendor :STMicroelectronics USB_DEVICE 1.0.0
2024-12-15 16:29:10,380 [INFO] ThirdParty:1030 - CMSIS Pack Vendor :STMicroelectronics X-CUBE-AI 8.1.0
2024-12-15 16:29:10,380 [INFO] ThirdParty:1030 - CMSIS Pack Vendor :STMicroelectronics X-CUBE-AZRTOS-H7RS 1.0.0
2024-12-15 16:29:10,380 [INFO] ThirdParty:1030 - CMSIS Pack Vendor :wolfSSL I-CUBE-wolfMQTT 1.19.0
2024-12-15 16:29:10,380 [INFO] ThirdParty:1030 - CMSIS Pack Vendor :STMicroelectronics X-CUBE-AZRTOS-L4 2.0.0
2024-12-15 16:29:10,380 [INFO] ThirdParty:1030 - CMSIS Pack Vendor :STMicroelectronics ThreadX 0.0.2
2024-12-15 16:29:10,380 [INFO] ThirdParty:1030 - CMSIS Pack Vendor :WES I-CUBE-Cesium 1.3.0
2024-12-15 16:29:10,380 [INFO] ThirdParty:1030 - CMSIS Pack Vendor :STMicroelectronics FP-ATR-ASTRA1 2.0.0
2024-12-15 16:29:10,380 [INFO] ThirdParty:1030 - CMSIS Pack Vendor :STMicroelectronics lwIP 2.1.2
2024-12-15 16:29:10,380 [INFO] ThirdParty:1030 - CMSIS Pack Vendor :STMicroelectronics X-CUBE-SFXS2LP1 4.0.0
2024-12-15 16:29:10,380 [INFO] ThirdParty:1030 - CMSIS Pack Vendor :STMicroelectronics X-CUBE-BLE2 3.3.0
2024-12-15 16:29:10,380 [INFO] ThirdParty:1030 - CMSIS Pack Vendor :STMicroelectronics X-CUBE-AI 9.1.0
2024-12-15 16:29:10,380 [INFO] ThirdParty:1030 - CMSIS Pack Vendor :STMicroelectronics X-CUBE-TOF1 3.4.0
2024-12-15 16:29:10,380 [INFO] ThirdParty:1030 - CMSIS Pack Vendor :STMicroelectronics X-CUBE-TOF1 3.4.1
2024-12-15 16:29:10,380 [INFO] ThirdParty:1030 - CMSIS Pack Vendor :STMicroelectronics X-CUBE-AZRTOS-H7 3.2.0
2024-12-15 16:29:10,380 [INFO] ThirdParty:1030 - CMSIS Pack Vendor :STMicroelectronics PDM2PCM 3.2.0
2024-12-15 16:29:10,380 [INFO] ThirdParty:1030 - CMSIS Pack Vendor :wolfSSL I-CUBE-wolfSSH 1.4.17
2024-12-15 16:29:10,380 [INFO] ThirdParty:841 - exiting critical section [change project]
2024-12-15 16:29:10,908 [INFO] PinOutPanel:1499 - setPackage(No Configuration,No Configuration)
2024-12-15 16:29:10,911 [INFO] PinOutPanel:1499 - setPackage(STM32F401RETx,LQFP64)
2024-12-15 16:29:12,330 [INFO] UtilMem:75 - Before build in PCC Used Memory: 387855984 Bytes (478150656)
2024-12-15 16:29:13,914 [INFO] UtilMem:75 - After build in PCC Used Memory: 424706768 Bytes (478150656)
2024-12-15 16:29:13,964 [INFO] IPUIPlugin:80 - create IPUIPlugin
2024-12-15 16:29:13,965 [INFO] IPUIPlugin:80 - create IPUIPlugin
2024-12-15 16:29:13,965 [INFO] IPUIPlugin:80 - create IPUIPlugin
2024-12-15 16:29:13,966 [INFO] IPUIPlugin:80 - create IPUIPlugin
2024-12-15 16:29:13,966 [INFO] IPUIPlugin:80 - create IPUIPlugin
2024-12-15 16:29:13,967 [INFO] IPUIPlugin:80 - create IPUIPlugin
2024-12-15 16:29:13,967 [INFO] IPUIPlugin:80 - create IPUIPlugin
2024-12-15 16:29:13,967 [INFO] IPUIPlugin:80 - create IPUIPlugin
2024-12-15 16:29:13,968 [INFO] IPUIPlugin:80 - create IPUIPlugin
2024-12-15 16:29:13,968 [INFO] IPUIPlugin:80 - create IPUIPlugin
2024-12-15 16:29:13,968 [INFO] IPUIPlugin:80 - create IPUIPlugin
2024-12-15 16:29:13,969 [INFO] IPUIPlugin:80 - create IPUIPlugin
2024-12-15 16:29:13,969 [INFO] IPUIPlugin:80 - create IPUIPlugin
2024-12-15 16:29:13,969 [INFO] IPUIPlugin:80 - create IPUIPlugin
2024-12-15 16:29:13,971 [INFO] IPUIPlugin:80 - create IPUIPlugin
2024-12-15 16:29:13,972 [INFO] IPUIPlugin:80 - create IPUIPlugin
2024-12-15 16:29:13,972 [INFO] IPUIPlugin:80 - create IPUIPlugin
2024-12-15 16:29:13,973 [INFO] IPUIPlugin:80 - create IPUIPlugin
2024-12-15 16:29:13,973 [INFO] IPUIPlugin:80 - create IPUIPlugin
2024-12-15 16:29:13,974 [INFO] IPUIPlugin:80 - create IPUIPlugin
2024-12-15 16:29:13,975 [INFO] IPUIPlugin:80 - create IPUIPlugin
2024-12-15 16:29:13,975 [INFO] IPUIPlugin:80 - create IPUIPlugin
2024-12-15 16:29:13,976 [INFO] IPUIPlugin:80 - create IPUIPlugin
2024-12-15 16:29:13,976 [INFO] IPUIPlugin:80 - create IPUIPlugin
2024-12-15 16:29:13,977 [INFO] IPUIPlugin:80 - create IPUIPlugin
2024-12-15 16:29:13,977 [INFO] IPUIPlugin:80 - create IPUIPlugin
2024-12-15 16:29:13,977 [INFO] IPUIPlugin:80 - create IPUIPlugin
2024-12-15 16:29:13,985 [INFO] IPUIPlugin:80 - create IPUIPlugin
2024-12-15 16:29:13,986 [INFO] IPUIPlugin:80 - create IPUIPlugin
2024-12-15 16:29:13,987 [INFO] IPUIPlugin:80 - create IPUIPlugin
2024-12-15 16:29:13,987 [INFO] IPUIPlugin:80 - create IPUIPlugin
2024-12-15 16:29:13,988 [INFO] IPUIPlugin:80 - create IPUIPlugin
2024-12-15 16:29:13,989 [INFO] IPUIPlugin:80 - create IPUIPlugin
2024-12-15 16:29:13,989 [INFO] IPUIPlugin:80 - create IPUIPlugin
2024-12-15 16:29:13,990 [INFO] IPUIPlugin:80 - create IPUIPlugin
2024-12-15 16:29:13,990 [INFO] IPUIPlugin:80 - create IPUIPlugin
2024-12-15 16:29:13,990 [INFO] IPUIPlugin:80 - create IPUIPlugin
2024-12-15 16:29:13,991 [INFO] IPUIPlugin:80 - create IPUIPlugin
2024-12-15 16:29:14,137 [INFO] ApiDbMcu:507 - Load IP Config File for PDM2PCM
2024-12-15 16:29:14,433 [INFO] CADModel:165 - CPN selected for project levelSTM32F401RET6
2024-12-15 16:29:14,433 [INFO] CADModel:114 - Register for checkConnection events
2024-12-15 16:29:14,485 [INFO] OpenFileManager:328 - Restore cursor
2024-12-15 16:34:39,925 [ERROR] LogOutputStream:75 - [STDERR_REDIRECT] Exception in thread "AWT-EventQueue-0" java.awt.IllegalComponentStateException: component must be showing on the screen to determine its location
2024-12-15 16:34:39,927 [ERROR] LogOutputStream:75 - [STDERR_REDIRECT] 	at java.desktop/java.awt.Component.getLocationOnScreen_NoTreeLock(Component.java:2101)
2024-12-15 16:34:39,929 [ERROR] LogOutputStream:75 - [STDERR_REDIRECT] 	at java.desktop/java.awt.Component.getLocationOnScreen(Component.java:2075)
2024-12-15 16:34:39,929 [ERROR] LogOutputStream:75 - [STDERR_REDIRECT] 	at java.desktop/javax.swing.JPopupMenu.show(JPopupMenu.java:940)
2024-12-15 16:34:39,930 [ERROR] LogOutputStream:75 - [STDERR_REDIRECT] 	at java.desktop/javax.swing.plaf.basic.BasicComboPopup.show(BasicComboPopup.java:235)
2024-12-15 16:34:39,932 [ERROR] LogOutputStream:75 - [STDERR_REDIRECT] 	at java.desktop/javax.swing.plaf.basic.BasicComboPopup.togglePopup(BasicComboPopup.java:1218)
2024-12-15 16:34:39,933 [ERROR] LogOutputStream:75 - [STDERR_REDIRECT] 	at java.desktop/javax.swing.plaf.basic.BasicComboPopup$Handler.mousePressed(BasicComboPopup.java:897)
2024-12-15 16:34:39,934 [ERROR] LogOutputStream:75 - [STDERR_REDIRECT] 	at java.desktop/java.awt.Component.processMouseEvent(Component.java:6632)
2024-12-15 16:34:39,935 [ERROR] LogOutputStream:75 - [STDERR_REDIRECT] 	at java.desktop/javax.swing.JComponent.processMouseEvent(JComponent.java:3342)
2024-12-15 16:34:39,936 [ERROR] LogOutputStream:75 - [STDERR_REDIRECT] 	at java.desktop/java.awt.Component.processEvent(Component.java:6400)
2024-12-15 16:34:39,937 [ERROR] LogOutputStream:75 - [STDERR_REDIRECT] 	at java.desktop/java.awt.Container.processEvent(Container.java:2263)
2024-12-15 16:34:39,937 [ERROR] LogOutputStream:75 - [STDERR_REDIRECT] 	at java.desktop/java.awt.Component.dispatchEventImpl(Component.java:5011)
2024-12-15 16:34:39,939 [ERROR] LogOutputStream:75 - [STDERR_REDIRECT] 	at java.desktop/java.awt.Container.dispatchEventImpl(Container.java:2321)
2024-12-15 16:34:39,939 [ERROR] LogOutputStream:75 - [STDERR_REDIRECT] 	at java.desktop/java.awt.Component.dispatchEvent(Component.java:4843)
2024-12-15 16:34:39,940 [ERROR] LogOutputStream:75 - [STDERR_REDIRECT] 	at java.desktop/javax.swing.plaf.basic.BasicTableUI$Handler.repostEvent(BasicTableUI.java:967)
2024-12-15 16:34:39,945 [ERROR] LogOutputStream:75 - [STDERR_REDIRECT] 	at java.desktop/javax.swing.plaf.basic.BasicTableUI$Handler.adjustSelection(BasicTableUI.java:1129)
2024-12-15 16:34:39,946 [ERROR] LogOutputStream:75 - [STDERR_REDIRECT] 	at java.desktop/javax.swing.plaf.basic.BasicTableUI$Handler.mousePressed(BasicTableUI.java:1057)
2024-12-15 16:34:39,947 [ERROR] LogOutputStream:75 - [STDERR_REDIRECT] 	at java.desktop/java.awt.AWTEventMulticaster.mousePressed(AWTEventMulticaster.java:288)
2024-12-15 16:34:39,949 [ERROR] LogOutputStream:75 - [STDERR_REDIRECT] 	at java.desktop/java.awt.AWTEventMulticaster.mousePressed(AWTEventMulticaster.java:287)
2024-12-15 16:34:39,950 [ERROR] LogOutputStream:75 - [STDERR_REDIRECT] 	at java.desktop/java.awt.AWTEventMulticaster.mousePressed(AWTEventMulticaster.java:287)
2024-12-15 16:34:39,950 [ERROR] LogOutputStream:75 - [STDERR_REDIRECT] 	at java.desktop/java.awt.AWTEventMulticaster.mousePressed(AWTEventMulticaster.java:287)
2024-12-15 16:34:39,951 [ERROR] LogOutputStream:75 - [STDERR_REDIRECT] 	at java.desktop/java.awt.Component.processMouseEvent(Component.java:6632)
2024-12-15 16:34:39,952 [ERROR] LogOutputStream:75 - [STDERR_REDIRECT] 	at java.desktop/javax.swing.JComponent.processMouseEvent(JComponent.java:3342)
2024-12-15 16:34:39,953 [ERROR] LogOutputStream:75 - [STDERR_REDIRECT] 	at java.desktop/java.awt.Component.processEvent(Component.java:6400)
2024-12-15 16:34:39,953 [ERROR] LogOutputStream:75 - [STDERR_REDIRECT] 	at java.desktop/java.awt.Container.processEvent(Container.java:2263)
2024-12-15 16:34:39,954 [ERROR] LogOutputStream:75 - [STDERR_REDIRECT] 	at java.desktop/java.awt.Component.dispatchEventImpl(Component.java:5011)
2024-12-15 16:34:39,955 [ERROR] LogOutputStream:75 - [STDERR_REDIRECT] 	at java.desktop/java.awt.Container.dispatchEventImpl(Container.java:2321)
2024-12-15 16:34:39,956 [ERROR] LogOutputStream:75 - [STDERR_REDIRECT] 	at java.desktop/java.awt.Component.dispatchEvent(Component.java:4843)
2024-12-15 16:34:39,957 [ERROR] LogOutputStream:75 - [STDERR_REDIRECT] 	at java.desktop/java.awt.LightweightDispatcher.retargetMouseEvent(Container.java:4918)
2024-12-15 16:34:39,958 [ERROR] LogOutputStream:75 - [STDERR_REDIRECT] 	at java.desktop/java.awt.LightweightDispatcher.processMouseEvent(Container.java:4544)
2024-12-15 16:34:39,958 [ERROR] LogOutputStream:75 - [STDERR_REDIRECT] 	at java.desktop/java.awt.LightweightDispatcher.dispatchEvent(Container.java:4488)
2024-12-15 16:34:39,959 [ERROR] LogOutputStream:75 - [STDERR_REDIRECT] 	at java.desktop/java.awt.Container.dispatchEventImpl(Container.java:2307)
2024-12-15 16:34:39,960 [ERROR] LogOutputStream:75 - [STDERR_REDIRECT] 	at java.desktop/java.awt.Component.dispatchEvent(Component.java:4843)
2024-12-15 16:34:39,961 [ERROR] LogOutputStream:75 - [STDERR_REDIRECT] 	at java.desktop/java.awt.EventQueue.dispatchEventImpl(EventQueue.java:772)
2024-12-15 16:34:39,961 [ERROR] LogOutputStream:75 - [STDERR_REDIRECT] 	at java.desktop/java.awt.EventQueue$4.run(EventQueue.java:721)
2024-12-15 16:34:39,961 [ERROR] LogOutputStream:75 - [STDERR_REDIRECT] 	at java.desktop/java.awt.EventQueue$4.run(EventQueue.java:715)
2024-12-15 16:34:39,963 [ERROR] LogOutputStream:75 - [STDERR_REDIRECT] 	at java.base/java.security.AccessController.doPrivileged(Native Method)
2024-12-15 16:34:39,964 [ERROR] LogOutputStream:75 - [STDERR_REDIRECT] 	at java.base/java.security.ProtectionDomain$JavaSecurityAccessImpl.doIntersectionPrivilege(ProtectionDomain.java:85)
2024-12-15 16:34:39,965 [ERROR] LogOutputStream:75 - [STDERR_REDIRECT] 	at java.base/java.security.ProtectionDomain$JavaSecurityAccessImpl.doIntersectionPrivilege(ProtectionDomain.java:95)
2024-12-15 16:34:39,966 [ERROR] LogOutputStream:75 - [STDERR_REDIRECT] 	at java.desktop/java.awt.EventQueue$5.run(EventQueue.java:745)
2024-12-15 16:34:39,967 [ERROR] LogOutputStream:75 - [STDERR_REDIRECT] 	at java.desktop/java.awt.EventQueue$5.run(EventQueue.java:743)
2024-12-15 16:34:39,967 [ERROR] LogOutputStream:75 - [STDERR_REDIRECT] 	at java.base/java.security.AccessController.doPrivileged(Native Method)
2024-12-15 16:34:39,969 [ERROR] LogOutputStream:75 - [STDERR_REDIRECT] 	at java.base/java.security.ProtectionDomain$JavaSecurityAccessImpl.doIntersectionPrivilege(ProtectionDomain.java:85)
2024-12-15 16:34:39,969 [ERROR] LogOutputStream:75 - [STDERR_REDIRECT] 	at java.desktop/java.awt.EventQueue.dispatchEvent(EventQueue.java:742)
2024-12-15 16:34:39,970 [ERROR] LogOutputStream:75 - [STDERR_REDIRECT] 	at java.desktop/java.awt.EventDispatchThread.pumpOneEventForFilters(EventDispatchThread.java:203)
2024-12-15 16:34:39,971 [ERROR] LogOutputStream:75 - [STDERR_REDIRECT] 	at java.desktop/java.awt.EventDispatchThread.pumpEventsForFilter(EventDispatchThread.java:124)
2024-12-15 16:34:39,972 [ERROR] LogOutputStream:75 - [STDERR_REDIRECT] 	at java.desktop/java.awt.EventDispatchThread.pumpEventsForHierarchy(EventDispatchThread.java:113)
2024-12-15 16:34:39,972 [ERROR] LogOutputStream:75 - [STDERR_REDIRECT] 	at java.desktop/java.awt.EventDispatchThread.pumpEvents(EventDispatchThread.java:109)
2024-12-15 16:34:39,974 [ERROR] LogOutputStream:75 - [STDERR_REDIRECT] 	at java.desktop/java.awt.EventDispatchThread.pumpEvents(EventDispatchThread.java:101)
2024-12-15 16:34:39,974 [ERROR] LogOutputStream:75 - [STDERR_REDIRECT] 	at java.desktop/java.awt.EventDispatchThread.run(EventDispatchThread.java:90)
2024-12-15 16:35:00,583 [INFO] NvicIntPanel:101 - NVIC parent = com.st.microxplorer.plugins.ip.nvic.MultiNvicIntPanel[,0,0,0x0,invalid,layout=javax.swing.BoxLayout,alignmentX=0.0,alignmentY=0.0,border=,flags=9,maximumSize=,minimumSize=,preferredSize=]
2024-12-15 16:35:49,670 [INFO] NvicIntPanel:101 - NVIC parent = com.st.microxplorer.plugins.ip.nvic.MultiNvicIntPanel[,0,0,0x0,invalid,layout=javax.swing.BoxLayout,alignmentX=0.0,alignmentY=0.0,border=,flags=9,maximumSize=,minimumSize=,preferredSize=]
2024-12-15 16:36:01,469 [INFO] UtilMem:75 - End SaveConfig() Used Memory: 723661840 Bytes (986710016)
2024-12-15 16:36:13,636 [INFO] UtilMem:75 - End SaveConfig() Used Memory: 763865040 Bytes (986710016)
2024-12-15 16:36:35,549 [INFO] UtilMem:75 - End SaveConfig() Used Memory: 796370896 Bytes (986710016)
2024-12-15 16:36:36,284 [INFO] BlockDiagram:2759 - set Specific Code input for plugin: NVIC
2024-12-15 16:36:36,284 [INFO] BlockDiagram:2759 - set Specific Code input for plugin: USART
2024-12-15 16:36:36,284 [INFO] BlockDiagram:2759 - set Specific Code input for plugin: TIM1_8
2024-12-15 16:36:36,284 [INFO] BlockDiagram:2759 - set Specific Code input for plugin: SYS
2024-12-15 16:36:36,284 [INFO] BlockDiagram:2759 - set Specific Code input for plugin: GPIO
2024-12-15 16:36:36,284 [INFO] BlockDiagram:2759 - set Specific Code input for plugin: RCC
2024-12-15 16:36:36,287 [INFO] CodeGenerator:793 - code generatio: config db path: C:\ST\STM32CubeIDE_1.12.1\STM32CubeIDE\plugins\com.st.stm32cube.common.mx_6.8.1.202304191431\\db\
2024-12-15 16:36:36,763 [INFO] CodeEngine:255 - oldGeneratedFile, C:\Users\voine\STM32CubeIDE\DegreeWS\HAL_Playground\MXTmpFiles\license.tmp_save
2024-12-15 16:36:37,197 [INFO] CodeEngine:279 - Generated code: C:\Users\voine\STM32CubeIDE\DegreeWS\HAL_Playground\MXTmpFiles\license.tmp
2024-12-15 16:36:37,307 [INFO] CodeEngine:255 - oldGeneratedFile, C:\Users\voine\STM32CubeIDE\DegreeWS\HAL_Playground\MXTmpFiles\gpio.tmp_save
2024-12-15 16:36:37,539 [INFO] CodeEngine:279 - Generated code: C:\Users\voine\STM32CubeIDE\DegreeWS\HAL_Playground\MXTmpFiles\gpio.tmp
2024-12-15 16:36:37,861 [INFO] CodeEngine:255 - oldGeneratedFile, C:\Users\voine\STM32CubeIDE\DegreeWS\HAL_Playground\Core\Src\stm32f4xx_it.c_save
2024-12-15 16:36:38,210 [INFO] CodeEngine:279 - Generated code: C:\Users\voine\STM32CubeIDE\DegreeWS\HAL_Playground\Core\Src\stm32f4xx_it.c
2024-12-15 16:36:38,258 [INFO] CodeEngine:255 - oldGeneratedFile, C:\Users\voine\STM32CubeIDE\DegreeWS\HAL_Playground\Core\Inc\stm32f4xx_it.h_save
2024-12-15 16:36:38,403 [INFO] CodeEngine:279 - Generated code: C:\Users\voine\STM32CubeIDE\DegreeWS\HAL_Playground\Core\Inc\stm32f4xx_it.h
2024-12-15 16:36:38,479 [INFO] CodeEngine:255 - oldGeneratedFile, C:\Users\voine\STM32CubeIDE\DegreeWS\HAL_Playground\Core\Src\stm32f4xx_hal_msp.c_save
2024-12-15 16:36:38,749 [INFO] CodeEngine:279 - Generated code: C:\Users\voine\STM32CubeIDE\DegreeWS\HAL_Playground\Core\Src\stm32f4xx_hal_msp.c
2024-12-15 16:36:38,773 [INFO] CodeEngine:255 - oldGeneratedFile, C:\Users\voine\STM32CubeIDE\DegreeWS\HAL_Playground\MXTmpFiles\system.tmp_save
2024-12-15 16:36:38,870 [INFO] CodeEngine:279 - Generated code: C:\Users\voine\STM32CubeIDE\DegreeWS\HAL_Playground\MXTmpFiles\system.tmp
2024-12-15 16:36:38,918 [INFO] CodeEngine:311 - oldGeneratedFile, C:\Users\voine\STM32CubeIDE\DegreeWS\HAL_Playground\Core\Inc\stm32f4xx_hal_conf.h_save
2024-12-15 16:36:39,052 [INFO] CodeEngine:335 - Generated code: C:\Users\voine\STM32CubeIDE\DegreeWS\HAL_Playground\Core\Inc\stm32f4xx_hal_conf.h
2024-12-15 16:36:39,113 [WARN] IPConfigManager:3431 - IP not found : TIM
2024-12-15 16:36:39,114 [WARN] CodeGenerator:3754 - IP not found : null
2024-12-15 16:36:39,156 [INFO] CodeEngine:255 - oldGeneratedFile, C:\Users\voine\STM32CubeIDE\DegreeWS\HAL_Playground\Core\Inc\main.h_save
2024-12-15 16:36:39,274 [INFO] CodeEngine:279 - Generated code: C:\Users\voine\STM32CubeIDE\DegreeWS\HAL_Playground\Core\Inc\main.h
2024-12-15 16:36:39,304 [INFO] CodeEngine:255 - oldGeneratedFile, C:\Users\voine\STM32CubeIDE\DegreeWS\HAL_Playground\Core\Src\main.c_save
2024-12-15 16:36:39,487 [INFO] CodeEngine:279 - Generated code: C:\Users\voine\STM32CubeIDE\DegreeWS\HAL_Playground\Core\Src\main.c
2024-12-15 16:36:40,208 [INFO] ProjectBuilder:2996 - Time for Copy HAL[1] : 239mS.
2024-12-15 16:36:40,222 [INFO] ProjectBuilder:4304 - Project Generator version: 3.19.2
2024-12-15 16:36:40,498 [INFO] ConfigFileManager:1483 - The Die is : DIE433
2024-12-15 16:36:40,525 [INFO] ApiDbMcu:507 - Load IP Config File for FATFS
2024-12-15 16:36:40,545 [INFO] ApiDbMcu:507 - Load IP Config File for FREERTOS
2024-12-15 16:36:40,562 [INFO] ApiDbMcu:507 - Load IP Config File for LIBJPEG
2024-12-15 16:36:40,578 [INFO] ApiDbMcu:507 - Load IP Config File for MBEDTLS
2024-12-15 16:36:40,597 [INFO] ApiDbMcu:507 - Load IP Config File for USB_DEVICE
2024-12-15 16:36:40,612 [INFO] ApiDbMcu:507 - Load IP Config File for USB_HOST
2024-12-15 16:36:41,757 [INFO] LogOutputStream:77 - [STDOUT_REDIRECT] 
2024-12-15 16:36:44,786 [INFO] ProjectBuilder:4505 - Time for Generating toolchain IDE Files: 4559mS.
2024-12-15 16:36:44,789 [INFO] ProjectBuilder:2867 - Time for Copy CMSIS : 1mS.
2024-12-15 16:36:44,794 [INFO] ProjectBuilder:2867 - Time for Copy CMSIS : 1mS.
2024-12-15 17:20:55,228 [INFO] Activator:176 - 


2024-12-15 17:20:55,230 [INFO] Activator:177 - !SESSION log4j initialized
2024-12-15 17:21:01,666 [INFO] LogOutputStream:77 - [STDOUT_REDIRECT] 
2024-12-15 17:21:23,622 [ERROR] LogOutputStream:75 - [STDERR_REDIRECT] SLF4J: Failed to load class "org.slf4j.impl.StaticLoggerBinder".
2024-12-15 17:21:23,622 [ERROR] LogOutputStream:75 - [STDERR_REDIRECT] SLF4J: Defaulting to no-operation (NOP) logger implementation
2024-12-15 17:21:23,625 [ERROR] LogOutputStream:75 - [STDERR_REDIRECT] SLF4J: See http://www.slf4j.org/codes.html#StaticLoggerBinder for further details.
