2025-03-19 17:21:13,626 [INFO] Activator:176 - 


2025-03-19 17:21:13,636 [INFO] Activator:177 - !SESSION log4j initialized
2025-03-19 17:21:20,666 [INFO] LogOutputStream:77 - [STDOUT_REDIRECT] 
2025-03-19 17:21:43,730 [ERROR] LogOutputStream:75 - [STDERR_REDIRECT] SLF4J: Failed to load class "org.slf4j.impl.StaticLoggerBinder".
2025-03-19 17:21:43,730 [ERROR] LogOutputStream:75 - [STDERR_REDIRECT] SLF4J: Defaulting to no-operation (NOP) logger implementation
2025-03-19 17:21:43,732 [ERROR] LogOutputStream:75 - [STDERR_REDIRECT] SLF4J: See http://www.slf4j.org/codes.html#StaticLoggerBinder for further details.
2025-03-19 17:22:52,900 [INFO] Activator:176 - 


2025-03-19 17:22:52,902 [INFO] Activator:177 - !SESSION log4j initialized
2025-03-19 17:22:59,390 [INFO] LogOutputStream:77 - [STDOUT_REDIRECT] 
2025-03-19 17:23:20,794 [ERROR] LogOutputStream:75 - [STDERR_REDIRECT] SLF4J: Failed to load class "org.slf4j.impl.StaticLoggerBinder".
2025-03-19 17:23:20,794 [ERROR] LogOutputStream:75 - [STDERR_REDIRECT] SLF4J: Defaulting to no-operation (NOP) logger implementation
2025-03-19 17:23:20,803 [ERROR] LogOutputStream:75 - [STDERR_REDIRECT] SLF4J: See http://www.slf4j.org/codes.html#StaticLoggerBinder for further details.
2025-03-19 18:23:57,594 [INFO] ApplicationProperties:184 - Using Application install path: C:\ST\STM32CubeIDE_1.12.1\STM32CubeIDE\plugins\com.st.stm32cube.common.mx_6.8.1.202304191431
2025-03-19 18:23:57,617 [INFO] DbMcusXml:78 - Set database path to: C:\ST\STM32CubeIDE_1.12.1\STM32CubeIDE\plugins\com.st.stm32cube.common.mx_6.8.1.202304191431\\db\/mcu/
2025-03-19 18:23:57,618 [INFO] ApiDb:274 - Set plugin database path to: C:\ST\STM32CubeIDE_1.12.1\STM32CubeIDE\plugins\com.st.stm32cube.common.mx_6.8.1.202304191431\\db\/plugins/boardmanager/
2025-03-19 18:23:57,619 [WARN] ApiDb:259 - Overriding images path with different value:  => C:\ST\STM32CubeIDE_1.12.1\STM32CubeIDE\plugins\com.st.stm32cube.common.mx_6.8.1.202304191431\\db\/plugins/mcufinder/images/
2025-03-19 18:23:57,638 [INFO] ApiDb:250 - Set database path to: C:\Users\voine\.stmcufinder\plugins\mcufinder//mcu/
2025-03-19 18:23:57,640 [INFO] DbMcusAds:125 - Set database path to: C:\Users\voine\.stmcufinder\plugins\mcufinder//mcu/
2025-03-19 18:23:57,678 [INFO] CrossReferenceDbSqlite:203 - Set database path to: C:\Users\voine\.stmcufinder\plugins\mcufinder//mcu/cs/
2025-03-19 18:23:57,799 [INFO] RulesReader:64 - Compatibility file has been processed (293 Rules)
2025-03-19 18:23:57,914 [INFO] DbMcusXml:78 - Set database path to: C:\ST\STM32CubeIDE_1.12.1\STM32CubeIDE\plugins\com.st.stm32cube.common.mx_6.8.1.202304191431\\db\/mcu/
2025-03-19 18:23:57,914 [INFO] ApiDb:274 - Set plugin database path to: C:\ST\STM32CubeIDE_1.12.1\STM32CubeIDE\plugins\com.st.stm32cube.common.mx_6.8.1.202304191431\\db\/plugins/boardmanager/
2025-03-19 18:23:57,914 [INFO] ApiDb:261 - Set plugin images path to: C:\ST\STM32CubeIDE_1.12.1\STM32CubeIDE\plugins\com.st.stm32cube.common.mx_6.8.1.202304191431\\db\/plugins/mcufinder/images/
2025-03-19 18:23:57,914 [WARN] DbFile:41 - Overriding database path with different value: C:\Users\voine\.stmcufinder\plugins\mcufinder/ => C:\Users\voine\.stmcufinder\plugins\mcufinder
2025-03-19 18:23:57,914 [INFO] ApiDb:250 - Set database path to: C:\Users\voine\.stmcufinder\plugins\mcufinder//mcu/
2025-03-19 18:23:57,914 [WARN] DbFile:41 - Overriding database path with different value: C:\Users\voine\.stmcufinder\plugins\mcufinder/ => C:\Users\voine\.stmcufinder\plugins\mcufinder
2025-03-19 18:23:57,914 [INFO] DbMcusAds:125 - Set database path to: C:\Users\voine\.stmcufinder\plugins\mcufinder//mcu/
2025-03-19 18:23:57,915 [WARN] DbFile:41 - Overriding database path with different value: C:\Users\voine\.stmcufinder\plugins\mcufinder/ => C:\Users\voine\.stmcufinder\plugins\mcufinder
2025-03-19 18:23:57,915 [WARN] DbFile:41 - Overriding database path with different value: C:\Users\voine\.stmcufinder\plugins\mcufinder/ => C:\Users\voine\.stmcufinder\plugins\mcufinder
2025-03-19 18:23:57,915 [INFO] CrossReferenceDbSqlite:203 - Set database path to: C:\Users\voine\.stmcufinder\plugins\mcufinder//mcu/cs/
2025-03-19 18:23:57,989 [INFO] MainPanel:253 - HeapMemory: 641728512
2025-03-19 18:23:58,096 [INFO] DbMcusXml:78 - Set database path to: C:\ST\STM32CubeIDE_1.12.1\STM32CubeIDE\plugins\com.st.stm32cube.common.mx_6.8.1.202304191431\\db\/mcu/
2025-03-19 18:23:58,096 [INFO] ApiDb:274 - Set plugin database path to: C:\ST\STM32CubeIDE_1.12.1\STM32CubeIDE\plugins\com.st.stm32cube.common.mx_6.8.1.202304191431\\db\/plugins/boardmanager/
2025-03-19 18:23:58,096 [INFO] ApiDb:261 - Set plugin images path to: C:\ST\STM32CubeIDE_1.12.1\STM32CubeIDE\plugins\com.st.stm32cube.common.mx_6.8.1.202304191431\\db\/plugins/mcufinder/images/
2025-03-19 18:23:58,096 [WARN] DbFile:41 - Overriding database path with different value: C:\Users\voine\.stmcufinder\plugins\mcufinder/ => C:\Users\voine\.stmcufinder\plugins\mcufinder
2025-03-19 18:23:58,097 [INFO] ApiDb:250 - Set database path to: C:\Users\voine\.stmcufinder\plugins\mcufinder//mcu/
2025-03-19 18:23:58,097 [WARN] DbFile:41 - Overriding database path with different value: C:\Users\voine\.stmcufinder\plugins\mcufinder/ => C:\Users\voine\.stmcufinder\plugins\mcufinder
2025-03-19 18:23:58,097 [INFO] DbMcusAds:125 - Set database path to: C:\Users\voine\.stmcufinder\plugins\mcufinder//mcu/
2025-03-19 18:23:58,097 [WARN] DbFile:41 - Overriding database path with different value: C:\Users\voine\.stmcufinder\plugins\mcufinder/ => C:\Users\voine\.stmcufinder\plugins\mcufinder
2025-03-19 18:23:58,097 [WARN] DbFile:41 - Overriding database path with different value: C:\Users\voine\.stmcufinder\plugins\mcufinder/ => C:\Users\voine\.stmcufinder\plugins\mcufinder
2025-03-19 18:23:58,097 [INFO] CrossReferenceDbSqlite:203 - Set database path to: C:\Users\voine\.stmcufinder\plugins\mcufinder//mcu/cs/
2025-03-19 18:23:58,116 [INFO] ApplicationProperties:184 - Using Application install path: C:\ST\STM32CubeIDE_1.12.1\STM32CubeIDE\plugins\com.st.stm32cube.common.mx_6.8.1.202304191431
2025-03-19 18:23:58,117 [INFO] PluginManage:196 - Search for loadable plugins [exclusion list=, ]
2025-03-19 18:23:58,122 [INFO] PluginManage:310 - Check plugin analytics
2025-03-19 18:23:58,309 [INFO] AnalyticsPlugin:253 - Accepted Software Licenses: 
2025-03-19 18:23:58,309 [INFO] AnalyticsPlugin:255 - Accepted CMSIS Pack Licenses: 
2025-03-19 18:23:58,310 [INFO] AnalyticsPlugin:257 - Accepted Firmware Licenses: FW.F4.1.27.0
2025-03-19 18:23:58,343 [INFO] PluginManage:359 - Loaded plugin analytics (category:tool,tabindex:-1)
2025-03-19 18:23:58,343 [INFO] PluginManage:310 - Check plugin cadmodel
2025-03-19 18:23:58,362 [INFO] CADModel:105 - Init CAD model plugin
2025-03-19 18:23:58,362 [INFO] PluginManage:359 - Loaded plugin cadmodel (category:power,tabindex:5)
2025-03-19 18:23:58,362 [INFO] PluginManage:310 - Check plugin clock
2025-03-19 18:23:58,395 [INFO] PluginManage:359 - Loaded plugin clock (category:base,tabindex:2)
2025-03-19 18:23:58,396 [INFO] PluginManage:310 - Check plugin ddr
2025-03-19 18:23:58,398 [INFO] PluginManage:359 - Loaded plugin ddr (category:tool,tabindex:6)
2025-03-19 18:23:58,398 [INFO] PluginManage:310 - Check plugin filemanager
2025-03-19 18:23:58,555 [INFO] PluginManage:359 - Loaded plugin filemanager (category:base,tabindex:10)
2025-03-19 18:23:58,555 [INFO] PluginManage:310 - Check plugin ipmanager
2025-03-19 18:23:58,564 [INFO] PluginManage:359 - Loaded plugin ipmanager (category:base,tabindex:5)
2025-03-19 18:23:58,564 [INFO] PluginManage:310 - Check plugin lpbam
2025-03-19 18:23:58,585 [INFO] PluginManage:359 - Loaded plugin lpbam (category:base,tabindex:0)
2025-03-19 18:23:58,585 [INFO] PluginManage:310 - Check plugin pinoutandconfiguration
2025-03-19 18:23:58,606 [INFO] PluginManage:359 - Loaded plugin pinoutandconfiguration (category:base,tabindex:1)
2025-03-19 18:23:58,606 [INFO] PluginManage:310 - Check plugin pinoutconfig
2025-03-19 18:23:58,739 [WARN] SupportedApi:132 - Cannot load RTOS API schema: s4s-elt-must-match.1: The content of 'definitions' must match (annotation?, (simpleType | complexType)?, (unique | key | keyref)*)). A problem was found starting at: attribute.
2025-03-19 18:23:58,915 [INFO] PluginManage:359 - Loaded plugin pinoutconfig (category:base,tabindex:0)
2025-03-19 18:23:58,916 [INFO] PluginManage:310 - Check plugin power
2025-03-19 18:23:58,942 [INFO] PluginManage:359 - Loaded plugin power (category:power,tabindex:4)
2025-03-19 18:23:58,942 [INFO] PluginManage:310 - Check plugin projectmanager
2025-03-19 18:23:58,964 [INFO] PluginManage:359 - Loaded plugin projectmanager (category:projectmanager,tabindex:3)
2025-03-19 18:23:58,964 [INFO] PluginManage:310 - Check plugin thirdparty
2025-03-19 18:23:59,264 [INFO] PluginManage:359 - Loaded plugin thirdparty (category:base,tabindex:-1)
2025-03-19 18:23:59,264 [WARN] IntegrityCheckThread:84 - waiting for thirdparty lock release [integrity check]
2025-03-19 18:23:59,266 [INFO] PluginManage:310 - Check plugin tools
2025-03-19 18:23:59,266 [INFO] IntegrityCheckThread:86 - entering critical section [integrity check]
2025-03-19 18:23:59,267 [INFO] ThirdPartyUpdaterWithRetryManager:70 - Updater plugin not ready yet. [1/15]
2025-03-19 18:23:59,299 [INFO] PluginManage:359 - Loaded plugin tools (category:base,tabindex:7)
2025-03-19 18:23:59,299 [INFO] PluginManage:310 - Check plugin tutovideos
2025-03-19 18:23:59,520 [INFO] PluginManage:359 - Loaded plugin tutovideos (category:base,tabindex:-1)
2025-03-19 18:23:59,520 [INFO] PluginManage:310 - Check plugin updater
2025-03-19 18:23:59,541 [INFO] PluginManage:359 - Loaded plugin updater (category:base,tabindex:12)
2025-03-19 18:23:59,542 [INFO] PluginManage:283 - PluginManage : Loaded plugins [15]
2025-03-19 18:23:59,818 [INFO] PinOutPanel:1499 - setPackage(No Configuration,No Configuration)
2025-03-19 18:23:59,889 [INFO] CADModel:165 - CPN selected for project level
2025-03-19 18:23:59,889 [INFO] CADModel:114 - Register for checkConnection events
2025-03-19 18:23:59,918 [INFO] IPUIPlugin:80 - create IPUIPlugin
2025-03-19 18:23:59,918 [INFO] PluginManager:220 - loadIPPluginJar : add adc
2025-03-19 18:23:59,954 [INFO] IPUIPlugin:80 - create IPUIPlugin
2025-03-19 18:23:59,954 [INFO] PluginManager:220 - loadIPPluginJar : add aes
2025-03-19 18:23:59,997 [INFO] IPUIPlugin:80 - create IPUIPlugin
2025-03-19 18:23:59,997 [INFO] PluginManager:220 - loadIPPluginJar : add can
2025-03-19 18:24:00,028 [INFO] IPUIPlugin:80 - create IPUIPlugin
2025-03-19 18:24:00,028 [INFO] PluginManager:220 - loadIPPluginJar : add comp
2025-03-19 18:24:00,064 [INFO] IPUIPlugin:80 - create IPUIPlugin
2025-03-19 18:24:00,064 [INFO] PluginManager:220 - loadIPPluginJar : add cryp
2025-03-19 18:24:00,098 [INFO] IPUIPlugin:80 - create IPUIPlugin
2025-03-19 18:24:00,098 [INFO] PluginManager:220 - loadIPPluginJar : add dfsdm
2025-03-19 18:24:00,116 [INFO] IPUIPlugin:80 - create IPUIPlugin
2025-03-19 18:24:00,116 [INFO] PluginManager:220 - loadIPPluginJar : add dma
2025-03-19 18:24:00,180 [INFO] IPUIPlugin:80 - create IPUIPlugin
2025-03-19 18:24:00,180 [INFO] PluginManager:220 - loadIPPluginJar : add dma3
2025-03-19 18:24:00,207 [INFO] IPUIPlugin:80 - create IPUIPlugin
2025-03-19 18:24:00,207 [INFO] PluginManager:220 - loadIPPluginJar : add fatfs
2025-03-19 18:24:00,264 [INFO] IPUIPlugin:80 - create IPUIPlugin
2025-03-19 18:24:00,264 [INFO] PluginManager:220 - loadIPPluginJar : add fmc
2025-03-19 18:24:00,282 [INFO] IPUIPlugin:80 - create IPUIPlugin
2025-03-19 18:24:00,283 [INFO] PluginManager:220 - loadIPPluginJar : add freertos
2025-03-19 18:24:00,310 [INFO] IPUIPlugin:80 - create IPUIPlugin
2025-03-19 18:24:00,310 [INFO] PluginManager:220 - loadIPPluginJar : add genericplugin
2025-03-19 18:24:00,425 [INFO] IPUIPlugin:80 - create IPUIPlugin
2025-03-19 18:24:00,425 [INFO] PluginManager:220 - loadIPPluginJar : add gfxmmu
2025-03-19 18:24:00,583 [INFO] IPUIPlugin:80 - create IPUIPlugin
2025-03-19 18:24:00,583 [INFO] PluginManager:220 - loadIPPluginJar : add gic
2025-03-19 18:24:00,598 [INFO] IPUIPlugin:80 - create IPUIPlugin
2025-03-19 18:24:00,599 [INFO] PluginManager:220 - loadIPPluginJar : add gpio
2025-03-19 18:24:00,699 [INFO] IPUIPlugin:80 - create IPUIPlugin
2025-03-19 18:24:00,699 [INFO] PluginManager:220 - loadIPPluginJar : add gtzc
2025-03-19 18:24:00,733 [INFO] IPUIPlugin:80 - create IPUIPlugin
2025-03-19 18:24:00,733 [INFO] PluginManager:220 - loadIPPluginJar : add hash
2025-03-19 18:24:00,784 [INFO] IPUIPlugin:80 - create IPUIPlugin
2025-03-19 18:24:00,784 [INFO] PluginManager:220 - loadIPPluginJar : add i2c
2025-03-19 18:24:00,826 [INFO] IPUIPlugin:80 - create IPUIPlugin
2025-03-19 18:24:00,826 [INFO] PluginManager:220 - loadIPPluginJar : add i2s
2025-03-19 18:24:00,873 [INFO] IPUIPlugin:80 - create IPUIPlugin
2025-03-19 18:24:00,873 [INFO] PluginManager:220 - loadIPPluginJar : add i3c
2025-03-19 18:24:00,979 [INFO] IPUIPlugin:80 - create IPUIPlugin
2025-03-19 18:24:00,980 [INFO] PluginManager:220 - loadIPPluginJar : add ipddr
2025-03-19 18:24:01,069 [INFO] IPUIPlugin:80 - create IPUIPlugin
2025-03-19 18:24:01,069 [INFO] PluginManager:220 - loadIPPluginJar : add linkedlist
2025-03-19 18:24:01,105 [INFO] IPUIPlugin:80 - create IPUIPlugin
2025-03-19 18:24:01,105 [INFO] PluginManager:220 - loadIPPluginJar : add lorawan
2025-03-19 18:24:01,142 [INFO] IPUIPlugin:80 - create IPUIPlugin
2025-03-19 18:24:01,142 [INFO] PluginManager:220 - loadIPPluginJar : add ltdc
2025-03-19 18:24:01,164 [INFO] IPUIPlugin:80 - create IPUIPlugin
2025-03-19 18:24:01,164 [INFO] PluginManager:220 - loadIPPluginJar : add mdma
2025-03-19 18:24:01,178 [INFO] IPUIPlugin:80 - create IPUIPlugin
2025-03-19 18:24:01,179 [INFO] PluginManager:220 - loadIPPluginJar : add nvic
2025-03-19 18:24:01,223 [INFO] IPUIPlugin:80 - create IPUIPlugin
2025-03-19 18:24:01,224 [INFO] PluginManager:220 - loadIPPluginJar : add opamp
2025-03-19 18:24:01,288 [INFO] IPUIPlugin:80 - create IPUIPlugin
2025-03-19 18:24:01,288 [INFO] PluginManager:220 - loadIPPluginJar : add openamp
2025-03-19 18:24:01,338 [INFO] IPUIPlugin:80 - create IPUIPlugin
2025-03-19 18:24:01,338 [INFO] PluginManager:220 - loadIPPluginJar : add pdm2pcm
2025-03-19 18:24:01,358 [INFO] IPUIPlugin:80 - create IPUIPlugin
2025-03-19 18:24:01,361 [INFO] PluginManager:220 - loadIPPluginJar : add plateformsettings
2025-03-19 18:24:01,390 [INFO] IPUIPlugin:80 - create IPUIPlugin
2025-03-19 18:24:01,390 [INFO] PluginManager:220 - loadIPPluginJar : add quadspi
2025-03-19 18:24:01,407 [INFO] IPUIPlugin:80 - create IPUIPlugin
2025-03-19 18:24:01,407 [INFO] PluginManager:220 - loadIPPluginJar : add resmgrutility
2025-03-19 18:24:01,464 [INFO] IPUIPlugin:80 - create IPUIPlugin
2025-03-19 18:24:01,464 [INFO] PluginManager:220 - loadIPPluginJar : add sai
2025-03-19 18:24:01,505 [INFO] IPUIPlugin:80 - create IPUIPlugin
2025-03-19 18:24:01,505 [INFO] PluginManager:220 - loadIPPluginJar : add spi
2025-03-19 18:24:01,569 [INFO] IPUIPlugin:80 - create IPUIPlugin
2025-03-19 18:24:01,569 [INFO] PluginManager:220 - loadIPPluginJar : add stm32_wpan
2025-03-19 18:24:01,597 [INFO] IPUIPlugin:80 - create IPUIPlugin
2025-03-19 18:24:01,597 [INFO] PluginManager:220 - loadIPPluginJar : add tim
2025-03-19 18:24:01,659 [INFO] IPUIPlugin:80 - create IPUIPlugin
2025-03-19 18:24:01,659 [INFO] PluginManager:220 - loadIPPluginJar : add touchsensing
2025-03-19 18:24:01,690 [INFO] IPUIPlugin:80 - create IPUIPlugin
2025-03-19 18:24:01,691 [INFO] PluginManager:220 - loadIPPluginJar : add tracer_emb
2025-03-19 18:24:01,720 [INFO] IPUIPlugin:80 - create IPUIPlugin
2025-03-19 18:24:01,720 [INFO] PluginManager:220 - loadIPPluginJar : add ts
2025-03-19 18:24:01,747 [INFO] IPUIPlugin:80 - create IPUIPlugin
2025-03-19 18:24:01,747 [INFO] PluginManager:220 - loadIPPluginJar : add tsc
2025-03-19 18:24:01,775 [INFO] IPUIPlugin:80 - create IPUIPlugin
2025-03-19 18:24:01,775 [INFO] PluginManager:220 - loadIPPluginJar : add ucpd
2025-03-19 18:24:01,829 [INFO] IPUIPlugin:80 - create IPUIPlugin
2025-03-19 18:24:01,829 [INFO] PluginManager:220 - loadIPPluginJar : add usart
2025-03-19 18:24:01,888 [INFO] IPUIPlugin:80 - create IPUIPlugin
2025-03-19 18:24:01,889 [INFO] PluginManager:220 - loadIPPluginJar : add usbx
2025-03-19 18:24:02,024 [INFO] CADModel:165 - CPN selected for project level
2025-03-19 18:24:02,024 [INFO] CADModel:114 - Register for checkConnection events
2025-03-19 18:24:02,024 [FATAL] Updater:308 - Updater called before beeing initialized
2025-03-19 18:24:02,024 [ERROR] CADModel:125 - Updater not yet initialized, retry later 
2025-03-19 18:24:02,189 [INFO] CADModel:165 - CPN selected for project level
2025-03-19 18:24:02,190 [INFO] CADModel:114 - Register for checkConnection events
2025-03-19 18:24:02,190 [FATAL] Updater:308 - Updater called before beeing initialized
2025-03-19 18:24:02,190 [ERROR] CADModel:125 - Updater not yet initialized, retry later 
2025-03-19 18:24:02,195 [FATAL] Updater:308 - Updater called before beeing initialized
2025-03-19 18:24:02,275 [INFO] ThirdPartyUpdaterWithRetryManager:70 - Updater plugin not ready yet. [2/15]
2025-03-19 18:24:02,383 [FATAL] Updater:308 - Updater called before beeing initialized
2025-03-19 18:24:02,401 [INFO] DbMcusAds:53 - JSON generation date=Tue Dec 17 18:01:15 EET 2024 (1734451275111)
2025-03-19 18:24:02,401 [FATAL] Updater:308 - Updater called before beeing initialized
2025-03-19 18:24:02,499 [WARN] DetailPanel:346 - Failed to get advertising image, set to default
2025-03-19 18:24:02,617 [FATAL] Updater:308 - Updater called before beeing initialized
2025-03-19 18:24:02,621 [FATAL] Updater:308 - Updater called before beeing initialized
2025-03-19 18:24:02,622 [FATAL] Updater:308 - Updater called before beeing initialized
2025-03-19 18:24:02,622 [WARN] DetailPanel:346 - Failed to get advertising image, set to default
2025-03-19 18:24:02,623 [FATAL] Updater:308 - Updater called before beeing initialized
2025-03-19 18:24:02,699 [ERROR] Updater:1120 - MainUpdater not yet initialized. External WinMGr cannot be set.
2025-03-19 18:24:02,711 [INFO] Updater:1056 - Updater Version found : 6.8.1
2025-03-19 18:24:02,734 [INFO] ApplicationProperties:184 - Using Application install path: C:\ST\STM32CubeIDE_1.12.1\STM32CubeIDE\plugins\com.st.stm32cube.common.mx_6.8.1.202304191431
2025-03-19 18:24:02,882 [INFO] MainUpdater:2854 - connection check result : 10
2025-03-19 18:24:02,883 [INFO] MainUpdater:3548 - Updater definition file requires update
2025-03-19 18:24:02,884 [INFO] MainUpdater:283 - Updater Check For Update Now.
2025-03-19 18:24:02,884 [INFO] MicroXplorer:498 - Change Database Version : DB.6.0.81
2025-03-19 18:24:03,043 [INFO] ServerAccessManage:473 - Download File updaters.zip
2025-03-19 18:24:03,095 [INFO] FileExtend:240 - Unzip File : updaters.zip
2025-03-19 18:24:03,095 [INFO] FileExtend:255 - Standard Zip Deflate
2025-03-19 18:24:03,991 [INFO] ServerAccessManage:473 - Download File PacksControlFlags.xml
2025-03-19 18:24:04,146 [INFO] ServerAccessManage:473 - Download File cubemx.pidx
2025-03-19 18:24:04,503 [INFO] ServerAccessManage:473 - Download File STMicroelectronics.FP-SNS-FLIGHT1.pdsc
2025-03-19 18:24:05,278 [WARN] MainUpdater:1187 - Updater busy. Cannot search thirdparties
2025-03-19 18:24:05,279 [INFO] ThirdPartyUpdaterWithRetryManager:96 - Updater plugin is busy. [1/15]
2025-03-19 18:24:05,726 [INFO] ServerAccessManage:473 - Download File STMicroelectronics.X-CUBE-TOUCHGFX.pdsc
2025-03-19 18:24:08,290 [WARN] MainUpdater:1187 - Updater busy. Cannot search thirdparties
2025-03-19 18:24:08,291 [INFO] ThirdPartyUpdaterWithRetryManager:96 - Updater plugin is busy. [2/15]
2025-03-19 18:24:09,424 [INFO] ServerAccessManage:473 - Download File STMicroelectronics.X-CUBE-AZRTOS-H7RS.pdsc
2025-03-19 18:24:10,323 [WARN] PopulateThirdPartyThread:106 - Error when creating pack: C:/Users/voine/.stm32cubemx/thirdparties/pdsc/STMicroelectronics.FP-SNS-FLIGHT1.pdsc
2025-03-19 18:24:10,398 [WARN] PackLoader:240 - Cannot read IP mode file for STMicroelectronics.X-CUBE-TOUCHGFX.4.25.0
2025-03-19 18:24:10,427 [WARN] PackLoader:240 - Cannot read IP mode file for STMicroelectronics.X-CUBE-AZRTOS-H7RS.1.1.0
2025-03-19 18:24:10,431 [INFO] PopulateThirdPartyThread:66 - Ending populate Thread
2025-03-19 18:24:10,440 [INFO] ThirdParty:1030 - CMSIS Pack Vendor :STMicroelectronics X-CUBE-TOUCHGFX 4.25.0
2025-03-19 18:24:10,440 [INFO] ThirdParty:1030 - CMSIS Pack Vendor :STMicroelectronics X-CUBE-AZRTOS-H7RS 1.1.0
2025-03-19 18:24:10,441 [INFO] LoadServerUpdatesThread:373 - End of LoadServerUpdate Thread
2025-03-19 18:24:10,490 [INFO] CheckServerUpdateThread:120 - End of CheckServer Thread
2025-03-19 18:24:10,548 [INFO] MainUpdater:2854 - connection check result : 10
2025-03-19 18:24:10,557 [INFO] MainUpdater:2854 - connection check result : 10
2025-03-19 18:24:10,761 [INFO] MicroXplorer:468 - Change Database Path : 
2025-03-19 18:24:10,761 [INFO] MicroXplorer:498 - Change Database Version : DB.6.0.81
2025-03-19 18:24:10,761 [WARN] ThirdParty:871 - waiting for thirdparty lock release [close project]
2025-03-19 18:24:11,548 [WARN] PackLoader:240 - Cannot read IP mode file for STMicroelectronics.FP-SNS-MOTENVWB1.1.4.0
2025-03-19 18:24:11,554 [WARN] PackLoader:240 - Cannot read IP mode file for STMicroelectronics.FP-ATR-ASTRA1.2.0.2
2025-03-19 18:24:11,566 [WARN] PackLoader:240 - Cannot read IP mode file for STMicroelectronics.FP-ATR-ASTRA1.2.0.1
2025-03-19 18:24:11,581 [WARN] PackLoader:240 - Cannot read IP mode file for STMicroelectronics.X-CUBE-SMBUS.2.1.0
2025-03-19 18:24:11,596 [WARN] PackLoader:240 - Cannot read IP mode file for STMicroelectronics.X-CUBE-WB05N.1.1.0
2025-03-19 18:24:11,610 [WARN] PackLoader:240 - Cannot read IP mode file for STMicroelectronics.X-CUBE-TOUCHGFX.4.23.1
2025-03-19 18:24:11,622 [WARN] PackLoader:240 - Cannot read IP mode file for STMicroelectronics.X-CUBE-TOUCHGFX.4.23.0
2025-03-19 18:24:11,633 [WARN] PackLoader:240 - Cannot read IP mode file for STMicroelectronics.X-CUBE-TOUCHGFX.4.23.2
2025-03-19 18:24:11,660 [WARN] PackLoader:240 - Cannot read IP mode file for STMicroelectronics.X-CUBE-AZRTOS-F7.1.1.0
2025-03-19 18:24:11,677 [WARN] PackLoader:240 - Cannot read IP mode file for STMicroelectronics.FP-SNS-MOTENV1.4.3.2
2025-03-19 18:24:11,727 [WARN] PackLoader:240 - Cannot read IP mode file for STMicroelectronics.X-CUBE-MEMS1.11.0.0
2025-03-19 18:24:11,846 [WARN] PackLoader:240 - Cannot read IP mode file for STMicroelectronics.FP-SNS-FLIGHT1.5.0.2
2025-03-19 18:24:11,863 [WARN] PackLoader:240 - Cannot read IP mode file for STMicroelectronics.X-CUBE-DISPLAY.3.0.0
2025-03-19 18:24:11,882 [WARN] PackLoader:240 - Cannot read IP mode file for STMicroelectronics.X-CUBE-BLE1.7.0.0
2025-03-19 18:24:11,901 [WARN] PackLoader:240 - Cannot read IP mode file for STMicroelectronics.X-CUBE-NFC10.1.0.0
2025-03-19 18:24:11,917 [ERROR] Engine:466 - C:\Users\voine\.stm32cubemx\thirdparties\pdsc\STMicroelectronics.X-CUBE-BLEMGR.4.0.0.pdsc: PDSC version is not supported
2025-03-19 18:24:11,933 [WARN] PackLoader:240 - Cannot read IP mode file for emotas.I-CUBE-CANOPEN.1.3.0
2025-03-19 18:24:11,953 [WARN] PackLoader:240 - Cannot read IP mode file for STMicroelectronics.X-CUBE-BLEMGR.3.1.0
2025-03-19 18:24:11,969 [WARN] PackLoader:240 - Cannot read IP mode file for STMicroelectronics.X-CUBE-AI.10.0.0
2025-03-19 18:24:11,985 [WARN] PackLoader:240 - Cannot read IP mode file for STMicroelectronics.FP-SNS-SMARTAG2.1.2.0
2025-03-19 18:24:11,987 [ERROR] Engine:466 - C:\Users\voine\.stm32cubemx\thirdparties\pdsc\STMicroelectronics.FP-SNS-FLIGHT1.5.1.0.pdsc: PDSC version is not supported
2025-03-19 18:24:12,035 [WARN] PackLoader:240 - Cannot read IP mode file for STMicroelectronics.X-CUBE-MEMS1.11.1.0
2025-03-19 18:24:12,136 [INFO] LogOutputStream:77 - [STDOUT_REDIRECT] 1 : Invalid condition id : UX_CORESTACK_Condition cause : null
2025-03-19 18:24:12,138 [INFO] LogOutputStream:77 - [STDOUT_REDIRECT] 1 : Invalid condition id : UX_CORESTACK_Condition cause : null
2025-03-19 18:24:12,139 [INFO] LogOutputStream:77 - [STDOUT_REDIRECT] 1 : Invalid condition id : UX_CORESTACK_Condition cause : null
2025-03-19 18:24:12,140 [INFO] LogOutputStream:77 - [STDOUT_REDIRECT] 1 : Invalid condition id : UX_CORESTACK_Condition cause : null
2025-03-19 18:24:12,141 [INFO] LogOutputStream:77 - [STDOUT_REDIRECT] 1 : Invalid condition id : UX_CORESTACK_Condition cause : null
2025-03-19 18:24:12,143 [WARN] PackLoader:240 - Cannot read IP mode file for STMicroelectronics.X-CUBE-AZRTOS-WL.2.0.0
2025-03-19 18:24:12,161 [WARN] PackLoader:240 - Cannot read IP mode file for STMicroelectronics.FP-SNS-MOTENV1.5.0.0
2025-03-19 18:24:12,170 [WARN] PackLoader:240 - Cannot read IP mode file for wolfSSL.I-CUBE-wolfMQTT.1.19.0
2025-03-19 18:24:12,186 [WARN] PackLoader:240 - Cannot read IP mode file for WES.I-CUBE-Cesium.1.3.0
2025-03-19 18:24:12,203 [WARN] PackLoader:240 - Cannot read IP mode file for STMicroelectronics.X-CUBE-BLE2.3.3.0
2025-03-19 18:24:12,219 [WARN] PackLoader:240 - Cannot read IP mode file for STMicroelectronics.X-CUBE-NFC9.1.0.0
2025-03-19 18:24:12,236 [WARN] PackLoader:240 - Cannot read IP mode file for STMicroelectronics.X-CUBE-BLE1.7.1.0
2025-03-19 18:24:12,252 [WARN] PackLoader:240 - Cannot read IP mode file for STMicroelectronics.X-CUBE-TCPP.4.1.0
2025-03-19 18:24:12,270 [WARN] PackLoader:240 - Cannot read IP mode file for STMicroelectronics.X-CUBE-ALGOBUILD.1.3.0
2025-03-19 18:24:12,298 [WARN] PackLoader:240 - Cannot read IP mode file for STMicroelectronics.X-CUBE-AZRTOS-G0.1.1.0
2025-03-19 18:24:12,318 [WARN] PackLoader:240 - Cannot read IP mode file for STMicroelectronics.X-CUBE-SAFEA1.1.2.2
2025-03-19 18:24:12,336 [WARN] PackLoader:240 - Cannot read IP mode file for STMicroelectronics.X-CUBE-NFC4.3.0.0
2025-03-19 18:24:12,361 [ERROR] Engine:466 - C:\Users\voine\.stm32cubemx\thirdparties\pdsc\EmbeddedOffice.I-CUBE-FS-RTOS.1.0.1.pdsc: PDSC version is not supported
2025-03-19 18:24:12,379 [WARN] PackLoader:240 - Cannot read IP mode file for STMicroelectronics.X-CUBE-BLEMGR.3.0.0
2025-03-19 18:24:12,396 [ERROR] Engine:466 - C:\Users\voine\.stm32cubemx\thirdparties\pdsc\STMicroelectronics.X-CUBE-TCPP.4.2.0.pdsc: PDSC version is not supported
2025-03-19 18:24:12,413 [ERROR] Engine:466 - C:\Users\voine\.stm32cubemx\thirdparties\pdsc\RealThread.X-CUBE-RT-Thread_Nano.4.1.1.pdsc: PDSC version is not supported
2025-03-19 18:24:12,418 [WARN] PackLoader:240 - Cannot read IP mode file for STMicroelectronics.FP-ATR-SIGFOX1.3.2.0
2025-03-19 18:24:12,421 [ERROR] Engine:466 - C:\Users\voine\.stm32cubemx\thirdparties\pdsc\quantropi.X-CUBE-qispace-sdk-base.1.9.3.pdsc: PDSC version is not supported
2025-03-19 18:24:12,439 [WARN] PackLoader:240 - Cannot read IP mode file for STMicroelectronics.X-CUBE-EEPRMA1.5.1.0
2025-03-19 18:24:12,482 [WARN] PackLoader:240 - Cannot read IP mode file for SEGGER.I-CUBE-embOS.1.3.1
2025-03-19 18:24:12,520 [WARN] PackLoader:240 - Cannot read IP mode file for STMicroelectronics.X-CUBE-ALGOBUILD.1.4.0
2025-03-19 18:24:12,537 [WARN] PackLoader:240 - Cannot read IP mode file for STMicroelectronics.X-CUBE-AI.9.1.0
2025-03-19 18:24:12,552 [WARN] PackLoader:240 - Cannot read IP mode file for STMicroelectronics.X-CUBE-GNSS1.6.0.0
2025-03-19 18:24:12,576 [WARN] PackLoader:240 - Cannot read IP mode file for STMicroelectronics.X-CUBE-AZRTOS-F4.1.1.0
2025-03-19 18:24:12,592 [WARN] PackLoader:240 - Cannot read IP mode file for STMicroelectronics.X-CUBE-ISPU.2.1.0
2025-03-19 18:24:12,607 [WARN] PackLoader:240 - Cannot read IP mode file for STMicroelectronics.X-CUBE-FREERTOS.1.2.0
2025-03-19 18:24:12,622 [WARN] PackLoader:240 - Cannot read IP mode file for wolfSSL.I-CUBE-wolfSSL.5.6.6
2025-03-19 18:24:12,667 [WARN] PackLoader:240 - Cannot read IP mode file for STMicroelectronics.X-CUBE-AZRTOS-L5.2.0.0
2025-03-19 18:24:12,693 [WARN] PackLoader:240 - Cannot read IP mode file for STMicroelectronics.X-CUBE-NFC6.3.1.0
2025-03-19 18:24:12,719 [WARN] PackLoader:240 - Cannot read IP mode file for ITTIA_DB.I-CUBE-ITTIADB.8.8.0
2025-03-19 18:24:12,734 [ERROR] Engine:466 - C:\Users\voine\.stm32cubemx\thirdparties\pdsc\STMicroelectronics.X-CUBE-DPower.1.2.0.pdsc: PDSC version is not supported
2025-03-19 18:24:12,754 [WARN] PackLoader:240 - Cannot read IP mode file for STMicroelectronics.X-CUBE-AI.9.0.0
2025-03-19 18:24:12,770 [WARN] PackLoader:240 - Cannot read IP mode file for STMicroelectronics.X-CUBE-FREERTOS.1.3.0
2025-03-19 18:24:12,786 [WARN] PackLoader:240 - Cannot read IP mode file for STMicroelectronics.X-CUBE-NFC7.1.0.1
2025-03-19 18:24:12,807 [WARN] PackLoader:240 - Cannot read IP mode file for STMicroelectronics.X-CUBE-NFC6.3.0.0
2025-03-19 18:24:12,826 [WARN] PackLoader:240 - Cannot read IP mode file for STMicroelectronics.X-CUBE-AI.8.1.0
2025-03-19 18:24:12,867 [WARN] ConditionMgr:438 - getConditionDescription Invalid condition id : LAN8742 Phy interface Condition cause : null
2025-03-19 18:24:12,868 [WARN] PackLoader:240 - Cannot read IP mode file for STMicroelectronics.X-CUBE-AZRTOS-L4.2.0.0
2025-03-19 18:24:12,869 [WARN] ConditionMgr:1039 - genDependencies : Invalid condition id : LAN8742 Phy interface Condition cause : null
2025-03-19 18:24:12,870 [WARN] ConditionMgr:1039 - genDependencies : Invalid condition id : LAN8742 Phy interface Condition cause : null
2025-03-19 18:24:12,870 [WARN] ConditionMgr:1039 - genDependencies : Invalid condition id : LAN8742 Phy interface Condition cause : null
2025-03-19 18:24:12,889 [WARN] PackLoader:240 - Cannot read IP mode file for STMicroelectronics.X-CUBE-SFXS2LP1.4.0.0
2025-03-19 18:24:12,925 [WARN] PackLoader:240 - Cannot read IP mode file for STMicroelectronics.X-CUBE-AZRTOS-H7.3.3.0
2025-03-19 18:24:12,941 [ERROR] Engine:466 - C:\Users\voine\.stm32cubemx\thirdparties\pdsc\STMicroelectronics.X-CUBE-IPS.3.0.0.pdsc: PDSC version is not supported
2025-03-19 18:24:12,969 [WARN] ConditionMgr:438 - getConditionDescription Invalid condition id : UX DEVICE CLASS RTOS Condition cause : null
2025-03-19 18:24:12,969 [WARN] ConditionMgr:438 - getConditionDescription Invalid condition id : UX DEVICE CLASS RTOS Condition cause : null
2025-03-19 18:24:12,971 [WARN] PackLoader:240 - Cannot read IP mode file for STMicroelectronics.X-CUBE-AZRTOS-WB.2.0.0
2025-03-19 18:24:12,972 [WARN] ConditionMgr:1039 - genDependencies : Invalid condition id : UX DEVICE CLASS RTOS Condition cause : null
2025-03-19 18:24:12,972 [WARN] ConditionMgr:1039 - genDependencies : Invalid condition id : UX DEVICE CLASS RTOS Condition cause : null
2025-03-19 18:24:12,973 [WARN] ConditionMgr:1039 - genDependencies : Invalid condition id : UX DEVICE CLASS RTOS Condition cause : null
2025-03-19 18:24:12,973 [WARN] ConditionMgr:1039 - genDependencies : Invalid condition id : UX DEVICE CLASS RTOS Condition cause : null
2025-03-19 18:24:12,973 [WARN] ConditionMgr:1039 - genDependencies : Invalid condition id : UX DEVICE CLASS RTOS Condition cause : null
2025-03-19 18:24:12,988 [WARN] PackLoader:240 - Cannot read IP mode file for STMicroelectronics.X-CUBE-GNSS1.7.0.0
2025-03-19 18:24:13,003 [WARN] PackLoader:240 - Cannot read IP mode file for STMicroelectronics.X-CUBE-GNSS1.7.0.1
2025-03-19 18:24:13,006 [WARN] PackLoader:240 - Cannot read IP mode file for STMicroelectronics.X-CUBE-TOUCHGFX.4.25.0
2025-03-19 18:24:13,017 [ERROR] Engine:466 - C:\Users\voine\.stm32cubemx\thirdparties\pdsc\STMicroelectronics.FP-SNS-STBOX1.2.0.0.pdsc: PDSC version is not supported
2025-03-19 18:24:13,059 [WARN] PackLoader:240 - Cannot read IP mode file for STMicroelectronics.X-CUBE-SUBG2.5.0.0
2025-03-19 18:24:13,074 [WARN] PackLoader:240 - Cannot read IP mode file for STMicroelectronics.X-CUBE-AZRTOS-H7RS.1.1.0
2025-03-19 18:24:13,081 [WARN] PackLoader:240 - Cannot read IP mode file for Cesanta.I-CUBE-Mongoose.7.13.0
2025-03-19 18:24:13,106 [WARN] PackLoader:240 - Cannot read IP mode file for STMicroelectronics.X-CUBE-AZRTOS-G4.2.0.0
2025-03-19 18:24:13,128 [WARN] PackLoader:240 - Cannot read IP mode file for Infineon.AIROC-Wi-Fi-Bluetooth-STM32.1.5.1
2025-03-19 18:24:13,143 [WARN] PackLoader:240 - Cannot read IP mode file for STMicroelectronics.FP-SNS-MOTENVWB1.1.3.1
2025-03-19 18:24:13,156 [WARN] PackLoader:240 - Cannot read IP mode file for STMicroelectronics.X-CUBE-ISPU.2.0.0
2025-03-19 18:24:13,170 [ERROR] Engine:466 - C:\Users\voine\.stm32cubemx\thirdparties\pdsc\STMicroelectronics.X-CUBE-IPS.3.1.0.pdsc: PDSC version is not supported
2025-03-19 18:24:13,183 [WARN] PackLoader:240 - Cannot read IP mode file for STMicroelectronics.X-CUBE-ALS.1.0.2
2025-03-19 18:24:13,217 [WARN] PackLoader:240 - Cannot read IP mode file for STMicroelectronics.X-CUBE-MEMS1.10.0.0
2025-03-19 18:24:13,279 [WARN] PackLoader:240 - Cannot read IP mode file for STMicroelectronics.X-CUBE-FREERTOS.1.1.0
2025-03-19 18:24:13,295 [WARN] PackLoader:240 - Cannot read IP mode file for STMicroelectronics.X-CUBE-TOUCHGFX.4.24.2
2025-03-19 18:24:13,306 [WARN] PackLoader:240 - Cannot read IP mode file for STMicroelectronics.X-CUBE-TOUCHGFX.4.24.1
2025-03-19 18:24:13,310 [WARN] PackLoader:240 - Cannot read IP mode file for wolfSSL.I-CUBE-wolfTPM.3.4.0
2025-03-19 18:24:13,325 [WARN] PackLoader:240 - Cannot read IP mode file for portGmbH.I-Cube-SoM-uGOAL.1.1.0
2025-03-19 18:24:13,335 [WARN] PackLoader:240 - Cannot read IP mode file for STMicroelectronics.X-CUBE-ALS.1.0.1
2025-03-19 18:24:13,358 [WARN] PackLoader:240 - Cannot read IP mode file for STMicroelectronics.X-CUBE-AZRTOS-H7RS.1.0.0
2025-03-19 18:24:13,375 [WARN] PackLoader:240 - Cannot read IP mode file for STMicroelectronics.FP-ATR-ASTRA1.2.0.0
2025-03-19 18:24:13,393 [ERROR] Engine:466 - C:\Users\voine\.stm32cubemx\thirdparties\pdsc\STMicroelectronics.X-CUBE-TOF1.3.4.2.pdsc: PDSC version is not supported
2025-03-19 18:24:13,412 [WARN] PackLoader:240 - Cannot read IP mode file for STMicroelectronics.X-CUBE-TOF1.3.4.0
2025-03-19 18:24:13,434 [WARN] PackLoader:240 - Cannot read IP mode file for STMicroelectronics.X-CUBE-TOF1.3.4.1
2025-03-19 18:24:13,465 [WARN] PackLoader:240 - Cannot read IP mode file for STMicroelectronics.X-CUBE-AZRTOS-H7.3.2.0
2025-03-19 18:24:13,471 [WARN] PackLoader:240 - Cannot read IP mode file for wolfSSL.I-CUBE-wolfSSH.1.4.17
2025-03-19 18:24:13,471 [INFO] ThirdParty:978 - Integrity check success = true
2025-03-19 18:24:13,471 [INFO] IntegrityCheckThread:100 - exiting critical section [integrity check]
2025-03-19 18:24:13,472 [INFO] IntegrityCheckThread:103 - End integrity checks thread
2025-03-19 18:24:13,472 [INFO] ThirdParty:873 - entering critical section [close project]
2025-03-19 18:24:13,473 [INFO] ThirdParty:883 - exiting critical section [close project]
2025-03-19 18:24:13,476 [INFO] PinOutPanel:1499 - setPackage(No Configuration,No Configuration)
2025-03-19 18:24:13,482 [INFO] UtilMem:75 - Begin LoadConfig() Used Memory: 776864440 Bytes (960495616)
2025-03-19 18:24:13,483 [INFO] MicroXplorer:468 - Change Database Path : 
2025-03-19 18:24:13,483 [INFO] MicroXplorer:498 - Change Database Version : DB.6.0.81
2025-03-19 18:24:13,483 [INFO] OpenFileManager:308 - Change cursor
2025-03-19 18:24:13,526 [INFO] Mcu:1937 - Initializing MCU STM32F401R(D-E)Tx STM32F401RETx STM32F401RET6
2025-03-19 18:24:14,792 [INFO] Context:659 - Trying to add GPIOservice into a context  which must be forbidden
2025-03-19 18:24:15,289 [INFO] RtosManager:555 - Registered RTOS mode: class=CMSIS, group=RTOS, mode=CMSIS_V1, owner=FREERTOS
2025-03-19 18:24:15,290 [INFO] RtosManager:555 - Registered RTOS mode: class=CMSIS, group=RTOS2, mode=CMSIS_V2, owner=FREERTOS
2025-03-19 18:24:15,290 [INFO] RtosManager:555 - Registered RTOS mode: class=RTOS, group=Core, mode=CMSIS_V1, owner=FREERTOS
2025-03-19 18:24:15,290 [INFO] RtosManager:555 - Registered RTOS mode: class=RTOS, group=Core, mode=CMSIS_V2, owner=FREERTOS
2025-03-19 18:24:15,292 [WARN] ModelIntegratedComponent:184 - Missing modes for component STMicroelectronics:FreeRTOS:0.0.1:STMicroelectronics:RTOS:FreeRTOS:Core:::10.2.0:
2025-03-19 18:24:15,299 [WARN] ModelIntegratedComponent:63 - No mode defined for component null
2025-03-19 18:24:15,300 [WARN] ModelIntegratedComponent:63 - No mode defined for component null
2025-03-19 18:24:15,300 [WARN] ModelIntegratedComponent:63 - No mode defined for component null
2025-03-19 18:24:15,300 [WARN] ModelIntegratedComponent:63 - No mode defined for component null
2025-03-19 18:24:15,300 [WARN] ModelIntegratedComponent:63 - No mode defined for component null
2025-03-19 18:24:15,300 [WARN] ModelIntegratedComponent:63 - No mode defined for component null
2025-03-19 18:24:15,301 [WARN] ModelIntegratedComponent:63 - No mode defined for component null
2025-03-19 18:24:15,301 [WARN] ModelIntegratedComponent:63 - No mode defined for component null
2025-03-19 18:24:15,301 [WARN] ModelIntegratedComponent:63 - No mode defined for component null
2025-03-19 18:24:15,301 [WARN] ModelIntegratedComponent:63 - No mode defined for component null
2025-03-19 18:24:15,301 [WARN] ModelIntegratedComponent:63 - No mode defined for component null
2025-03-19 18:24:15,301 [WARN] ModelIntegratedComponent:63 - No mode defined for component null
2025-03-19 18:24:15,302 [WARN] ModelIntegratedComponent:63 - No mode defined for component null
2025-03-19 18:24:15,302 [WARN] ModelIntegratedComponent:63 - No mode defined for component null
2025-03-19 18:24:15,302 [WARN] ModelIntegratedComponent:63 - No mode defined for component null
2025-03-19 18:24:15,302 [WARN] ModelIntegratedComponent:63 - No mode defined for component null
2025-03-19 18:24:15,302 [WARN] ModelIntegratedComponent:63 - No mode defined for component null
2025-03-19 18:24:15,303 [WARN] ModelIntegratedComponent:63 - No mode defined for component null
2025-03-19 18:24:15,303 [WARN] ModelIntegratedComponent:63 - No mode defined for component null
2025-03-19 18:24:15,303 [WARN] ModelIntegratedComponent:63 - No mode defined for component null
2025-03-19 18:24:15,303 [WARN] ModelIntegratedComponent:63 - No mode defined for component null
2025-03-19 18:24:15,303 [WARN] ModelIntegratedComponent:63 - No mode defined for component null
2025-03-19 18:24:15,304 [WARN] ModelIntegratedComponent:63 - No mode defined for component null
2025-03-19 18:24:15,304 [WARN] ModelIntegratedComponent:63 - No mode defined for component null
2025-03-19 18:24:15,304 [WARN] ModelIntegratedComponent:63 - No mode defined for component null
2025-03-19 18:24:15,304 [WARN] ModelIntegratedComponent:63 - No mode defined for component null
2025-03-19 18:24:15,304 [WARN] ModelIntegratedComponent:63 - No mode defined for component null
2025-03-19 18:24:15,305 [WARN] ModelIntegratedComponent:63 - No mode defined for component null
2025-03-19 18:24:15,305 [WARN] ModelIntegratedComponent:63 - No mode defined for component null
2025-03-19 18:24:15,305 [WARN] ModelIntegratedComponent:63 - No mode defined for component null
2025-03-19 18:24:15,305 [WARN] ModelIntegratedComponent:63 - No mode defined for component null
2025-03-19 18:24:15,305 [WARN] ModelIntegratedComponent:63 - No mode defined for component null
2025-03-19 18:24:15,306 [WARN] ModelIntegratedComponent:63 - No mode defined for component null
2025-03-19 18:24:15,502 [INFO] ThirdPartyModel:298 - Start build external matchings
2025-03-19 18:24:16,206 [INFO] ThirdPartyModel:316 - End build external matchings
2025-03-19 18:24:16,246 [INFO] ImportTextPane:194 - (OptionalMessage_ERROR) IP (RCC) : Parameter (RTCHSEDivFreq_Value) has invalid value (4000000)
2025-03-19 18:24:16,552 [INFO] UtilMem:75 - End LoadConfig() Used Memory: 749748424 Bytes (960495616)
2025-03-19 18:24:16,736 [INFO] ApiDb:581 - Connected to CubeFinder SQLite database (C:\Users\voine\.stmcufinder\plugins\mcufinder\mcu\cube-finder-db.db)
2025-03-19 18:24:16,851 [INFO] ApiDb:668 - CubeFinder database Data Model version=2.1
2025-03-19 18:24:16,851 [INFO] ApiDb:669 - CubeFinder database Configuration version=3.0.39
2025-03-19 18:24:16,851 [INFO] ApiDb:670 - CubeFinder database generation date=2024-12-10 (1733817889)
2025-03-19 18:24:16,852 [INFO] ApiDb:671 - CubeFinder database FW Pack versions=[FP-ATR-ASTRA1_V2.0.0, FP-SNS-FLIGHT1_V5.0.2, FP-SNS-MOTENV1_V5.0.0, FP-SNS-MOTENVWB1_V1.4.0, FP-SNS-SMARTAG2_V1.2.0, FP-SNS-STBOX1_V2.0.0, STM32Cube_FW_C0_V1.3.0, STM32Cube_FW_F4_V1.28.1, STM32Cube_FW_F7_V1.17.2, STM32Cube_FW_G0_V1.6.2, STM32Cube_FW_G4_V1.6.1, STM32Cube_FW_H5_V1.4.0, STM32Cube_FW_H7RS_V1.1.0, STM32Cube_FW_H7_V1.12.0, STM32Cube_FW_L0_V1.12.2, STM32Cube_FW_L4_V1.18.1, STM32Cube_FW_L5_V1.5.1, STM32Cube_FW_N6_V1.0.0, STM32Cube_FW_U0_V1.2.0, STM32Cube_FW_U3_V1.0.0, STM32Cube_FW_U5_V1.7.0, STM32Cube_FW_WB0_V1.1.0, STM32Cube_FW_WBA_V1.5.0, STM32Cube_FW_WB_V1.21.0, STM32Cube_FW_WL3_V1.0.0, STM32Cube_FW_WL_V1.3.0, X-CUBE-ALGOBUILD_V1.4.0, X-CUBE-ALS_V1.0.2, X-CUBE-AZRTOS-F4_V1.1.0, X-CUBE-AZRTOS-F7_V1.1.0, X-CUBE-AZRTOS-G0_V1.1.0, X-CUBE-AZRTOS-G4_V2.0.0, X-CUBE-AZRTOS-H7RS_V1.0.0, X-CUBE-AZRTOS-H7_V3.3.0, X-CUBE-AZRTOS-L4_V2.0.0, X-CUBE-AZRTOS-L5_V2.0.0, X-CUBE-AZRTOS-WB_V2.0.0, X-CUBE-AZRTOS-WL_V2.0.0, X-CUBE-BLE1_V7.0.0, X-CUBE-BLE2_V3.3.0, X-CUBE-BLEMGR_V3.1.0, X-CUBE-EEPRMA1_V5.1.0, X-CUBE-FREERTOS_V1.2.0, X-CUBE-GNSS1_V6.0.0, X-CUBE-MEMS1_V11.0.0, X-CUBE-NFC4_V3.0.0, X-CUBE-NFC7_V1.0.1, X-CUBE-SFXS2LP1_V4.0.0, X-CUBE-SUBG2_V5.0.0, X-CUBE-TOF1_V3.4.2]
2025-03-19 18:24:19,656 [INFO] ApiDb:240 - Found 297 in-development CPN: [B-G473E-ZEST1S, B-WB1M-WPAN1, B-WL5M-SUBG1, NUCLEO-C031C6, NUCLEO-H503RB, NUCLEO-H563ZI, NUCLEO-U545RE-Q, NUCLEO-U5A5ZJ-Q, NUCLEO-WBA52CG, STEVAL-PROTEUS1, STEVAL-STWINBX1, STM320518-EVAL, STM32C0116-DK, STM32C011D6Y3TR, STM32C011D6Y6TR, STM32C011F4P3, STM32C011F4P6, STM32C011F4U3, STM32C011F4U6TR, STM32C011F6P3, STM32C011F6P6, STM32C011F6U3, STM32C011F6U6TR, STM32C011J4M3, STM32C011J4M6, STM32C011J6M3, STM32C011J6M6, STM32C0316-DK, STM32C031C4T3, STM32C031C4T6, STM32C031C4U3, STM32C031C4U6, STM32C031C6T3, STM32C031C6T6, STM32C031C6U3, STM32C031C6U6, STM32C031F4P3, STM32C031F4P6, STM32C031F6P3, STM32C031F6P6, STM32C031G4U3, STM32C031G4U6, STM32C031G6U3, STM32C031G6U6, STM32C031K4T3, STM32C031K4T6, STM32C031K4U3, STM32C031K4U6, STM32C031K6T3, STM32C031K6T6, STM32C031K6U3, STM32C031K6U6, STM32G071K8TXN, STM32G071K8UXN, STM32G081GBU6N, STM32G081KBT6N, STM32G081KBUXN, STM32G0B1CCT6N, STM32G0B1KCT6, STM32G0B1NEY6TR, STM32G0B1RCT6N, STM32G0C1CCT6, STM32G0C1CCT6N, STM32G0C1CCU6N, STM32G0C1CET6N, STM32G0C1CEU6N, STM32G0C1KCT6, STM32G0C1NEY6TR, STM32G0C1RCI6N, STM32G0C1RCT6N, STM32G0C1REI6N, STM32G0C1RET6N, STM32G0C1VCI6, STM32G0C1VEI6, STM32G471CCT6, STM32G471CCU6, STM32G471CET3, STM32G471CET6, STM32G471CEU3, STM32G471CEU6, STM32G471MCT6, STM32G471MET3, STM32G471MET6, STM32G471MEY6TR, STM32G471QCT6, STM32G471QET3, STM32G471RCT6, STM32G471RET3, STM32G471RET6, STM32G471VCH6, STM32G471VCI6, STM32G471VCT6, STM32G471VEH3, STM32G471VEH6, STM32G471VEI3, STM32G471VEI6, STM32G471VET3, STM32G471VET6, STM32G474CCT6, STM32H503CBT6, STM32H503CBU6, STM32H503EBY6TR, STM32H503KBU6, STM32H503RBT6, STM32H562AGI6, STM32H562AII6, STM32H562IGK6, STM32H562IGT6, STM32H562IIK6, STM32H562IIT6, STM32H562RGT6, STM32H562RGV6, STM32H562RIT6, STM32H562RIV6, STM32H562VGT6, STM32H562VIT6, STM32H562ZGT6, STM32H562ZIT6, STM32H563AGI6, STM32H563AII3Q, STM32H563AII6, STM32H563IGK6, STM32H563IGT6, STM32H563IIK3Q, STM32H563IIK6, STM32H563IIT3Q, STM32H563IIT6, STM32H563MIY3QTR, STM32H563RGT6, STM32H563RGV6, STM32H563RIT6, STM32H563RIV6, STM32H563VGT6, STM32H563VIT3Q, STM32H563VIT6, STM32H563ZGT6, STM32H563ZIT3Q, STM32H563ZIT6, STM32H573AII3Q, STM32H573AII6, STM32H573I-DK, STM32H573IIK3Q, STM32H573IIK6, STM32H573IIT3Q, STM32H573IIT6, STM32H573MIY3QTR, STM32H573RIT6, STM32H573RIV6, STM32H573VIT3Q, STM32H573VIT6, STM32H573ZIT3Q, STM32H573ZIT6, STM32L4R5QGI6STR, STM32MP131AAE3, STM32MP131AAF3, STM32MP131AAG3, STM32MP131CAE3, STM32MP131CAF3, STM32MP131CAG3, STM32MP131DAE7, STM32MP131DAF7, STM32MP131DAG7, STM32MP131FAE7, STM32MP131FAF7, STM32MP131FAG7, STM32MP133AAE3, STM32MP133AAF3, STM32MP133AAG3, STM32MP133CAE3, STM32MP133CAF3, STM32MP133CAG3, STM32MP133DAE7, STM32MP133DAF7, STM32MP133DAG7, STM32MP133FAE7, STM32MP133FAF7, STM32MP133FAG7, STM32MP135AAE3, STM32MP135AAF3, STM32MP135AAG3, STM32MP135CAE3, STM32MP135CAF3, STM32MP135CAG3, STM32MP135DAE7, STM32MP135DAF7, STM32MP135DAG7, STM32MP135F-DK, STM32MP135FAE7, STM32MP135FAF7, STM32MP135FAF7T, STM32MP135FAF7U, STM32MP135FAG7, STM32U535CBT6, STM32U535CBT6Q, STM32U535CBU6, STM32U535CBU6Q, STM32U535CCT6, STM32U535CCT6Q, STM32U535CCU6, STM32U535CCU6Q, STM32U535CET6, STM32U535CET6Q, STM32U535CEU6, STM32U535CEU6Q, STM32U535JEY6QTR, STM32U535NCY6QTR, STM32U535NEY6QTR, STM32U535RBI6, STM32U535RBI6Q, STM32U535RBT6, STM32U535RBT6Q, STM32U535RCI6, STM32U535RCI6Q, STM32U535RCT6, STM32U535RCT6Q, STM32U535REI6, STM32U535REI6Q, STM32U535RET6, STM32U535RET6Q, STM32U535VCI6, STM32U535VCI6Q, STM32U535VCT6, STM32U535VCT6Q, STM32U535VEI6, STM32U535VEI6Q, STM32U535VET6, STM32U535VET6Q, STM32U545CET6, STM32U545CET6Q, STM32U545CEU6, STM32U545CEU6Q, STM32U545JEY6QTR, STM32U545NEY6QTR, STM32U545REI6, STM32U545REI6Q, STM32U545RET6, STM32U545RET6Q, STM32U545VEI6, STM32U545VEI6Q, STM32U545VET6, STM32U545VET6Q, STM32U595AIH6, STM32U595AIH6Q, STM32U595AJH6, STM32U595AJH6Q, STM32U595QII6, STM32U595QII6Q, STM32U595QJI6, STM32U595QJI6Q, STM32U595RIT6, STM32U595RIT6Q, STM32U595RJT6, STM32U595RJT6Q, STM32U595VIT6, STM32U595VIT6Q, STM32U595VJT6, STM32U595VJT6Q, STM32U595ZIT6, STM32U595ZIT6Q, STM32U595ZIY6QTR, STM32U595ZJT6, STM32U595ZJT6Q, STM32U595ZJY6QTR, STM32U599BJY6QTR, STM32U599NIH6Q, STM32U599NJH6Q, STM32U599VIT6Q, STM32U599VJT6, STM32U599VJT6Q, STM32U599ZIT6Q, STM32U599ZIY6QTR, STM32U599ZJT6Q, STM32U599ZJY6QTR, STM32U5A5AJH6, STM32U5A5AJH6Q, STM32U5A5QJI6, STM32U5A5QJI6Q, STM32U5A5RJT6, STM32U5A5RJT6Q, STM32U5A5VJT6, STM32U5A5VJT6Q, STM32U5A5ZJT6, STM32U5A5ZJT6Q, STM32U5A5ZJY6QTR, STM32U5A9BJY6QTR, STM32U5A9J-DK, STM32U5A9NJH6Q, STM32U5A9VJT6Q, STM32U5A9ZJT6Q, STM32U5A9ZJY6QTR, STM32WB1MMCH6, STM32WBA52CEU6, STM32WBA52CEU6T, STM32WBA52CGU6, STM32WBA52CGU6T, STM32WL5MOCH6, STM32WL5MOCH6TR]
2025-03-19 18:24:19,660 [INFO] DbMcus:216 - Found 4381 MCUs, 4381 are supported
2025-03-19 18:24:19,662 [INFO] ApiDb:423 - Load user favorites file C:\Users\voine/.stm32cubeide/favorites.mcus.txt: 0 item(s)
2025-03-19 18:24:19,662 [INFO] ApiDb:427 - User favorites MCUs=[]
2025-03-19 18:24:19,662 [INFO] DbMcus:222 - Set 0 / 0 favorites MCUs
2025-03-19 18:24:20,133 [WARN] ThirdParty:833 - waiting for thirdparty lock release [change project]
2025-03-19 18:24:20,133 [INFO] ThirdParty:835 - entering critical section [change project]
2025-03-19 18:24:20,133 [INFO] ThirdParty:1030 - CMSIS Pack Vendor :STMicroelectronics X-CUBE-GNSS1 6.0.0
2025-03-19 18:24:20,133 [INFO] ThirdParty:1030 - CMSIS Pack Vendor :STMicroelectronics USB_HOST 2.0.0
2025-03-19 18:24:20,133 [INFO] ThirdParty:1030 - CMSIS Pack Vendor :STMicroelectronics FP-SNS-MOTENVWB1 1.4.0
2025-03-19 18:24:20,133 [INFO] ThirdParty:1030 - CMSIS Pack Vendor :STMicroelectronics X-CUBE-AZRTOS-F4 1.1.0
2025-03-19 18:24:20,133 [INFO] ThirdParty:1030 - CMSIS Pack Vendor :STMicroelectronics LIBJPEG 8.0.0
2025-03-19 18:24:20,133 [INFO] ThirdParty:1030 - CMSIS Pack Vendor :STMicroelectronics FP-ATR-ASTRA1 2.0.2
2025-03-19 18:24:20,133 [INFO] ThirdParty:1030 - CMSIS Pack Vendor :STMicroelectronics FP-ATR-ASTRA1 2.0.1
2025-03-19 18:24:20,133 [INFO] ThirdParty:1030 - CMSIS Pack Vendor :STMicroelectronics X-CUBE-SMBUS 2.1.0
2025-03-19 18:24:20,133 [INFO] ThirdParty:1030 - CMSIS Pack Vendor :STMicroelectronics X-CUBE-WB05N 1.1.0
2025-03-19 18:24:20,133 [INFO] ThirdParty:1030 - CMSIS Pack Vendor :STMicroelectronics X-CUBE-ISPU 2.1.0
2025-03-19 18:24:20,133 [INFO] ThirdParty:1030 - CMSIS Pack Vendor :STMicroelectronics X-CUBE-FREERTOS 1.2.0
2025-03-19 18:24:20,133 [INFO] ThirdParty:1030 - CMSIS Pack Vendor :wolfSSL I-CUBE-wolfSSL 5.6.6
2025-03-19 18:24:20,134 [INFO] ThirdParty:1030 - CMSIS Pack Vendor :STMicroelectronics X-CUBE-TOUCHGFX 4.23.1
2025-03-19 18:24:20,134 [INFO] ThirdParty:1030 - CMSIS Pack Vendor :STMicroelectronics X-CUBE-TOUCHGFX 4.23.0
2025-03-19 18:24:20,134 [INFO] ThirdParty:1030 - CMSIS Pack Vendor :STMicroelectronics X-CUBE-TOUCHGFX 4.23.2
2025-03-19 18:24:20,134 [INFO] ThirdParty:1030 - CMSIS Pack Vendor :STMicroelectronics X-CUBE-AZRTOS-F7 1.1.0
2025-03-19 18:24:20,134 [INFO] ThirdParty:1030 - CMSIS Pack Vendor :STMicroelectronics X-CUBE-AZRTOS-L5 2.0.0
2025-03-19 18:24:20,134 [INFO] ThirdParty:1030 - CMSIS Pack Vendor :STMicroelectronics USB_DEVICE 2.0.0
2025-03-19 18:24:20,134 [INFO] ThirdParty:1030 - CMSIS Pack Vendor :STMicroelectronics X-CUBE-NFC6 3.1.0
2025-03-19 18:24:20,134 [INFO] ThirdParty:1030 - CMSIS Pack Vendor :ITTIA_DB I-CUBE-ITTIADB 8.8.0
2025-03-19 18:24:20,134 [INFO] ThirdParty:1030 - CMSIS Pack Vendor :STMicroelectronics FP-SNS-MOTENV1 4.3.2
2025-03-19 18:24:20,134 [INFO] ThirdParty:1030 - CMSIS Pack Vendor :STMicroelectronics X-CUBE-MEMS1 11.0.0
2025-03-19 18:24:20,134 [INFO] ThirdParty:1030 - CMSIS Pack Vendor :STMicroelectronics FreeRTOS 0.0.1
2025-03-19 18:24:20,134 [INFO] ThirdParty:1030 - CMSIS Pack Vendor :STMicroelectronics FP-SNS-FLIGHT1 5.0.2
2025-03-19 18:24:20,134 [INFO] ThirdParty:1030 - CMSIS Pack Vendor :STMicroelectronics X-CUBE-AI 9.0.0
2025-03-19 18:24:20,134 [INFO] ThirdParty:1030 - CMSIS Pack Vendor :STMicroelectronics PDM2PCM 3.3.0
2025-03-19 18:24:20,134 [INFO] ThirdParty:1030 - CMSIS Pack Vendor :STMicroelectronics X-CUBE-DISPLAY 3.0.0
2025-03-19 18:24:20,134 [INFO] ThirdParty:1030 - CMSIS Pack Vendor :STMicroelectronics X-CUBE-BLE1 7.0.0
2025-03-19 18:24:20,134 [INFO] ThirdParty:1030 - CMSIS Pack Vendor :STMicroelectronics X-CUBE-NFC10 1.0.0
2025-03-19 18:24:20,134 [INFO] ThirdParty:1030 - CMSIS Pack Vendor :STMicroelectronics HAL Drivers 0.0.0
2025-03-19 18:24:20,134 [INFO] ThirdParty:1030 - CMSIS Pack Vendor :emotas I-CUBE-CANOPEN 1.3.0
2025-03-19 18:24:20,135 [INFO] ThirdParty:1030 - CMSIS Pack Vendor :STMicroelectronics X-CUBE-FREERTOS 1.3.0
2025-03-19 18:24:20,135 [INFO] ThirdParty:1030 - CMSIS Pack Vendor :STMicroelectronics X-CUBE-NFC7 1.0.1
2025-03-19 18:24:20,135 [INFO] ThirdParty:1030 - CMSIS Pack Vendor :STMicroelectronics MBEDTLS 2.14.1
2025-03-19 18:24:20,135 [INFO] ThirdParty:1030 - CMSIS Pack Vendor :STMicroelectronics X-CUBE-NFC6 3.0.0
2025-03-19 18:24:20,135 [INFO] ThirdParty:1030 - CMSIS Pack Vendor :STMicroelectronics X-CUBE-BLEMGR 3.1.0
2025-03-19 18:24:20,135 [INFO] ThirdParty:1030 - CMSIS Pack Vendor :STMicroelectronics X-CUBE-AI 10.0.0
2025-03-19 18:24:20,135 [INFO] ThirdParty:1030 - CMSIS Pack Vendor :STMicroelectronics FP-SNS-SMARTAG2 1.2.0
2025-03-19 18:24:20,135 [INFO] ThirdParty:1030 - CMSIS Pack Vendor :STMicroelectronics X-CUBE-MEMS1 11.1.0
2025-03-19 18:24:20,135 [INFO] ThirdParty:1030 - CMSIS Pack Vendor :STMicroelectronics X-CUBE-AZRTOS-WL 2.0.0
2025-03-19 18:24:20,135 [INFO] ThirdParty:1030 - CMSIS Pack Vendor :STMicroelectronics FP-SNS-MOTENV1 5.0.0
2025-03-19 18:24:20,136 [INFO] ThirdParty:1030 - CMSIS Pack Vendor :STMicroelectronics USB_DEVICE 1.0.0
2025-03-19 18:24:20,136 [INFO] ThirdParty:1030 - CMSIS Pack Vendor :STMicroelectronics X-CUBE-AI 8.1.0
2025-03-19 18:24:20,136 [INFO] ThirdParty:1030 - CMSIS Pack Vendor :wolfSSL I-CUBE-wolfMQTT 1.19.0
2025-03-19 18:24:20,136 [INFO] ThirdParty:1030 - CMSIS Pack Vendor :STMicroelectronics X-CUBE-AZRTOS-L4 2.0.0
2025-03-19 18:24:20,136 [INFO] ThirdParty:1030 - CMSIS Pack Vendor :STMicroelectronics ThreadX 0.0.2
2025-03-19 18:24:20,136 [INFO] ThirdParty:1030 - CMSIS Pack Vendor :WES I-CUBE-Cesium 1.3.0
2025-03-19 18:24:20,136 [INFO] ThirdParty:1030 - CMSIS Pack Vendor :STMicroelectronics lwIP 2.1.2
2025-03-19 18:24:20,136 [INFO] ThirdParty:1030 - CMSIS Pack Vendor :STMicroelectronics X-CUBE-SFXS2LP1 4.0.0
2025-03-19 18:24:20,136 [INFO] ThirdParty:1030 - CMSIS Pack Vendor :STMicroelectronics X-CUBE-BLE2 3.3.0
2025-03-19 18:24:20,136 [INFO] ThirdParty:1030 - CMSIS Pack Vendor :STMicroelectronics PDM2PCM 3.2.0
2025-03-19 18:24:20,136 [INFO] ThirdParty:1030 - CMSIS Pack Vendor :STMicroelectronics X-CUBE-AZRTOS-H7 3.3.0
2025-03-19 18:24:20,137 [INFO] ThirdParty:1030 - CMSIS Pack Vendor :STMicroelectronics X-CUBE-NFC9 1.0.0
2025-03-19 18:24:20,137 [INFO] ThirdParty:1030 - CMSIS Pack Vendor :STMicroelectronics X-CUBE-BLE1 7.1.0
2025-03-19 18:24:20,137 [INFO] ThirdParty:1030 - CMSIS Pack Vendor :STMicroelectronics USB_DEVICE 3.0.0
2025-03-19 18:24:20,137 [INFO] ThirdParty:1030 - CMSIS Pack Vendor :STMicroelectronics X-CUBE-TCPP 4.1.0
2025-03-19 18:24:20,137 [INFO] ThirdParty:1030 - CMSIS Pack Vendor :STMicroelectronics X-CUBE-AZRTOS-WB 2.0.0
2025-03-19 18:24:20,137 [INFO] ThirdParty:1030 - CMSIS Pack Vendor :STMicroelectronics X-CUBE-GNSS1 7.0.0
2025-03-19 18:24:20,137 [INFO] ThirdParty:1030 - CMSIS Pack Vendor :STMicroelectronics X-CUBE-GNSS1 7.0.1
2025-03-19 18:24:20,137 [INFO] ThirdParty:1030 - CMSIS Pack Vendor :STMicroelectronics X-CUBE-TOUCHGFX 4.25.0
2025-03-19 18:24:20,137 [INFO] ThirdParty:1030 - CMSIS Pack Vendor :STMicroelectronics X-CUBE-ALGOBUILD 1.3.0
2025-03-19 18:24:20,137 [INFO] ThirdParty:1030 - CMSIS Pack Vendor :STMicroelectronics X-CUBE-AZRTOS-G0 1.1.0
2025-03-19 18:24:20,137 [INFO] ThirdParty:1030 - CMSIS Pack Vendor :STMicroelectronics X-CUBE-SAFEA1 1.2.2
2025-03-19 18:24:20,137 [INFO] ThirdParty:1030 - CMSIS Pack Vendor :STMicroelectronics X-CUBE-NFC4 3.0.0
2025-03-19 18:24:20,137 [INFO] ThirdParty:1030 - CMSIS Pack Vendor :STMicroelectronics X-CUBE-SUBG2 5.0.0
2025-03-19 18:24:20,137 [INFO] ThirdParty:1030 - CMSIS Pack Vendor :STMicroelectronics X-CUBE-AZRTOS-H7RS 1.1.0
2025-03-19 18:24:20,137 [INFO] ThirdParty:1030 - CMSIS Pack Vendor :STMicroelectronics STM32_WPAN 1.0.0
2025-03-19 18:24:20,137 [INFO] ThirdParty:1030 - CMSIS Pack Vendor :STMicroelectronics lwIP 2.0.3
2025-03-19 18:24:20,137 [INFO] ThirdParty:1030 - CMSIS Pack Vendor :Cesanta I-CUBE-Mongoose 7.13.0
2025-03-19 18:24:20,137 [INFO] ThirdParty:1030 - CMSIS Pack Vendor :STMicroelectronics USB_HOST 1.0.0
2025-03-19 18:24:20,137 [INFO] ThirdParty:1030 - CMSIS Pack Vendor :STMicroelectronics X-CUBE-AZRTOS-G4 2.0.0
2025-03-19 18:24:20,137 [INFO] ThirdParty:1030 - CMSIS Pack Vendor :STMicroelectronics PDM2PCM 3.1.0
2025-03-19 18:24:20,138 [INFO] ThirdParty:1030 - CMSIS Pack Vendor :Infineon AIROC-Wi-Fi-Bluetooth-STM32 1.5.1
2025-03-19 18:24:20,138 [INFO] ThirdParty:1030 - CMSIS Pack Vendor :STMicroelectronics X-CUBE-BLEMGR 3.0.0
2025-03-19 18:24:20,138 [INFO] ThirdParty:1030 - CMSIS Pack Vendor :STMicroelectronics FP-SNS-MOTENVWB1 1.3.1
2025-03-19 18:24:20,138 [INFO] ThirdParty:1030 - CMSIS Pack Vendor :STMicroelectronics FP-ATR-SIGFOX1 3.2.0
2025-03-19 18:24:20,138 [INFO] ThirdParty:1030 - CMSIS Pack Vendor :STMicroelectronics X-CUBE-ISPU 2.0.0
2025-03-19 18:24:20,138 [INFO] ThirdParty:1030 - CMSIS Pack Vendor :STMicroelectronics X-CUBE-EEPRMA1 5.1.0
2025-03-19 18:24:20,138 [INFO] ThirdParty:1030 - CMSIS Pack Vendor :STMicroelectronics MBEDTLS 2.16.2
2025-03-19 18:24:20,138 [INFO] ThirdParty:1030 - CMSIS Pack Vendor :STMicroelectronics X-CUBE-ALS 1.0.2
2025-03-19 18:24:20,138 [INFO] ThirdParty:1030 - CMSIS Pack Vendor :STMicroelectronics X-CUBE-MEMS1 10.0.0
2025-03-19 18:24:20,138 [INFO] ThirdParty:1030 - CMSIS Pack Vendor :STMicroelectronics X-CUBE-FREERTOS 1.1.0
2025-03-19 18:24:20,138 [INFO] ThirdParty:1030 - CMSIS Pack Vendor :STMicroelectronics X-CUBE-TOUCHGFX 4.24.2
2025-03-19 18:24:20,138 [INFO] ThirdParty:1030 - CMSIS Pack Vendor :STMicroelectronics X-CUBE-TOUCHGFX 4.24.1
2025-03-19 18:24:20,138 [INFO] ThirdParty:1030 - CMSIS Pack Vendor :wolfSSL I-CUBE-wolfTPM 3.4.0
2025-03-19 18:24:20,138 [INFO] ThirdParty:1030 - CMSIS Pack Vendor :portGmbH I-Cube-SoM-uGOAL 1.1.0
2025-03-19 18:24:20,138 [INFO] ThirdParty:1030 - CMSIS Pack Vendor :STMicroelectronics X-CUBE-ALS 1.0.1
2025-03-19 18:24:20,138 [INFO] ThirdParty:1030 - CMSIS Pack Vendor :STMicroelectronics ThreadX 1.0.0
2025-03-19 18:24:20,138 [INFO] ThirdParty:1030 - CMSIS Pack Vendor :SEGGER I-CUBE-embOS 1.3.1
2025-03-19 18:24:20,138 [INFO] ThirdParty:1030 - CMSIS Pack Vendor :STMicroelectronics X-CUBE-ALGOBUILD 1.4.0
2025-03-19 18:24:20,138 [INFO] ThirdParty:1030 - CMSIS Pack Vendor :STMicroelectronics X-CUBE-AZRTOS-H7RS 1.0.0
2025-03-19 18:24:20,138 [INFO] ThirdParty:1030 - CMSIS Pack Vendor :STMicroelectronics FP-ATR-ASTRA1 2.0.0
2025-03-19 18:24:20,138 [INFO] ThirdParty:1030 - CMSIS Pack Vendor :STMicroelectronics X-CUBE-AI 9.1.0
2025-03-19 18:24:20,138 [INFO] ThirdParty:1030 - CMSIS Pack Vendor :STMicroelectronics X-CUBE-TOF1 3.4.0
2025-03-19 18:24:20,138 [INFO] ThirdParty:1030 - CMSIS Pack Vendor :STMicroelectronics X-CUBE-TOF1 3.4.1
2025-03-19 18:24:20,138 [INFO] ThirdParty:1030 - CMSIS Pack Vendor :STMicroelectronics X-CUBE-AZRTOS-H7 3.2.0
2025-03-19 18:24:20,138 [INFO] ThirdParty:1030 - CMSIS Pack Vendor :wolfSSL I-CUBE-wolfSSH 1.4.17
2025-03-19 18:24:20,139 [INFO] ThirdParty:841 - exiting critical section [change project]
2025-03-19 18:24:20,495 [INFO] PinOutPanel:1499 - setPackage(No Configuration,No Configuration)
2025-03-19 18:24:20,496 [INFO] PinOutPanel:1499 - setPackage(STM32F401RETx,LQFP64)
2025-03-19 18:24:21,486 [INFO] UtilMem:75 - Before build in PCC Used Memory: 764094760 Bytes (960495616)
2025-03-19 18:24:22,731 [INFO] UtilMem:75 - After build in PCC Used Memory: 694247000 Bytes (960495616)
2025-03-19 18:24:22,764 [INFO] IPUIPlugin:80 - create IPUIPlugin
2025-03-19 18:24:22,764 [INFO] IPUIPlugin:80 - create IPUIPlugin
2025-03-19 18:24:22,765 [INFO] IPUIPlugin:80 - create IPUIPlugin
2025-03-19 18:24:22,765 [INFO] IPUIPlugin:80 - create IPUIPlugin
2025-03-19 18:24:22,765 [INFO] IPUIPlugin:80 - create IPUIPlugin
2025-03-19 18:24:22,766 [INFO] IPUIPlugin:80 - create IPUIPlugin
2025-03-19 18:24:22,766 [INFO] IPUIPlugin:80 - create IPUIPlugin
2025-03-19 18:24:22,766 [INFO] IPUIPlugin:80 - create IPUIPlugin
2025-03-19 18:24:22,766 [INFO] IPUIPlugin:80 - create IPUIPlugin
2025-03-19 18:24:22,768 [INFO] IPUIPlugin:80 - create IPUIPlugin
2025-03-19 18:24:22,768 [INFO] IPUIPlugin:80 - create IPUIPlugin
2025-03-19 18:24:22,769 [INFO] IPUIPlugin:80 - create IPUIPlugin
2025-03-19 18:24:22,769 [INFO] IPUIPlugin:80 - create IPUIPlugin
2025-03-19 18:24:22,769 [INFO] IPUIPlugin:80 - create IPUIPlugin
2025-03-19 18:24:22,770 [INFO] IPUIPlugin:80 - create IPUIPlugin
2025-03-19 18:24:22,770 [INFO] IPUIPlugin:80 - create IPUIPlugin
2025-03-19 18:24:22,770 [INFO] IPUIPlugin:80 - create IPUIPlugin
2025-03-19 18:24:22,771 [INFO] IPUIPlugin:80 - create IPUIPlugin
2025-03-19 18:24:22,771 [INFO] IPUIPlugin:80 - create IPUIPlugin
2025-03-19 18:24:22,771 [INFO] IPUIPlugin:80 - create IPUIPlugin
2025-03-19 18:24:22,772 [INFO] IPUIPlugin:80 - create IPUIPlugin
2025-03-19 18:24:22,772 [INFO] IPUIPlugin:80 - create IPUIPlugin
2025-03-19 18:24:22,773 [INFO] IPUIPlugin:80 - create IPUIPlugin
2025-03-19 18:24:22,773 [INFO] IPUIPlugin:80 - create IPUIPlugin
2025-03-19 18:24:22,773 [INFO] IPUIPlugin:80 - create IPUIPlugin
2025-03-19 18:24:22,774 [INFO] IPUIPlugin:80 - create IPUIPlugin
2025-03-19 18:24:22,774 [INFO] IPUIPlugin:80 - create IPUIPlugin
2025-03-19 18:24:22,774 [INFO] IPUIPlugin:80 - create IPUIPlugin
2025-03-19 18:24:22,775 [INFO] IPUIPlugin:80 - create IPUIPlugin
2025-03-19 18:24:22,775 [INFO] IPUIPlugin:80 - create IPUIPlugin
2025-03-19 18:24:22,775 [INFO] IPUIPlugin:80 - create IPUIPlugin
2025-03-19 18:24:22,776 [INFO] IPUIPlugin:80 - create IPUIPlugin
2025-03-19 18:24:22,776 [INFO] IPUIPlugin:80 - create IPUIPlugin
2025-03-19 18:24:22,777 [INFO] IPUIPlugin:80 - create IPUIPlugin
2025-03-19 18:24:22,777 [INFO] IPUIPlugin:80 - create IPUIPlugin
2025-03-19 18:24:22,778 [INFO] IPUIPlugin:80 - create IPUIPlugin
2025-03-19 18:24:22,778 [INFO] IPUIPlugin:80 - create IPUIPlugin
2025-03-19 18:24:22,778 [INFO] IPUIPlugin:80 - create IPUIPlugin
2025-03-19 18:24:22,931 [INFO] ApiDbMcu:507 - Load IP Config File for PDM2PCM
2025-03-19 18:24:23,211 [INFO] CADModel:165 - CPN selected for project levelSTM32F401RET6
2025-03-19 18:24:23,211 [INFO] CADModel:114 - Register for checkConnection events
2025-03-19 18:24:23,271 [INFO] OpenFileManager:328 - Restore cursor
2025-03-19 18:37:01,611 [INFO] UtilMem:75 - End SaveConfig() Used Memory: 860034192 Bytes (1068498944)
