2025-06-15 16:17:00,518 [INFO] Activator:176 - 


2025-06-15 16:17:00,525 [INFO] Activator:177 - !SESSION log4j initialized
2025-06-15 16:17:06,921 [INFO] LogOutputStream:77 - [STDOUT_REDIRECT] 
2025-06-15 16:17:28,994 [ERROR] LogOutputStream:75 - [STDERR_REDIRECT] SLF4J: Failed to load class "org.slf4j.impl.StaticLoggerBinder".
2025-06-15 16:17:28,995 [ERROR] LogOutputStream:75 - [STDERR_REDIRECT] SLF4J: Defaulting to no-operation (NOP) logger implementation
2025-06-15 16:17:28,996 [ERROR] LogOutputStream:75 - [STDERR_REDIRECT] SLF4J: See http://www.slf4j.org/codes.html#StaticLoggerBinder for further details.
2025-06-15 18:59:09,041 [INFO] ApplicationProperties:184 - Using Application install path: C:\ST\STM32CubeIDE_1.12.1\STM32CubeIDE\plugins\com.st.stm32cube.common.mx_6.8.1.202304191431
2025-06-15 18:59:09,062 [INFO] DbMcusXml:78 - Set database path to: C:\ST\STM32CubeIDE_1.12.1\STM32CubeIDE\plugins\com.st.stm32cube.common.mx_6.8.1.202304191431\\db\/mcu/
2025-06-15 18:59:09,062 [INFO] ApiDb:274 - Set plugin database path to: C:\ST\STM32CubeIDE_1.12.1\STM32CubeIDE\plugins\com.st.stm32cube.common.mx_6.8.1.202304191431\\db\/plugins/boardmanager/
2025-06-15 18:59:09,064 [WARN] ApiDb:259 - Overriding images path with different value:  => C:\ST\STM32CubeIDE_1.12.1\STM32CubeIDE\plugins\com.st.stm32cube.common.mx_6.8.1.202304191431\\db\/plugins/mcufinder/images/
2025-06-15 18:59:09,079 [INFO] ApiDb:250 - Set database path to: C:\Users\voine\.stmcufinder\plugins\mcufinder//mcu/
2025-06-15 18:59:09,081 [INFO] DbMcusAds:125 - Set database path to: C:\Users\voine\.stmcufinder\plugins\mcufinder//mcu/
2025-06-15 18:59:09,114 [INFO] CrossReferenceDbSqlite:203 - Set database path to: C:\Users\voine\.stmcufinder\plugins\mcufinder//mcu/cs/
2025-06-15 18:59:09,225 [INFO] RulesReader:64 - Compatibility file has been processed (293 Rules)
2025-06-15 18:59:09,322 [INFO] DbMcusXml:78 - Set database path to: C:\ST\STM32CubeIDE_1.12.1\STM32CubeIDE\plugins\com.st.stm32cube.common.mx_6.8.1.202304191431\\db\/mcu/
2025-06-15 18:59:09,322 [INFO] ApiDb:274 - Set plugin database path to: C:\ST\STM32CubeIDE_1.12.1\STM32CubeIDE\plugins\com.st.stm32cube.common.mx_6.8.1.202304191431\\db\/plugins/boardmanager/
2025-06-15 18:59:09,322 [INFO] ApiDb:261 - Set plugin images path to: C:\ST\STM32CubeIDE_1.12.1\STM32CubeIDE\plugins\com.st.stm32cube.common.mx_6.8.1.202304191431\\db\/plugins/mcufinder/images/
2025-06-15 18:59:09,323 [WARN] DbFile:41 - Overriding database path with different value: C:\Users\voine\.stmcufinder\plugins\mcufinder/ => C:\Users\voine\.stmcufinder\plugins\mcufinder
2025-06-15 18:59:09,323 [INFO] ApiDb:250 - Set database path to: C:\Users\voine\.stmcufinder\plugins\mcufinder//mcu/
2025-06-15 18:59:09,323 [WARN] DbFile:41 - Overriding database path with different value: C:\Users\voine\.stmcufinder\plugins\mcufinder/ => C:\Users\voine\.stmcufinder\plugins\mcufinder
2025-06-15 18:59:09,323 [INFO] DbMcusAds:125 - Set database path to: C:\Users\voine\.stmcufinder\plugins\mcufinder//mcu/
2025-06-15 18:59:09,323 [WARN] DbFile:41 - Overriding database path with different value: C:\Users\voine\.stmcufinder\plugins\mcufinder/ => C:\Users\voine\.stmcufinder\plugins\mcufinder
2025-06-15 18:59:09,323 [WARN] DbFile:41 - Overriding database path with different value: C:\Users\voine\.stmcufinder\plugins\mcufinder/ => C:\Users\voine\.stmcufinder\plugins\mcufinder
2025-06-15 18:59:09,323 [INFO] CrossReferenceDbSqlite:203 - Set database path to: C:\Users\voine\.stmcufinder\plugins\mcufinder//mcu/cs/
2025-06-15 18:59:09,397 [INFO] MainPanel:253 - HeapMemory: 819986432
2025-06-15 18:59:09,505 [INFO] DbMcusXml:78 - Set database path to: C:\ST\STM32CubeIDE_1.12.1\STM32CubeIDE\plugins\com.st.stm32cube.common.mx_6.8.1.202304191431\\db\/mcu/
2025-06-15 18:59:09,505 [INFO] ApiDb:274 - Set plugin database path to: C:\ST\STM32CubeIDE_1.12.1\STM32CubeIDE\plugins\com.st.stm32cube.common.mx_6.8.1.202304191431\\db\/plugins/boardmanager/
2025-06-15 18:59:09,505 [INFO] ApiDb:261 - Set plugin images path to: C:\ST\STM32CubeIDE_1.12.1\STM32CubeIDE\plugins\com.st.stm32cube.common.mx_6.8.1.202304191431\\db\/plugins/mcufinder/images/
2025-06-15 18:59:09,506 [WARN] DbFile:41 - Overriding database path with different value: C:\Users\voine\.stmcufinder\plugins\mcufinder/ => C:\Users\voine\.stmcufinder\plugins\mcufinder
2025-06-15 18:59:09,506 [INFO] ApiDb:250 - Set database path to: C:\Users\voine\.stmcufinder\plugins\mcufinder//mcu/
2025-06-15 18:59:09,506 [WARN] DbFile:41 - Overriding database path with different value: C:\Users\voine\.stmcufinder\plugins\mcufinder/ => C:\Users\voine\.stmcufinder\plugins\mcufinder
2025-06-15 18:59:09,506 [INFO] DbMcusAds:125 - Set database path to: C:\Users\voine\.stmcufinder\plugins\mcufinder//mcu/
2025-06-15 18:59:09,506 [WARN] DbFile:41 - Overriding database path with different value: C:\Users\voine\.stmcufinder\plugins\mcufinder/ => C:\Users\voine\.stmcufinder\plugins\mcufinder
2025-06-15 18:59:09,506 [WARN] DbFile:41 - Overriding database path with different value: C:\Users\voine\.stmcufinder\plugins\mcufinder/ => C:\Users\voine\.stmcufinder\plugins\mcufinder
2025-06-15 18:59:09,506 [INFO] CrossReferenceDbSqlite:203 - Set database path to: C:\Users\voine\.stmcufinder\plugins\mcufinder//mcu/cs/
2025-06-15 18:59:09,526 [INFO] ApplicationProperties:184 - Using Application install path: C:\ST\STM32CubeIDE_1.12.1\STM32CubeIDE\plugins\com.st.stm32cube.common.mx_6.8.1.202304191431
2025-06-15 18:59:09,528 [INFO] PluginManage:196 - Search for loadable plugins [exclusion list=, ]
2025-06-15 18:59:09,529 [INFO] PluginManage:310 - Check plugin analytics
2025-06-15 18:59:09,699 [INFO] AnalyticsPlugin:253 - Accepted Software Licenses: 
2025-06-15 18:59:09,699 [INFO] AnalyticsPlugin:255 - Accepted CMSIS Pack Licenses: 
2025-06-15 18:59:09,699 [INFO] AnalyticsPlugin:257 - Accepted Firmware Licenses: FW.F4.1.27.0
2025-06-15 18:59:09,709 [INFO] PluginManage:359 - Loaded plugin analytics (category:tool,tabindex:-1)
2025-06-15 18:59:09,710 [INFO] PluginManage:310 - Check plugin cadmodel
2025-06-15 18:59:09,730 [INFO] CADModel:105 - Init CAD model plugin
2025-06-15 18:59:09,730 [INFO] PluginManage:359 - Loaded plugin cadmodel (category:power,tabindex:5)
2025-06-15 18:59:09,730 [INFO] PluginManage:310 - Check plugin clock
2025-06-15 18:59:09,754 [INFO] PluginManage:359 - Loaded plugin clock (category:base,tabindex:2)
2025-06-15 18:59:09,755 [INFO] PluginManage:310 - Check plugin ddr
2025-06-15 18:59:09,757 [INFO] PluginManage:359 - Loaded plugin ddr (category:tool,tabindex:6)
2025-06-15 18:59:09,757 [INFO] PluginManage:310 - Check plugin filemanager
2025-06-15 18:59:09,895 [INFO] PluginManage:359 - Loaded plugin filemanager (category:base,tabindex:10)
2025-06-15 18:59:09,895 [INFO] PluginManage:310 - Check plugin ipmanager
2025-06-15 18:59:09,904 [INFO] PluginManage:359 - Loaded plugin ipmanager (category:base,tabindex:5)
2025-06-15 18:59:09,904 [INFO] PluginManage:310 - Check plugin lpbam
2025-06-15 18:59:09,925 [INFO] PluginManage:359 - Loaded plugin lpbam (category:base,tabindex:0)
2025-06-15 18:59:09,925 [INFO] PluginManage:310 - Check plugin pinoutandconfiguration
2025-06-15 18:59:09,949 [INFO] PluginManage:359 - Loaded plugin pinoutandconfiguration (category:base,tabindex:1)
2025-06-15 18:59:09,949 [INFO] PluginManage:310 - Check plugin pinoutconfig
2025-06-15 18:59:10,056 [WARN] SupportedApi:132 - Cannot load RTOS API schema: s4s-elt-must-match.1: The content of 'definitions' must match (annotation?, (simpleType | complexType)?, (unique | key | keyref)*)). A problem was found starting at: attribute.
2025-06-15 18:59:10,192 [INFO] PluginManage:359 - Loaded plugin pinoutconfig (category:base,tabindex:0)
2025-06-15 18:59:10,192 [INFO] PluginManage:310 - Check plugin power
2025-06-15 18:59:10,218 [INFO] PluginManage:359 - Loaded plugin power (category:power,tabindex:4)
2025-06-15 18:59:10,218 [INFO] PluginManage:310 - Check plugin projectmanager
2025-06-15 18:59:10,234 [INFO] PluginManage:359 - Loaded plugin projectmanager (category:projectmanager,tabindex:3)
2025-06-15 18:59:10,234 [INFO] PluginManage:310 - Check plugin thirdparty
2025-06-15 18:59:10,512 [INFO] PluginManage:359 - Loaded plugin thirdparty (category:base,tabindex:-1)
2025-06-15 18:59:10,512 [WARN] IntegrityCheckThread:84 - waiting for thirdparty lock release [integrity check]
2025-06-15 18:59:10,513 [INFO] PluginManage:310 - Check plugin tools
2025-06-15 18:59:10,513 [INFO] IntegrityCheckThread:86 - entering critical section [integrity check]
2025-06-15 18:59:10,513 [INFO] ThirdPartyUpdaterWithRetryManager:70 - Updater plugin not ready yet. [1/15]
2025-06-15 18:59:10,547 [INFO] PluginManage:359 - Loaded plugin tools (category:base,tabindex:7)
2025-06-15 18:59:10,547 [INFO] PluginManage:310 - Check plugin tutovideos
2025-06-15 18:59:10,785 [INFO] PluginManage:359 - Loaded plugin tutovideos (category:base,tabindex:-1)
2025-06-15 18:59:10,785 [INFO] PluginManage:310 - Check plugin updater
2025-06-15 18:59:10,806 [INFO] PluginManage:359 - Loaded plugin updater (category:base,tabindex:12)
2025-06-15 18:59:10,806 [INFO] PluginManage:283 - PluginManage : Loaded plugins [15]
2025-06-15 18:59:11,111 [INFO] PinOutPanel:1499 - setPackage(No Configuration,No Configuration)
2025-06-15 18:59:11,194 [INFO] CADModel:165 - CPN selected for project level
2025-06-15 18:59:11,194 [INFO] CADModel:114 - Register for checkConnection events
2025-06-15 18:59:11,229 [INFO] IPUIPlugin:80 - create IPUIPlugin
2025-06-15 18:59:11,229 [INFO] PluginManager:220 - loadIPPluginJar : add adc
2025-06-15 18:59:11,275 [INFO] IPUIPlugin:80 - create IPUIPlugin
2025-06-15 18:59:11,275 [INFO] PluginManager:220 - loadIPPluginJar : add aes
2025-06-15 18:59:11,335 [INFO] IPUIPlugin:80 - create IPUIPlugin
2025-06-15 18:59:11,335 [INFO] PluginManager:220 - loadIPPluginJar : add can
2025-06-15 18:59:11,369 [INFO] IPUIPlugin:80 - create IPUIPlugin
2025-06-15 18:59:11,369 [INFO] PluginManager:220 - loadIPPluginJar : add comp
2025-06-15 18:59:11,415 [INFO] IPUIPlugin:80 - create IPUIPlugin
2025-06-15 18:59:11,415 [INFO] PluginManager:220 - loadIPPluginJar : add cryp
2025-06-15 18:59:11,462 [INFO] IPUIPlugin:80 - create IPUIPlugin
2025-06-15 18:59:11,462 [INFO] PluginManager:220 - loadIPPluginJar : add dfsdm
2025-06-15 18:59:11,491 [INFO] IPUIPlugin:80 - create IPUIPlugin
2025-06-15 18:59:11,492 [INFO] PluginManager:220 - loadIPPluginJar : add dma
2025-06-15 18:59:11,596 [INFO] IPUIPlugin:80 - create IPUIPlugin
2025-06-15 18:59:11,596 [INFO] PluginManager:220 - loadIPPluginJar : add dma3
2025-06-15 18:59:11,627 [INFO] IPUIPlugin:80 - create IPUIPlugin
2025-06-15 18:59:11,627 [INFO] PluginManager:220 - loadIPPluginJar : add fatfs
2025-06-15 18:59:11,689 [INFO] IPUIPlugin:80 - create IPUIPlugin
2025-06-15 18:59:11,689 [INFO] PluginManager:220 - loadIPPluginJar : add fmc
2025-06-15 18:59:11,711 [INFO] IPUIPlugin:80 - create IPUIPlugin
2025-06-15 18:59:11,711 [INFO] PluginManager:220 - loadIPPluginJar : add freertos
2025-06-15 18:59:11,742 [INFO] IPUIPlugin:80 - create IPUIPlugin
2025-06-15 18:59:11,742 [INFO] PluginManager:220 - loadIPPluginJar : add genericplugin
2025-06-15 18:59:11,918 [INFO] IPUIPlugin:80 - create IPUIPlugin
2025-06-15 18:59:11,918 [INFO] PluginManager:220 - loadIPPluginJar : add gfxmmu
2025-06-15 18:59:12,138 [INFO] IPUIPlugin:80 - create IPUIPlugin
2025-06-15 18:59:12,138 [INFO] PluginManager:220 - loadIPPluginJar : add gic
2025-06-15 18:59:12,159 [INFO] IPUIPlugin:80 - create IPUIPlugin
2025-06-15 18:59:12,160 [INFO] PluginManager:220 - loadIPPluginJar : add gpio
2025-06-15 18:59:12,281 [INFO] IPUIPlugin:80 - create IPUIPlugin
2025-06-15 18:59:12,281 [INFO] PluginManager:220 - loadIPPluginJar : add gtzc
2025-06-15 18:59:12,329 [INFO] IPUIPlugin:80 - create IPUIPlugin
2025-06-15 18:59:12,330 [INFO] PluginManager:220 - loadIPPluginJar : add hash
2025-06-15 18:59:12,406 [INFO] IPUIPlugin:80 - create IPUIPlugin
2025-06-15 18:59:12,406 [INFO] PluginManager:220 - loadIPPluginJar : add i2c
2025-06-15 18:59:12,479 [INFO] IPUIPlugin:80 - create IPUIPlugin
2025-06-15 18:59:12,479 [INFO] PluginManager:220 - loadIPPluginJar : add i2s
2025-06-15 18:59:12,560 [INFO] IPUIPlugin:80 - create IPUIPlugin
2025-06-15 18:59:12,560 [INFO] PluginManager:220 - loadIPPluginJar : add i3c
2025-06-15 18:59:12,728 [INFO] IPUIPlugin:80 - create IPUIPlugin
2025-06-15 18:59:12,728 [INFO] PluginManager:220 - loadIPPluginJar : add ipddr
2025-06-15 18:59:12,869 [INFO] IPUIPlugin:80 - create IPUIPlugin
2025-06-15 18:59:12,869 [INFO] PluginManager:220 - loadIPPluginJar : add linkedlist
2025-06-15 18:59:12,950 [INFO] IPUIPlugin:80 - create IPUIPlugin
2025-06-15 18:59:12,950 [INFO] PluginManager:220 - loadIPPluginJar : add lorawan
2025-06-15 18:59:13,014 [INFO] IPUIPlugin:80 - create IPUIPlugin
2025-06-15 18:59:13,014 [INFO] PluginManager:220 - loadIPPluginJar : add ltdc
2025-06-15 18:59:13,039 [INFO] IPUIPlugin:80 - create IPUIPlugin
2025-06-15 18:59:13,039 [INFO] PluginManager:220 - loadIPPluginJar : add mdma
2025-06-15 18:59:13,056 [INFO] IPUIPlugin:80 - create IPUIPlugin
2025-06-15 18:59:13,057 [INFO] PluginManager:220 - loadIPPluginJar : add nvic
2025-06-15 18:59:13,109 [INFO] IPUIPlugin:80 - create IPUIPlugin
2025-06-15 18:59:13,109 [INFO] PluginManager:220 - loadIPPluginJar : add opamp
2025-06-15 18:59:13,185 [INFO] IPUIPlugin:80 - create IPUIPlugin
2025-06-15 18:59:13,185 [INFO] PluginManager:220 - loadIPPluginJar : add openamp
2025-06-15 18:59:13,242 [INFO] IPUIPlugin:80 - create IPUIPlugin
2025-06-15 18:59:13,242 [INFO] PluginManager:220 - loadIPPluginJar : add pdm2pcm
2025-06-15 18:59:13,263 [INFO] IPUIPlugin:80 - create IPUIPlugin
2025-06-15 18:59:13,265 [INFO] PluginManager:220 - loadIPPluginJar : add plateformsettings
2025-06-15 18:59:13,314 [INFO] IPUIPlugin:80 - create IPUIPlugin
2025-06-15 18:59:13,314 [INFO] PluginManager:220 - loadIPPluginJar : add quadspi
2025-06-15 18:59:13,339 [INFO] IPUIPlugin:80 - create IPUIPlugin
2025-06-15 18:59:13,339 [INFO] PluginManager:220 - loadIPPluginJar : add resmgrutility
2025-06-15 18:59:13,408 [INFO] IPUIPlugin:80 - create IPUIPlugin
2025-06-15 18:59:13,408 [INFO] PluginManager:220 - loadIPPluginJar : add sai
2025-06-15 18:59:13,457 [INFO] IPUIPlugin:80 - create IPUIPlugin
2025-06-15 18:59:13,459 [INFO] PluginManager:220 - loadIPPluginJar : add spi
2025-06-15 18:59:13,526 [INFO] ThirdPartyUpdaterWithRetryManager:70 - Updater plugin not ready yet. [2/15]
2025-06-15 18:59:13,534 [INFO] IPUIPlugin:80 - create IPUIPlugin
2025-06-15 18:59:13,534 [INFO] PluginManager:220 - loadIPPluginJar : add stm32_wpan
2025-06-15 18:59:13,567 [INFO] IPUIPlugin:80 - create IPUIPlugin
2025-06-15 18:59:13,568 [INFO] PluginManager:220 - loadIPPluginJar : add tim
2025-06-15 18:59:13,665 [INFO] IPUIPlugin:80 - create IPUIPlugin
2025-06-15 18:59:13,665 [INFO] PluginManager:220 - loadIPPluginJar : add touchsensing
2025-06-15 18:59:13,716 [INFO] IPUIPlugin:80 - create IPUIPlugin
2025-06-15 18:59:13,716 [INFO] PluginManager:220 - loadIPPluginJar : add tracer_emb
2025-06-15 18:59:13,752 [INFO] IPUIPlugin:80 - create IPUIPlugin
2025-06-15 18:59:13,752 [INFO] PluginManager:220 - loadIPPluginJar : add ts
2025-06-15 18:59:13,781 [INFO] IPUIPlugin:80 - create IPUIPlugin
2025-06-15 18:59:13,781 [INFO] PluginManager:220 - loadIPPluginJar : add tsc
2025-06-15 18:59:13,808 [INFO] IPUIPlugin:80 - create IPUIPlugin
2025-06-15 18:59:13,808 [INFO] PluginManager:220 - loadIPPluginJar : add ucpd
2025-06-15 18:59:13,859 [INFO] IPUIPlugin:80 - create IPUIPlugin
2025-06-15 18:59:13,859 [INFO] PluginManager:220 - loadIPPluginJar : add usart
2025-06-15 18:59:13,909 [INFO] IPUIPlugin:80 - create IPUIPlugin
2025-06-15 18:59:13,909 [INFO] PluginManager:220 - loadIPPluginJar : add usbx
2025-06-15 18:59:14,042 [INFO] CADModel:165 - CPN selected for project level
2025-06-15 18:59:14,043 [INFO] CADModel:114 - Register for checkConnection events
2025-06-15 18:59:14,043 [FATAL] Updater:308 - Updater called before beeing initialized
2025-06-15 18:59:14,043 [ERROR] CADModel:125 - Updater not yet initialized, retry later 
2025-06-15 18:59:14,205 [INFO] CADModel:165 - CPN selected for project level
2025-06-15 18:59:14,205 [INFO] CADModel:114 - Register for checkConnection events
2025-06-15 18:59:14,205 [FATAL] Updater:308 - Updater called before beeing initialized
2025-06-15 18:59:14,205 [ERROR] CADModel:125 - Updater not yet initialized, retry later 
2025-06-15 18:59:14,210 [FATAL] Updater:308 - Updater called before beeing initialized
2025-06-15 18:59:14,382 [FATAL] Updater:308 - Updater called before beeing initialized
2025-06-15 18:59:14,401 [INFO] DbMcusAds:53 - JSON generation date=Wed May 07 12:07:55 EEST 2025 (1746608875484)
2025-06-15 18:59:14,402 [FATAL] Updater:308 - Updater called before beeing initialized
2025-06-15 18:59:14,493 [WARN] DetailPanel:346 - Failed to get advertising image, set to default
2025-06-15 18:59:14,632 [FATAL] Updater:308 - Updater called before beeing initialized
2025-06-15 18:59:14,637 [FATAL] Updater:308 - Updater called before beeing initialized
2025-06-15 18:59:14,637 [FATAL] Updater:308 - Updater called before beeing initialized
2025-06-15 18:59:14,637 [WARN] DetailPanel:346 - Failed to get advertising image, set to default
2025-06-15 18:59:14,638 [FATAL] Updater:308 - Updater called before beeing initialized
2025-06-15 18:59:14,723 [ERROR] Updater:1120 - MainUpdater not yet initialized. External WinMGr cannot be set.
2025-06-15 18:59:14,737 [INFO] Updater:1056 - Updater Version found : 6.8.1
2025-06-15 18:59:14,761 [INFO] ApplicationProperties:184 - Using Application install path: C:\ST\STM32CubeIDE_1.12.1\STM32CubeIDE\plugins\com.st.stm32cube.common.mx_6.8.1.202304191431
2025-06-15 18:59:15,078 [INFO] MainUpdater:2854 - connection check result : 10
2025-06-15 18:59:15,080 [INFO] MainUpdater:283 - Updater Check For Update Now.
2025-06-15 18:59:15,081 [INFO] MicroXplorer:498 - Change Database Version : DB.6.0.81
2025-06-15 18:59:15,297 [INFO] CheckServerUpdateThread:120 - End of CheckServer Thread
2025-06-15 18:59:15,323 [INFO] MainUpdater:2854 - connection check result : 10
2025-06-15 18:59:15,333 [INFO] MainUpdater:2854 - connection check result : 10
2025-06-15 18:59:15,571 [INFO] MicroXplorer:468 - Change Database Path : 
2025-06-15 18:59:15,571 [INFO] MicroXplorer:498 - Change Database Version : DB.6.0.81
2025-06-15 18:59:15,571 [WARN] ThirdParty:871 - waiting for thirdparty lock release [close project]
2025-06-15 18:59:16,953 [WARN] PackLoader:240 - Cannot read IP mode file for STMicroelectronics.FP-SNS-MOTENVWB1.1.4.0
2025-06-15 18:59:16,982 [WARN] PackLoader:240 - Cannot read IP mode file for STMicroelectronics.FP-ATR-ASTRA1.2.0.2
2025-06-15 18:59:17,007 [WARN] PackLoader:240 - Cannot read IP mode file for STMicroelectronics.FP-ATR-ASTRA1.2.0.1
2025-06-15 18:59:17,035 [WARN] PackLoader:240 - Cannot read IP mode file for STMicroelectronics.X-CUBE-SMBUS.2.1.0
2025-06-15 18:59:17,058 [WARN] PackLoader:240 - Cannot read IP mode file for STMicroelectronics.X-CUBE-WB05N.1.1.0
2025-06-15 18:59:17,078 [ERROR] Engine:466 - C:\Users\voine\.stm32cubemx\thirdparties\pdsc\STMicroelectronics.X-CUBE-ST60.1.0.0.pdsc: PDSC version is not supported
2025-06-15 18:59:17,099 [WARN] PackLoader:240 - Cannot read IP mode file for STMicroelectronics.X-CUBE-TOUCHGFX.4.23.1
2025-06-15 18:59:17,120 [WARN] PackLoader:240 - Cannot read IP mode file for STMicroelectronics.X-CUBE-TOUCHGFX.4.23.0
2025-06-15 18:59:17,140 [WARN] PackLoader:240 - Cannot read IP mode file for STMicroelectronics.X-CUBE-TOUCHGFX.4.23.2
2025-06-15 18:59:17,186 [WARN] PackLoader:240 - Cannot read IP mode file for STMicroelectronics.X-CUBE-AZRTOS-F7.1.1.0
2025-06-15 18:59:17,218 [WARN] PackLoader:240 - Cannot read IP mode file for STMicroelectronics.FP-SNS-MOTENV1.4.3.2
2025-06-15 18:59:17,304 [WARN] PackLoader:240 - Cannot read IP mode file for STMicroelectronics.X-CUBE-MEMS1.11.0.0
2025-06-15 18:59:17,563 [WARN] PackLoader:240 - Cannot read IP mode file for STMicroelectronics.FP-SNS-FLIGHT1.5.0.2
2025-06-15 18:59:17,596 [WARN] PackLoader:240 - Cannot read IP mode file for STMicroelectronics.X-CUBE-DISPLAY.3.0.0
2025-06-15 18:59:17,625 [WARN] PackLoader:240 - Cannot read IP mode file for STMicroelectronics.X-CUBE-BLE1.7.0.0
2025-06-15 18:59:17,653 [WARN] PackLoader:240 - Cannot read IP mode file for STMicroelectronics.X-CUBE-NFC10.1.0.0
2025-06-15 18:59:17,676 [ERROR] Engine:466 - C:\Users\voine\.stm32cubemx\thirdparties\pdsc\STMicroelectronics.X-CUBE-BLEMGR.4.0.0.pdsc: PDSC version is not supported
2025-06-15 18:59:17,710 [WARN] PackLoader:240 - Cannot read IP mode file for emotas.I-CUBE-CANOPEN.1.3.0
2025-06-15 18:59:17,758 [WARN] PackLoader:240 - Cannot read IP mode file for STMicroelectronics.X-CUBE-BLEMGR.3.1.0
2025-06-15 18:59:17,803 [WARN] PackLoader:240 - Cannot read IP mode file for STMicroelectronics.X-CUBE-AI.10.0.0
2025-06-15 18:59:17,872 [WARN] PackLoader:240 - Cannot read IP mode file for STMicroelectronics.FP-SNS-SMARTAG2.1.2.0
2025-06-15 18:59:17,913 [ERROR] Engine:466 - C:\Users\voine\.stm32cubemx\thirdparties\pdsc\STMicroelectronics.FP-SNS-FLIGHT1.5.1.0.pdsc: PDSC version is not supported
2025-06-15 18:59:18,031 [WARN] PackLoader:240 - Cannot read IP mode file for STMicroelectronics.X-CUBE-MEMS1.11.1.0
2025-06-15 18:59:18,198 [INFO] LogOutputStream:77 - [STDOUT_REDIRECT] 1 : Invalid condition id : UX_CORESTACK_Condition cause : null
2025-06-15 18:59:18,199 [INFO] LogOutputStream:77 - [STDOUT_REDIRECT] 1 : Invalid condition id : UX_CORESTACK_Condition cause : null
2025-06-15 18:59:18,200 [INFO] LogOutputStream:77 - [STDOUT_REDIRECT] 1 : Invalid condition id : UX_CORESTACK_Condition cause : null
2025-06-15 18:59:18,202 [INFO] LogOutputStream:77 - [STDOUT_REDIRECT] 1 : Invalid condition id : UX_CORESTACK_Condition cause : null
2025-06-15 18:59:18,202 [INFO] LogOutputStream:77 - [STDOUT_REDIRECT] 1 : Invalid condition id : UX_CORESTACK_Condition cause : null
2025-06-15 18:59:18,206 [WARN] PackLoader:240 - Cannot read IP mode file for STMicroelectronics.X-CUBE-AZRTOS-WL.2.0.0
2025-06-15 18:59:18,236 [WARN] PackLoader:240 - Cannot read IP mode file for STMicroelectronics.FP-SNS-MOTENV1.5.0.0
2025-06-15 18:59:18,260 [WARN] PackLoader:240 - Cannot read IP mode file for wolfSSL.I-CUBE-wolfMQTT.1.19.0
2025-06-15 18:59:18,289 [WARN] PackLoader:240 - Cannot read IP mode file for WES.I-CUBE-Cesium.1.3.0
2025-06-15 18:59:18,316 [WARN] PackLoader:240 - Cannot read IP mode file for STMicroelectronics.X-CUBE-BLE2.3.3.0
2025-06-15 18:59:18,343 [WARN] PackLoader:240 - Cannot read IP mode file for STMicroelectronics.X-CUBE-NFC9.1.0.0
2025-06-15 18:59:18,367 [WARN] PackLoader:240 - Cannot read IP mode file for STMicroelectronics.X-CUBE-BLE1.7.1.0
2025-06-15 18:59:18,391 [WARN] PackLoader:240 - Cannot read IP mode file for STMicroelectronics.X-CUBE-TCPP.4.1.0
2025-06-15 18:59:18,417 [WARN] PackLoader:240 - Cannot read IP mode file for STMicroelectronics.X-CUBE-AI.10.1.0
2025-06-15 18:59:18,441 [WARN] PackLoader:240 - Cannot read IP mode file for STMicroelectronics.X-CUBE-ALGOBUILD.1.3.0
2025-06-15 18:59:18,478 [WARN] PackLoader:240 - Cannot read IP mode file for STMicroelectronics.X-CUBE-AZRTOS-G0.1.1.0
2025-06-15 18:59:18,503 [WARN] PackLoader:240 - Cannot read IP mode file for STMicroelectronics.X-CUBE-SAFEA1.1.2.2
2025-06-15 18:59:18,528 [WARN] PackLoader:240 - Cannot read IP mode file for STMicroelectronics.X-CUBE-NFC4.3.0.0
2025-06-15 18:59:18,550 [ERROR] Engine:466 - C:\Users\voine\.stm32cubemx\thirdparties\pdsc\EmbeddedOffice.I-CUBE-FS-RTOS.1.0.1.pdsc: PDSC version is not supported
2025-06-15 18:59:18,571 [WARN] PackLoader:240 - Cannot read IP mode file for STMicroelectronics.X-CUBE-WB05N.2.0.0
2025-06-15 18:59:18,597 [WARN] PackLoader:240 - Cannot read IP mode file for STMicroelectronics.X-CUBE-BLEMGR.3.0.0
2025-06-15 18:59:18,618 [ERROR] Engine:466 - C:\Users\voine\.stm32cubemx\thirdparties\pdsc\STMicroelectronics.X-CUBE-TCPP.4.2.0.pdsc: PDSC version is not supported
2025-06-15 18:59:18,641 [ERROR] Engine:466 - C:\Users\voine\.stm32cubemx\thirdparties\pdsc\RealThread.X-CUBE-RT-Thread_Nano.4.1.1.pdsc: PDSC version is not supported
2025-06-15 18:59:18,663 [WARN] PackLoader:240 - Cannot read IP mode file for STMicroelectronics.FP-ATR-SIGFOX1.3.2.0
2025-06-15 18:59:18,682 [ERROR] Engine:466 - C:\Users\voine\.stm32cubemx\thirdparties\pdsc\quantropi.X-CUBE-qispace-sdk-base.1.9.3.pdsc: PDSC version is not supported
2025-06-15 18:59:18,701 [WARN] PackLoader:240 - Cannot read IP mode file for STMicroelectronics.X-CUBE-EEPRMA1.5.1.0
2025-06-15 18:59:18,721 [ERROR] Engine:466 - C:\Users\voine\.stm32cubemx\thirdparties\pdsc\STMicroelectronics.X-CUBE-ST67W61.1.0.0.pdsc: PDSC version is not supported
2025-06-15 18:59:18,765 [WARN] PackLoader:240 - Cannot read IP mode file for SEGGER.I-CUBE-embOS.1.3.1
2025-06-15 18:59:18,841 [WARN] PackLoader:240 - Cannot read IP mode file for STMicroelectronics.X-CUBE-ALGOBUILD.1.4.0
2025-06-15 18:59:18,941 [WARN] PackLoader:240 - Cannot read IP mode file for STMicroelectronics.X-CUBE-MEMS1.11.3.0
2025-06-15 18:59:19,031 [WARN] PackLoader:240 - Cannot read IP mode file for STMicroelectronics.X-CUBE-AI.9.1.0
2025-06-15 18:59:19,050 [WARN] PackLoader:240 - Cannot read IP mode file for STMicroelectronics.X-CUBE-GNSS1.6.0.0
2025-06-15 18:59:19,081 [WARN] PackLoader:240 - Cannot read IP mode file for STMicroelectronics.X-CUBE-AZRTOS-F4.1.1.0
2025-06-15 18:59:19,097 [ERROR] Engine:466 - C:\Users\voine\.stm32cubemx\thirdparties\pdsc\Avnet-IotConnect.X-CUBE-IoTC-DA16k-PMOD.1.0.0.pdsc: PDSC version is not supported
2025-06-15 18:59:19,113 [WARN] PackLoader:240 - Cannot read IP mode file for STMicroelectronics.X-CUBE-ISPU.2.1.0
2025-06-15 18:59:19,130 [WARN] PackLoader:240 - Cannot read IP mode file for STMicroelectronics.X-CUBE-FREERTOS.1.2.0
2025-06-15 18:59:19,150 [WARN] PackLoader:240 - Cannot read IP mode file for wolfSSL.I-CUBE-wolfSSL.5.6.6
2025-06-15 18:59:19,176 [WARN] PackLoader:240 - Cannot read IP mode file for STMicroelectronics.X-CUBE-AZRTOS-L5.2.0.0
2025-06-15 18:59:19,195 [WARN] PackLoader:240 - Cannot read IP mode file for STMicroelectronics.X-CUBE-NFC6.3.1.0
2025-06-15 18:59:19,212 [WARN] PackLoader:240 - Cannot read IP mode file for ITTIA_DB.I-CUBE-ITTIADB.8.8.0
2025-06-15 18:59:19,226 [ERROR] Engine:466 - C:\Users\voine\.stm32cubemx\thirdparties\pdsc\STMicroelectronics.X-CUBE-DPower.1.2.0.pdsc: PDSC version is not supported
2025-06-15 18:59:19,239 [WARN] PackLoader:240 - Cannot read IP mode file for STMicroelectronics.X-CUBE-AI.9.0.0
2025-06-15 18:59:19,256 [WARN] PackLoader:240 - Cannot read IP mode file for STMicroelectronics.X-CUBE-FREERTOS.1.3.1
2025-06-15 18:59:19,272 [WARN] PackLoader:240 - Cannot read IP mode file for STMicroelectronics.X-CUBE-FREERTOS.1.3.0
2025-06-15 18:59:19,288 [WARN] PackLoader:240 - Cannot read IP mode file for STMicroelectronics.X-CUBE-NFC7.1.0.1
2025-06-15 18:59:19,306 [WARN] PackLoader:240 - Cannot read IP mode file for STMicroelectronics.X-CUBE-NFC6.3.0.0
2025-06-15 18:59:19,321 [ERROR] Engine:466 - C:\Users\voine\.stm32cubemx\thirdparties\pdsc\STMicroelectronics.X-CUBE-DPower.1.3.0.pdsc: PDSC version is not supported
2025-06-15 18:59:19,337 [WARN] PackLoader:240 - Cannot read IP mode file for STMicroelectronics.X-CUBE-AI.8.1.0
2025-06-15 18:59:19,362 [WARN] ConditionMgr:438 - getConditionDescription Invalid condition id : LAN8742 Phy interface Condition cause : null
2025-06-15 18:59:19,362 [WARN] PackLoader:240 - Cannot read IP mode file for STMicroelectronics.X-CUBE-AZRTOS-L4.2.0.0
2025-06-15 18:59:19,364 [WARN] ConditionMgr:1039 - genDependencies : Invalid condition id : LAN8742 Phy interface Condition cause : null
2025-06-15 18:59:19,365 [WARN] ConditionMgr:1039 - genDependencies : Invalid condition id : LAN8742 Phy interface Condition cause : null
2025-06-15 18:59:19,365 [WARN] ConditionMgr:1039 - genDependencies : Invalid condition id : LAN8742 Phy interface Condition cause : null
2025-06-15 18:59:19,397 [WARN] PackLoader:240 - Cannot read IP mode file for STMicroelectronics.X-CUBE-SFXS2LP1.4.0.0
2025-06-15 18:59:19,446 [WARN] PackLoader:240 - Cannot read IP mode file for STMicroelectronics.X-CUBE-AZRTOS-H7.3.3.0
2025-06-15 18:59:19,478 [ERROR] Engine:466 - C:\Users\voine\.stm32cubemx\thirdparties\pdsc\STMicroelectronics.X-CUBE-IPS.3.0.0.pdsc: PDSC version is not supported
2025-06-15 18:59:19,522 [WARN] ConditionMgr:438 - getConditionDescription Invalid condition id : UX DEVICE CLASS RTOS Condition cause : null
2025-06-15 18:59:19,522 [WARN] ConditionMgr:438 - getConditionDescription Invalid condition id : UX DEVICE CLASS RTOS Condition cause : null
2025-06-15 18:59:19,523 [WARN] PackLoader:240 - Cannot read IP mode file for STMicroelectronics.X-CUBE-AZRTOS-WB.2.0.0
2025-06-15 18:59:19,525 [WARN] ConditionMgr:1039 - genDependencies : Invalid condition id : UX DEVICE CLASS RTOS Condition cause : null
2025-06-15 18:59:19,525 [WARN] ConditionMgr:1039 - genDependencies : Invalid condition id : UX DEVICE CLASS RTOS Condition cause : null
2025-06-15 18:59:19,526 [WARN] ConditionMgr:1039 - genDependencies : Invalid condition id : UX DEVICE CLASS RTOS Condition cause : null
2025-06-15 18:59:19,526 [WARN] ConditionMgr:1039 - genDependencies : Invalid condition id : UX DEVICE CLASS RTOS Condition cause : null
2025-06-15 18:59:19,526 [WARN] ConditionMgr:1039 - genDependencies : Invalid condition id : UX DEVICE CLASS RTOS Condition cause : null
2025-06-15 18:59:19,545 [WARN] PackLoader:240 - Cannot read IP mode file for STMicroelectronics.X-CUBE-GNSS1.7.0.0
2025-06-15 18:59:19,561 [WARN] PackLoader:240 - Cannot read IP mode file for STMicroelectronics.X-CUBE-GNSS1.7.0.1
2025-06-15 18:59:19,578 [WARN] PackLoader:240 - Cannot read IP mode file for STMicroelectronics.X-CUBE-TOUCHGFX.4.25.0
2025-06-15 18:59:19,594 [ERROR] Engine:466 - C:\Users\voine\.stm32cubemx\thirdparties\pdsc\STMicroelectronics.FP-SNS-STBOX1.2.0.0.pdsc: PDSC version is not supported
2025-06-15 18:59:19,637 [WARN] PackLoader:240 - Cannot read IP mode file for STMicroelectronics.X-CUBE-SUBG2.5.0.0
2025-06-15 18:59:19,703 [WARN] PackLoader:240 - Cannot read IP mode file for STMicroelectronics.X-CUBE-AZRTOS-H7RS.1.1.0
2025-06-15 18:59:19,733 [WARN] PackLoader:240 - Cannot read IP mode file for Cesanta.I-CUBE-Mongoose.7.13.0
2025-06-15 18:59:19,763 [WARN] PackLoader:240 - Cannot read IP mode file for STMicroelectronics.X-CUBE-AZRTOS-G4.2.0.0
2025-06-15 18:59:19,788 [WARN] PackLoader:240 - Cannot read IP mode file for Infineon.AIROC-Wi-Fi-Bluetooth-STM32.1.5.1
2025-06-15 18:59:19,808 [WARN] PackLoader:240 - Cannot read IP mode file for STMicroelectronics.X-CUBE-NFC7.2.0.0
2025-06-15 18:59:19,824 [WARN] PackLoader:240 - Cannot read IP mode file for STMicroelectronics.FP-SNS-MOTENVWB1.1.3.1
2025-06-15 18:59:19,840 [WARN] PackLoader:240 - Cannot read IP mode file for STMicroelectronics.X-CUBE-ISPU.2.0.0
2025-06-15 18:59:19,855 [ERROR] Engine:466 - C:\Users\voine\.stm32cubemx\thirdparties\pdsc\STMicroelectronics.X-CUBE-IPS.3.1.0.pdsc: PDSC version is not supported
2025-06-15 18:59:19,872 [WARN] PackLoader:240 - Cannot read IP mode file for STMicroelectronics.X-CUBE-ALS.1.0.2
2025-06-15 18:59:19,909 [WARN] PackLoader:240 - Cannot read IP mode file for STMicroelectronics.X-CUBE-MEMS1.10.0.0
2025-06-15 18:59:19,982 [WARN] PackLoader:240 - Cannot read IP mode file for STMicroelectronics.X-CUBE-FREERTOS.1.1.0
2025-06-15 18:59:20,001 [WARN] PackLoader:240 - Cannot read IP mode file for STMicroelectronics.X-CUBE-TOUCHGFX.4.24.2
2025-06-15 18:59:20,017 [WARN] PackLoader:240 - Cannot read IP mode file for STMicroelectronics.X-CUBE-TOUCHGFX.4.24.1
2025-06-15 18:59:20,038 [WARN] PackLoader:240 - Cannot read IP mode file for wolfSSL.I-CUBE-wolfTPM.3.4.0
2025-06-15 18:59:20,061 [WARN] PackLoader:240 - Cannot read IP mode file for portGmbH.I-Cube-SoM-uGOAL.1.1.0
2025-06-15 18:59:20,079 [WARN] PackLoader:240 - Cannot read IP mode file for STMicroelectronics.X-CUBE-ALS.1.0.1
2025-06-15 18:59:20,147 [WARN] PackLoader:240 - Cannot read IP mode file for STMicroelectronics.X-CUBE-AZRTOS-H7RS.1.0.0
2025-06-15 18:59:20,178 [WARN] PackLoader:240 - Cannot read IP mode file for STMicroelectronics.FP-ATR-ASTRA1.2.0.0
2025-06-15 18:59:20,199 [ERROR] Engine:466 - C:\Users\voine\.stm32cubemx\thirdparties\pdsc\STMicroelectronics.X-CUBE-TOF1.3.4.2.pdsc: PDSC version is not supported
2025-06-15 18:59:20,231 [ERROR] Engine:466 - C:\Users\voine\.stm32cubemx\thirdparties\pdsc\STMicroelectronics.X-CUBE-TOF1.3.4.3.pdsc: PDSC version is not supported
2025-06-15 18:59:20,258 [WARN] PackLoader:240 - Cannot read IP mode file for STMicroelectronics.X-CUBE-TOF1.3.4.0
2025-06-15 18:59:20,284 [WARN] PackLoader:240 - Cannot read IP mode file for STMicroelectronics.X-CUBE-TOF1.3.4.1
2025-06-15 18:59:20,318 [WARN] PackLoader:240 - Cannot read IP mode file for STMicroelectronics.X-CUBE-AZRTOS-H7.3.2.0
2025-06-15 18:59:20,335 [WARN] PackLoader:240 - Cannot read IP mode file for wolfSSL.I-CUBE-wolfSSH.1.4.17
2025-06-15 18:59:20,335 [INFO] ThirdParty:978 - Integrity check success = true
2025-06-15 18:59:20,336 [INFO] IntegrityCheckThread:100 - exiting critical section [integrity check]
2025-06-15 18:59:20,336 [INFO] IntegrityCheckThread:103 - End integrity checks thread
2025-06-15 18:59:20,336 [INFO] ThirdParty:873 - entering critical section [close project]
2025-06-15 18:59:20,337 [INFO] ThirdParty:883 - exiting critical section [close project]
2025-06-15 18:59:20,341 [INFO] PinOutPanel:1499 - setPackage(No Configuration,No Configuration)
2025-06-15 18:59:20,345 [INFO] UtilMem:75 - Begin LoadConfig() Used Memory: 695707160 Bytes (819986432)
2025-06-15 18:59:20,347 [INFO] MicroXplorer:468 - Change Database Path : 
2025-06-15 18:59:20,347 [INFO] MicroXplorer:498 - Change Database Version : DB.6.0.81
2025-06-15 18:59:20,347 [INFO] OpenFileManager:308 - Change cursor
2025-06-15 18:59:20,406 [INFO] Mcu:1937 - Initializing MCU STM32F401R(D-E)Tx STM32F401RETx STM32F401RET6
2025-06-15 18:59:21,962 [INFO] Context:659 - Trying to add GPIOservice into a context  which must be forbidden
2025-06-15 18:59:22,574 [INFO] RtosManager:555 - Registered RTOS mode: class=CMSIS, group=RTOS, mode=CMSIS_V1, owner=FREERTOS
2025-06-15 18:59:22,574 [INFO] RtosManager:555 - Registered RTOS mode: class=CMSIS, group=RTOS2, mode=CMSIS_V2, owner=FREERTOS
2025-06-15 18:59:22,574 [INFO] RtosManager:555 - Registered RTOS mode: class=RTOS, group=Core, mode=CMSIS_V1, owner=FREERTOS
2025-06-15 18:59:22,575 [INFO] RtosManager:555 - Registered RTOS mode: class=RTOS, group=Core, mode=CMSIS_V2, owner=FREERTOS
2025-06-15 18:59:22,575 [WARN] ModelIntegratedComponent:184 - Missing modes for component STMicroelectronics:FreeRTOS:0.0.1:STMicroelectronics:RTOS:FreeRTOS:Core:::10.2.0:
2025-06-15 18:59:22,583 [WARN] ModelIntegratedComponent:63 - No mode defined for component null
2025-06-15 18:59:22,584 [WARN] ModelIntegratedComponent:63 - No mode defined for component null
2025-06-15 18:59:22,584 [WARN] ModelIntegratedComponent:63 - No mode defined for component null
2025-06-15 18:59:22,584 [WARN] ModelIntegratedComponent:63 - No mode defined for component null
2025-06-15 18:59:22,584 [WARN] ModelIntegratedComponent:63 - No mode defined for component null
2025-06-15 18:59:22,584 [WARN] ModelIntegratedComponent:63 - No mode defined for component null
2025-06-15 18:59:22,585 [WARN] ModelIntegratedComponent:63 - No mode defined for component null
2025-06-15 18:59:22,585 [WARN] ModelIntegratedComponent:63 - No mode defined for component null
2025-06-15 18:59:22,585 [WARN] ModelIntegratedComponent:63 - No mode defined for component null
2025-06-15 18:59:22,585 [WARN] ModelIntegratedComponent:63 - No mode defined for component null
2025-06-15 18:59:22,585 [WARN] ModelIntegratedComponent:63 - No mode defined for component null
2025-06-15 18:59:22,586 [WARN] ModelIntegratedComponent:63 - No mode defined for component null
2025-06-15 18:59:22,586 [WARN] ModelIntegratedComponent:63 - No mode defined for component null
2025-06-15 18:59:22,586 [WARN] ModelIntegratedComponent:63 - No mode defined for component null
2025-06-15 18:59:22,586 [WARN] ModelIntegratedComponent:63 - No mode defined for component null
2025-06-15 18:59:22,586 [WARN] ModelIntegratedComponent:63 - No mode defined for component null
2025-06-15 18:59:22,586 [WARN] ModelIntegratedComponent:63 - No mode defined for component null
2025-06-15 18:59:22,587 [WARN] ModelIntegratedComponent:63 - No mode defined for component null
2025-06-15 18:59:22,587 [WARN] ModelIntegratedComponent:63 - No mode defined for component null
2025-06-15 18:59:22,587 [WARN] ModelIntegratedComponent:63 - No mode defined for component null
2025-06-15 18:59:22,587 [WARN] ModelIntegratedComponent:63 - No mode defined for component null
2025-06-15 18:59:22,588 [WARN] ModelIntegratedComponent:63 - No mode defined for component null
2025-06-15 18:59:22,588 [WARN] ModelIntegratedComponent:63 - No mode defined for component null
2025-06-15 18:59:22,588 [WARN] ModelIntegratedComponent:63 - No mode defined for component null
2025-06-15 18:59:22,588 [WARN] ModelIntegratedComponent:63 - No mode defined for component null
2025-06-15 18:59:22,588 [WARN] ModelIntegratedComponent:63 - No mode defined for component null
2025-06-15 18:59:22,588 [WARN] ModelIntegratedComponent:63 - No mode defined for component null
2025-06-15 18:59:22,588 [WARN] ModelIntegratedComponent:63 - No mode defined for component null
2025-06-15 18:59:22,588 [WARN] ModelIntegratedComponent:63 - No mode defined for component null
2025-06-15 18:59:22,588 [WARN] ModelIntegratedComponent:63 - No mode defined for component null
2025-06-15 18:59:22,589 [WARN] ModelIntegratedComponent:63 - No mode defined for component null
2025-06-15 18:59:22,589 [WARN] ModelIntegratedComponent:63 - No mode defined for component null
2025-06-15 18:59:22,589 [WARN] ModelIntegratedComponent:63 - No mode defined for component null
2025-06-15 18:59:22,801 [INFO] ThirdPartyModel:298 - Start build external matchings
2025-06-15 18:59:23,766 [INFO] ThirdPartyModel:316 - End build external matchings
2025-06-15 18:59:23,832 [INFO] ImportTextPane:194 - (OptionalMessage_ERROR) IP (RCC) : Parameter (48MHZClocksFreq_Value) has invalid value (57142857.14285714)
2025-06-15 18:59:23,833 [INFO] ImportTextPane:194 - (OptionalMessage_ERROR) IP (RCC) : Parameter (RTCHSEDivFreq_Value) has invalid value (4000000)
2025-06-15 18:59:24,169 [INFO] UtilMem:75 - End LoadConfig() Used Memory: 623567480 Bytes (819986432)
2025-06-15 18:59:24,376 [INFO] ApiDb:581 - Connected to CubeFinder SQLite database (C:\Users\voine\.stmcufinder\plugins\mcufinder\mcu\cube-finder-db.db)
2025-06-15 18:59:24,495 [INFO] ApiDb:668 - CubeFinder database Data Model version=2.1
2025-06-15 18:59:24,495 [INFO] ApiDb:669 - CubeFinder database Configuration version=3.0.39
2025-06-15 18:59:24,495 [INFO] ApiDb:670 - CubeFinder database generation date=2025-05-20 (1747743314)
2025-06-15 18:59:24,496 [INFO] ApiDb:671 - CubeFinder database FW Pack versions=[FP-ATR-ASTRA1_V2.0.0, FP-SNS-FLIGHT1_V5.1.0, FP-SNS-MOTENV1_V5.0.0, FP-SNS-MOTENVWB1_V1.4.0, FP-SNS-SMARTAG2_V1.2.0, FP-SNS-STBOX1_V2.0.0, STM32Cube_FW_C0_V1.4.0, STM32Cube_FW_F4_V1.28.2, STM32Cube_FW_F7_V1.17.3, STM32Cube_FW_G0_V1.6.2, STM32Cube_FW_G4_V1.6.1, STM32Cube_FW_H5_V1.5.0, STM32Cube_FW_H7RS_V1.2.0, STM32Cube_FW_H7_V1.12.1, STM32Cube_FW_L0_V1.12.2, STM32Cube_FW_L4_V1.18.1, STM32Cube_FW_L5_V1.5.1, STM32Cube_FW_N6_V1.1.1, STM32Cube_FW_U0_V1.2.0, STM32Cube_FW_U3_V1.1.0, STM32Cube_FW_U5_V1.7.0, STM32Cube_FW_WB0_V1.2.0, STM32Cube_FW_WBA_V1.6.0, STM32Cube_FW_WB_V1.22.0, STM32Cube_FW_WL3_V1.1.0, STM32Cube_FW_WL_V1.3.1, X-CUBE-ALGOBUILD_V1.4.0, X-CUBE-ALS_V1.0.2, X-CUBE-AZRTOS-F4_V1.1.0, X-CUBE-AZRTOS-F7_V1.1.0, X-CUBE-AZRTOS-G0_V1.1.0, X-CUBE-AZRTOS-G4_V2.0.0, X-CUBE-AZRTOS-H7RS_V1.1.0, X-CUBE-AZRTOS-H7_V3.3.0, X-CUBE-AZRTOS-L4_V2.0.0, X-CUBE-AZRTOS-L5_V2.0.0, X-CUBE-AZRTOS-WB_V2.0.0, X-CUBE-AZRTOS-WL_V2.0.0, X-CUBE-BLE1_V7.1.0, X-CUBE-BLE2_V3.3.0, X-CUBE-BLEMGR_V4.0.0, X-CUBE-EEPRMA1_V5.1.0, X-CUBE-FREERTOS_V1.3.1, X-CUBE-GNSS1_V6.0.0, X-CUBE-MEMS1_V11.2.0, X-CUBE-NFC4_V3.0.0, X-CUBE-NFC7_V2.0.0, X-CUBE-SFXS2LP1_V4.0.0, X-CUBE-SUBG2_V5.0.0, X-CUBE-TOF1_V3.4.3]
2025-06-15 18:59:27,355 [INFO] ApiDb:240 - Found 297 in-development CPN: [B-G473E-ZEST1S, B-WB1M-WPAN1, B-WL5M-SUBG1, NUCLEO-C031C6, NUCLEO-H503RB, NUCLEO-H563ZI, NUCLEO-U545RE-Q, NUCLEO-U5A5ZJ-Q, NUCLEO-WBA52CG, STEVAL-PROTEUS1, STEVAL-STWINBX1, STM320518-EVAL, STM32C0116-DK, STM32C011D6Y3TR, STM32C011D6Y6TR, STM32C011F4P3, STM32C011F4P6, STM32C011F4U3, STM32C011F4U6TR, STM32C011F6P3, STM32C011F6P6, STM32C011F6U3, STM32C011F6U6TR, STM32C011J4M3, STM32C011J4M6, STM32C011J6M3, STM32C011J6M6, STM32C0316-DK, STM32C031C4T3, STM32C031C4T6, STM32C031C4U3, STM32C031C4U6, STM32C031C6T3, STM32C031C6T6, STM32C031C6U3, STM32C031C6U6, STM32C031F4P3, STM32C031F4P6, STM32C031F6P3, STM32C031F6P6, STM32C031G4U3, STM32C031G4U6, STM32C031G6U3, STM32C031G6U6, STM32C031K4T3, STM32C031K4T6, STM32C031K4U3, STM32C031K4U6, STM32C031K6T3, STM32C031K6T6, STM32C031K6U3, STM32C031K6U6, STM32G071K8TXN, STM32G071K8UXN, STM32G081GBU6N, STM32G081KBT6N, STM32G081KBUXN, STM32G0B1CCT6N, STM32G0B1KCT6, STM32G0B1NEY6TR, STM32G0B1RCT6N, STM32G0C1CCT6, STM32G0C1CCT6N, STM32G0C1CCU6N, STM32G0C1CET6N, STM32G0C1CEU6N, STM32G0C1KCT6, STM32G0C1NEY6TR, STM32G0C1RCI6N, STM32G0C1RCT6N, STM32G0C1REI6N, STM32G0C1RET6N, STM32G0C1VCI6, STM32G0C1VEI6, STM32G471CCT6, STM32G471CCU6, STM32G471CET3, STM32G471CET6, STM32G471CEU3, STM32G471CEU6, STM32G471MCT6, STM32G471MET3, STM32G471MET6, STM32G471MEY6TR, STM32G471QCT6, STM32G471QET3, STM32G471RCT6, STM32G471RET3, STM32G471RET6, STM32G471VCH6, STM32G471VCI6, STM32G471VCT6, STM32G471VEH3, STM32G471VEH6, STM32G471VEI3, STM32G471VEI6, STM32G471VET3, STM32G471VET6, STM32G474CCT6, STM32H503CBT6, STM32H503CBU6, STM32H503EBY6TR, STM32H503KBU6, STM32H503RBT6, STM32H562AGI6, STM32H562AII6, STM32H562IGK6, STM32H562IGT6, STM32H562IIK6, STM32H562IIT6, STM32H562RGT6, STM32H562RGV6, STM32H562RIT6, STM32H562RIV6, STM32H562VGT6, STM32H562VIT6, STM32H562ZGT6, STM32H562ZIT6, STM32H563AGI6, STM32H563AII3Q, STM32H563AII6, STM32H563IGK6, STM32H563IGT6, STM32H563IIK3Q, STM32H563IIK6, STM32H563IIT3Q, STM32H563IIT6, STM32H563MIY3QTR, STM32H563RGT6, STM32H563RGV6, STM32H563RIT6, STM32H563RIV6, STM32H563VGT6, STM32H563VIT3Q, STM32H563VIT6, STM32H563ZGT6, STM32H563ZIT3Q, STM32H563ZIT6, STM32H573AII3Q, STM32H573AII6, STM32H573I-DK, STM32H573IIK3Q, STM32H573IIK6, STM32H573IIT3Q, STM32H573IIT6, STM32H573MIY3QTR, STM32H573RIT6, STM32H573RIV6, STM32H573VIT3Q, STM32H573VIT6, STM32H573ZIT3Q, STM32H573ZIT6, STM32L4R5QGI6STR, STM32MP131AAE3, STM32MP131AAF3, STM32MP131AAG3, STM32MP131CAE3, STM32MP131CAF3, STM32MP131CAG3, STM32MP131DAE7, STM32MP131DAF7, STM32MP131DAG7, STM32MP131FAE7, STM32MP131FAF7, STM32MP131FAG7, STM32MP133AAE3, STM32MP133AAF3, STM32MP133AAG3, STM32MP133CAE3, STM32MP133CAF3, STM32MP133CAG3, STM32MP133DAE7, STM32MP133DAF7, STM32MP133DAG7, STM32MP133FAE7, STM32MP133FAF7, STM32MP133FAG7, STM32MP135AAE3, STM32MP135AAF3, STM32MP135AAG3, STM32MP135CAE3, STM32MP135CAF3, STM32MP135CAG3, STM32MP135DAE7, STM32MP135DAF7, STM32MP135DAG7, STM32MP135F-DK, STM32MP135FAE7, STM32MP135FAF7, STM32MP135FAF7T, STM32MP135FAF7U, STM32MP135FAG7, STM32U535CBT6, STM32U535CBT6Q, STM32U535CBU6, STM32U535CBU6Q, STM32U535CCT6, STM32U535CCT6Q, STM32U535CCU6, STM32U535CCU6Q, STM32U535CET6, STM32U535CET6Q, STM32U535CEU6, STM32U535CEU6Q, STM32U535JEY6QTR, STM32U535NCY6QTR, STM32U535NEY6QTR, STM32U535RBI6, STM32U535RBI6Q, STM32U535RBT6, STM32U535RBT6Q, STM32U535RCI6, STM32U535RCI6Q, STM32U535RCT6, STM32U535RCT6Q, STM32U535REI6, STM32U535REI6Q, STM32U535RET6, STM32U535RET6Q, STM32U535VCI6, STM32U535VCI6Q, STM32U535VCT6, STM32U535VCT6Q, STM32U535VEI6, STM32U535VEI6Q, STM32U535VET6, STM32U535VET6Q, STM32U545CET6, STM32U545CET6Q, STM32U545CEU6, STM32U545CEU6Q, STM32U545JEY6QTR, STM32U545NEY6QTR, STM32U545REI6, STM32U545REI6Q, STM32U545RET6, STM32U545RET6Q, STM32U545VEI6, STM32U545VEI6Q, STM32U545VET6, STM32U545VET6Q, STM32U595AIH6, STM32U595AIH6Q, STM32U595AJH6, STM32U595AJH6Q, STM32U595QII6, STM32U595QII6Q, STM32U595QJI6, STM32U595QJI6Q, STM32U595RIT6, STM32U595RIT6Q, STM32U595RJT6, STM32U595RJT6Q, STM32U595VIT6, STM32U595VIT6Q, STM32U595VJT6, STM32U595VJT6Q, STM32U595ZIT6, STM32U595ZIT6Q, STM32U595ZIY6QTR, STM32U595ZJT6, STM32U595ZJT6Q, STM32U595ZJY6QTR, STM32U599BJY6QTR, STM32U599NIH6Q, STM32U599NJH6Q, STM32U599VIT6Q, STM32U599VJT6, STM32U599VJT6Q, STM32U599ZIT6Q, STM32U599ZIY6QTR, STM32U599ZJT6Q, STM32U599ZJY6QTR, STM32U5A5AJH6, STM32U5A5AJH6Q, STM32U5A5QJI6, STM32U5A5QJI6Q, STM32U5A5RJT6, STM32U5A5RJT6Q, STM32U5A5VJT6, STM32U5A5VJT6Q, STM32U5A5ZJT6, STM32U5A5ZJT6Q, STM32U5A5ZJY6QTR, STM32U5A9BJY6QTR, STM32U5A9J-DK, STM32U5A9NJH6Q, STM32U5A9VJT6Q, STM32U5A9ZJT6Q, STM32U5A9ZJY6QTR, STM32WB1MMCH6, STM32WBA52CEU6, STM32WBA52CEU6T, STM32WBA52CGU6, STM32WBA52CGU6T, STM32WL5MOCH6, STM32WL5MOCH6TR]
2025-06-15 18:59:27,358 [INFO] DbMcus:216 - Found 4635 MCUs, 4635 are supported
2025-06-15 18:59:27,362 [INFO] ApiDb:423 - Load user favorites file C:\Users\voine/.stm32cubeide/favorites.mcus.txt: 0 item(s)
2025-06-15 18:59:27,362 [INFO] ApiDb:427 - User favorites MCUs=[]
2025-06-15 18:59:27,363 [INFO] DbMcus:222 - Set 0 / 0 favorites MCUs
2025-06-15 18:59:27,790 [WARN] ThirdParty:833 - waiting for thirdparty lock release [change project]
2025-06-15 18:59:27,791 [INFO] ThirdParty:835 - entering critical section [change project]
2025-06-15 18:59:27,791 [INFO] ThirdParty:1030 - CMSIS Pack Vendor :STMicroelectronics X-CUBE-GNSS1 6.0.0
2025-06-15 18:59:27,791 [INFO] ThirdParty:1030 - CMSIS Pack Vendor :STMicroelectronics USB_HOST 2.0.0
2025-06-15 18:59:27,791 [INFO] ThirdParty:1030 - CMSIS Pack Vendor :STMicroelectronics FP-SNS-MOTENVWB1 1.4.0
2025-06-15 18:59:27,791 [INFO] ThirdParty:1030 - CMSIS Pack Vendor :STMicroelectronics X-CUBE-AZRTOS-F4 1.1.0
2025-06-15 18:59:27,793 [INFO] ThirdParty:1030 - CMSIS Pack Vendor :STMicroelectronics LIBJPEG 8.0.0
2025-06-15 18:59:27,793 [INFO] ThirdParty:1030 - CMSIS Pack Vendor :STMicroelectronics FP-ATR-ASTRA1 2.0.2
2025-06-15 18:59:27,793 [INFO] ThirdParty:1030 - CMSIS Pack Vendor :STMicroelectronics FP-ATR-ASTRA1 2.0.1
2025-06-15 18:59:27,793 [INFO] ThirdParty:1030 - CMSIS Pack Vendor :STMicroelectronics X-CUBE-SMBUS 2.1.0
2025-06-15 18:59:27,793 [INFO] ThirdParty:1030 - CMSIS Pack Vendor :STMicroelectronics X-CUBE-WB05N 1.1.0
2025-06-15 18:59:27,793 [INFO] ThirdParty:1030 - CMSIS Pack Vendor :STMicroelectronics X-CUBE-ISPU 2.1.0
2025-06-15 18:59:27,793 [INFO] ThirdParty:1030 - CMSIS Pack Vendor :STMicroelectronics X-CUBE-FREERTOS 1.2.0
2025-06-15 18:59:27,793 [INFO] ThirdParty:1030 - CMSIS Pack Vendor :wolfSSL I-CUBE-wolfSSL 5.6.6
2025-06-15 18:59:27,793 [INFO] ThirdParty:1030 - CMSIS Pack Vendor :STMicroelectronics X-CUBE-TOUCHGFX 4.23.1
2025-06-15 18:59:27,793 [INFO] ThirdParty:1030 - CMSIS Pack Vendor :STMicroelectronics X-CUBE-TOUCHGFX 4.23.0
2025-06-15 18:59:27,793 [INFO] ThirdParty:1030 - CMSIS Pack Vendor :STMicroelectronics X-CUBE-TOUCHGFX 4.23.2
2025-06-15 18:59:27,793 [INFO] ThirdParty:1030 - CMSIS Pack Vendor :STMicroelectronics X-CUBE-AZRTOS-F7 1.1.0
2025-06-15 18:59:27,793 [INFO] ThirdParty:1030 - CMSIS Pack Vendor :STMicroelectronics X-CUBE-AZRTOS-L5 2.0.0
2025-06-15 18:59:27,793 [INFO] ThirdParty:1030 - CMSIS Pack Vendor :STMicroelectronics USB_DEVICE 2.0.0
2025-06-15 18:59:27,793 [INFO] ThirdParty:1030 - CMSIS Pack Vendor :STMicroelectronics X-CUBE-NFC6 3.1.0
2025-06-15 18:59:27,793 [INFO] ThirdParty:1030 - CMSIS Pack Vendor :ITTIA_DB I-CUBE-ITTIADB 8.8.0
2025-06-15 18:59:27,793 [INFO] ThirdParty:1030 - CMSIS Pack Vendor :STMicroelectronics FP-SNS-MOTENV1 4.3.2
2025-06-15 18:59:27,793 [INFO] ThirdParty:1030 - CMSIS Pack Vendor :STMicroelectronics X-CUBE-MEMS1 11.0.0
2025-06-15 18:59:27,793 [INFO] ThirdParty:1030 - CMSIS Pack Vendor :STMicroelectronics FreeRTOS 0.0.1
2025-06-15 18:59:27,793 [INFO] ThirdParty:1030 - CMSIS Pack Vendor :STMicroelectronics FP-SNS-FLIGHT1 5.0.2
2025-06-15 18:59:27,793 [INFO] ThirdParty:1030 - CMSIS Pack Vendor :STMicroelectronics X-CUBE-AI 9.0.0
2025-06-15 18:59:27,793 [INFO] ThirdParty:1030 - CMSIS Pack Vendor :STMicroelectronics PDM2PCM 3.3.0
2025-06-15 18:59:27,793 [INFO] ThirdParty:1030 - CMSIS Pack Vendor :STMicroelectronics X-CUBE-DISPLAY 3.0.0
2025-06-15 18:59:27,793 [INFO] ThirdParty:1030 - CMSIS Pack Vendor :STMicroelectronics X-CUBE-BLE1 7.0.0
2025-06-15 18:59:27,793 [INFO] ThirdParty:1030 - CMSIS Pack Vendor :STMicroelectronics X-CUBE-NFC10 1.0.0
2025-06-15 18:59:27,795 [INFO] ThirdParty:1030 - CMSIS Pack Vendor :STMicroelectronics X-CUBE-FREERTOS 1.3.1
2025-06-15 18:59:27,795 [INFO] ThirdParty:1030 - CMSIS Pack Vendor :STMicroelectronics HAL Drivers 0.0.0
2025-06-15 18:59:27,795 [INFO] ThirdParty:1030 - CMSIS Pack Vendor :emotas I-CUBE-CANOPEN 1.3.0
2025-06-15 18:59:27,795 [INFO] ThirdParty:1030 - CMSIS Pack Vendor :STMicroelectronics X-CUBE-FREERTOS 1.3.0
2025-06-15 18:59:27,795 [INFO] ThirdParty:1030 - CMSIS Pack Vendor :STMicroelectronics X-CUBE-NFC7 1.0.1
2025-06-15 18:59:27,795 [INFO] ThirdParty:1030 - CMSIS Pack Vendor :STMicroelectronics MBEDTLS 2.14.1
2025-06-15 18:59:27,795 [INFO] ThirdParty:1030 - CMSIS Pack Vendor :STMicroelectronics X-CUBE-NFC6 3.0.0
2025-06-15 18:59:27,795 [INFO] ThirdParty:1030 - CMSIS Pack Vendor :STMicroelectronics X-CUBE-BLEMGR 3.1.0
2025-06-15 18:59:27,795 [INFO] ThirdParty:1030 - CMSIS Pack Vendor :STMicroelectronics X-CUBE-AI 10.0.0
2025-06-15 18:59:27,795 [INFO] ThirdParty:1030 - CMSIS Pack Vendor :STMicroelectronics FP-SNS-SMARTAG2 1.2.0
2025-06-15 18:59:27,795 [INFO] ThirdParty:1030 - CMSIS Pack Vendor :STMicroelectronics X-CUBE-MEMS1 11.1.0
2025-06-15 18:59:27,795 [INFO] ThirdParty:1030 - CMSIS Pack Vendor :STMicroelectronics X-CUBE-AZRTOS-WL 2.0.0
2025-06-15 18:59:27,795 [INFO] ThirdParty:1030 - CMSIS Pack Vendor :STMicroelectronics FP-SNS-MOTENV1 5.0.0
2025-06-15 18:59:27,795 [INFO] ThirdParty:1030 - CMSIS Pack Vendor :STMicroelectronics USB_DEVICE 1.0.0
2025-06-15 18:59:27,795 [INFO] ThirdParty:1030 - CMSIS Pack Vendor :STMicroelectronics X-CUBE-AI 8.1.0
2025-06-15 18:59:27,796 [INFO] ThirdParty:1030 - CMSIS Pack Vendor :wolfSSL I-CUBE-wolfMQTT 1.19.0
2025-06-15 18:59:27,796 [INFO] ThirdParty:1030 - CMSIS Pack Vendor :STMicroelectronics X-CUBE-AZRTOS-L4 2.0.0
2025-06-15 18:59:27,796 [INFO] ThirdParty:1030 - CMSIS Pack Vendor :STMicroelectronics ThreadX 0.0.2
2025-06-15 18:59:27,796 [INFO] ThirdParty:1030 - CMSIS Pack Vendor :WES I-CUBE-Cesium 1.3.0
2025-06-15 18:59:27,796 [INFO] ThirdParty:1030 - CMSIS Pack Vendor :STMicroelectronics lwIP 2.1.2
2025-06-15 18:59:27,796 [INFO] ThirdParty:1030 - CMSIS Pack Vendor :STMicroelectronics X-CUBE-SFXS2LP1 4.0.0
2025-06-15 18:59:27,796 [INFO] ThirdParty:1030 - CMSIS Pack Vendor :STMicroelectronics X-CUBE-BLE2 3.3.0
2025-06-15 18:59:27,796 [INFO] ThirdParty:1030 - CMSIS Pack Vendor :STMicroelectronics PDM2PCM 3.2.0
2025-06-15 18:59:27,796 [INFO] ThirdParty:1030 - CMSIS Pack Vendor :STMicroelectronics X-CUBE-AZRTOS-H7 3.3.0
2025-06-15 18:59:27,796 [INFO] ThirdParty:1030 - CMSIS Pack Vendor :STMicroelectronics X-CUBE-NFC9 1.0.0
2025-06-15 18:59:27,796 [INFO] ThirdParty:1030 - CMSIS Pack Vendor :STMicroelectronics X-CUBE-BLE1 7.1.0
2025-06-15 18:59:27,796 [INFO] ThirdParty:1030 - CMSIS Pack Vendor :STMicroelectronics USB_DEVICE 3.0.0
2025-06-15 18:59:27,796 [INFO] ThirdParty:1030 - CMSIS Pack Vendor :STMicroelectronics X-CUBE-TCPP 4.1.0
2025-06-15 18:59:27,797 [INFO] ThirdParty:1030 - CMSIS Pack Vendor :STMicroelectronics X-CUBE-AZRTOS-WB 2.0.0
2025-06-15 18:59:27,797 [INFO] ThirdParty:1030 - CMSIS Pack Vendor :STMicroelectronics X-CUBE-GNSS1 7.0.0
2025-06-15 18:59:27,797 [INFO] ThirdParty:1030 - CMSIS Pack Vendor :STMicroelectronics X-CUBE-GNSS1 7.0.1
2025-06-15 18:59:27,797 [INFO] ThirdParty:1030 - CMSIS Pack Vendor :STMicroelectronics X-CUBE-TOUCHGFX 4.25.0
2025-06-15 18:59:27,797 [INFO] ThirdParty:1030 - CMSIS Pack Vendor :STMicroelectronics X-CUBE-AI 10.1.0
2025-06-15 18:59:27,797 [INFO] ThirdParty:1030 - CMSIS Pack Vendor :STMicroelectronics X-CUBE-ALGOBUILD 1.3.0
2025-06-15 18:59:27,797 [INFO] ThirdParty:1030 - CMSIS Pack Vendor :STMicroelectronics X-CUBE-AZRTOS-G0 1.1.0
2025-06-15 18:59:27,797 [INFO] ThirdParty:1030 - CMSIS Pack Vendor :STMicroelectronics X-CUBE-SAFEA1 1.2.2
2025-06-15 18:59:27,797 [INFO] ThirdParty:1030 - CMSIS Pack Vendor :STMicroelectronics X-CUBE-NFC4 3.0.0
2025-06-15 18:59:27,797 [INFO] ThirdParty:1030 - CMSIS Pack Vendor :STMicroelectronics X-CUBE-SUBG2 5.0.0
2025-06-15 18:59:27,797 [INFO] ThirdParty:1030 - CMSIS Pack Vendor :STMicroelectronics X-CUBE-AZRTOS-H7RS 1.1.0
2025-06-15 18:59:27,797 [INFO] ThirdParty:1030 - CMSIS Pack Vendor :STMicroelectronics STM32_WPAN 1.0.0
2025-06-15 18:59:27,797 [INFO] ThirdParty:1030 - CMSIS Pack Vendor :STMicroelectronics lwIP 2.0.3
2025-06-15 18:59:27,797 [INFO] ThirdParty:1030 - CMSIS Pack Vendor :Cesanta I-CUBE-Mongoose 7.13.0
2025-06-15 18:59:27,797 [INFO] ThirdParty:1030 - CMSIS Pack Vendor :STMicroelectronics USB_HOST 1.0.0
2025-06-15 18:59:27,797 [INFO] ThirdParty:1030 - CMSIS Pack Vendor :STMicroelectronics X-CUBE-AZRTOS-G4 2.0.0
2025-06-15 18:59:27,797 [INFO] ThirdParty:1030 - CMSIS Pack Vendor :STMicroelectronics X-CUBE-WB05N 2.0.0
2025-06-15 18:59:27,797 [INFO] ThirdParty:1030 - CMSIS Pack Vendor :STMicroelectronics PDM2PCM 3.1.0
2025-06-15 18:59:27,797 [INFO] ThirdParty:1030 - CMSIS Pack Vendor :Infineon AIROC-Wi-Fi-Bluetooth-STM32 1.5.1
2025-06-15 18:59:27,797 [INFO] ThirdParty:1030 - CMSIS Pack Vendor :STMicroelectronics X-CUBE-BLEMGR 3.0.0
2025-06-15 18:59:27,797 [INFO] ThirdParty:1030 - CMSIS Pack Vendor :STMicroelectronics X-CUBE-NFC7 2.0.0
2025-06-15 18:59:27,797 [INFO] ThirdParty:1030 - CMSIS Pack Vendor :STMicroelectronics FP-SNS-MOTENVWB1 1.3.1
2025-06-15 18:59:27,797 [INFO] ThirdParty:1030 - CMSIS Pack Vendor :STMicroelectronics FP-ATR-SIGFOX1 3.2.0
2025-06-15 18:59:27,798 [INFO] ThirdParty:1030 - CMSIS Pack Vendor :STMicroelectronics X-CUBE-ISPU 2.0.0
2025-06-15 18:59:27,798 [INFO] ThirdParty:1030 - CMSIS Pack Vendor :STMicroelectronics X-CUBE-EEPRMA1 5.1.0
2025-06-15 18:59:27,798 [INFO] ThirdParty:1030 - CMSIS Pack Vendor :STMicroelectronics MBEDTLS 2.16.2
2025-06-15 18:59:27,798 [INFO] ThirdParty:1030 - CMSIS Pack Vendor :STMicroelectronics X-CUBE-ALS 1.0.2
2025-06-15 18:59:27,798 [INFO] ThirdParty:1030 - CMSIS Pack Vendor :STMicroelectronics X-CUBE-MEMS1 10.0.0
2025-06-15 18:59:27,798 [INFO] ThirdParty:1030 - CMSIS Pack Vendor :STMicroelectronics X-CUBE-FREERTOS 1.1.0
2025-06-15 18:59:27,798 [INFO] ThirdParty:1030 - CMSIS Pack Vendor :STMicroelectronics X-CUBE-TOUCHGFX 4.24.2
2025-06-15 18:59:27,798 [INFO] ThirdParty:1030 - CMSIS Pack Vendor :STMicroelectronics X-CUBE-TOUCHGFX 4.24.1
2025-06-15 18:59:27,798 [INFO] ThirdParty:1030 - CMSIS Pack Vendor :wolfSSL I-CUBE-wolfTPM 3.4.0
2025-06-15 18:59:27,798 [INFO] ThirdParty:1030 - CMSIS Pack Vendor :portGmbH I-Cube-SoM-uGOAL 1.1.0
2025-06-15 18:59:27,798 [INFO] ThirdParty:1030 - CMSIS Pack Vendor :STMicroelectronics X-CUBE-ALS 1.0.1
2025-06-15 18:59:27,798 [INFO] ThirdParty:1030 - CMSIS Pack Vendor :STMicroelectronics ThreadX 1.0.0
2025-06-15 18:59:27,798 [INFO] ThirdParty:1030 - CMSIS Pack Vendor :SEGGER I-CUBE-embOS 1.3.1
2025-06-15 18:59:27,798 [INFO] ThirdParty:1030 - CMSIS Pack Vendor :STMicroelectronics X-CUBE-ALGOBUILD 1.4.0
2025-06-15 18:59:27,798 [INFO] ThirdParty:1030 - CMSIS Pack Vendor :STMicroelectronics X-CUBE-MEMS1 11.3.0
2025-06-15 18:59:27,798 [INFO] ThirdParty:1030 - CMSIS Pack Vendor :STMicroelectronics X-CUBE-AZRTOS-H7RS 1.0.0
2025-06-15 18:59:27,798 [INFO] ThirdParty:1030 - CMSIS Pack Vendor :STMicroelectronics FP-ATR-ASTRA1 2.0.0
2025-06-15 18:59:27,798 [INFO] ThirdParty:1030 - CMSIS Pack Vendor :STMicroelectronics X-CUBE-AI 9.1.0
2025-06-15 18:59:27,798 [INFO] ThirdParty:1030 - CMSIS Pack Vendor :STMicroelectronics X-CUBE-TOF1 3.4.0
2025-06-15 18:59:27,798 [INFO] ThirdParty:1030 - CMSIS Pack Vendor :STMicroelectronics X-CUBE-TOF1 3.4.1
2025-06-15 18:59:27,798 [INFO] ThirdParty:1030 - CMSIS Pack Vendor :STMicroelectronics X-CUBE-AZRTOS-H7 3.2.0
2025-06-15 18:59:27,798 [INFO] ThirdParty:1030 - CMSIS Pack Vendor :wolfSSL I-CUBE-wolfSSH 1.4.17
2025-06-15 18:59:27,799 [INFO] ThirdParty:841 - exiting critical section [change project]
2025-06-15 18:59:28,275 [INFO] PinOutPanel:1499 - setPackage(No Configuration,No Configuration)
2025-06-15 18:59:28,277 [INFO] PinOutPanel:1499 - setPackage(STM32F401RETx,LQFP64)
2025-06-15 18:59:29,291 [INFO] UtilMem:75 - Before build in PCC Used Memory: 629550384 Bytes (819986432)
2025-06-15 18:59:30,573 [INFO] UtilMem:75 - After build in PCC Used Memory: 709459696 Bytes (819986432)
2025-06-15 18:59:30,622 [INFO] IPUIPlugin:80 - create IPUIPlugin
2025-06-15 18:59:30,622 [INFO] IPUIPlugin:80 - create IPUIPlugin
2025-06-15 18:59:30,623 [INFO] IPUIPlugin:80 - create IPUIPlugin
2025-06-15 18:59:30,623 [INFO] IPUIPlugin:80 - create IPUIPlugin
2025-06-15 18:59:30,623 [INFO] IPUIPlugin:80 - create IPUIPlugin
2025-06-15 18:59:30,625 [INFO] IPUIPlugin:80 - create IPUIPlugin
2025-06-15 18:59:30,625 [INFO] IPUIPlugin:80 - create IPUIPlugin
2025-06-15 18:59:30,626 [INFO] IPUIPlugin:80 - create IPUIPlugin
2025-06-15 18:59:30,626 [INFO] IPUIPlugin:80 - create IPUIPlugin
2025-06-15 18:59:30,627 [INFO] IPUIPlugin:80 - create IPUIPlugin
2025-06-15 18:59:30,627 [INFO] IPUIPlugin:80 - create IPUIPlugin
2025-06-15 18:59:30,627 [INFO] IPUIPlugin:80 - create IPUIPlugin
2025-06-15 18:59:30,628 [INFO] IPUIPlugin:80 - create IPUIPlugin
2025-06-15 18:59:30,628 [INFO] IPUIPlugin:80 - create IPUIPlugin
2025-06-15 18:59:30,628 [INFO] IPUIPlugin:80 - create IPUIPlugin
2025-06-15 18:59:30,629 [INFO] IPUIPlugin:80 - create IPUIPlugin
2025-06-15 18:59:30,629 [INFO] IPUIPlugin:80 - create IPUIPlugin
2025-06-15 18:59:30,629 [INFO] IPUIPlugin:80 - create IPUIPlugin
2025-06-15 18:59:30,630 [INFO] IPUIPlugin:80 - create IPUIPlugin
2025-06-15 18:59:30,630 [INFO] IPUIPlugin:80 - create IPUIPlugin
2025-06-15 18:59:30,631 [INFO] IPUIPlugin:80 - create IPUIPlugin
2025-06-15 18:59:30,631 [INFO] IPUIPlugin:80 - create IPUIPlugin
2025-06-15 18:59:30,632 [INFO] IPUIPlugin:80 - create IPUIPlugin
2025-06-15 18:59:30,632 [INFO] IPUIPlugin:80 - create IPUIPlugin
2025-06-15 18:59:30,632 [INFO] IPUIPlugin:80 - create IPUIPlugin
2025-06-15 18:59:30,633 [INFO] IPUIPlugin:80 - create IPUIPlugin
2025-06-15 18:59:30,633 [INFO] IPUIPlugin:80 - create IPUIPlugin
2025-06-15 18:59:30,633 [INFO] IPUIPlugin:80 - create IPUIPlugin
2025-06-15 18:59:30,633 [INFO] IPUIPlugin:80 - create IPUIPlugin
2025-06-15 18:59:30,634 [INFO] IPUIPlugin:80 - create IPUIPlugin
2025-06-15 18:59:30,634 [INFO] IPUIPlugin:80 - create IPUIPlugin
2025-06-15 18:59:30,635 [INFO] IPUIPlugin:80 - create IPUIPlugin
2025-06-15 18:59:30,635 [INFO] IPUIPlugin:80 - create IPUIPlugin
2025-06-15 18:59:30,635 [INFO] IPUIPlugin:80 - create IPUIPlugin
2025-06-15 18:59:30,636 [INFO] IPUIPlugin:80 - create IPUIPlugin
2025-06-15 18:59:30,636 [INFO] IPUIPlugin:80 - create IPUIPlugin
2025-06-15 18:59:30,637 [INFO] IPUIPlugin:80 - create IPUIPlugin
2025-06-15 18:59:30,637 [INFO] IPUIPlugin:80 - create IPUIPlugin
2025-06-15 18:59:30,812 [INFO] ApiDbMcu:507 - Load IP Config File for PDM2PCM
2025-06-15 18:59:31,157 [INFO] CADModel:165 - CPN selected for project levelSTM32F401RET6
2025-06-15 18:59:31,157 [INFO] CADModel:114 - Register for checkConnection events
2025-06-15 18:59:31,202 [INFO] OpenFileManager:328 - Restore cursor
2025-06-15 22:43:58,541 [INFO] Activator:176 - 


2025-06-15 22:43:58,543 [INFO] Activator:177 - !SESSION log4j initialized
2025-06-15 22:44:05,216 [INFO] LogOutputStream:77 - [STDOUT_REDIRECT] 
2025-06-15 22:44:27,463 [ERROR] LogOutputStream:75 - [STDERR_REDIRECT] SLF4J: Failed to load class "org.slf4j.impl.StaticLoggerBinder".
2025-06-15 22:44:27,463 [ERROR] LogOutputStream:75 - [STDERR_REDIRECT] SLF4J: Defaulting to no-operation (NOP) logger implementation
2025-06-15 22:44:27,465 [ERROR] LogOutputStream:75 - [STDERR_REDIRECT] SLF4J: See http://www.slf4j.org/codes.html#StaticLoggerBinder for further details.
