2025-01-22 11:26:12,998 [INFO] Activator:176 - 


2025-01-22 11:26:13,008 [INFO] Activator:177 - !SESSION log4j initialized
2025-01-22 11:26:19,217 [INFO] LogOutputStream:77 - [STDOUT_REDIRECT] 
2025-01-22 11:26:41,430 [ERROR] LogOutputStream:75 - [STDERR_REDIRECT] SLF4J: Failed to load class "org.slf4j.impl.StaticLoggerBinder".
2025-01-22 11:26:41,430 [ERROR] LogOutputStream:75 - [STDERR_REDIRECT] SLF4J: Defaulting to no-operation (NOP) logger implementation
2025-01-22 11:26:41,436 [ERROR] LogOutputStream:75 - [STDERR_REDIRECT] SLF4J: See http://www.slf4j.org/codes.html#StaticLoggerBinder for further details.
2025-01-22 11:28:11,472 [INFO] Activator:176 - 


2025-01-22 11:28:11,475 [INFO] Activator:177 - !SESSION log4j initialized
2025-01-22 11:28:17,257 [INFO] LogOutputStream:77 - [STDOUT_REDIRECT] 
2025-01-22 11:28:32,220 [INFO] ApplicationProperties:184 - Using Application install path: C:\ST\STM32CubeIDE_1.12.1\STM32CubeIDE\plugins\com.st.stm32cube.common.mx_6.8.1.202304191431
2025-01-22 11:28:32,242 [INFO] DbMcusXml:78 - Set database path to: C:\ST\STM32CubeIDE_1.12.1\STM32CubeIDE\plugins\com.st.stm32cube.common.mx_6.8.1.202304191431\\db\/mcu/
2025-01-22 11:28:32,242 [INFO] ApiDb:274 - Set plugin database path to: C:\ST\STM32CubeIDE_1.12.1\STM32CubeIDE\plugins\com.st.stm32cube.common.mx_6.8.1.202304191431\\db\/plugins/boardmanager/
2025-01-22 11:28:32,243 [WARN] ApiDb:259 - Overriding images path with different value:  => C:\ST\STM32CubeIDE_1.12.1\STM32CubeIDE\plugins\com.st.stm32cube.common.mx_6.8.1.202304191431\\db\/plugins/mcufinder/images/
2025-01-22 11:28:32,260 [INFO] ApiDb:250 - Set database path to: C:\Users\voine\.stmcufinder\plugins\mcufinder//mcu/
2025-01-22 11:28:32,262 [INFO] DbMcusAds:125 - Set database path to: C:\Users\voine\.stmcufinder\plugins\mcufinder//mcu/
2025-01-22 11:28:32,295 [INFO] CrossReferenceDbSqlite:203 - Set database path to: C:\Users\voine\.stmcufinder\plugins\mcufinder//mcu/cs/
2025-01-22 11:28:32,403 [INFO] RulesReader:64 - Compatibility file has been processed (293 Rules)
2025-01-22 11:28:32,524 [INFO] DbMcusXml:78 - Set database path to: C:\ST\STM32CubeIDE_1.12.1\STM32CubeIDE\plugins\com.st.stm32cube.common.mx_6.8.1.202304191431\\db\/mcu/
2025-01-22 11:28:32,524 [INFO] ApiDb:274 - Set plugin database path to: C:\ST\STM32CubeIDE_1.12.1\STM32CubeIDE\plugins\com.st.stm32cube.common.mx_6.8.1.202304191431\\db\/plugins/boardmanager/
2025-01-22 11:28:32,524 [INFO] ApiDb:261 - Set plugin images path to: C:\ST\STM32CubeIDE_1.12.1\STM32CubeIDE\plugins\com.st.stm32cube.common.mx_6.8.1.202304191431\\db\/plugins/mcufinder/images/
2025-01-22 11:28:32,524 [WARN] DbFile:41 - Overriding database path with different value: C:\Users\voine\.stmcufinder\plugins\mcufinder/ => C:\Users\voine\.stmcufinder\plugins\mcufinder
2025-01-22 11:28:32,524 [INFO] ApiDb:250 - Set database path to: C:\Users\voine\.stmcufinder\plugins\mcufinder//mcu/
2025-01-22 11:28:32,524 [WARN] DbFile:41 - Overriding database path with different value: C:\Users\voine\.stmcufinder\plugins\mcufinder/ => C:\Users\voine\.stmcufinder\plugins\mcufinder
2025-01-22 11:28:32,524 [INFO] DbMcusAds:125 - Set database path to: C:\Users\voine\.stmcufinder\plugins\mcufinder//mcu/
2025-01-22 11:28:32,525 [WARN] DbFile:41 - Overriding database path with different value: C:\Users\voine\.stmcufinder\plugins\mcufinder/ => C:\Users\voine\.stmcufinder\plugins\mcufinder
2025-01-22 11:28:32,525 [WARN] DbFile:41 - Overriding database path with different value: C:\Users\voine\.stmcufinder\plugins\mcufinder/ => C:\Users\voine\.stmcufinder\plugins\mcufinder
2025-01-22 11:28:32,525 [INFO] CrossReferenceDbSqlite:203 - Set database path to: C:\Users\voine\.stmcufinder\plugins\mcufinder//mcu/cs/
2025-01-22 11:28:32,605 [INFO] MainPanel:253 - HeapMemory: 268435456
2025-01-22 11:28:32,704 [INFO] DbMcusXml:78 - Set database path to: C:\ST\STM32CubeIDE_1.12.1\STM32CubeIDE\plugins\com.st.stm32cube.common.mx_6.8.1.202304191431\\db\/mcu/
2025-01-22 11:28:32,704 [INFO] ApiDb:274 - Set plugin database path to: C:\ST\STM32CubeIDE_1.12.1\STM32CubeIDE\plugins\com.st.stm32cube.common.mx_6.8.1.202304191431\\db\/plugins/boardmanager/
2025-01-22 11:28:32,704 [INFO] ApiDb:261 - Set plugin images path to: C:\ST\STM32CubeIDE_1.12.1\STM32CubeIDE\plugins\com.st.stm32cube.common.mx_6.8.1.202304191431\\db\/plugins/mcufinder/images/
2025-01-22 11:28:32,705 [WARN] DbFile:41 - Overriding database path with different value: C:\Users\voine\.stmcufinder\plugins\mcufinder/ => C:\Users\voine\.stmcufinder\plugins\mcufinder
2025-01-22 11:28:32,705 [INFO] ApiDb:250 - Set database path to: C:\Users\voine\.stmcufinder\plugins\mcufinder//mcu/
2025-01-22 11:28:32,705 [WARN] DbFile:41 - Overriding database path with different value: C:\Users\voine\.stmcufinder\plugins\mcufinder/ => C:\Users\voine\.stmcufinder\plugins\mcufinder
2025-01-22 11:28:32,705 [INFO] DbMcusAds:125 - Set database path to: C:\Users\voine\.stmcufinder\plugins\mcufinder//mcu/
2025-01-22 11:28:32,705 [WARN] DbFile:41 - Overriding database path with different value: C:\Users\voine\.stmcufinder\plugins\mcufinder/ => C:\Users\voine\.stmcufinder\plugins\mcufinder
2025-01-22 11:28:32,705 [WARN] DbFile:41 - Overriding database path with different value: C:\Users\voine\.stmcufinder\plugins\mcufinder/ => C:\Users\voine\.stmcufinder\plugins\mcufinder
2025-01-22 11:28:32,706 [INFO] CrossReferenceDbSqlite:203 - Set database path to: C:\Users\voine\.stmcufinder\plugins\mcufinder//mcu/cs/
2025-01-22 11:28:32,728 [INFO] ApplicationProperties:184 - Using Application install path: C:\ST\STM32CubeIDE_1.12.1\STM32CubeIDE\plugins\com.st.stm32cube.common.mx_6.8.1.202304191431
2025-01-22 11:28:32,730 [INFO] PluginManage:196 - Search for loadable plugins [exclusion list=, ]
2025-01-22 11:28:32,731 [INFO] PluginManage:310 - Check plugin analytics
2025-01-22 11:28:32,880 [INFO] AnalyticsPlugin:253 - Accepted Software Licenses: 
2025-01-22 11:28:32,880 [INFO] AnalyticsPlugin:255 - Accepted CMSIS Pack Licenses: 
2025-01-22 11:28:32,881 [INFO] AnalyticsPlugin:257 - Accepted Firmware Licenses: FW.F4.1.27.0
2025-01-22 11:28:32,893 [INFO] PluginManage:359 - Loaded plugin analytics (category:tool,tabindex:-1)
2025-01-22 11:28:32,893 [INFO] PluginManage:310 - Check plugin cadmodel
2025-01-22 11:28:32,911 [INFO] CADModel:105 - Init CAD model plugin
2025-01-22 11:28:32,911 [INFO] PluginManage:359 - Loaded plugin cadmodel (category:power,tabindex:5)
2025-01-22 11:28:32,911 [INFO] PluginManage:310 - Check plugin clock
2025-01-22 11:28:32,934 [INFO] PluginManage:359 - Loaded plugin clock (category:base,tabindex:2)
2025-01-22 11:28:32,934 [INFO] PluginManage:310 - Check plugin ddr
2025-01-22 11:28:32,936 [INFO] PluginManage:359 - Loaded plugin ddr (category:tool,tabindex:6)
2025-01-22 11:28:32,936 [INFO] PluginManage:310 - Check plugin filemanager
2025-01-22 11:28:33,057 [INFO] PluginManage:359 - Loaded plugin filemanager (category:base,tabindex:10)
2025-01-22 11:28:33,057 [INFO] PluginManage:310 - Check plugin ipmanager
2025-01-22 11:28:33,065 [INFO] PluginManage:359 - Loaded plugin ipmanager (category:base,tabindex:5)
2025-01-22 11:28:33,065 [INFO] PluginManage:310 - Check plugin lpbam
2025-01-22 11:28:33,085 [INFO] PluginManage:359 - Loaded plugin lpbam (category:base,tabindex:0)
2025-01-22 11:28:33,085 [INFO] PluginManage:310 - Check plugin pinoutandconfiguration
2025-01-22 11:28:33,105 [INFO] PluginManage:359 - Loaded plugin pinoutandconfiguration (category:base,tabindex:1)
2025-01-22 11:28:33,105 [INFO] PluginManage:310 - Check plugin pinoutconfig
2025-01-22 11:28:33,209 [WARN] SupportedApi:132 - Cannot load RTOS API schema: s4s-elt-must-match.1: The content of 'definitions' must match (annotation?, (simpleType | complexType)?, (unique | key | keyref)*)). A problem was found starting at: attribute.
2025-01-22 11:28:33,355 [INFO] PluginManage:359 - Loaded plugin pinoutconfig (category:base,tabindex:0)
2025-01-22 11:28:33,355 [INFO] PluginManage:310 - Check plugin power
2025-01-22 11:28:33,380 [INFO] PluginManage:359 - Loaded plugin power (category:power,tabindex:4)
2025-01-22 11:28:33,380 [INFO] PluginManage:310 - Check plugin projectmanager
2025-01-22 11:28:33,398 [INFO] PluginManage:359 - Loaded plugin projectmanager (category:projectmanager,tabindex:3)
2025-01-22 11:28:33,398 [INFO] PluginManage:310 - Check plugin thirdparty
2025-01-22 11:28:33,666 [INFO] PluginManage:359 - Loaded plugin thirdparty (category:base,tabindex:-1)
2025-01-22 11:28:33,666 [WARN] IntegrityCheckThread:84 - waiting for thirdparty lock release [integrity check]
2025-01-22 11:28:33,666 [INFO] PluginManage:310 - Check plugin tools
2025-01-22 11:28:33,666 [INFO] IntegrityCheckThread:86 - entering critical section [integrity check]
2025-01-22 11:28:33,668 [INFO] ThirdPartyUpdaterWithRetryManager:70 - Updater plugin not ready yet. [1/15]
2025-01-22 11:28:33,704 [INFO] PluginManage:359 - Loaded plugin tools (category:base,tabindex:7)
2025-01-22 11:28:33,704 [INFO] PluginManage:310 - Check plugin tutovideos
2025-01-22 11:28:33,924 [INFO] PluginManage:359 - Loaded plugin tutovideos (category:base,tabindex:-1)
2025-01-22 11:28:33,924 [INFO] PluginManage:310 - Check plugin updater
2025-01-22 11:28:33,939 [INFO] PluginManage:359 - Loaded plugin updater (category:base,tabindex:12)
2025-01-22 11:28:33,940 [INFO] PluginManage:283 - PluginManage : Loaded plugins [15]
2025-01-22 11:28:34,192 [INFO] PinOutPanel:1499 - setPackage(No Configuration,No Configuration)
2025-01-22 11:28:34,257 [INFO] CADModel:165 - CPN selected for project level
2025-01-22 11:28:34,257 [INFO] CADModel:114 - Register for checkConnection events
2025-01-22 11:28:34,286 [INFO] IPUIPlugin:80 - create IPUIPlugin
2025-01-22 11:28:34,286 [INFO] PluginManager:220 - loadIPPluginJar : add adc
2025-01-22 11:28:34,324 [INFO] IPUIPlugin:80 - create IPUIPlugin
2025-01-22 11:28:34,324 [INFO] PluginManager:220 - loadIPPluginJar : add aes
2025-01-22 11:28:34,367 [INFO] IPUIPlugin:80 - create IPUIPlugin
2025-01-22 11:28:34,367 [INFO] PluginManager:220 - loadIPPluginJar : add can
2025-01-22 11:28:34,394 [INFO] IPUIPlugin:80 - create IPUIPlugin
2025-01-22 11:28:34,395 [INFO] PluginManager:220 - loadIPPluginJar : add comp
2025-01-22 11:28:34,432 [INFO] IPUIPlugin:80 - create IPUIPlugin
2025-01-22 11:28:34,433 [INFO] PluginManager:220 - loadIPPluginJar : add cryp
2025-01-22 11:28:34,465 [INFO] IPUIPlugin:80 - create IPUIPlugin
2025-01-22 11:28:34,466 [INFO] PluginManager:220 - loadIPPluginJar : add dfsdm
2025-01-22 11:28:34,482 [INFO] IPUIPlugin:80 - create IPUIPlugin
2025-01-22 11:28:34,482 [INFO] PluginManager:220 - loadIPPluginJar : add dma
2025-01-22 11:28:34,531 [INFO] IPUIPlugin:80 - create IPUIPlugin
2025-01-22 11:28:34,531 [INFO] PluginManager:220 - loadIPPluginJar : add dma3
2025-01-22 11:28:34,556 [INFO] IPUIPlugin:80 - create IPUIPlugin
2025-01-22 11:28:34,556 [INFO] PluginManager:220 - loadIPPluginJar : add fatfs
2025-01-22 11:28:34,604 [INFO] IPUIPlugin:80 - create IPUIPlugin
2025-01-22 11:28:34,604 [INFO] PluginManager:220 - loadIPPluginJar : add fmc
2025-01-22 11:28:34,621 [INFO] IPUIPlugin:80 - create IPUIPlugin
2025-01-22 11:28:34,621 [INFO] PluginManager:220 - loadIPPluginJar : add freertos
2025-01-22 11:28:34,645 [INFO] IPUIPlugin:80 - create IPUIPlugin
2025-01-22 11:28:34,645 [INFO] PluginManager:220 - loadIPPluginJar : add genericplugin
2025-01-22 11:28:34,735 [INFO] IPUIPlugin:80 - create IPUIPlugin
2025-01-22 11:28:34,735 [INFO] PluginManager:220 - loadIPPluginJar : add gfxmmu
2025-01-22 11:28:34,871 [INFO] IPUIPlugin:80 - create IPUIPlugin
2025-01-22 11:28:34,871 [INFO] PluginManager:220 - loadIPPluginJar : add gic
2025-01-22 11:28:34,886 [INFO] IPUIPlugin:80 - create IPUIPlugin
2025-01-22 11:28:34,886 [INFO] PluginManager:220 - loadIPPluginJar : add gpio
2025-01-22 11:28:34,981 [INFO] IPUIPlugin:80 - create IPUIPlugin
2025-01-22 11:28:34,981 [INFO] PluginManager:220 - loadIPPluginJar : add gtzc
2025-01-22 11:28:35,018 [INFO] IPUIPlugin:80 - create IPUIPlugin
2025-01-22 11:28:35,018 [INFO] PluginManager:220 - loadIPPluginJar : add hash
2025-01-22 11:28:35,080 [INFO] IPUIPlugin:80 - create IPUIPlugin
2025-01-22 11:28:35,080 [INFO] PluginManager:220 - loadIPPluginJar : add i2c
2025-01-22 11:28:35,129 [INFO] IPUIPlugin:80 - create IPUIPlugin
2025-01-22 11:28:35,130 [INFO] PluginManager:220 - loadIPPluginJar : add i2s
2025-01-22 11:28:35,178 [INFO] IPUIPlugin:80 - create IPUIPlugin
2025-01-22 11:28:35,178 [INFO] PluginManager:220 - loadIPPluginJar : add i3c
2025-01-22 11:28:35,296 [INFO] IPUIPlugin:80 - create IPUIPlugin
2025-01-22 11:28:35,297 [INFO] PluginManager:220 - loadIPPluginJar : add ipddr
2025-01-22 11:28:35,391 [INFO] IPUIPlugin:80 - create IPUIPlugin
2025-01-22 11:28:35,391 [INFO] PluginManager:220 - loadIPPluginJar : add linkedlist
2025-01-22 11:28:35,429 [INFO] IPUIPlugin:80 - create IPUIPlugin
2025-01-22 11:28:35,430 [INFO] PluginManager:220 - loadIPPluginJar : add lorawan
2025-01-22 11:28:35,469 [INFO] IPUIPlugin:80 - create IPUIPlugin
2025-01-22 11:28:35,470 [INFO] PluginManager:220 - loadIPPluginJar : add ltdc
2025-01-22 11:28:35,486 [INFO] IPUIPlugin:80 - create IPUIPlugin
2025-01-22 11:28:35,486 [INFO] PluginManager:220 - loadIPPluginJar : add mdma
2025-01-22 11:28:35,500 [INFO] IPUIPlugin:80 - create IPUIPlugin
2025-01-22 11:28:35,500 [INFO] PluginManager:220 - loadIPPluginJar : add nvic
2025-01-22 11:28:35,543 [INFO] IPUIPlugin:80 - create IPUIPlugin
2025-01-22 11:28:35,543 [INFO] PluginManager:220 - loadIPPluginJar : add opamp
2025-01-22 11:28:35,606 [INFO] IPUIPlugin:80 - create IPUIPlugin
2025-01-22 11:28:35,607 [INFO] PluginManager:220 - loadIPPluginJar : add openamp
2025-01-22 11:28:35,655 [INFO] IPUIPlugin:80 - create IPUIPlugin
2025-01-22 11:28:35,655 [INFO] PluginManager:220 - loadIPPluginJar : add pdm2pcm
2025-01-22 11:28:35,673 [INFO] IPUIPlugin:80 - create IPUIPlugin
2025-01-22 11:28:35,676 [INFO] PluginManager:220 - loadIPPluginJar : add plateformsettings
2025-01-22 11:28:35,703 [INFO] IPUIPlugin:80 - create IPUIPlugin
2025-01-22 11:28:35,703 [INFO] PluginManager:220 - loadIPPluginJar : add quadspi
2025-01-22 11:28:35,718 [INFO] IPUIPlugin:80 - create IPUIPlugin
2025-01-22 11:28:35,718 [INFO] PluginManager:220 - loadIPPluginJar : add resmgrutility
2025-01-22 11:28:35,772 [INFO] IPUIPlugin:80 - create IPUIPlugin
2025-01-22 11:28:35,773 [INFO] PluginManager:220 - loadIPPluginJar : add sai
2025-01-22 11:28:35,819 [INFO] IPUIPlugin:80 - create IPUIPlugin
2025-01-22 11:28:35,819 [INFO] PluginManager:220 - loadIPPluginJar : add spi
2025-01-22 11:28:35,883 [INFO] IPUIPlugin:80 - create IPUIPlugin
2025-01-22 11:28:35,883 [INFO] PluginManager:220 - loadIPPluginJar : add stm32_wpan
2025-01-22 11:28:35,910 [INFO] IPUIPlugin:80 - create IPUIPlugin
2025-01-22 11:28:35,910 [INFO] PluginManager:220 - loadIPPluginJar : add tim
2025-01-22 11:28:35,966 [INFO] IPUIPlugin:80 - create IPUIPlugin
2025-01-22 11:28:35,967 [INFO] PluginManager:220 - loadIPPluginJar : add touchsensing
2025-01-22 11:28:35,991 [INFO] IPUIPlugin:80 - create IPUIPlugin
2025-01-22 11:28:35,992 [INFO] PluginManager:220 - loadIPPluginJar : add tracer_emb
2025-01-22 11:28:36,018 [INFO] IPUIPlugin:80 - create IPUIPlugin
2025-01-22 11:28:36,018 [INFO] PluginManager:220 - loadIPPluginJar : add ts
2025-01-22 11:28:36,043 [INFO] IPUIPlugin:80 - create IPUIPlugin
2025-01-22 11:28:36,043 [INFO] PluginManager:220 - loadIPPluginJar : add tsc
2025-01-22 11:28:36,069 [INFO] IPUIPlugin:80 - create IPUIPlugin
2025-01-22 11:28:36,069 [INFO] PluginManager:220 - loadIPPluginJar : add ucpd
2025-01-22 11:28:36,116 [INFO] IPUIPlugin:80 - create IPUIPlugin
2025-01-22 11:28:36,116 [INFO] PluginManager:220 - loadIPPluginJar : add usart
2025-01-22 11:28:36,161 [INFO] IPUIPlugin:80 - create IPUIPlugin
2025-01-22 11:28:36,161 [INFO] PluginManager:220 - loadIPPluginJar : add usbx
2025-01-22 11:28:36,287 [INFO] CADModel:165 - CPN selected for project level
2025-01-22 11:28:36,287 [INFO] CADModel:114 - Register for checkConnection events
2025-01-22 11:28:36,292 [FATAL] Updater:308 - Updater called before beeing initialized
2025-01-22 11:28:36,292 [ERROR] CADModel:125 - Updater not yet initialized, retry later 
2025-01-22 11:28:36,446 [INFO] CADModel:165 - CPN selected for project level
2025-01-22 11:28:36,446 [INFO] CADModel:114 - Register for checkConnection events
2025-01-22 11:28:36,446 [FATAL] Updater:308 - Updater called before beeing initialized
2025-01-22 11:28:36,446 [ERROR] CADModel:125 - Updater not yet initialized, retry later 
2025-01-22 11:28:36,449 [FATAL] Updater:308 - Updater called before beeing initialized
2025-01-22 11:28:36,579 [FATAL] Updater:308 - Updater called before beeing initialized
2025-01-22 11:28:36,599 [INFO] DbMcusAds:53 - JSON generation date=Fri Sep 20 16:04:23 EEST 2024 (1726837463113)
2025-01-22 11:28:36,599 [FATAL] Updater:308 - Updater called before beeing initialized
2025-01-22 11:28:36,669 [INFO] ThirdPartyUpdaterWithRetryManager:70 - Updater plugin not ready yet. [2/15]
2025-01-22 11:28:36,680 [WARN] DetailPanel:346 - Failed to get advertising image, set to default
2025-01-22 11:28:36,782 [FATAL] Updater:308 - Updater called before beeing initialized
2025-01-22 11:28:36,785 [FATAL] Updater:308 - Updater called before beeing initialized
2025-01-22 11:28:36,785 [FATAL] Updater:308 - Updater called before beeing initialized
2025-01-22 11:28:36,785 [WARN] DetailPanel:346 - Failed to get advertising image, set to default
2025-01-22 11:28:36,786 [FATAL] Updater:308 - Updater called before beeing initialized
2025-01-22 11:28:36,853 [ERROR] Updater:1120 - MainUpdater not yet initialized. External WinMGr cannot be set.
2025-01-22 11:28:36,863 [INFO] Updater:1056 - Updater Version found : 6.8.1
2025-01-22 11:28:36,882 [INFO] ApplicationProperties:184 - Using Application install path: C:\ST\STM32CubeIDE_1.12.1\STM32CubeIDE\plugins\com.st.stm32cube.common.mx_6.8.1.202304191431
2025-01-22 11:28:37,026 [INFO] MainUpdater:2854 - connection check result : 10
2025-01-22 11:28:37,026 [INFO] MainUpdater:3548 - Updater definition file requires update
2025-01-22 11:28:37,027 [INFO] MainUpdater:283 - Updater Check For Update Now.
2025-01-22 11:28:37,028 [INFO] MicroXplorer:498 - Change Database Version : DB.6.0.81
2025-01-22 11:28:37,181 [INFO] ServerAccessManage:473 - Download File updaters.zip
2025-01-22 11:28:37,237 [INFO] FileExtend:240 - Unzip File : updaters.zip
2025-01-22 11:28:37,237 [INFO] FileExtend:255 - Standard Zip Deflate
2025-01-22 11:28:38,002 [INFO] ServerAccessManage:473 - Download File PacksControlFlags.xml
2025-01-22 11:28:38,105 [INFO] ServerAccessManage:473 - Download File cubemx.pidx
2025-01-22 11:28:38,561 [INFO] ServerAccessManage:473 - Download File STMicroelectronics.X-CUBE-AI.pdsc
2025-01-22 11:28:39,240 [ERROR] LogOutputStream:75 - [STDERR_REDIRECT] SLF4J: Failed to load class "org.slf4j.impl.StaticLoggerBinder".
2025-01-22 11:28:39,243 [ERROR] LogOutputStream:75 - [STDERR_REDIRECT] SLF4J: Defaulting to no-operation (NOP) logger implementation
2025-01-22 11:28:39,245 [ERROR] LogOutputStream:75 - [STDERR_REDIRECT] SLF4J: See http://www.slf4j.org/codes.html#StaticLoggerBinder for further details.
2025-01-22 11:28:39,325 [INFO] ServerAccessManage:473 - Download File STMicroelectronics.X-CUBE-GNSS1.pdsc
2025-01-22 11:28:39,682 [WARN] MainUpdater:1187 - Updater busy. Cannot search thirdparties
2025-01-22 11:28:39,682 [INFO] ThirdPartyUpdaterWithRetryManager:96 - Updater plugin is busy. [1/15]
2025-01-22 11:28:40,613 [ERROR] ServerAccessManage:1089 - Problem, file not found on Server
2025-01-22 11:28:40,795 [ERROR] ServerAccessManage:1089 - Problem, file not found on Server
2025-01-22 11:28:40,994 [ERROR] ServerAccessManage:1089 - Problem, file not found on Server
2025-01-22 11:28:41,120 [ERROR] ServerAccessManage:1089 - Problem, file not found on Server
2025-01-22 11:28:41,307 [ERROR] ServerAccessManage:1089 - Problem, file not found on Server
2025-01-22 11:28:41,493 [ERROR] ServerAccessManage:1089 - Problem, file not found on Server
2025-01-22 11:28:41,631 [INFO] ServerAccessManage:473 - Download File STMicroelectronics.X-CUBE-IPS.pdsc
2025-01-22 11:28:42,024 [INFO] ServerAccessManage:473 - Download File STMicroelectronics.X-CUBE-MEMS1.pdsc
2025-01-22 11:28:42,683 [WARN] MainUpdater:1187 - Updater busy. Cannot search thirdparties
2025-01-22 11:28:42,683 [INFO] ThirdPartyUpdaterWithRetryManager:96 - Updater plugin is busy. [2/15]
2025-01-22 11:28:45,054 [INFO] ServerAccessManage:473 - Download File STMicroelectronics.X-CUBE-TOUCHGFX.pdsc
2025-01-22 11:28:45,684 [WARN] MainUpdater:1187 - Updater busy. Cannot search thirdparties
2025-01-22 11:28:45,684 [INFO] ThirdPartyUpdaterWithRetryManager:96 - Updater plugin is busy. [3/15]
2025-01-22 11:28:48,373 [WARN] PackLoader:240 - Cannot read IP mode file for STMicroelectronics.X-CUBE-AI.10.0.0
2025-01-22 11:28:48,385 [WARN] PackLoader:240 - Cannot read IP mode file for STMicroelectronics.X-CUBE-GNSS1.7.0.1
2025-01-22 11:28:48,394 [WARN] PopulateThirdPartyThread:106 - Error when creating pack: C:/Users/voine/.stm32cubemx/thirdparties/pdsc/STMicroelectronics.X-CUBE-IPS.pdsc
2025-01-22 11:28:48,477 [WARN] PackLoader:240 - Cannot read IP mode file for STMicroelectronics.X-CUBE-MEMS1.11.1.0
2025-01-22 11:28:48,545 [INFO] CheckServerUpdateThread:120 - End of CheckServer Thread
2025-01-22 11:28:48,577 [INFO] MainUpdater:2854 - connection check result : 10
2025-01-22 11:28:48,626 [INFO] McuFinderGlobals:66 - Set McuFinderConnectedMode to true
2025-01-22 11:28:48,693 [WARN] MainUpdater:1187 - Updater busy. Cannot search thirdparties
2025-01-22 11:28:48,694 [INFO] ThirdPartyUpdaterWithRetryManager:96 - Updater plugin is busy. [4/15]
2025-01-22 11:28:48,723 [WARN] PackLoader:240 - Cannot read IP mode file for STMicroelectronics.X-CUBE-TOUCHGFX.4.24.2
2025-01-22 11:28:48,723 [INFO] PopulateThirdPartyThread:66 - Ending populate Thread
2025-01-22 11:28:48,736 [INFO] ThirdParty:1030 - CMSIS Pack Vendor :STMicroelectronics X-CUBE-AI 10.0.0
2025-01-22 11:28:48,738 [INFO] ThirdParty:1030 - CMSIS Pack Vendor :STMicroelectronics X-CUBE-GNSS1 7.0.1
2025-01-22 11:28:48,738 [INFO] ThirdParty:1030 - CMSIS Pack Vendor :STMicroelectronics X-CUBE-MEMS1 11.1.0
2025-01-22 11:28:48,738 [INFO] ThirdParty:1030 - CMSIS Pack Vendor :STMicroelectronics X-CUBE-TOUCHGFX 4.24.2
2025-01-22 11:28:48,738 [INFO] LoadServerUpdatesThread:373 - End of LoadServerUpdate Thread
2025-01-22 11:28:48,931 [INFO] ServerAccessManage:473 - Download File mcusAds.json._tmp_
2025-01-22 11:28:49,055 [INFO] LoadUrlFilesThread:156 - End of LoadUrlFiles Thread
2025-01-22 11:28:49,175 [INFO] ServerAccessManage:473 - Download File cube-finder-db.zip
2025-01-22 11:28:50,111 [INFO] FileExtend:240 - Unzip File : cube-finder-db.zip
2025-01-22 11:28:50,112 [INFO] FileExtend:255 - Standard Zip Deflate
2025-01-22 11:28:51,102 [INFO] LoadUrlFilesThread:156 - End of LoadUrlFiles Thread
2025-01-22 11:28:51,455 [INFO] ServerAccessManage:473 - Download File crdb.zip
2025-01-22 11:28:51,629 [INFO] FileExtend:240 - Unzip File : crdb.zip
2025-01-22 11:28:51,629 [INFO] FileExtend:255 - Standard Zip Deflate
2025-01-22 11:28:51,705 [WARN] MainUpdater:1187 - Updater busy. Cannot search thirdparties
2025-01-22 11:28:51,706 [INFO] ThirdPartyUpdaterWithRetryManager:96 - Updater plugin is busy. [5/15]
2025-01-22 11:28:51,786 [INFO] LoadUrlFilesThread:156 - End of LoadUrlFiles Thread
2025-01-22 11:28:52,013 [INFO] ServerAccessManage:473 - Download File tutoVideoDB.zip
2025-01-22 11:28:52,018 [INFO] FileExtend:240 - Unzip File : tutoVideoDB.zip
2025-01-22 11:28:52,018 [INFO] FileExtend:255 - Standard Zip Deflate
2025-01-22 11:28:52,148 [INFO] LoadUrlFilesThread:156 - End of LoadUrlFiles Thread
2025-01-22 11:28:52,156 [WARN] DbFile:41 - Overriding database path with different value: C:\Users\voine\.stmcufinder\plugins\mcufinder/ => C:\Users\voine\.stmcufinder\plugins\mcufinder
2025-01-22 11:28:52,353 [INFO] ServerAccessManage:473 - Download File api_config.json
2025-01-22 11:28:52,474 [INFO] LoadUrlFilesThread:156 - End of LoadUrlFiles Thread
2025-01-22 11:28:52,475 [INFO] DbMcusAds:53 - JSON generation date=Tue Dec 17 18:01:15 EET 2024 (1734451275111)
2025-01-22 11:28:52,531 [INFO] ServerAccessManage:473 - Download File 
2025-01-22 11:28:52,535 [INFO] LoadUrlFilesThread:185 - End of LoadServerUrlFiles without Thread
2025-01-22 11:28:52,535 [INFO] TargetSelectorAdapter:259 - Refresh data is successful
2025-01-22 11:28:52,674 [INFO] ApiDb:581 - Connected to CubeFinder SQLite database (C:\Users\voine\.stmcufinder\plugins\mcufinder\mcu\cube-finder-db.db)
2025-01-22 11:28:52,757 [INFO] ApiDb:668 - CubeFinder database Data Model version=2.1
2025-01-22 11:28:52,758 [INFO] ApiDb:669 - CubeFinder database Configuration version=3.0.39
2025-01-22 11:28:52,759 [INFO] ApiDb:670 - CubeFinder database generation date=2024-12-10 (1733817889)
2025-01-22 11:28:52,760 [INFO] ApiDb:671 - CubeFinder database FW Pack versions=[FP-ATR-ASTRA1_V2.0.0, FP-SNS-FLIGHT1_V5.0.2, FP-SNS-MOTENV1_V5.0.0, FP-SNS-MOTENVWB1_V1.4.0, FP-SNS-SMARTAG2_V1.2.0, FP-SNS-STBOX1_V2.0.0, STM32Cube_FW_C0_V1.3.0, STM32Cube_FW_F4_V1.28.1, STM32Cube_FW_F7_V1.17.2, STM32Cube_FW_G0_V1.6.2, STM32Cube_FW_G4_V1.6.1, STM32Cube_FW_H5_V1.4.0, STM32Cube_FW_H7RS_V1.1.0, STM32Cube_FW_H7_V1.12.0, STM32Cube_FW_L0_V1.12.2, STM32Cube_FW_L4_V1.18.1, STM32Cube_FW_L5_V1.5.1, STM32Cube_FW_N6_V1.0.0, STM32Cube_FW_U0_V1.2.0, STM32Cube_FW_U3_V1.0.0, STM32Cube_FW_U5_V1.7.0, STM32Cube_FW_WB0_V1.1.0, STM32Cube_FW_WBA_V1.5.0, STM32Cube_FW_WB_V1.21.0, STM32Cube_FW_WL3_V1.0.0, STM32Cube_FW_WL_V1.3.0, X-CUBE-ALGOBUILD_V1.4.0, X-CUBE-ALS_V1.0.2, X-CUBE-AZRTOS-F4_V1.1.0, X-CUBE-AZRTOS-F7_V1.1.0, X-CUBE-AZRTOS-G0_V1.1.0, X-CUBE-AZRTOS-G4_V2.0.0, X-CUBE-AZRTOS-H7RS_V1.0.0, X-CUBE-AZRTOS-H7_V3.3.0, X-CUBE-AZRTOS-L4_V2.0.0, X-CUBE-AZRTOS-L5_V2.0.0, X-CUBE-AZRTOS-WB_V2.0.0, X-CUBE-AZRTOS-WL_V2.0.0, X-CUBE-BLE1_V7.0.0, X-CUBE-BLE2_V3.3.0, X-CUBE-BLEMGR_V3.1.0, X-CUBE-EEPRMA1_V5.1.0, X-CUBE-FREERTOS_V1.2.0, X-CUBE-GNSS1_V6.0.0, X-CUBE-MEMS1_V11.0.0, X-CUBE-NFC4_V3.0.0, X-CUBE-NFC7_V1.0.1, X-CUBE-SFXS2LP1_V4.0.0, X-CUBE-SUBG2_V5.0.0, X-CUBE-TOF1_V3.4.2]
2025-01-22 11:28:54,826 [INFO] ApiDb:240 - Found 297 in-development CPN: [B-G473E-ZEST1S, B-WB1M-WPAN1, B-WL5M-SUBG1, NUCLEO-C031C6, NUCLEO-H503RB, NUCLEO-H563ZI, NUCLEO-U545RE-Q, NUCLEO-U5A5ZJ-Q, NUCLEO-WBA52CG, STEVAL-PROTEUS1, STEVAL-STWINBX1, STM320518-EVAL, STM32C0116-DK, STM32C011D6Y3TR, STM32C011D6Y6TR, STM32C011F4P3, STM32C011F4P6, STM32C011F4U3, STM32C011F4U6TR, STM32C011F6P3, STM32C011F6P6, STM32C011F6U3, STM32C011F6U6TR, STM32C011J4M3, STM32C011J4M6, STM32C011J6M3, STM32C011J6M6, STM32C0316-DK, STM32C031C4T3, STM32C031C4T6, STM32C031C4U3, STM32C031C4U6, STM32C031C6T3, STM32C031C6T6, STM32C031C6U3, STM32C031C6U6, STM32C031F4P3, STM32C031F4P6, STM32C031F6P3, STM32C031F6P6, STM32C031G4U3, STM32C031G4U6, STM32C031G6U3, STM32C031G6U6, STM32C031K4T3, STM32C031K4T6, STM32C031K4U3, STM32C031K4U6, STM32C031K6T3, STM32C031K6T6, STM32C031K6U3, STM32C031K6U6, STM32G071K8TXN, STM32G071K8UXN, STM32G081GBU6N, STM32G081KBT6N, STM32G081KBUXN, STM32G0B1CCT6N, STM32G0B1KCT6, STM32G0B1NEY6TR, STM32G0B1RCT6N, STM32G0C1CCT6, STM32G0C1CCT6N, STM32G0C1CCU6N, STM32G0C1CET6N, STM32G0C1CEU6N, STM32G0C1KCT6, STM32G0C1NEY6TR, STM32G0C1RCI6N, STM32G0C1RCT6N, STM32G0C1REI6N, STM32G0C1RET6N, STM32G0C1VCI6, STM32G0C1VEI6, STM32G471CCT6, STM32G471CCU6, STM32G471CET3, STM32G471CET6, STM32G471CEU3, STM32G471CEU6, STM32G471MCT6, STM32G471MET3, STM32G471MET6, STM32G471MEY6TR, STM32G471QCT6, STM32G471QET3, STM32G471RCT6, STM32G471RET3, STM32G471RET6, STM32G471VCH6, STM32G471VCI6, STM32G471VCT6, STM32G471VEH3, STM32G471VEH6, STM32G471VEI3, STM32G471VEI6, STM32G471VET3, STM32G471VET6, STM32G474CCT6, STM32H503CBT6, STM32H503CBU6, STM32H503EBY6TR, STM32H503KBU6, STM32H503RBT6, STM32H562AGI6, STM32H562AII6, STM32H562IGK6, STM32H562IGT6, STM32H562IIK6, STM32H562IIT6, STM32H562RGT6, STM32H562RGV6, STM32H562RIT6, STM32H562RIV6, STM32H562VGT6, STM32H562VIT6, STM32H562ZGT6, STM32H562ZIT6, STM32H563AGI6, STM32H563AII3Q, STM32H563AII6, STM32H563IGK6, STM32H563IGT6, STM32H563IIK3Q, STM32H563IIK6, STM32H563IIT3Q, STM32H563IIT6, STM32H563MIY3QTR, STM32H563RGT6, STM32H563RGV6, STM32H563RIT6, STM32H563RIV6, STM32H563VGT6, STM32H563VIT3Q, STM32H563VIT6, STM32H563ZGT6, STM32H563ZIT3Q, STM32H563ZIT6, STM32H573AII3Q, STM32H573AII6, STM32H573I-DK, STM32H573IIK3Q, STM32H573IIK6, STM32H573IIT3Q, STM32H573IIT6, STM32H573MIY3QTR, STM32H573RIT6, STM32H573RIV6, STM32H573VIT3Q, STM32H573VIT6, STM32H573ZIT3Q, STM32H573ZIT6, STM32L4R5QGI6STR, STM32MP131AAE3, STM32MP131AAF3, STM32MP131AAG3, STM32MP131CAE3, STM32MP131CAF3, STM32MP131CAG3, STM32MP131DAE7, STM32MP131DAF7, STM32MP131DAG7, STM32MP131FAE7, STM32MP131FAF7, STM32MP131FAG7, STM32MP133AAE3, STM32MP133AAF3, STM32MP133AAG3, STM32MP133CAE3, STM32MP133CAF3, STM32MP133CAG3, STM32MP133DAE7, STM32MP133DAF7, STM32MP133DAG7, STM32MP133FAE7, STM32MP133FAF7, STM32MP133FAG7, STM32MP135AAE3, STM32MP135AAF3, STM32MP135AAG3, STM32MP135CAE3, STM32MP135CAF3, STM32MP135CAG3, STM32MP135DAE7, STM32MP135DAF7, STM32MP135DAG7, STM32MP135F-DK, STM32MP135FAE7, STM32MP135FAF7, STM32MP135FAF7T, STM32MP135FAF7U, STM32MP135FAG7, STM32U535CBT6, STM32U535CBT6Q, STM32U535CBU6, STM32U535CBU6Q, STM32U535CCT6, STM32U535CCT6Q, STM32U535CCU6, STM32U535CCU6Q, STM32U535CET6, STM32U535CET6Q, STM32U535CEU6, STM32U535CEU6Q, STM32U535JEY6QTR, STM32U535NCY6QTR, STM32U535NEY6QTR, STM32U535RBI6, STM32U535RBI6Q, STM32U535RBT6, STM32U535RBT6Q, STM32U535RCI6, STM32U535RCI6Q, STM32U535RCT6, STM32U535RCT6Q, STM32U535REI6, STM32U535REI6Q, STM32U535RET6, STM32U535RET6Q, STM32U535VCI6, STM32U535VCI6Q, STM32U535VCT6, STM32U535VCT6Q, STM32U535VEI6, STM32U535VEI6Q, STM32U535VET6, STM32U535VET6Q, STM32U545CET6, STM32U545CET6Q, STM32U545CEU6, STM32U545CEU6Q, STM32U545JEY6QTR, STM32U545NEY6QTR, STM32U545REI6, STM32U545REI6Q, STM32U545RET6, STM32U545RET6Q, STM32U545VEI6, STM32U545VEI6Q, STM32U545VET6, STM32U545VET6Q, STM32U595AIH6, STM32U595AIH6Q, STM32U595AJH6, STM32U595AJH6Q, STM32U595QII6, STM32U595QII6Q, STM32U595QJI6, STM32U595QJI6Q, STM32U595RIT6, STM32U595RIT6Q, STM32U595RJT6, STM32U595RJT6Q, STM32U595VIT6, STM32U595VIT6Q, STM32U595VJT6, STM32U595VJT6Q, STM32U595ZIT6, STM32U595ZIT6Q, STM32U595ZIY6QTR, STM32U595ZJT6, STM32U595ZJT6Q, STM32U595ZJY6QTR, STM32U599BJY6QTR, STM32U599NIH6Q, STM32U599NJH6Q, STM32U599VIT6Q, STM32U599VJT6, STM32U599VJT6Q, STM32U599ZIT6Q, STM32U599ZIY6QTR, STM32U599ZJT6Q, STM32U599ZJY6QTR, STM32U5A5AJH6, STM32U5A5AJH6Q, STM32U5A5QJI6, STM32U5A5QJI6Q, STM32U5A5RJT6, STM32U5A5RJT6Q, STM32U5A5VJT6, STM32U5A5VJT6Q, STM32U5A5ZJT6, STM32U5A5ZJT6Q, STM32U5A5ZJY6QTR, STM32U5A9BJY6QTR, STM32U5A9J-DK, STM32U5A9NJH6Q, STM32U5A9VJT6Q, STM32U5A9ZJT6Q, STM32U5A9ZJY6QTR, STM32WB1MMCH6, STM32WBA52CEU6, STM32WBA52CEU6T, STM32WBA52CGU6, STM32WBA52CGU6T, STM32WL5MOCH6, STM32WL5MOCH6TR]
2025-01-22 11:28:54,831 [INFO] DbMcus:216 - Found 4381 MCUs, 4381 are supported
2025-01-22 11:28:54,835 [INFO] ApiDb:423 - Load user favorites file C:\Users\voine/.stm32cubeide/favorites.mcus.txt: 0 item(s)
2025-01-22 11:28:54,835 [INFO] ApiDb:427 - User favorites MCUs=[]
2025-01-22 11:28:54,836 [INFO] DbMcus:222 - Set 0 / 0 favorites MCUs
2025-01-22 11:28:54,969 [WARN] PackLoader:240 - Cannot read IP mode file for STMicroelectronics.FP-SNS-MOTENVWB1.1.4.0
2025-01-22 11:28:54,975 [WARN] PackLoader:240 - Cannot read IP mode file for STMicroelectronics.FP-ATR-ASTRA1.2.0.1
2025-01-22 11:28:54,997 [WARN] PackLoader:240 - Cannot read IP mode file for STMicroelectronics.X-CUBE-SMBUS.2.1.0
2025-01-22 11:28:55,022 [WARN] PackLoader:240 - Cannot read IP mode file for STMicroelectronics.X-CUBE-WB05N.1.1.0
2025-01-22 11:28:55,044 [WARN] PackLoader:240 - Cannot read IP mode file for STMicroelectronics.X-CUBE-TOUCHGFX.4.23.1
2025-01-22 11:28:55,065 [WARN] PackLoader:240 - Cannot read IP mode file for STMicroelectronics.X-CUBE-TOUCHGFX.4.23.0
2025-01-22 11:28:55,088 [WARN] PackLoader:240 - Cannot read IP mode file for STMicroelectronics.X-CUBE-TOUCHGFX.4.23.2
2025-01-22 11:28:55,126 [WARN] PackLoader:240 - Cannot read IP mode file for STMicroelectronics.X-CUBE-AZRTOS-F7.1.1.0
2025-01-22 11:28:55,157 [WARN] PackLoader:240 - Cannot read IP mode file for STMicroelectronics.FP-SNS-MOTENV1.4.3.2
2025-01-22 11:28:55,214 [WARN] PackLoader:240 - Cannot read IP mode file for STMicroelectronics.X-CUBE-MEMS1.11.0.0
2025-01-22 11:28:55,246 [INFO] ApiDb:668 - CubeFinder database Data Model version=2.1
2025-01-22 11:28:55,247 [INFO] ApiDb:669 - CubeFinder database Configuration version=3.0.39
2025-01-22 11:28:55,247 [INFO] ApiDb:670 - CubeFinder database generation date=2024-12-10 (1733817889)
2025-01-22 11:28:55,247 [INFO] ApiDb:671 - CubeFinder database FW Pack versions=[FP-ATR-ASTRA1_V2.0.0, FP-SNS-FLIGHT1_V5.0.2, FP-SNS-MOTENV1_V5.0.0, FP-SNS-MOTENVWB1_V1.4.0, FP-SNS-SMARTAG2_V1.2.0, FP-SNS-STBOX1_V2.0.0, STM32Cube_FW_C0_V1.3.0, STM32Cube_FW_F4_V1.28.1, STM32Cube_FW_F7_V1.17.2, STM32Cube_FW_G0_V1.6.2, STM32Cube_FW_G4_V1.6.1, STM32Cube_FW_H5_V1.4.0, STM32Cube_FW_H7RS_V1.1.0, STM32Cube_FW_H7_V1.12.0, STM32Cube_FW_L0_V1.12.2, STM32Cube_FW_L4_V1.18.1, STM32Cube_FW_L5_V1.5.1, STM32Cube_FW_N6_V1.0.0, STM32Cube_FW_U0_V1.2.0, STM32Cube_FW_U3_V1.0.0, STM32Cube_FW_U5_V1.7.0, STM32Cube_FW_WB0_V1.1.0, STM32Cube_FW_WBA_V1.5.0, STM32Cube_FW_WB_V1.21.0, STM32Cube_FW_WL3_V1.0.0, STM32Cube_FW_WL_V1.3.0, X-CUBE-ALGOBUILD_V1.4.0, X-CUBE-ALS_V1.0.2, X-CUBE-AZRTOS-F4_V1.1.0, X-CUBE-AZRTOS-F7_V1.1.0, X-CUBE-AZRTOS-G0_V1.1.0, X-CUBE-AZRTOS-G4_V2.0.0, X-CUBE-AZRTOS-H7RS_V1.0.0, X-CUBE-AZRTOS-H7_V3.3.0, X-CUBE-AZRTOS-L4_V2.0.0, X-CUBE-AZRTOS-L5_V2.0.0, X-CUBE-AZRTOS-WB_V2.0.0, X-CUBE-AZRTOS-WL_V2.0.0, X-CUBE-BLE1_V7.0.0, X-CUBE-BLE2_V3.3.0, X-CUBE-BLEMGR_V3.1.0, X-CUBE-EEPRMA1_V5.1.0, X-CUBE-FREERTOS_V1.2.0, X-CUBE-GNSS1_V6.0.0, X-CUBE-MEMS1_V11.0.0, X-CUBE-NFC4_V3.0.0, X-CUBE-NFC7_V1.0.1, X-CUBE-SFXS2LP1_V4.0.0, X-CUBE-SUBG2_V5.0.0, X-CUBE-TOF1_V3.4.2]
2025-01-22 11:28:55,320 [INFO] DbBoardsSqlite:226 - include board P-NUCLEO-WB55-NUCLEO as a kit item of type 'Nucleo-64'
2025-01-22 11:28:55,321 [INFO] DbBoardsSqlite:226 - include board P-NUCLEO-WB55-USBDONGLE as a kit item of type 'Nucleo USB Dongle'
2025-01-22 11:28:55,321 [INFO] DbBoardsSqlite:226 - include board STEVAL-IDP005V1 as a kit item of type 'Evaluation Board'
2025-01-22 11:28:55,321 [INFO] DbBoardsSqlite:226 - include board STEVAL-IDP005V2 as a kit item of type 'Evaluation Board'
2025-01-22 11:28:55,328 [WARN] PackLoader:240 - Cannot read IP mode file for STMicroelectronics.FP-SNS-FLIGHT1.5.0.2
2025-01-22 11:28:55,365 [WARN] PackLoader:240 - Cannot read IP mode file for STMicroelectronics.X-CUBE-DISPLAY.3.0.0
2025-01-22 11:28:55,393 [WARN] PackLoader:240 - Cannot read IP mode file for STMicroelectronics.X-CUBE-BLE1.7.0.0
2025-01-22 11:28:55,424 [WARN] PackLoader:240 - Cannot read IP mode file for STMicroelectronics.X-CUBE-NFC10.1.0.0
2025-01-22 11:28:55,438 [INFO] ApiDb:240 - Found 297 in-development CPN: [B-G473E-ZEST1S, B-WB1M-WPAN1, B-WL5M-SUBG1, NUCLEO-C031C6, NUCLEO-H503RB, NUCLEO-H563ZI, NUCLEO-U545RE-Q, NUCLEO-U5A5ZJ-Q, NUCLEO-WBA52CG, STEVAL-PROTEUS1, STEVAL-STWINBX1, STM320518-EVAL, STM32C0116-DK, STM32C011D6Y3TR, STM32C011D6Y6TR, STM32C011F4P3, STM32C011F4P6, STM32C011F4U3, STM32C011F4U6TR, STM32C011F6P3, STM32C011F6P6, STM32C011F6U3, STM32C011F6U6TR, STM32C011J4M3, STM32C011J4M6, STM32C011J6M3, STM32C011J6M6, STM32C0316-DK, STM32C031C4T3, STM32C031C4T6, STM32C031C4U3, STM32C031C4U6, STM32C031C6T3, STM32C031C6T6, STM32C031C6U3, STM32C031C6U6, STM32C031F4P3, STM32C031F4P6, STM32C031F6P3, STM32C031F6P6, STM32C031G4U3, STM32C031G4U6, STM32C031G6U3, STM32C031G6U6, STM32C031K4T3, STM32C031K4T6, STM32C031K4U3, STM32C031K4U6, STM32C031K6T3, STM32C031K6T6, STM32C031K6U3, STM32C031K6U6, STM32G071K8TXN, STM32G071K8UXN, STM32G081GBU6N, STM32G081KBT6N, STM32G081KBUXN, STM32G0B1CCT6N, STM32G0B1KCT6, STM32G0B1NEY6TR, STM32G0B1RCT6N, STM32G0C1CCT6, STM32G0C1CCT6N, STM32G0C1CCU6N, STM32G0C1CET6N, STM32G0C1CEU6N, STM32G0C1KCT6, STM32G0C1NEY6TR, STM32G0C1RCI6N, STM32G0C1RCT6N, STM32G0C1REI6N, STM32G0C1RET6N, STM32G0C1VCI6, STM32G0C1VEI6, STM32G471CCT6, STM32G471CCU6, STM32G471CET3, STM32G471CET6, STM32G471CEU3, STM32G471CEU6, STM32G471MCT6, STM32G471MET3, STM32G471MET6, STM32G471MEY6TR, STM32G471QCT6, STM32G471QET3, STM32G471RCT6, STM32G471RET3, STM32G471RET6, STM32G471VCH6, STM32G471VCI6, STM32G471VCT6, STM32G471VEH3, STM32G471VEH6, STM32G471VEI3, STM32G471VEI6, STM32G471VET3, STM32G471VET6, STM32G474CCT6, STM32H503CBT6, STM32H503CBU6, STM32H503EBY6TR, STM32H503KBU6, STM32H503RBT6, STM32H562AGI6, STM32H562AII6, STM32H562IGK6, STM32H562IGT6, STM32H562IIK6, STM32H562IIT6, STM32H562RGT6, STM32H562RGV6, STM32H562RIT6, STM32H562RIV6, STM32H562VGT6, STM32H562VIT6, STM32H562ZGT6, STM32H562ZIT6, STM32H563AGI6, STM32H563AII3Q, STM32H563AII6, STM32H563IGK6, STM32H563IGT6, STM32H563IIK3Q, STM32H563IIK6, STM32H563IIT3Q, STM32H563IIT6, STM32H563MIY3QTR, STM32H563RGT6, STM32H563RGV6, STM32H563RIT6, STM32H563RIV6, STM32H563VGT6, STM32H563VIT3Q, STM32H563VIT6, STM32H563ZGT6, STM32H563ZIT3Q, STM32H563ZIT6, STM32H573AII3Q, STM32H573AII6, STM32H573I-DK, STM32H573IIK3Q, STM32H573IIK6, STM32H573IIT3Q, STM32H573IIT6, STM32H573MIY3QTR, STM32H573RIT6, STM32H573RIV6, STM32H573VIT3Q, STM32H573VIT6, STM32H573ZIT3Q, STM32H573ZIT6, STM32L4R5QGI6STR, STM32MP131AAE3, STM32MP131AAF3, STM32MP131AAG3, STM32MP131CAE3, STM32MP131CAF3, STM32MP131CAG3, STM32MP131DAE7, STM32MP131DAF7, STM32MP131DAG7, STM32MP131FAE7, STM32MP131FAF7, STM32MP131FAG7, STM32MP133AAE3, STM32MP133AAF3, STM32MP133AAG3, STM32MP133CAE3, STM32MP133CAF3, STM32MP133CAG3, STM32MP133DAE7, STM32MP133DAF7, STM32MP133DAG7, STM32MP133FAE7, STM32MP133FAF7, STM32MP133FAG7, STM32MP135AAE3, STM32MP135AAF3, STM32MP135AAG3, STM32MP135CAE3, STM32MP135CAF3, STM32MP135CAG3, STM32MP135DAE7, STM32MP135DAF7, STM32MP135DAG7, STM32MP135F-DK, STM32MP135FAE7, STM32MP135FAF7, STM32MP135FAF7T, STM32MP135FAF7U, STM32MP135FAG7, STM32U535CBT6, STM32U535CBT6Q, STM32U535CBU6, STM32U535CBU6Q, STM32U535CCT6, STM32U535CCT6Q, STM32U535CCU6, STM32U535CCU6Q, STM32U535CET6, STM32U535CET6Q, STM32U535CEU6, STM32U535CEU6Q, STM32U535JEY6QTR, STM32U535NCY6QTR, STM32U535NEY6QTR, STM32U535RBI6, STM32U535RBI6Q, STM32U535RBT6, STM32U535RBT6Q, STM32U535RCI6, STM32U535RCI6Q, STM32U535RCT6, STM32U535RCT6Q, STM32U535REI6, STM32U535REI6Q, STM32U535RET6, STM32U535RET6Q, STM32U535VCI6, STM32U535VCI6Q, STM32U535VCT6, STM32U535VCT6Q, STM32U535VEI6, STM32U535VEI6Q, STM32U535VET6, STM32U535VET6Q, STM32U545CET6, STM32U545CET6Q, STM32U545CEU6, STM32U545CEU6Q, STM32U545JEY6QTR, STM32U545NEY6QTR, STM32U545REI6, STM32U545REI6Q, STM32U545RET6, STM32U545RET6Q, STM32U545VEI6, STM32U545VEI6Q, STM32U545VET6, STM32U545VET6Q, STM32U595AIH6, STM32U595AIH6Q, STM32U595AJH6, STM32U595AJH6Q, STM32U595QII6, STM32U595QII6Q, STM32U595QJI6, STM32U595QJI6Q, STM32U595RIT6, STM32U595RIT6Q, STM32U595RJT6, STM32U595RJT6Q, STM32U595VIT6, STM32U595VIT6Q, STM32U595VJT6, STM32U595VJT6Q, STM32U595ZIT6, STM32U595ZIT6Q, STM32U595ZIY6QTR, STM32U595ZJT6, STM32U595ZJT6Q, STM32U595ZJY6QTR, STM32U599BJY6QTR, STM32U599NIH6Q, STM32U599NJH6Q, STM32U599VIT6Q, STM32U599VJT6, STM32U599VJT6Q, STM32U599ZIT6Q, STM32U599ZIY6QTR, STM32U599ZJT6Q, STM32U599ZJY6QTR, STM32U5A5AJH6, STM32U5A5AJH6Q, STM32U5A5QJI6, STM32U5A5QJI6Q, STM32U5A5RJT6, STM32U5A5RJT6Q, STM32U5A5VJT6, STM32U5A5VJT6Q, STM32U5A5ZJT6, STM32U5A5ZJT6Q, STM32U5A5ZJY6QTR, STM32U5A9BJY6QTR, STM32U5A9J-DK, STM32U5A9NJH6Q, STM32U5A9VJT6Q, STM32U5A9ZJT6Q, STM32U5A9ZJY6QTR, STM32WB1MMCH6, STM32WBA52CEU6, STM32WBA52CEU6T, STM32WBA52CGU6, STM32WBA52CGU6T, STM32WL5MOCH6, STM32WL5MOCH6TR]
2025-01-22 11:28:55,451 [ERROR] Engine:466 - C:\Users\voine\.stm32cubemx\thirdparties\pdsc\STMicroelectronics.X-CUBE-BLEMGR.4.0.0.pdsc: PDSC version is not supported
2025-01-22 11:28:55,482 [WARN] PackLoader:240 - Cannot read IP mode file for emotas.I-CUBE-CANOPEN.1.3.0
2025-01-22 11:28:55,502 [INFO] BoardInfo:880 - No configuration file found for board NUCLEO-C071RB
2025-01-22 11:28:55,503 [INFO] DbBoards:157 - Board is not supported: NUCLEO-C071RB
2025-01-22 11:28:55,509 [WARN] PackLoader:240 - Cannot read IP mode file for STMicroelectronics.X-CUBE-BLEMGR.3.1.0
2025-01-22 11:28:55,518 [WARN] PackLoader:240 - Cannot read IP mode file for STMicroelectronics.X-CUBE-AI.10.0.0
2025-01-22 11:28:55,540 [WARN] PackLoader:240 - Cannot read IP mode file for STMicroelectronics.FP-SNS-SMARTAG2.1.2.0
2025-01-22 11:28:55,562 [INFO] BoardInfo:880 - No configuration file found for board NUCLEO-H533RE
2025-01-22 11:28:55,562 [INFO] DbBoards:157 - Board is not supported: NUCLEO-H533RE
2025-01-22 11:28:55,583 [INFO] BoardInfo:880 - No configuration file found for board NUCLEO-H7S3L8
2025-01-22 11:28:55,583 [INFO] DbBoards:157 - Board is not supported: NUCLEO-H7S3L8
2025-01-22 11:28:55,595 [WARN] PackLoader:240 - Cannot read IP mode file for STMicroelectronics.X-CUBE-MEMS1.11.1.0
2025-01-22 11:28:55,616 [INFO] BoardInfo:880 - No configuration file found for board NUCLEO-N657X0-Q
2025-01-22 11:28:55,617 [INFO] DbBoards:157 - Board is not supported: NUCLEO-N657X0-Q
2025-01-22 11:28:55,629 [INFO] BoardInfo:880 - No configuration file found for board NUCLEO-U031R8
2025-01-22 11:28:55,630 [INFO] DbBoards:157 - Board is not supported: NUCLEO-U031R8
2025-01-22 11:28:55,632 [INFO] BoardInfo:880 - No configuration file found for board NUCLEO-U083RC
2025-01-22 11:28:55,632 [INFO] DbBoards:157 - Board is not supported: NUCLEO-U083RC
2025-01-22 11:28:55,640 [INFO] BoardInfo:880 - No configuration file found for board NUCLEO-WB05KZ
2025-01-22 11:28:55,640 [INFO] DbBoards:157 - Board is not supported: NUCLEO-WB05KZ
2025-01-22 11:28:55,642 [INFO] BoardInfo:880 - No configuration file found for board NUCLEO-WB07CC
2025-01-22 11:28:55,643 [INFO] DbBoards:157 - Board is not supported: NUCLEO-WB07CC
2025-01-22 11:28:55,644 [INFO] BoardInfo:880 - No configuration file found for board NUCLEO-WB09KE
2025-01-22 11:28:55,645 [INFO] DbBoards:157 - Board is not supported: NUCLEO-WB09KE
2025-01-22 11:28:55,650 [INFO] BoardInfo:880 - No configuration file found for board NUCLEO-WBA55CG
2025-01-22 11:28:55,650 [INFO] DbBoards:157 - Board is not supported: NUCLEO-WBA55CG
2025-01-22 11:28:55,656 [INFO] BoardInfo:880 - No configuration file found for board P-NUCLEO-WB55
2025-01-22 11:28:55,656 [INFO] DbBoards:157 - Kit is not supported: P-NUCLEO-WB55
2025-01-22 11:28:55,660 [INFO] BoardInfo:880 - No configuration file found for board STEVAL-BFA001V1B
2025-01-22 11:28:55,660 [INFO] DbBoards:157 - Kit is not supported: STEVAL-BFA001V1B
2025-01-22 11:28:55,662 [INFO] BoardInfo:880 - No configuration file found for board STEVAL-BFA001V2B
2025-01-22 11:28:55,662 [INFO] DbBoards:157 - Kit is not supported: STEVAL-BFA001V2B
2025-01-22 11:28:55,665 [INFO] BoardInfo:880 - No configuration file found for board STEVAL-MKBOXPRO
2025-01-22 11:28:55,665 [INFO] DbBoards:157 - Board is not supported: STEVAL-MKBOXPRO
2025-01-22 11:28:55,670 [INFO] BoardInfo:880 - No configuration file found for board STEVAL-SMARTAG2
2025-01-22 11:28:55,670 [INFO] DbBoards:157 - Board is not supported: STEVAL-SMARTAG2
2025-01-22 11:28:55,725 [INFO] LogOutputStream:77 - [STDOUT_REDIRECT] 1 : Invalid condition id : UX_CORESTACK_Condition cause : null
2025-01-22 11:28:55,726 [INFO] LogOutputStream:77 - [STDOUT_REDIRECT] 1 : Invalid condition id : UX_CORESTACK_Condition cause : null
2025-01-22 11:28:55,728 [INFO] LogOutputStream:77 - [STDOUT_REDIRECT] 1 : Invalid condition id : UX_CORESTACK_Condition cause : null
2025-01-22 11:28:55,729 [INFO] LogOutputStream:77 - [STDOUT_REDIRECT] 1 : Invalid condition id : UX_CORESTACK_Condition cause : null
2025-01-22 11:28:55,730 [INFO] LogOutputStream:77 - [STDOUT_REDIRECT] 1 : Invalid condition id : UX_CORESTACK_Condition cause : null
2025-01-22 11:28:55,732 [WARN] PackLoader:240 - Cannot read IP mode file for STMicroelectronics.X-CUBE-AZRTOS-WL.2.0.0
2025-01-22 11:28:55,756 [WARN] PackLoader:240 - Cannot read IP mode file for STMicroelectronics.FP-SNS-MOTENV1.5.0.0
2025-01-22 11:28:55,760 [INFO] BoardInfo:880 - No configuration file found for board STM32H7S78-DK
2025-01-22 11:28:55,761 [INFO] DbBoards:157 - Board is not supported: STM32H7S78-DK
2025-01-22 11:28:55,764 [WARN] PackLoader:240 - Cannot read IP mode file for wolfSSL.I-CUBE-wolfMQTT.1.19.0
2025-01-22 11:28:55,784 [WARN] PackLoader:240 - Cannot read IP mode file for WES.I-CUBE-Cesium.1.3.0
2025-01-22 11:28:55,785 [INFO] BoardInfo:880 - No configuration file found for board STM32MP257F-DK
2025-01-22 11:28:55,785 [INFO] DbBoards:157 - Board is not supported: STM32MP257F-DK
2025-01-22 11:28:55,786 [INFO] BoardInfo:880 - No configuration file found for board STM32MP257F-EV1
2025-01-22 11:28:55,786 [INFO] DbBoards:157 - Board is not supported: STM32MP257F-EV1
2025-01-22 11:28:55,787 [INFO] BoardInfo:880 - No configuration file found for board STM32N6570-DK
2025-01-22 11:28:55,787 [INFO] DbBoards:157 - Board is not supported: STM32N6570-DK
2025-01-22 11:28:55,788 [INFO] BoardInfo:880 - No configuration file found for board STM32U083C-DK
2025-01-22 11:28:55,788 [INFO] DbBoards:157 - Board is not supported: STM32U083C-DK
2025-01-22 11:28:55,792 [INFO] BoardInfo:880 - No configuration file found for board STM32U5G9J-DK1
2025-01-22 11:28:55,792 [INFO] DbBoards:157 - Board is not supported: STM32U5G9J-DK1
2025-01-22 11:28:55,793 [INFO] BoardInfo:880 - No configuration file found for board STM32U5G9J-DK2
2025-01-22 11:28:55,793 [INFO] DbBoards:157 - Board is not supported: STM32U5G9J-DK2
2025-01-22 11:28:55,797 [INFO] BoardInfo:880 - No configuration file found for board STM32WBA55G-DK1
2025-01-22 11:28:55,797 [INFO] DbBoards:157 - Board is not supported: STM32WBA55G-DK1
2025-01-22 11:28:55,797 [INFO] DbBoards:161 - Found 203 boards, 180 are supported
2025-01-22 11:28:55,806 [WARN] PackLoader:240 - Cannot read IP mode file for STMicroelectronics.X-CUBE-BLE2.3.3.0
2025-01-22 11:28:55,814 [INFO] ApiDb:423 - Load user favorites file C:\Users\voine/.stm32cubeide/favorites.boards.txt: 1 item(s)
2025-01-22 11:28:55,817 [INFO] ApiDb:427 - User favorites Boards=[NUCLEO-F401RE]
2025-01-22 11:28:55,817 [INFO] DbBoards:190 - Set 1 / 1 favorites Boards
2025-01-22 11:28:55,822 [INFO] ApiDb:668 - CubeFinder database Data Model version=2.1
2025-01-22 11:28:55,822 [INFO] ApiDb:669 - CubeFinder database Configuration version=3.0.39
2025-01-22 11:28:55,823 [INFO] ApiDb:670 - CubeFinder database generation date=2024-12-10 (1733817889)
2025-01-22 11:28:55,823 [INFO] ApiDb:671 - CubeFinder database FW Pack versions=[FP-ATR-ASTRA1_V2.0.0, FP-SNS-FLIGHT1_V5.0.2, FP-SNS-MOTENV1_V5.0.0, FP-SNS-MOTENVWB1_V1.4.0, FP-SNS-SMARTAG2_V1.2.0, FP-SNS-STBOX1_V2.0.0, STM32Cube_FW_C0_V1.3.0, STM32Cube_FW_F4_V1.28.1, STM32Cube_FW_F7_V1.17.2, STM32Cube_FW_G0_V1.6.2, STM32Cube_FW_G4_V1.6.1, STM32Cube_FW_H5_V1.4.0, STM32Cube_FW_H7RS_V1.1.0, STM32Cube_FW_H7_V1.12.0, STM32Cube_FW_L0_V1.12.2, STM32Cube_FW_L4_V1.18.1, STM32Cube_FW_L5_V1.5.1, STM32Cube_FW_N6_V1.0.0, STM32Cube_FW_U0_V1.2.0, STM32Cube_FW_U3_V1.0.0, STM32Cube_FW_U5_V1.7.0, STM32Cube_FW_WB0_V1.1.0, STM32Cube_FW_WBA_V1.5.0, STM32Cube_FW_WB_V1.21.0, STM32Cube_FW_WL3_V1.0.0, STM32Cube_FW_WL_V1.3.0, X-CUBE-ALGOBUILD_V1.4.0, X-CUBE-ALS_V1.0.2, X-CUBE-AZRTOS-F4_V1.1.0, X-CUBE-AZRTOS-F7_V1.1.0, X-CUBE-AZRTOS-G0_V1.1.0, X-CUBE-AZRTOS-G4_V2.0.0, X-CUBE-AZRTOS-H7RS_V1.0.0, X-CUBE-AZRTOS-H7_V3.3.0, X-CUBE-AZRTOS-L4_V2.0.0, X-CUBE-AZRTOS-L5_V2.0.0, X-CUBE-AZRTOS-WB_V2.0.0, X-CUBE-AZRTOS-WL_V2.0.0, X-CUBE-BLE1_V7.0.0, X-CUBE-BLE2_V3.3.0, X-CUBE-BLEMGR_V3.1.0, X-CUBE-EEPRMA1_V5.1.0, X-CUBE-FREERTOS_V1.2.0, X-CUBE-GNSS1_V6.0.0, X-CUBE-MEMS1_V11.0.0, X-CUBE-NFC4_V3.0.0, X-CUBE-NFC7_V1.0.1, X-CUBE-SFXS2LP1_V4.0.0, X-CUBE-SUBG2_V5.0.0, X-CUBE-TOF1_V3.4.2]
2025-01-22 11:28:55,832 [WARN] PackLoader:240 - Cannot read IP mode file for STMicroelectronics.X-CUBE-NFC9.1.0.0
2025-01-22 11:28:55,851 [WARN] PackLoader:240 - Cannot read IP mode file for STMicroelectronics.X-CUBE-TCPP.4.1.0
2025-01-22 11:28:55,875 [WARN] PackLoader:240 - Cannot read IP mode file for STMicroelectronics.X-CUBE-ALGOBUILD.1.3.0
2025-01-22 11:28:55,915 [WARN] PackLoader:240 - Cannot read IP mode file for STMicroelectronics.X-CUBE-AZRTOS-G0.1.1.0
2025-01-22 11:28:55,945 [WARN] PackLoader:240 - Cannot read IP mode file for STMicroelectronics.X-CUBE-SAFEA1.1.2.2
2025-01-22 11:28:55,966 [WARN] PackLoader:240 - Cannot read IP mode file for STMicroelectronics.X-CUBE-NFC4.3.0.0
2025-01-22 11:28:55,987 [ERROR] Engine:466 - C:\Users\voine\.stm32cubemx\thirdparties\pdsc\EmbeddedOffice.I-CUBE-FS-RTOS.1.0.1.pdsc: PDSC version is not supported
2025-01-22 11:28:56,010 [WARN] PackLoader:240 - Cannot read IP mode file for STMicroelectronics.X-CUBE-BLEMGR.3.0.0
2025-01-22 11:28:56,027 [ERROR] Engine:466 - C:\Users\voine\.stm32cubemx\thirdparties\pdsc\STMicroelectronics.X-CUBE-TCPP.4.2.0.pdsc: PDSC version is not supported
2025-01-22 11:28:56,049 [ERROR] Engine:466 - C:\Users\voine\.stm32cubemx\thirdparties\pdsc\RealThread.X-CUBE-RT-Thread_Nano.4.1.1.pdsc: PDSC version is not supported
2025-01-22 11:28:56,056 [WARN] PackLoader:240 - Cannot read IP mode file for STMicroelectronics.FP-ATR-SIGFOX1.3.2.0
2025-01-22 11:28:56,059 [ERROR] Engine:466 - C:\Users\voine\.stm32cubemx\thirdparties\pdsc\quantropi.X-CUBE-qispace-sdk-base.1.9.3.pdsc: PDSC version is not supported
2025-01-22 11:28:56,083 [WARN] PackLoader:240 - Cannot read IP mode file for STMicroelectronics.X-CUBE-EEPRMA1.5.1.0
2025-01-22 11:28:56,134 [WARN] PackLoader:240 - Cannot read IP mode file for SEGGER.I-CUBE-embOS.1.3.1
2025-01-22 11:28:56,202 [WARN] PackLoader:240 - Cannot read IP mode file for STMicroelectronics.X-CUBE-ALGOBUILD.1.4.0
2025-01-22 11:28:56,225 [WARN] PackLoader:240 - Cannot read IP mode file for STMicroelectronics.X-CUBE-AI.9.1.0
2025-01-22 11:28:56,252 [WARN] PackLoader:240 - Cannot read IP mode file for STMicroelectronics.X-CUBE-GNSS1.6.0.0
2025-01-22 11:28:56,304 [WARN] PackLoader:240 - Cannot read IP mode file for STMicroelectronics.X-CUBE-AZRTOS-F4.1.1.0
2025-01-22 11:28:56,328 [WARN] PackLoader:240 - Cannot read IP mode file for STMicroelectronics.X-CUBE-ISPU.2.1.0
2025-01-22 11:28:56,353 [WARN] PackLoader:240 - Cannot read IP mode file for STMicroelectronics.X-CUBE-FREERTOS.1.2.0
2025-01-22 11:28:56,372 [WARN] PackLoader:240 - Cannot read IP mode file for wolfSSL.I-CUBE-wolfSSL.5.6.6
2025-01-22 11:28:56,413 [WARN] PackLoader:240 - Cannot read IP mode file for STMicroelectronics.X-CUBE-AZRTOS-L5.2.0.0
2025-01-22 11:28:56,437 [WARN] PackLoader:240 - Cannot read IP mode file for STMicroelectronics.X-CUBE-NFC6.3.1.0
2025-01-22 11:28:56,468 [WARN] PackLoader:240 - Cannot read IP mode file for ITTIA_DB.I-CUBE-ITTIADB.8.8.0
2025-01-22 11:28:56,487 [ERROR] Engine:466 - C:\Users\voine\.stm32cubemx\thirdparties\pdsc\STMicroelectronics.X-CUBE-DPower.1.2.0.pdsc: PDSC version is not supported
2025-01-22 11:28:56,510 [WARN] PackLoader:240 - Cannot read IP mode file for STMicroelectronics.X-CUBE-AI.9.0.0
2025-01-22 11:28:56,541 [WARN] PackLoader:240 - Cannot read IP mode file for STMicroelectronics.X-CUBE-FREERTOS.1.3.0
2025-01-22 11:28:56,564 [WARN] PackLoader:240 - Cannot read IP mode file for STMicroelectronics.X-CUBE-NFC7.1.0.1
2025-01-22 11:28:56,590 [WARN] PackLoader:240 - Cannot read IP mode file for STMicroelectronics.X-CUBE-NFC6.3.0.0
2025-01-22 11:28:56,615 [WARN] PackLoader:240 - Cannot read IP mode file for STMicroelectronics.X-CUBE-AI.8.1.0
2025-01-22 11:28:56,660 [ERROR] DbExamplesSqlite:418 - Missing JSON key: board_cpn
2025-01-22 11:28:56,660 [ERROR] DbExamplesSqlite:418 - Missing JSON key: board_cpn
2025-01-22 11:28:56,661 [ERROR] DbExamplesSqlite:418 - Missing JSON key: board_cpn
2025-01-22 11:28:56,661 [ERROR] DbExamplesSqlite:418 - Missing JSON key: board_cpn
2025-01-22 11:28:56,661 [WARN] ConditionMgr:438 - getConditionDescription Invalid condition id : LAN8742 Phy interface Condition cause : null
2025-01-22 11:28:56,661 [WARN] PackLoader:240 - Cannot read IP mode file for STMicroelectronics.X-CUBE-AZRTOS-L4.2.0.0
2025-01-22 11:28:56,663 [WARN] ConditionMgr:1039 - genDependencies : Invalid condition id : LAN8742 Phy interface Condition cause : null
2025-01-22 11:28:56,663 [WARN] ConditionMgr:1039 - genDependencies : Invalid condition id : LAN8742 Phy interface Condition cause : null
2025-01-22 11:28:56,664 [WARN] ConditionMgr:1039 - genDependencies : Invalid condition id : LAN8742 Phy interface Condition cause : null
2025-01-22 11:28:56,692 [WARN] PackLoader:240 - Cannot read IP mode file for STMicroelectronics.X-CUBE-SFXS2LP1.4.0.0
2025-01-22 11:28:56,745 [WARN] PackLoader:240 - Cannot read IP mode file for STMicroelectronics.X-CUBE-AZRTOS-H7.3.3.0
2025-01-22 11:28:56,774 [ERROR] Engine:466 - C:\Users\voine\.stm32cubemx\thirdparties\pdsc\STMicroelectronics.X-CUBE-IPS.3.0.0.pdsc: PDSC version is not supported
2025-01-22 11:28:56,807 [WARN] ConditionMgr:438 - getConditionDescription Invalid condition id : UX DEVICE CLASS RTOS Condition cause : null
2025-01-22 11:28:56,808 [WARN] ConditionMgr:438 - getConditionDescription Invalid condition id : UX DEVICE CLASS RTOS Condition cause : null
2025-01-22 11:28:56,809 [WARN] PackLoader:240 - Cannot read IP mode file for STMicroelectronics.X-CUBE-AZRTOS-WB.2.0.0
2025-01-22 11:28:56,809 [WARN] ConditionMgr:1039 - genDependencies : Invalid condition id : UX DEVICE CLASS RTOS Condition cause : null
2025-01-22 11:28:56,809 [WARN] ConditionMgr:1039 - genDependencies : Invalid condition id : UX DEVICE CLASS RTOS Condition cause : null
2025-01-22 11:28:56,811 [WARN] ConditionMgr:1039 - genDependencies : Invalid condition id : UX DEVICE CLASS RTOS Condition cause : null
2025-01-22 11:28:56,811 [WARN] ConditionMgr:1039 - genDependencies : Invalid condition id : UX DEVICE CLASS RTOS Condition cause : null
2025-01-22 11:28:56,811 [WARN] ConditionMgr:1039 - genDependencies : Invalid condition id : UX DEVICE CLASS RTOS Condition cause : null
2025-01-22 11:28:56,817 [ERROR] DbExamplesSqlite:418 - Missing JSON key: board_cpn
2025-01-22 11:28:56,818 [ERROR] DbExamplesSqlite:418 - Missing JSON key: board_cpn
2025-01-22 11:28:56,818 [ERROR] DbExamplesSqlite:418 - Missing JSON key: board_cpn
2025-01-22 11:28:56,818 [ERROR] DbExamplesSqlite:418 - Missing JSON key: board_cpn
2025-01-22 11:28:56,818 [ERROR] DbExamplesSqlite:418 - Missing JSON key: board_cpn
2025-01-22 11:28:56,818 [ERROR] DbExamplesSqlite:418 - Missing JSON key: board_cpn
2025-01-22 11:28:56,818 [ERROR] DbExamplesSqlite:418 - Missing JSON key: board_cpn
2025-01-22 11:28:56,819 [ERROR] DbExamplesSqlite:418 - Missing JSON key: board_cpn
2025-01-22 11:28:56,819 [ERROR] DbExamplesSqlite:418 - Missing JSON key: board_cpn
2025-01-22 11:28:56,835 [WARN] PackLoader:240 - Cannot read IP mode file for STMicroelectronics.X-CUBE-GNSS1.7.0.0
2025-01-22 11:28:56,840 [WARN] PackLoader:240 - Cannot read IP mode file for STMicroelectronics.X-CUBE-GNSS1.7.0.1
2025-01-22 11:28:56,873 [ERROR] Engine:466 - C:\Users\voine\.stm32cubemx\thirdparties\pdsc\STMicroelectronics.FP-SNS-STBOX1.2.0.0.pdsc: PDSC version is not supported
2025-01-22 11:28:56,898 [WARN] PackLoader:240 - Cannot read IP mode file for STMicroelectronics.X-CUBE-SUBG2.5.0.0
2025-01-22 11:28:56,911 [WARN] PackLoader:240 - Cannot read IP mode file for Cesanta.I-CUBE-Mongoose.7.13.0
2025-01-22 11:28:56,942 [WARN] PackLoader:240 - Cannot read IP mode file for STMicroelectronics.X-CUBE-AZRTOS-G4.2.0.0
2025-01-22 11:28:56,993 [WARN] PackLoader:240 - Cannot read IP mode file for Infineon.AIROC-Wi-Fi-Bluetooth-STM32.1.5.1
2025-01-22 11:28:57,013 [INFO] DbExamplesSqlite:376 - Ignored 77 examples not supported by CubeIDE
2025-01-22 11:28:57,013 [INFO] DbExamplesSqlite:377 - Found 10474 examples active
2025-01-22 11:28:57,015 [INFO] DbExamplesSqlite:378 - Found 0 examples obsolete
2025-01-22 11:28:57,015 [INFO] DbExamplesSqlite:379 - Found 0 examples under development
2025-01-22 11:28:57,015 [INFO] DbExamplesSqlite:380 - Found 43 examples not building
2025-01-22 11:28:57,016 [WARN] PackLoader:240 - Cannot read IP mode file for STMicroelectronics.FP-SNS-MOTENVWB1.1.3.1
2025-01-22 11:28:57,019 [INFO] DbExamples:125 - Found 10440 examples
2025-01-22 11:28:57,032 [WARN] PackLoader:240 - Cannot read IP mode file for STMicroelectronics.X-CUBE-ISPU.2.0.0
2025-01-22 11:28:57,038 [ERROR] Engine:466 - C:\Users\voine\.stm32cubemx\thirdparties\pdsc\STMicroelectronics.X-CUBE-IPS.3.1.0.pdsc: PDSC version is not supported
2025-01-22 11:28:57,054 [WARN] PackLoader:240 - Cannot read IP mode file for STMicroelectronics.X-CUBE-ALS.1.0.2
2025-01-22 11:28:57,110 [WARN] PackLoader:240 - Cannot read IP mode file for STMicroelectronics.X-CUBE-MEMS1.10.0.0
2025-01-22 11:28:57,160 [ERROR] DbExamples:208 - Found 551 examples with invalid data (board or MCU)
2025-01-22 11:28:57,161 [INFO] DbExamples:222 - Found 126 boards with related examples
2025-01-22 11:28:57,163 [INFO] DbExamples:235 - Found 106 MCUs with related examples
2025-01-22 11:28:57,195 [INFO] ApiDb:423 - Load user favorites file C:\Users\voine/.stm32cubeide/favorites.examples.txt: 0 item(s)
2025-01-22 11:28:57,195 [INFO] ApiDb:427 - User favorites Examples=[]
2025-01-22 11:28:57,195 [INFO] DbExamples:250 - Set 0 / 0 favorites Examples
2025-01-22 11:28:57,201 [WARN] PackLoader:240 - Cannot read IP mode file for STMicroelectronics.X-CUBE-FREERTOS.1.1.0
2025-01-22 11:28:57,204 [WARN] PackLoader:240 - Cannot read IP mode file for STMicroelectronics.X-CUBE-TOUCHGFX.4.24.2
2025-01-22 11:28:57,222 [WARN] PackLoader:240 - Cannot read IP mode file for STMicroelectronics.X-CUBE-TOUCHGFX.4.24.1
2025-01-22 11:28:57,227 [WARN] PackLoader:240 - Cannot read IP mode file for wolfSSL.I-CUBE-wolfTPM.3.4.0
2025-01-22 11:28:57,251 [WARN] PackLoader:240 - Cannot read IP mode file for portGmbH.I-Cube-SoM-uGOAL.1.1.0
2025-01-22 11:28:57,277 [WARN] PackLoader:240 - Cannot read IP mode file for STMicroelectronics.X-CUBE-ALS.1.0.1
2025-01-22 11:28:57,325 [WARN] PackLoader:240 - Cannot read IP mode file for STMicroelectronics.X-CUBE-AZRTOS-H7RS.1.0.0
2025-01-22 11:28:57,346 [WARN] PackLoader:240 - Cannot read IP mode file for STMicroelectronics.FP-ATR-ASTRA1.2.0.0
2025-01-22 11:28:57,368 [ERROR] Engine:466 - C:\Users\voine\.stm32cubemx\thirdparties\pdsc\STMicroelectronics.X-CUBE-TOF1.3.4.2.pdsc: PDSC version is not supported
2025-01-22 11:28:57,390 [WARN] PackLoader:240 - Cannot read IP mode file for STMicroelectronics.X-CUBE-TOF1.3.4.0
2025-01-22 11:28:57,420 [WARN] PackLoader:240 - Cannot read IP mode file for STMicroelectronics.X-CUBE-TOF1.3.4.1
2025-01-22 11:28:57,469 [WARN] PackLoader:240 - Cannot read IP mode file for STMicroelectronics.X-CUBE-AZRTOS-H7.3.2.0
2025-01-22 11:28:57,478 [WARN] PackLoader:240 - Cannot read IP mode file for wolfSSL.I-CUBE-wolfSSH.1.4.17
2025-01-22 11:28:57,479 [INFO] ThirdParty:978 - Integrity check success = true
2025-01-22 11:28:57,479 [INFO] IntegrityCheckThread:100 - exiting critical section [integrity check]
2025-01-22 11:28:57,479 [INFO] IntegrityCheckThread:103 - End integrity checks thread
2025-01-22 11:28:57,758 [INFO] McuFinderGlobals:66 - Set McuFinderConnectedMode to true
2025-01-22 11:28:57,769 [INFO] MultiScanPanel:200 - Auto-refresh data requested => check proxy status ongoing
2025-01-22 11:28:57,775 [INFO] FinderPluginLoader:95 - Searching for filters in installed packs
2025-01-22 11:28:59,292 [INFO] LoadUrlFilesThread:185 - End of LoadServerUrlFiles without Thread
2025-01-22 11:28:59,302 [INFO] DetailPanel:341 - Set advertising image to C:/Users/voine/STM32Cube/Repository/\en.prom-stm32n6-mcu-finder.png
2025-01-22 11:29:32,137 [INFO] MultiScanPanel:200 - Auto-refresh data requested => check proxy status ongoing
2025-01-22 11:29:32,238 [INFO] LoadUrlFilesThread:185 - End of LoadServerUrlFiles without Thread
2025-01-22 11:29:32,239 [INFO] DetailPanel:341 - Set advertising image to C:/Users/voine/STM32Cube/Repository/\en.prom-stm32n6-mcu-finder.png
2025-01-22 11:29:32,256 [INFO] DbBoards:634 - Loading board mini-images...
2025-01-22 11:29:33,024 [ERROR] DbBoards:651 - Image file not found for board NUCLEO-WB05KZ: C:\Users\voine\.stmcufinder\plugins\mcufinder//mcu//boards_images/NUCLEO-WB05KZ.jpg
2025-01-22 11:29:34,081 [INFO] DbBoards:657 - Loaded 202 board mini-images
2025-01-22 11:29:52,857 [INFO] ServerAccessManage:473 - Download File 
2025-01-22 11:29:52,866 [INFO] LoadUrlFilesThread:185 - End of LoadServerUrlFiles without Thread
2025-01-22 11:29:52,900 [INFO] BoardAction:170 - Large Picture
2025-01-22 11:29:54,743 [INFO] BoardAction:75 - Docs & Resources
2025-01-22 11:30:04,751 [INFO] ServerAccessManage:473 - Download File 19167.pdf
2025-01-22 11:30:04,996 [INFO] LoadUrlFilesThread:156 - End of LoadUrlFiles Thread
2025-01-22 11:30:19,250 [INFO] ServerAccessManage:473 - Download File UM1727.pdf
2025-01-22 11:30:19,517 [INFO] LoadUrlFilesThread:156 - End of LoadUrlFiles Thread
2025-01-22 11:30:22,348 [INFO] ServerAccessManage:473 - Download File UM1724.pdf
2025-01-22 11:30:22,622 [INFO] LoadUrlFilesThread:156 - End of LoadUrlFiles Thread
2025-01-22 11:35:55,595 [INFO] McuFinderGlobals:66 - Set McuFinderConnectedMode to true
2025-01-22 11:35:55,606 [INFO] ApiDb:448 - Save user favorites file C:\Users\voine/.stm32cubeide/favorites.mcus.txt: 0 item(s)
2025-01-22 11:35:55,607 [INFO] ApiDb:452 - User favorites MCUs=[]
2025-01-22 11:35:55,609 [INFO] ApiDb:448 - Save user favorites file C:\Users\voine/.stm32cubeide/favorites.boards.txt: 1 item(s)
2025-01-22 11:35:55,610 [INFO] ApiDb:452 - User favorites Boards=[NUCLEO-F401RE]
