2025-03-04 19:17:13,984 [INFO] Activator:176 - 


2025-03-04 19:17:13,990 [INFO] Activator:177 - !SESSION log4j initialized
2025-03-04 19:17:21,465 [INFO] LogOutputStream:77 - [STDOUT_REDIRECT] 
2025-03-04 19:17:44,059 [ERROR] LogOutputStream:75 - [STDERR_REDIRECT] SLF4J: Failed to load class "org.slf4j.impl.StaticLoggerBinder".
2025-03-04 19:17:44,059 [ERROR] LogOutputStream:75 - [STDERR_REDIRECT] SLF4J: Defaulting to no-operation (NOP) logger implementation
2025-03-04 19:17:44,061 [ERROR] LogOutputStream:75 - [STDERR_REDIRECT] SLF4J: See http://www.slf4j.org/codes.html#StaticLoggerBinder for further details.
2025-03-04 20:11:46,511 [INFO] Activator:176 - 


2025-03-04 20:11:46,514 [INFO] Activator:177 - !SESSION log4j initialized
2025-03-04 20:11:52,359 [INFO] LogOutputStream:77 - [STDOUT_REDIRECT] 
2025-03-04 20:12:13,787 [ERROR] LogOutputStream:75 - [STDERR_REDIRECT] SLF4J: Failed to load class "org.slf4j.impl.StaticLoggerBinder".
2025-03-04 20:12:13,787 [ERROR] LogOutputStream:75 - [STDERR_REDIRECT] SLF4J: Defaulting to no-operation (NOP) logger implementation
2025-03-04 20:12:13,788 [ERROR] LogOutputStream:75 - [STDERR_REDIRECT] SLF4J: See http://www.slf4j.org/codes.html#StaticLoggerBinder for further details.
2025-03-04 20:22:53,438 [INFO] ApplicationProperties:184 - Using Application install path: C:\ST\STM32CubeIDE_1.12.1\STM32CubeIDE\plugins\com.st.stm32cube.common.mx_6.8.1.202304191431
2025-03-04 20:22:53,478 [INFO] DbMcusXml:78 - Set database path to: C:\ST\STM32CubeIDE_1.12.1\STM32CubeIDE\plugins\com.st.stm32cube.common.mx_6.8.1.202304191431\\db\/mcu/
2025-03-04 20:22:53,479 [INFO] ApiDb:274 - Set plugin database path to: C:\ST\STM32CubeIDE_1.12.1\STM32CubeIDE\plugins\com.st.stm32cube.common.mx_6.8.1.202304191431\\db\/plugins/boardmanager/
2025-03-04 20:22:53,481 [WARN] ApiDb:259 - Overriding images path with different value:  => C:\ST\STM32CubeIDE_1.12.1\STM32CubeIDE\plugins\com.st.stm32cube.common.mx_6.8.1.202304191431\\db\/plugins/mcufinder/images/
2025-03-04 20:22:53,505 [INFO] ApiDb:250 - Set database path to: C:\Users\voine\.stmcufinder\plugins\mcufinder//mcu/
2025-03-04 20:22:53,508 [INFO] DbMcusAds:125 - Set database path to: C:\Users\voine\.stmcufinder\plugins\mcufinder//mcu/
2025-03-04 20:22:53,571 [INFO] CrossReferenceDbSqlite:203 - Set database path to: C:\Users\voine\.stmcufinder\plugins\mcufinder//mcu/cs/
2025-03-04 20:22:53,696 [INFO] RulesReader:64 - Compatibility file has been processed (293 Rules)
2025-03-04 20:22:53,800 [INFO] DbMcusXml:78 - Set database path to: C:\ST\STM32CubeIDE_1.12.1\STM32CubeIDE\plugins\com.st.stm32cube.common.mx_6.8.1.202304191431\\db\/mcu/
2025-03-04 20:22:53,800 [INFO] ApiDb:274 - Set plugin database path to: C:\ST\STM32CubeIDE_1.12.1\STM32CubeIDE\plugins\com.st.stm32cube.common.mx_6.8.1.202304191431\\db\/plugins/boardmanager/
2025-03-04 20:22:53,800 [INFO] ApiDb:261 - Set plugin images path to: C:\ST\STM32CubeIDE_1.12.1\STM32CubeIDE\plugins\com.st.stm32cube.common.mx_6.8.1.202304191431\\db\/plugins/mcufinder/images/
2025-03-04 20:22:53,800 [WARN] DbFile:41 - Overriding database path with different value: C:\Users\voine\.stmcufinder\plugins\mcufinder/ => C:\Users\voine\.stmcufinder\plugins\mcufinder
2025-03-04 20:22:53,800 [INFO] ApiDb:250 - Set database path to: C:\Users\voine\.stmcufinder\plugins\mcufinder//mcu/
2025-03-04 20:22:53,801 [WARN] DbFile:41 - Overriding database path with different value: C:\Users\voine\.stmcufinder\plugins\mcufinder/ => C:\Users\voine\.stmcufinder\plugins\mcufinder
2025-03-04 20:22:53,801 [INFO] DbMcusAds:125 - Set database path to: C:\Users\voine\.stmcufinder\plugins\mcufinder//mcu/
2025-03-04 20:22:53,801 [WARN] DbFile:41 - Overriding database path with different value: C:\Users\voine\.stmcufinder\plugins\mcufinder/ => C:\Users\voine\.stmcufinder\plugins\mcufinder
2025-03-04 20:22:53,801 [WARN] DbFile:41 - Overriding database path with different value: C:\Users\voine\.stmcufinder\plugins\mcufinder/ => C:\Users\voine\.stmcufinder\plugins\mcufinder
2025-03-04 20:22:53,801 [INFO] CrossReferenceDbSqlite:203 - Set database path to: C:\Users\voine\.stmcufinder\plugins\mcufinder//mcu/cs/
2025-03-04 20:22:53,891 [INFO] MainPanel:253 - HeapMemory: 649068544
2025-03-04 20:22:54,011 [INFO] DbMcusXml:78 - Set database path to: C:\ST\STM32CubeIDE_1.12.1\STM32CubeIDE\plugins\com.st.stm32cube.common.mx_6.8.1.202304191431\\db\/mcu/
2025-03-04 20:22:54,011 [INFO] ApiDb:274 - Set plugin database path to: C:\ST\STM32CubeIDE_1.12.1\STM32CubeIDE\plugins\com.st.stm32cube.common.mx_6.8.1.202304191431\\db\/plugins/boardmanager/
2025-03-04 20:22:54,011 [INFO] ApiDb:261 - Set plugin images path to: C:\ST\STM32CubeIDE_1.12.1\STM32CubeIDE\plugins\com.st.stm32cube.common.mx_6.8.1.202304191431\\db\/plugins/mcufinder/images/
2025-03-04 20:22:54,012 [WARN] DbFile:41 - Overriding database path with different value: C:\Users\voine\.stmcufinder\plugins\mcufinder/ => C:\Users\voine\.stmcufinder\plugins\mcufinder
2025-03-04 20:22:54,012 [INFO] ApiDb:250 - Set database path to: C:\Users\voine\.stmcufinder\plugins\mcufinder//mcu/
2025-03-04 20:22:54,012 [WARN] DbFile:41 - Overriding database path with different value: C:\Users\voine\.stmcufinder\plugins\mcufinder/ => C:\Users\voine\.stmcufinder\plugins\mcufinder
2025-03-04 20:22:54,013 [INFO] DbMcusAds:125 - Set database path to: C:\Users\voine\.stmcufinder\plugins\mcufinder//mcu/
2025-03-04 20:22:54,013 [WARN] DbFile:41 - Overriding database path with different value: C:\Users\voine\.stmcufinder\plugins\mcufinder/ => C:\Users\voine\.stmcufinder\plugins\mcufinder
2025-03-04 20:22:54,013 [WARN] DbFile:41 - Overriding database path with different value: C:\Users\voine\.stmcufinder\plugins\mcufinder/ => C:\Users\voine\.stmcufinder\plugins\mcufinder
2025-03-04 20:22:54,013 [INFO] CrossReferenceDbSqlite:203 - Set database path to: C:\Users\voine\.stmcufinder\plugins\mcufinder//mcu/cs/
2025-03-04 20:22:54,034 [INFO] ApplicationProperties:184 - Using Application install path: C:\ST\STM32CubeIDE_1.12.1\STM32CubeIDE\plugins\com.st.stm32cube.common.mx_6.8.1.202304191431
2025-03-04 20:22:54,035 [INFO] PluginManage:196 - Search for loadable plugins [exclusion list=, ]
2025-03-04 20:22:54,037 [INFO] PluginManage:310 - Check plugin analytics
2025-03-04 20:22:54,224 [INFO] AnalyticsPlugin:253 - Accepted Software Licenses: 
2025-03-04 20:22:54,225 [INFO] AnalyticsPlugin:255 - Accepted CMSIS Pack Licenses: 
2025-03-04 20:22:54,225 [INFO] AnalyticsPlugin:257 - Accepted Firmware Licenses: FW.F4.1.27.0
2025-03-04 20:22:54,247 [INFO] PluginManage:359 - Loaded plugin analytics (category:tool,tabindex:-1)
2025-03-04 20:22:54,247 [INFO] PluginManage:310 - Check plugin cadmodel
2025-03-04 20:22:54,270 [INFO] CADModel:105 - Init CAD model plugin
2025-03-04 20:22:54,270 [INFO] PluginManage:359 - Loaded plugin cadmodel (category:power,tabindex:5)
2025-03-04 20:22:54,270 [INFO] PluginManage:310 - Check plugin clock
2025-03-04 20:22:54,298 [INFO] PluginManage:359 - Loaded plugin clock (category:base,tabindex:2)
2025-03-04 20:22:54,298 [INFO] PluginManage:310 - Check plugin ddr
2025-03-04 20:22:54,301 [INFO] PluginManage:359 - Loaded plugin ddr (category:tool,tabindex:6)
2025-03-04 20:22:54,301 [INFO] PluginManage:310 - Check plugin filemanager
2025-03-04 20:22:54,462 [INFO] PluginManage:359 - Loaded plugin filemanager (category:base,tabindex:10)
2025-03-04 20:22:54,462 [INFO] PluginManage:310 - Check plugin ipmanager
2025-03-04 20:22:54,472 [INFO] PluginManage:359 - Loaded plugin ipmanager (category:base,tabindex:5)
2025-03-04 20:22:54,472 [INFO] PluginManage:310 - Check plugin lpbam
2025-03-04 20:22:54,496 [INFO] PluginManage:359 - Loaded plugin lpbam (category:base,tabindex:0)
2025-03-04 20:22:54,496 [INFO] PluginManage:310 - Check plugin pinoutandconfiguration
2025-03-04 20:22:54,520 [INFO] PluginManage:359 - Loaded plugin pinoutandconfiguration (category:base,tabindex:1)
2025-03-04 20:22:54,520 [INFO] PluginManage:310 - Check plugin pinoutconfig
2025-03-04 20:22:54,636 [WARN] SupportedApi:132 - Cannot load RTOS API schema: s4s-elt-must-match.1: The content of 'definitions' must match (annotation?, (simpleType | complexType)?, (unique | key | keyref)*)). A problem was found starting at: attribute.
2025-03-04 20:22:54,794 [INFO] PluginManage:359 - Loaded plugin pinoutconfig (category:base,tabindex:0)
2025-03-04 20:22:54,794 [INFO] PluginManage:310 - Check plugin power
2025-03-04 20:22:54,825 [INFO] PluginManage:359 - Loaded plugin power (category:power,tabindex:4)
2025-03-04 20:22:54,825 [INFO] PluginManage:310 - Check plugin projectmanager
2025-03-04 20:22:54,852 [INFO] PluginManage:359 - Loaded plugin projectmanager (category:projectmanager,tabindex:3)
2025-03-04 20:22:54,852 [INFO] PluginManage:310 - Check plugin thirdparty
2025-03-04 20:22:55,190 [INFO] PluginManage:359 - Loaded plugin thirdparty (category:base,tabindex:-1)
2025-03-04 20:22:55,190 [INFO] PluginManage:310 - Check plugin tools
2025-03-04 20:22:55,190 [WARN] IntegrityCheckThread:84 - waiting for thirdparty lock release [integrity check]
2025-03-04 20:22:55,190 [INFO] IntegrityCheckThread:86 - entering critical section [integrity check]
2025-03-04 20:22:55,192 [INFO] ThirdPartyUpdaterWithRetryManager:70 - Updater plugin not ready yet. [1/15]
2025-03-04 20:22:55,225 [INFO] PluginManage:359 - Loaded plugin tools (category:base,tabindex:7)
2025-03-04 20:22:55,226 [INFO] PluginManage:310 - Check plugin tutovideos
2025-03-04 20:22:55,466 [INFO] PluginManage:359 - Loaded plugin tutovideos (category:base,tabindex:-1)
2025-03-04 20:22:55,466 [INFO] PluginManage:310 - Check plugin updater
2025-03-04 20:22:55,485 [INFO] PluginManage:359 - Loaded plugin updater (category:base,tabindex:12)
2025-03-04 20:22:55,485 [INFO] PluginManage:283 - PluginManage : Loaded plugins [15]
2025-03-04 20:22:55,800 [INFO] PinOutPanel:1499 - setPackage(No Configuration,No Configuration)
2025-03-04 20:22:55,882 [INFO] CADModel:165 - CPN selected for project level
2025-03-04 20:22:55,882 [INFO] CADModel:114 - Register for checkConnection events
2025-03-04 20:22:55,935 [INFO] IPUIPlugin:80 - create IPUIPlugin
2025-03-04 20:22:55,935 [INFO] PluginManager:220 - loadIPPluginJar : add adc
2025-03-04 20:22:55,985 [INFO] IPUIPlugin:80 - create IPUIPlugin
2025-03-04 20:22:55,985 [INFO] PluginManager:220 - loadIPPluginJar : add aes
2025-03-04 20:22:56,040 [INFO] IPUIPlugin:80 - create IPUIPlugin
2025-03-04 20:22:56,040 [INFO] PluginManager:220 - loadIPPluginJar : add can
2025-03-04 20:22:56,072 [INFO] IPUIPlugin:80 - create IPUIPlugin
2025-03-04 20:22:56,072 [INFO] PluginManager:220 - loadIPPluginJar : add comp
2025-03-04 20:22:56,118 [INFO] IPUIPlugin:80 - create IPUIPlugin
2025-03-04 20:22:56,118 [INFO] PluginManager:220 - loadIPPluginJar : add cryp
2025-03-04 20:22:56,161 [INFO] IPUIPlugin:80 - create IPUIPlugin
2025-03-04 20:22:56,161 [INFO] PluginManager:220 - loadIPPluginJar : add dfsdm
2025-03-04 20:22:56,183 [INFO] IPUIPlugin:80 - create IPUIPlugin
2025-03-04 20:22:56,183 [INFO] PluginManager:220 - loadIPPluginJar : add dma
2025-03-04 20:22:56,253 [INFO] IPUIPlugin:80 - create IPUIPlugin
2025-03-04 20:22:56,253 [INFO] PluginManager:220 - loadIPPluginJar : add dma3
2025-03-04 20:22:56,284 [INFO] IPUIPlugin:80 - create IPUIPlugin
2025-03-04 20:22:56,284 [INFO] PluginManager:220 - loadIPPluginJar : add fatfs
2025-03-04 20:22:56,362 [INFO] IPUIPlugin:80 - create IPUIPlugin
2025-03-04 20:22:56,362 [INFO] PluginManager:220 - loadIPPluginJar : add fmc
2025-03-04 20:22:56,384 [INFO] IPUIPlugin:80 - create IPUIPlugin
2025-03-04 20:22:56,385 [INFO] PluginManager:220 - loadIPPluginJar : add freertos
2025-03-04 20:22:56,419 [INFO] IPUIPlugin:80 - create IPUIPlugin
2025-03-04 20:22:56,419 [INFO] PluginManager:220 - loadIPPluginJar : add genericplugin
2025-03-04 20:22:56,536 [INFO] IPUIPlugin:80 - create IPUIPlugin
2025-03-04 20:22:56,536 [INFO] PluginManager:220 - loadIPPluginJar : add gfxmmu
2025-03-04 20:22:56,725 [INFO] IPUIPlugin:80 - create IPUIPlugin
2025-03-04 20:22:56,725 [INFO] PluginManager:220 - loadIPPluginJar : add gic
2025-03-04 20:22:56,746 [INFO] IPUIPlugin:80 - create IPUIPlugin
2025-03-04 20:22:56,746 [INFO] PluginManager:220 - loadIPPluginJar : add gpio
2025-03-04 20:22:56,876 [INFO] IPUIPlugin:80 - create IPUIPlugin
2025-03-04 20:22:56,876 [INFO] PluginManager:220 - loadIPPluginJar : add gtzc
2025-03-04 20:22:56,919 [INFO] IPUIPlugin:80 - create IPUIPlugin
2025-03-04 20:22:56,919 [INFO] PluginManager:220 - loadIPPluginJar : add hash
2025-03-04 20:22:56,995 [INFO] IPUIPlugin:80 - create IPUIPlugin
2025-03-04 20:22:56,996 [INFO] PluginManager:220 - loadIPPluginJar : add i2c
2025-03-04 20:22:57,047 [INFO] IPUIPlugin:80 - create IPUIPlugin
2025-03-04 20:22:57,048 [INFO] PluginManager:220 - loadIPPluginJar : add i2s
2025-03-04 20:22:57,102 [INFO] IPUIPlugin:80 - create IPUIPlugin
2025-03-04 20:22:57,102 [INFO] PluginManager:220 - loadIPPluginJar : add i3c
2025-03-04 20:22:57,220 [INFO] IPUIPlugin:80 - create IPUIPlugin
2025-03-04 20:22:57,220 [INFO] PluginManager:220 - loadIPPluginJar : add ipddr
2025-03-04 20:22:57,332 [INFO] IPUIPlugin:80 - create IPUIPlugin
2025-03-04 20:22:57,333 [INFO] PluginManager:220 - loadIPPluginJar : add linkedlist
2025-03-04 20:22:57,376 [INFO] IPUIPlugin:80 - create IPUIPlugin
2025-03-04 20:22:57,376 [INFO] PluginManager:220 - loadIPPluginJar : add lorawan
2025-03-04 20:22:57,420 [INFO] IPUIPlugin:80 - create IPUIPlugin
2025-03-04 20:22:57,420 [INFO] PluginManager:220 - loadIPPluginJar : add ltdc
2025-03-04 20:22:57,439 [INFO] IPUIPlugin:80 - create IPUIPlugin
2025-03-04 20:22:57,439 [INFO] PluginManager:220 - loadIPPluginJar : add mdma
2025-03-04 20:22:57,459 [INFO] IPUIPlugin:80 - create IPUIPlugin
2025-03-04 20:22:57,459 [INFO] PluginManager:220 - loadIPPluginJar : add nvic
2025-03-04 20:22:57,506 [INFO] IPUIPlugin:80 - create IPUIPlugin
2025-03-04 20:22:57,506 [INFO] PluginManager:220 - loadIPPluginJar : add opamp
2025-03-04 20:22:57,580 [INFO] IPUIPlugin:80 - create IPUIPlugin
2025-03-04 20:22:57,580 [INFO] PluginManager:220 - loadIPPluginJar : add openamp
2025-03-04 20:22:57,636 [INFO] IPUIPlugin:80 - create IPUIPlugin
2025-03-04 20:22:57,636 [INFO] PluginManager:220 - loadIPPluginJar : add pdm2pcm
2025-03-04 20:22:57,655 [INFO] IPUIPlugin:80 - create IPUIPlugin
2025-03-04 20:22:57,658 [INFO] PluginManager:220 - loadIPPluginJar : add plateformsettings
2025-03-04 20:22:57,689 [INFO] IPUIPlugin:80 - create IPUIPlugin
2025-03-04 20:22:57,689 [INFO] PluginManager:220 - loadIPPluginJar : add quadspi
2025-03-04 20:22:57,705 [INFO] IPUIPlugin:80 - create IPUIPlugin
2025-03-04 20:22:57,705 [INFO] PluginManager:220 - loadIPPluginJar : add resmgrutility
2025-03-04 20:22:57,761 [INFO] IPUIPlugin:80 - create IPUIPlugin
2025-03-04 20:22:57,761 [INFO] PluginManager:220 - loadIPPluginJar : add sai
2025-03-04 20:22:57,808 [INFO] IPUIPlugin:80 - create IPUIPlugin
2025-03-04 20:22:57,808 [INFO] PluginManager:220 - loadIPPluginJar : add spi
2025-03-04 20:22:57,874 [INFO] IPUIPlugin:80 - create IPUIPlugin
2025-03-04 20:22:57,874 [INFO] PluginManager:220 - loadIPPluginJar : add stm32_wpan
2025-03-04 20:22:57,905 [INFO] IPUIPlugin:80 - create IPUIPlugin
2025-03-04 20:22:57,905 [INFO] PluginManager:220 - loadIPPluginJar : add tim
2025-03-04 20:22:57,970 [INFO] IPUIPlugin:80 - create IPUIPlugin
2025-03-04 20:22:57,970 [INFO] PluginManager:220 - loadIPPluginJar : add touchsensing
2025-03-04 20:22:58,000 [INFO] IPUIPlugin:80 - create IPUIPlugin
2025-03-04 20:22:58,001 [INFO] PluginManager:220 - loadIPPluginJar : add tracer_emb
2025-03-04 20:22:58,029 [INFO] IPUIPlugin:80 - create IPUIPlugin
2025-03-04 20:22:58,030 [INFO] PluginManager:220 - loadIPPluginJar : add ts
2025-03-04 20:22:58,060 [INFO] IPUIPlugin:80 - create IPUIPlugin
2025-03-04 20:22:58,060 [INFO] PluginManager:220 - loadIPPluginJar : add tsc
2025-03-04 20:22:58,086 [INFO] IPUIPlugin:80 - create IPUIPlugin
2025-03-04 20:22:58,086 [INFO] PluginManager:220 - loadIPPluginJar : add ucpd
2025-03-04 20:22:58,141 [INFO] IPUIPlugin:80 - create IPUIPlugin
2025-03-04 20:22:58,141 [INFO] PluginManager:220 - loadIPPluginJar : add usart
2025-03-04 20:22:58,191 [INFO] IPUIPlugin:80 - create IPUIPlugin
2025-03-04 20:22:58,191 [INFO] PluginManager:220 - loadIPPluginJar : add usbx
2025-03-04 20:22:58,192 [INFO] ThirdPartyUpdaterWithRetryManager:70 - Updater plugin not ready yet. [2/15]
2025-03-04 20:22:58,328 [INFO] CADModel:165 - CPN selected for project level
2025-03-04 20:22:58,328 [INFO] CADModel:114 - Register for checkConnection events
2025-03-04 20:22:58,328 [FATAL] Updater:308 - Updater called before beeing initialized
2025-03-04 20:22:58,328 [ERROR] CADModel:125 - Updater not yet initialized, retry later 
2025-03-04 20:22:58,488 [INFO] CADModel:165 - CPN selected for project level
2025-03-04 20:22:58,488 [INFO] CADModel:114 - Register for checkConnection events
2025-03-04 20:22:58,488 [FATAL] Updater:308 - Updater called before beeing initialized
2025-03-04 20:22:58,488 [ERROR] CADModel:125 - Updater not yet initialized, retry later 
2025-03-04 20:22:58,492 [FATAL] Updater:308 - Updater called before beeing initialized
2025-03-04 20:22:58,655 [FATAL] Updater:308 - Updater called before beeing initialized
2025-03-04 20:22:58,671 [INFO] DbMcusAds:53 - JSON generation date=Tue Dec 17 18:01:15 EET 2024 (1734451275111)
2025-03-04 20:22:58,671 [FATAL] Updater:308 - Updater called before beeing initialized
2025-03-04 20:22:58,760 [WARN] DetailPanel:346 - Failed to get advertising image, set to default
2025-03-04 20:22:58,872 [FATAL] Updater:308 - Updater called before beeing initialized
2025-03-04 20:22:58,875 [FATAL] Updater:308 - Updater called before beeing initialized
2025-03-04 20:22:58,875 [FATAL] Updater:308 - Updater called before beeing initialized
2025-03-04 20:22:58,875 [WARN] DetailPanel:346 - Failed to get advertising image, set to default
2025-03-04 20:22:58,876 [FATAL] Updater:308 - Updater called before beeing initialized
2025-03-04 20:22:58,951 [ERROR] Updater:1120 - MainUpdater not yet initialized. External WinMGr cannot be set.
2025-03-04 20:22:58,964 [INFO] Updater:1056 - Updater Version found : 6.8.1
2025-03-04 20:22:58,989 [INFO] ApplicationProperties:184 - Using Application install path: C:\ST\STM32CubeIDE_1.12.1\STM32CubeIDE\plugins\com.st.stm32cube.common.mx_6.8.1.202304191431
2025-03-04 20:22:59,274 [INFO] MainUpdater:2854 - connection check result : 10
2025-03-04 20:22:59,274 [INFO] MainUpdater:3548 - Updater definition file requires update
2025-03-04 20:22:59,276 [INFO] MainUpdater:283 - Updater Check For Update Now.
2025-03-04 20:22:59,276 [INFO] MicroXplorer:498 - Change Database Version : DB.6.0.81
2025-03-04 20:22:59,307 [INFO] ServerAccessManage:473 - Download File updaters.zip
2025-03-04 20:22:59,362 [INFO] FileExtend:240 - Unzip File : updaters.zip
2025-03-04 20:22:59,362 [INFO] FileExtend:255 - Standard Zip Deflate
2025-03-04 20:23:00,067 [INFO] ServerAccessManage:473 - Download File PacksControlFlags.xml
2025-03-04 20:23:00,255 [INFO] ServerAccessManage:473 - Download File cubemx.pidx
2025-03-04 20:23:00,520 [INFO] ServerAccessManage:473 - Download File STMicroelectronics.FP-ATR-ASTRA1.pdsc
2025-03-04 20:23:01,192 [WARN] MainUpdater:1187 - Updater busy. Cannot search thirdparties
2025-03-04 20:23:01,192 [INFO] ThirdPartyUpdaterWithRetryManager:96 - Updater plugin is busy. [1/15]
2025-03-04 20:23:01,238 [INFO] ServerAccessManage:473 - Download File STMicroelectronics.X-CUBE-BLE1.pdsc
2025-03-04 20:23:02,654 [ERROR] ServerAccessManage:1089 - Problem, file not found on Server
2025-03-04 20:23:03,845 [WARN] PackLoader:240 - Cannot read IP mode file for STMicroelectronics.FP-ATR-ASTRA1.2.0.2
2025-03-04 20:23:03,857 [WARN] PackLoader:240 - Cannot read IP mode file for STMicroelectronics.X-CUBE-BLE1.7.1.0
2025-03-04 20:23:03,858 [INFO] PopulateThirdPartyThread:66 - Ending populate Thread
2025-03-04 20:23:03,863 [INFO] ThirdParty:1030 - CMSIS Pack Vendor :STMicroelectronics FP-ATR-ASTRA1 2.0.2
2025-03-04 20:23:03,863 [INFO] ThirdParty:1030 - CMSIS Pack Vendor :STMicroelectronics X-CUBE-BLE1 7.1.0
2025-03-04 20:23:03,864 [INFO] LoadServerUpdatesThread:373 - End of LoadServerUpdate Thread
2025-03-04 20:23:03,941 [INFO] CheckServerUpdateThread:120 - End of CheckServer Thread
2025-03-04 20:23:04,030 [INFO] MainUpdater:2854 - connection check result : 10
2025-03-04 20:23:04,039 [INFO] MainUpdater:2854 - connection check result : 10
2025-03-04 20:23:04,262 [INFO] MicroXplorer:468 - Change Database Path : 
2025-03-04 20:23:04,263 [INFO] MicroXplorer:498 - Change Database Version : DB.6.0.81
2025-03-04 20:23:04,263 [WARN] ThirdParty:871 - waiting for thirdparty lock release [close project]
2025-03-04 20:23:04,477 [WARN] PackLoader:240 - Cannot read IP mode file for STMicroelectronics.FP-SNS-MOTENVWB1.1.4.0
2025-03-04 20:23:04,483 [WARN] PackLoader:240 - Cannot read IP mode file for STMicroelectronics.FP-ATR-ASTRA1.2.0.2
2025-03-04 20:23:04,487 [WARN] PackLoader:240 - Cannot read IP mode file for STMicroelectronics.FP-ATR-ASTRA1.2.0.1
2025-03-04 20:23:04,516 [WARN] PackLoader:240 - Cannot read IP mode file for STMicroelectronics.X-CUBE-SMBUS.2.1.0
2025-03-04 20:23:04,542 [WARN] PackLoader:240 - Cannot read IP mode file for STMicroelectronics.X-CUBE-WB05N.1.1.0
2025-03-04 20:23:04,569 [WARN] PackLoader:240 - Cannot read IP mode file for STMicroelectronics.X-CUBE-TOUCHGFX.4.23.1
2025-03-04 20:23:04,593 [WARN] PackLoader:240 - Cannot read IP mode file for STMicroelectronics.X-CUBE-TOUCHGFX.4.23.0
2025-03-04 20:23:04,619 [WARN] PackLoader:240 - Cannot read IP mode file for STMicroelectronics.X-CUBE-TOUCHGFX.4.23.2
2025-03-04 20:23:04,670 [WARN] PackLoader:240 - Cannot read IP mode file for STMicroelectronics.X-CUBE-AZRTOS-F7.1.1.0
2025-03-04 20:23:04,700 [WARN] PackLoader:240 - Cannot read IP mode file for STMicroelectronics.FP-SNS-MOTENV1.4.3.2
2025-03-04 20:23:04,784 [WARN] PackLoader:240 - Cannot read IP mode file for STMicroelectronics.X-CUBE-MEMS1.11.0.0
2025-03-04 20:23:04,939 [WARN] PackLoader:240 - Cannot read IP mode file for STMicroelectronics.FP-SNS-FLIGHT1.5.0.2
2025-03-04 20:23:04,965 [WARN] PackLoader:240 - Cannot read IP mode file for STMicroelectronics.X-CUBE-DISPLAY.3.0.0
2025-03-04 20:23:04,991 [WARN] PackLoader:240 - Cannot read IP mode file for STMicroelectronics.X-CUBE-BLE1.7.0.0
2025-03-04 20:23:05,022 [WARN] PackLoader:240 - Cannot read IP mode file for STMicroelectronics.X-CUBE-NFC10.1.0.0
2025-03-04 20:23:05,055 [ERROR] Engine:466 - C:\Users\voine\.stm32cubemx\thirdparties\pdsc\STMicroelectronics.X-CUBE-BLEMGR.4.0.0.pdsc: PDSC version is not supported
2025-03-04 20:23:05,082 [WARN] PackLoader:240 - Cannot read IP mode file for emotas.I-CUBE-CANOPEN.1.3.0
2025-03-04 20:23:05,114 [WARN] PackLoader:240 - Cannot read IP mode file for STMicroelectronics.X-CUBE-BLEMGR.3.1.0
2025-03-04 20:23:05,145 [WARN] PackLoader:240 - Cannot read IP mode file for STMicroelectronics.X-CUBE-AI.10.0.0
2025-03-04 20:23:05,173 [WARN] PackLoader:240 - Cannot read IP mode file for STMicroelectronics.FP-SNS-SMARTAG2.1.2.0
2025-03-04 20:23:05,254 [WARN] PackLoader:240 - Cannot read IP mode file for STMicroelectronics.X-CUBE-MEMS1.11.1.0
2025-03-04 20:23:05,424 [INFO] LogOutputStream:77 - [STDOUT_REDIRECT] 1 : Invalid condition id : UX_CORESTACK_Condition cause : null
2025-03-04 20:23:05,425 [INFO] LogOutputStream:77 - [STDOUT_REDIRECT] 1 : Invalid condition id : UX_CORESTACK_Condition cause : null
2025-03-04 20:23:05,426 [INFO] LogOutputStream:77 - [STDOUT_REDIRECT] 1 : Invalid condition id : UX_CORESTACK_Condition cause : null
2025-03-04 20:23:05,429 [INFO] LogOutputStream:77 - [STDOUT_REDIRECT] 1 : Invalid condition id : UX_CORESTACK_Condition cause : null
2025-03-04 20:23:05,430 [INFO] LogOutputStream:77 - [STDOUT_REDIRECT] 1 : Invalid condition id : UX_CORESTACK_Condition cause : null
2025-03-04 20:23:05,434 [WARN] PackLoader:240 - Cannot read IP mode file for STMicroelectronics.X-CUBE-AZRTOS-WL.2.0.0
2025-03-04 20:23:05,458 [WARN] PackLoader:240 - Cannot read IP mode file for STMicroelectronics.FP-SNS-MOTENV1.5.0.0
2025-03-04 20:23:05,484 [WARN] PackLoader:240 - Cannot read IP mode file for wolfSSL.I-CUBE-wolfMQTT.1.19.0
2025-03-04 20:23:05,513 [WARN] PackLoader:240 - Cannot read IP mode file for WES.I-CUBE-Cesium.1.3.0
2025-03-04 20:23:05,538 [WARN] PackLoader:240 - Cannot read IP mode file for STMicroelectronics.X-CUBE-BLE2.3.3.0
2025-03-04 20:23:05,563 [WARN] PackLoader:240 - Cannot read IP mode file for STMicroelectronics.X-CUBE-NFC9.1.0.0
2025-03-04 20:23:05,570 [WARN] PackLoader:240 - Cannot read IP mode file for STMicroelectronics.X-CUBE-BLE1.7.1.0
2025-03-04 20:23:05,598 [WARN] PackLoader:240 - Cannot read IP mode file for STMicroelectronics.X-CUBE-TCPP.4.1.0
2025-03-04 20:23:05,639 [WARN] PackLoader:240 - Cannot read IP mode file for STMicroelectronics.X-CUBE-ALGOBUILD.1.3.0
2025-03-04 20:23:05,680 [WARN] PackLoader:240 - Cannot read IP mode file for STMicroelectronics.X-CUBE-AZRTOS-G0.1.1.0
2025-03-04 20:23:05,709 [WARN] PackLoader:240 - Cannot read IP mode file for STMicroelectronics.X-CUBE-SAFEA1.1.2.2
2025-03-04 20:23:05,735 [WARN] PackLoader:240 - Cannot read IP mode file for STMicroelectronics.X-CUBE-NFC4.3.0.0
2025-03-04 20:23:05,780 [ERROR] Engine:466 - C:\Users\voine\.stm32cubemx\thirdparties\pdsc\EmbeddedOffice.I-CUBE-FS-RTOS.1.0.1.pdsc: PDSC version is not supported
2025-03-04 20:23:05,809 [WARN] PackLoader:240 - Cannot read IP mode file for STMicroelectronics.X-CUBE-BLEMGR.3.0.0
2025-03-04 20:23:05,833 [ERROR] Engine:466 - C:\Users\voine\.stm32cubemx\thirdparties\pdsc\STMicroelectronics.X-CUBE-TCPP.4.2.0.pdsc: PDSC version is not supported
2025-03-04 20:23:05,853 [ERROR] Engine:466 - C:\Users\voine\.stm32cubemx\thirdparties\pdsc\RealThread.X-CUBE-RT-Thread_Nano.4.1.1.pdsc: PDSC version is not supported
2025-03-04 20:23:05,863 [WARN] PackLoader:240 - Cannot read IP mode file for STMicroelectronics.FP-ATR-SIGFOX1.3.2.0
2025-03-04 20:23:05,868 [ERROR] Engine:466 - C:\Users\voine\.stm32cubemx\thirdparties\pdsc\quantropi.X-CUBE-qispace-sdk-base.1.9.3.pdsc: PDSC version is not supported
2025-03-04 20:23:05,895 [WARN] PackLoader:240 - Cannot read IP mode file for STMicroelectronics.X-CUBE-EEPRMA1.5.1.0
2025-03-04 20:23:05,945 [WARN] PackLoader:240 - Cannot read IP mode file for SEGGER.I-CUBE-embOS.1.3.1
2025-03-04 20:23:05,995 [WARN] PackLoader:240 - Cannot read IP mode file for STMicroelectronics.X-CUBE-ALGOBUILD.1.4.0
2025-03-04 20:23:06,010 [WARN] PackLoader:240 - Cannot read IP mode file for STMicroelectronics.X-CUBE-AI.9.1.0
2025-03-04 20:23:06,028 [WARN] PackLoader:240 - Cannot read IP mode file for STMicroelectronics.X-CUBE-GNSS1.6.0.0
2025-03-04 20:23:06,057 [WARN] PackLoader:240 - Cannot read IP mode file for STMicroelectronics.X-CUBE-AZRTOS-F4.1.1.0
2025-03-04 20:23:06,074 [WARN] PackLoader:240 - Cannot read IP mode file for STMicroelectronics.X-CUBE-ISPU.2.1.0
2025-03-04 20:23:06,094 [WARN] PackLoader:240 - Cannot read IP mode file for STMicroelectronics.X-CUBE-FREERTOS.1.2.0
2025-03-04 20:23:06,113 [WARN] PackLoader:240 - Cannot read IP mode file for wolfSSL.I-CUBE-wolfSSL.5.6.6
2025-03-04 20:23:06,155 [WARN] PackLoader:240 - Cannot read IP mode file for STMicroelectronics.X-CUBE-AZRTOS-L5.2.0.0
2025-03-04 20:23:06,177 [WARN] PackLoader:240 - Cannot read IP mode file for STMicroelectronics.X-CUBE-NFC6.3.1.0
2025-03-04 20:23:06,197 [WARN] PackLoader:240 - Cannot read IP mode file for ITTIA_DB.I-CUBE-ITTIADB.8.8.0
2025-03-04 20:23:06,213 [ERROR] Engine:466 - C:\Users\voine\.stm32cubemx\thirdparties\pdsc\STMicroelectronics.X-CUBE-DPower.1.2.0.pdsc: PDSC version is not supported
2025-03-04 20:23:06,227 [WARN] PackLoader:240 - Cannot read IP mode file for STMicroelectronics.X-CUBE-AI.9.0.0
2025-03-04 20:23:06,241 [WARN] PackLoader:240 - Cannot read IP mode file for STMicroelectronics.X-CUBE-FREERTOS.1.3.0
2025-03-04 20:23:06,255 [WARN] PackLoader:240 - Cannot read IP mode file for STMicroelectronics.X-CUBE-NFC7.1.0.1
2025-03-04 20:23:06,271 [WARN] PackLoader:240 - Cannot read IP mode file for STMicroelectronics.X-CUBE-NFC6.3.0.0
2025-03-04 20:23:06,292 [WARN] PackLoader:240 - Cannot read IP mode file for STMicroelectronics.X-CUBE-AI.8.1.0
2025-03-04 20:23:06,324 [WARN] ConditionMgr:438 - getConditionDescription Invalid condition id : LAN8742 Phy interface Condition cause : null
2025-03-04 20:23:06,324 [WARN] PackLoader:240 - Cannot read IP mode file for STMicroelectronics.X-CUBE-AZRTOS-L4.2.0.0
2025-03-04 20:23:06,326 [WARN] ConditionMgr:1039 - genDependencies : Invalid condition id : LAN8742 Phy interface Condition cause : null
2025-03-04 20:23:06,326 [WARN] ConditionMgr:1039 - genDependencies : Invalid condition id : LAN8742 Phy interface Condition cause : null
2025-03-04 20:23:06,327 [WARN] ConditionMgr:1039 - genDependencies : Invalid condition id : LAN8742 Phy interface Condition cause : null
2025-03-04 20:23:06,349 [WARN] PackLoader:240 - Cannot read IP mode file for STMicroelectronics.X-CUBE-SFXS2LP1.4.0.0
2025-03-04 20:23:06,383 [WARN] PackLoader:240 - Cannot read IP mode file for STMicroelectronics.X-CUBE-AZRTOS-H7.3.3.0
2025-03-04 20:23:06,406 [ERROR] Engine:466 - C:\Users\voine\.stm32cubemx\thirdparties\pdsc\STMicroelectronics.X-CUBE-IPS.3.0.0.pdsc: PDSC version is not supported
2025-03-04 20:23:06,435 [WARN] ConditionMgr:438 - getConditionDescription Invalid condition id : UX DEVICE CLASS RTOS Condition cause : null
2025-03-04 20:23:06,436 [WARN] ConditionMgr:438 - getConditionDescription Invalid condition id : UX DEVICE CLASS RTOS Condition cause : null
2025-03-04 20:23:06,437 [WARN] PackLoader:240 - Cannot read IP mode file for STMicroelectronics.X-CUBE-AZRTOS-WB.2.0.0
2025-03-04 20:23:06,437 [WARN] ConditionMgr:1039 - genDependencies : Invalid condition id : UX DEVICE CLASS RTOS Condition cause : null
2025-03-04 20:23:06,437 [WARN] ConditionMgr:1039 - genDependencies : Invalid condition id : UX DEVICE CLASS RTOS Condition cause : null
2025-03-04 20:23:06,438 [WARN] ConditionMgr:1039 - genDependencies : Invalid condition id : UX DEVICE CLASS RTOS Condition cause : null
2025-03-04 20:23:06,438 [WARN] ConditionMgr:1039 - genDependencies : Invalid condition id : UX DEVICE CLASS RTOS Condition cause : null
2025-03-04 20:23:06,438 [WARN] ConditionMgr:1039 - genDependencies : Invalid condition id : UX DEVICE CLASS RTOS Condition cause : null
2025-03-04 20:23:06,453 [WARN] PackLoader:240 - Cannot read IP mode file for STMicroelectronics.X-CUBE-GNSS1.7.0.0
2025-03-04 20:23:06,469 [WARN] PackLoader:240 - Cannot read IP mode file for STMicroelectronics.X-CUBE-GNSS1.7.0.1
2025-03-04 20:23:06,483 [ERROR] Engine:466 - C:\Users\voine\.stm32cubemx\thirdparties\pdsc\STMicroelectronics.FP-SNS-STBOX1.2.0.0.pdsc: PDSC version is not supported
2025-03-04 20:23:06,505 [WARN] PackLoader:240 - Cannot read IP mode file for STMicroelectronics.X-CUBE-SUBG2.5.0.0
2025-03-04 20:23:06,525 [WARN] PackLoader:240 - Cannot read IP mode file for Cesanta.I-CUBE-Mongoose.7.13.0
2025-03-04 20:23:06,549 [WARN] PackLoader:240 - Cannot read IP mode file for STMicroelectronics.X-CUBE-AZRTOS-G4.2.0.0
2025-03-04 20:23:06,574 [WARN] PackLoader:240 - Cannot read IP mode file for Infineon.AIROC-Wi-Fi-Bluetooth-STM32.1.5.1
2025-03-04 20:23:06,593 [WARN] PackLoader:240 - Cannot read IP mode file for STMicroelectronics.FP-SNS-MOTENVWB1.1.3.1
2025-03-04 20:23:06,609 [WARN] PackLoader:240 - Cannot read IP mode file for STMicroelectronics.X-CUBE-ISPU.2.0.0
2025-03-04 20:23:06,627 [ERROR] Engine:466 - C:\Users\voine\.stm32cubemx\thirdparties\pdsc\STMicroelectronics.X-CUBE-IPS.3.1.0.pdsc: PDSC version is not supported
2025-03-04 20:23:06,643 [WARN] PackLoader:240 - Cannot read IP mode file for STMicroelectronics.X-CUBE-ALS.1.0.2
2025-03-04 20:23:06,685 [WARN] PackLoader:240 - Cannot read IP mode file for STMicroelectronics.X-CUBE-MEMS1.10.0.0
2025-03-04 20:23:06,755 [WARN] PackLoader:240 - Cannot read IP mode file for STMicroelectronics.X-CUBE-FREERTOS.1.1.0
2025-03-04 20:23:06,773 [WARN] PackLoader:240 - Cannot read IP mode file for STMicroelectronics.X-CUBE-TOUCHGFX.4.24.2
2025-03-04 20:23:06,788 [WARN] PackLoader:240 - Cannot read IP mode file for STMicroelectronics.X-CUBE-TOUCHGFX.4.24.1
2025-03-04 20:23:06,794 [WARN] PackLoader:240 - Cannot read IP mode file for wolfSSL.I-CUBE-wolfTPM.3.4.0
2025-03-04 20:23:06,806 [WARN] PackLoader:240 - Cannot read IP mode file for portGmbH.I-Cube-SoM-uGOAL.1.1.0
2025-03-04 20:23:06,821 [WARN] PackLoader:240 - Cannot read IP mode file for STMicroelectronics.X-CUBE-ALS.1.0.1
2025-03-04 20:23:06,848 [WARN] PackLoader:240 - Cannot read IP mode file for STMicroelectronics.X-CUBE-AZRTOS-H7RS.1.0.0
2025-03-04 20:23:06,863 [WARN] PackLoader:240 - Cannot read IP mode file for STMicroelectronics.FP-ATR-ASTRA1.2.0.0
2025-03-04 20:23:06,876 [ERROR] Engine:466 - C:\Users\voine\.stm32cubemx\thirdparties\pdsc\STMicroelectronics.X-CUBE-TOF1.3.4.2.pdsc: PDSC version is not supported
2025-03-04 20:23:06,895 [WARN] PackLoader:240 - Cannot read IP mode file for STMicroelectronics.X-CUBE-TOF1.3.4.0
2025-03-04 20:23:06,916 [WARN] PackLoader:240 - Cannot read IP mode file for STMicroelectronics.X-CUBE-TOF1.3.4.1
2025-03-04 20:23:06,944 [WARN] PackLoader:240 - Cannot read IP mode file for STMicroelectronics.X-CUBE-AZRTOS-H7.3.2.0
2025-03-04 20:23:06,951 [WARN] PackLoader:240 - Cannot read IP mode file for wolfSSL.I-CUBE-wolfSSH.1.4.17
2025-03-04 20:23:06,951 [INFO] ThirdParty:978 - Integrity check success = true
2025-03-04 20:23:06,951 [INFO] IntegrityCheckThread:100 - exiting critical section [integrity check]
2025-03-04 20:23:06,951 [INFO] IntegrityCheckThread:103 - End integrity checks thread
2025-03-04 20:23:06,951 [INFO] ThirdParty:873 - entering critical section [close project]
2025-03-04 20:23:06,954 [INFO] ThirdParty:883 - exiting critical section [close project]
2025-03-04 20:23:06,957 [INFO] PinOutPanel:1499 - setPackage(No Configuration,No Configuration)
2025-03-04 20:23:06,962 [INFO] UtilMem:75 - Begin LoadConfig() Used Memory: 716070584 Bytes (989855744)
2025-03-04 20:23:06,963 [INFO] MicroXplorer:468 - Change Database Path : 
2025-03-04 20:23:06,963 [INFO] MicroXplorer:498 - Change Database Version : DB.6.0.81
2025-03-04 20:23:06,963 [INFO] OpenFileManager:308 - Change cursor
2025-03-04 20:23:07,005 [INFO] Mcu:1937 - Initializing MCU STM32F401R(D-E)Tx STM32F401RETx STM32F401RET6
2025-03-04 20:23:08,370 [INFO] Context:659 - Trying to add GPIOservice into a context  which must be forbidden
2025-03-04 20:23:08,879 [INFO] RtosManager:555 - Registered RTOS mode: class=CMSIS, group=RTOS, mode=CMSIS_V1, owner=FREERTOS
2025-03-04 20:23:08,880 [INFO] RtosManager:555 - Registered RTOS mode: class=CMSIS, group=RTOS2, mode=CMSIS_V2, owner=FREERTOS
2025-03-04 20:23:08,880 [INFO] RtosManager:555 - Registered RTOS mode: class=RTOS, group=Core, mode=CMSIS_V1, owner=FREERTOS
2025-03-04 20:23:08,880 [INFO] RtosManager:555 - Registered RTOS mode: class=RTOS, group=Core, mode=CMSIS_V2, owner=FREERTOS
2025-03-04 20:23:08,881 [WARN] ModelIntegratedComponent:184 - Missing modes for component STMicroelectronics:FreeRTOS:0.0.1:STMicroelectronics:RTOS:FreeRTOS:Core:::10.2.0:
2025-03-04 20:23:08,906 [WARN] ModelIntegratedComponent:63 - No mode defined for component null
2025-03-04 20:23:08,906 [WARN] ModelIntegratedComponent:63 - No mode defined for component null
2025-03-04 20:23:08,906 [WARN] ModelIntegratedComponent:63 - No mode defined for component null
2025-03-04 20:23:08,908 [WARN] ModelIntegratedComponent:63 - No mode defined for component null
2025-03-04 20:23:08,908 [WARN] ModelIntegratedComponent:63 - No mode defined for component null
2025-03-04 20:23:08,908 [WARN] ModelIntegratedComponent:63 - No mode defined for component null
2025-03-04 20:23:08,908 [WARN] ModelIntegratedComponent:63 - No mode defined for component null
2025-03-04 20:23:08,908 [WARN] ModelIntegratedComponent:63 - No mode defined for component null
2025-03-04 20:23:08,908 [WARN] ModelIntegratedComponent:63 - No mode defined for component null
2025-03-04 20:23:08,908 [WARN] ModelIntegratedComponent:63 - No mode defined for component null
2025-03-04 20:23:08,909 [WARN] ModelIntegratedComponent:63 - No mode defined for component null
2025-03-04 20:23:08,909 [WARN] ModelIntegratedComponent:63 - No mode defined for component null
2025-03-04 20:23:08,909 [WARN] ModelIntegratedComponent:63 - No mode defined for component null
2025-03-04 20:23:08,909 [WARN] ModelIntegratedComponent:63 - No mode defined for component null
2025-03-04 20:23:08,909 [WARN] ModelIntegratedComponent:63 - No mode defined for component null
2025-03-04 20:23:08,909 [WARN] ModelIntegratedComponent:63 - No mode defined for component null
2025-03-04 20:23:08,909 [WARN] ModelIntegratedComponent:63 - No mode defined for component null
2025-03-04 20:23:08,909 [WARN] ModelIntegratedComponent:63 - No mode defined for component null
2025-03-04 20:23:08,910 [WARN] ModelIntegratedComponent:63 - No mode defined for component null
2025-03-04 20:23:08,910 [WARN] ModelIntegratedComponent:63 - No mode defined for component null
2025-03-04 20:23:08,910 [WARN] ModelIntegratedComponent:63 - No mode defined for component null
2025-03-04 20:23:08,910 [WARN] ModelIntegratedComponent:63 - No mode defined for component null
2025-03-04 20:23:08,910 [WARN] ModelIntegratedComponent:63 - No mode defined for component null
2025-03-04 20:23:08,910 [WARN] ModelIntegratedComponent:63 - No mode defined for component null
2025-03-04 20:23:08,911 [WARN] ModelIntegratedComponent:63 - No mode defined for component null
2025-03-04 20:23:08,911 [WARN] ModelIntegratedComponent:63 - No mode defined for component null
2025-03-04 20:23:08,911 [WARN] ModelIntegratedComponent:63 - No mode defined for component null
2025-03-04 20:23:08,911 [WARN] ModelIntegratedComponent:63 - No mode defined for component null
2025-03-04 20:23:08,911 [WARN] ModelIntegratedComponent:63 - No mode defined for component null
2025-03-04 20:23:08,911 [WARN] ModelIntegratedComponent:63 - No mode defined for component null
2025-03-04 20:23:08,911 [WARN] ModelIntegratedComponent:63 - No mode defined for component null
2025-03-04 20:23:08,912 [WARN] ModelIntegratedComponent:63 - No mode defined for component null
2025-03-04 20:23:08,912 [WARN] ModelIntegratedComponent:63 - No mode defined for component null
2025-03-04 20:23:09,095 [INFO] ThirdPartyModel:298 - Start build external matchings
2025-03-04 20:23:09,849 [INFO] ThirdPartyModel:316 - End build external matchings
2025-03-04 20:23:09,889 [INFO] ImportTextPane:194 - (OptionalMessage_ERROR) IP (RCC) : Parameter (RTCHSEDivFreq_Value) has invalid value (4000000)
2025-03-04 20:23:10,154 [INFO] UtilMem:75 - End LoadConfig() Used Memory: 824943968 Bytes (989855744)
2025-03-04 20:23:10,309 [INFO] ApiDb:581 - Connected to CubeFinder SQLite database (C:\Users\voine\.stmcufinder\plugins\mcufinder\mcu\cube-finder-db.db)
2025-03-04 20:23:10,414 [INFO] ApiDb:668 - CubeFinder database Data Model version=2.1
2025-03-04 20:23:10,414 [INFO] ApiDb:669 - CubeFinder database Configuration version=3.0.39
2025-03-04 20:23:10,414 [INFO] ApiDb:670 - CubeFinder database generation date=2024-12-10 (1733817889)
2025-03-04 20:23:10,414 [INFO] ApiDb:671 - CubeFinder database FW Pack versions=[FP-ATR-ASTRA1_V2.0.0, FP-SNS-FLIGHT1_V5.0.2, FP-SNS-MOTENV1_V5.0.0, FP-SNS-MOTENVWB1_V1.4.0, FP-SNS-SMARTAG2_V1.2.0, FP-SNS-STBOX1_V2.0.0, STM32Cube_FW_C0_V1.3.0, STM32Cube_FW_F4_V1.28.1, STM32Cube_FW_F7_V1.17.2, STM32Cube_FW_G0_V1.6.2, STM32Cube_FW_G4_V1.6.1, STM32Cube_FW_H5_V1.4.0, STM32Cube_FW_H7RS_V1.1.0, STM32Cube_FW_H7_V1.12.0, STM32Cube_FW_L0_V1.12.2, STM32Cube_FW_L4_V1.18.1, STM32Cube_FW_L5_V1.5.1, STM32Cube_FW_N6_V1.0.0, STM32Cube_FW_U0_V1.2.0, STM32Cube_FW_U3_V1.0.0, STM32Cube_FW_U5_V1.7.0, STM32Cube_FW_WB0_V1.1.0, STM32Cube_FW_WBA_V1.5.0, STM32Cube_FW_WB_V1.21.0, STM32Cube_FW_WL3_V1.0.0, STM32Cube_FW_WL_V1.3.0, X-CUBE-ALGOBUILD_V1.4.0, X-CUBE-ALS_V1.0.2, X-CUBE-AZRTOS-F4_V1.1.0, X-CUBE-AZRTOS-F7_V1.1.0, X-CUBE-AZRTOS-G0_V1.1.0, X-CUBE-AZRTOS-G4_V2.0.0, X-CUBE-AZRTOS-H7RS_V1.0.0, X-CUBE-AZRTOS-H7_V3.3.0, X-CUBE-AZRTOS-L4_V2.0.0, X-CUBE-AZRTOS-L5_V2.0.0, X-CUBE-AZRTOS-WB_V2.0.0, X-CUBE-AZRTOS-WL_V2.0.0, X-CUBE-BLE1_V7.0.0, X-CUBE-BLE2_V3.3.0, X-CUBE-BLEMGR_V3.1.0, X-CUBE-EEPRMA1_V5.1.0, X-CUBE-FREERTOS_V1.2.0, X-CUBE-GNSS1_V6.0.0, X-CUBE-MEMS1_V11.0.0, X-CUBE-NFC4_V3.0.0, X-CUBE-NFC7_V1.0.1, X-CUBE-SFXS2LP1_V4.0.0, X-CUBE-SUBG2_V5.0.0, X-CUBE-TOF1_V3.4.2]
2025-03-04 20:23:13,003 [INFO] ApiDb:240 - Found 297 in-development CPN: [B-G473E-ZEST1S, B-WB1M-WPAN1, B-WL5M-SUBG1, NUCLEO-C031C6, NUCLEO-H503RB, NUCLEO-H563ZI, NUCLEO-U545RE-Q, NUCLEO-U5A5ZJ-Q, NUCLEO-WBA52CG, STEVAL-PROTEUS1, STEVAL-STWINBX1, STM320518-EVAL, STM32C0116-DK, STM32C011D6Y3TR, STM32C011D6Y6TR, STM32C011F4P3, STM32C011F4P6, STM32C011F4U3, STM32C011F4U6TR, STM32C011F6P3, STM32C011F6P6, STM32C011F6U3, STM32C011F6U6TR, STM32C011J4M3, STM32C011J4M6, STM32C011J6M3, STM32C011J6M6, STM32C0316-DK, STM32C031C4T3, STM32C031C4T6, STM32C031C4U3, STM32C031C4U6, STM32C031C6T3, STM32C031C6T6, STM32C031C6U3, STM32C031C6U6, STM32C031F4P3, STM32C031F4P6, STM32C031F6P3, STM32C031F6P6, STM32C031G4U3, STM32C031G4U6, STM32C031G6U3, STM32C031G6U6, STM32C031K4T3, STM32C031K4T6, STM32C031K4U3, STM32C031K4U6, STM32C031K6T3, STM32C031K6T6, STM32C031K6U3, STM32C031K6U6, STM32G071K8TXN, STM32G071K8UXN, STM32G081GBU6N, STM32G081KBT6N, STM32G081KBUXN, STM32G0B1CCT6N, STM32G0B1KCT6, STM32G0B1NEY6TR, STM32G0B1RCT6N, STM32G0C1CCT6, STM32G0C1CCT6N, STM32G0C1CCU6N, STM32G0C1CET6N, STM32G0C1CEU6N, STM32G0C1KCT6, STM32G0C1NEY6TR, STM32G0C1RCI6N, STM32G0C1RCT6N, STM32G0C1REI6N, STM32G0C1RET6N, STM32G0C1VCI6, STM32G0C1VEI6, STM32G471CCT6, STM32G471CCU6, STM32G471CET3, STM32G471CET6, STM32G471CEU3, STM32G471CEU6, STM32G471MCT6, STM32G471MET3, STM32G471MET6, STM32G471MEY6TR, STM32G471QCT6, STM32G471QET3, STM32G471RCT6, STM32G471RET3, STM32G471RET6, STM32G471VCH6, STM32G471VCI6, STM32G471VCT6, STM32G471VEH3, STM32G471VEH6, STM32G471VEI3, STM32G471VEI6, STM32G471VET3, STM32G471VET6, STM32G474CCT6, STM32H503CBT6, STM32H503CBU6, STM32H503EBY6TR, STM32H503KBU6, STM32H503RBT6, STM32H562AGI6, STM32H562AII6, STM32H562IGK6, STM32H562IGT6, STM32H562IIK6, STM32H562IIT6, STM32H562RGT6, STM32H562RGV6, STM32H562RIT6, STM32H562RIV6, STM32H562VGT6, STM32H562VIT6, STM32H562ZGT6, STM32H562ZIT6, STM32H563AGI6, STM32H563AII3Q, STM32H563AII6, STM32H563IGK6, STM32H563IGT6, STM32H563IIK3Q, STM32H563IIK6, STM32H563IIT3Q, STM32H563IIT6, STM32H563MIY3QTR, STM32H563RGT6, STM32H563RGV6, STM32H563RIT6, STM32H563RIV6, STM32H563VGT6, STM32H563VIT3Q, STM32H563VIT6, STM32H563ZGT6, STM32H563ZIT3Q, STM32H563ZIT6, STM32H573AII3Q, STM32H573AII6, STM32H573I-DK, STM32H573IIK3Q, STM32H573IIK6, STM32H573IIT3Q, STM32H573IIT6, STM32H573MIY3QTR, STM32H573RIT6, STM32H573RIV6, STM32H573VIT3Q, STM32H573VIT6, STM32H573ZIT3Q, STM32H573ZIT6, STM32L4R5QGI6STR, STM32MP131AAE3, STM32MP131AAF3, STM32MP131AAG3, STM32MP131CAE3, STM32MP131CAF3, STM32MP131CAG3, STM32MP131DAE7, STM32MP131DAF7, STM32MP131DAG7, STM32MP131FAE7, STM32MP131FAF7, STM32MP131FAG7, STM32MP133AAE3, STM32MP133AAF3, STM32MP133AAG3, STM32MP133CAE3, STM32MP133CAF3, STM32MP133CAG3, STM32MP133DAE7, STM32MP133DAF7, STM32MP133DAG7, STM32MP133FAE7, STM32MP133FAF7, STM32MP133FAG7, STM32MP135AAE3, STM32MP135AAF3, STM32MP135AAG3, STM32MP135CAE3, STM32MP135CAF3, STM32MP135CAG3, STM32MP135DAE7, STM32MP135DAF7, STM32MP135DAG7, STM32MP135F-DK, STM32MP135FAE7, STM32MP135FAF7, STM32MP135FAF7T, STM32MP135FAF7U, STM32MP135FAG7, STM32U535CBT6, STM32U535CBT6Q, STM32U535CBU6, STM32U535CBU6Q, STM32U535CCT6, STM32U535CCT6Q, STM32U535CCU6, STM32U535CCU6Q, STM32U535CET6, STM32U535CET6Q, STM32U535CEU6, STM32U535CEU6Q, STM32U535JEY6QTR, STM32U535NCY6QTR, STM32U535NEY6QTR, STM32U535RBI6, STM32U535RBI6Q, STM32U535RBT6, STM32U535RBT6Q, STM32U535RCI6, STM32U535RCI6Q, STM32U535RCT6, STM32U535RCT6Q, STM32U535REI6, STM32U535REI6Q, STM32U535RET6, STM32U535RET6Q, STM32U535VCI6, STM32U535VCI6Q, STM32U535VCT6, STM32U535VCT6Q, STM32U535VEI6, STM32U535VEI6Q, STM32U535VET6, STM32U535VET6Q, STM32U545CET6, STM32U545CET6Q, STM32U545CEU6, STM32U545CEU6Q, STM32U545JEY6QTR, STM32U545NEY6QTR, STM32U545REI6, STM32U545REI6Q, STM32U545RET6, STM32U545RET6Q, STM32U545VEI6, STM32U545VEI6Q, STM32U545VET6, STM32U545VET6Q, STM32U595AIH6, STM32U595AIH6Q, STM32U595AJH6, STM32U595AJH6Q, STM32U595QII6, STM32U595QII6Q, STM32U595QJI6, STM32U595QJI6Q, STM32U595RIT6, STM32U595RIT6Q, STM32U595RJT6, STM32U595RJT6Q, STM32U595VIT6, STM32U595VIT6Q, STM32U595VJT6, STM32U595VJT6Q, STM32U595ZIT6, STM32U595ZIT6Q, STM32U595ZIY6QTR, STM32U595ZJT6, STM32U595ZJT6Q, STM32U595ZJY6QTR, STM32U599BJY6QTR, STM32U599NIH6Q, STM32U599NJH6Q, STM32U599VIT6Q, STM32U599VJT6, STM32U599VJT6Q, STM32U599ZIT6Q, STM32U599ZIY6QTR, STM32U599ZJT6Q, STM32U599ZJY6QTR, STM32U5A5AJH6, STM32U5A5AJH6Q, STM32U5A5QJI6, STM32U5A5QJI6Q, STM32U5A5RJT6, STM32U5A5RJT6Q, STM32U5A5VJT6, STM32U5A5VJT6Q, STM32U5A5ZJT6, STM32U5A5ZJT6Q, STM32U5A5ZJY6QTR, STM32U5A9BJY6QTR, STM32U5A9J-DK, STM32U5A9NJH6Q, STM32U5A9VJT6Q, STM32U5A9ZJT6Q, STM32U5A9ZJY6QTR, STM32WB1MMCH6, STM32WBA52CEU6, STM32WBA52CEU6T, STM32WBA52CGU6, STM32WBA52CGU6T, STM32WL5MOCH6, STM32WL5MOCH6TR]
2025-03-04 20:23:13,006 [INFO] DbMcus:216 - Found 4381 MCUs, 4381 are supported
2025-03-04 20:23:13,009 [INFO] ApiDb:423 - Load user favorites file C:\Users\voine/.stm32cubeide/favorites.mcus.txt: 0 item(s)
2025-03-04 20:23:13,011 [INFO] ApiDb:427 - User favorites MCUs=[]
2025-03-04 20:23:13,011 [INFO] DbMcus:222 - Set 0 / 0 favorites MCUs
2025-03-04 20:23:13,438 [WARN] ThirdParty:833 - waiting for thirdparty lock release [change project]
2025-03-04 20:23:13,438 [INFO] ThirdParty:835 - entering critical section [change project]
2025-03-04 20:23:13,438 [INFO] ThirdParty:1030 - CMSIS Pack Vendor :STMicroelectronics X-CUBE-AZRTOS-H7 3.3.0
2025-03-04 20:23:13,438 [INFO] ThirdParty:1030 - CMSIS Pack Vendor :STMicroelectronics X-CUBE-NFC9 1.0.0
2025-03-04 20:23:13,438 [INFO] ThirdParty:1030 - CMSIS Pack Vendor :STMicroelectronics X-CUBE-GNSS1 6.0.0
2025-03-04 20:23:13,438 [INFO] ThirdParty:1030 - CMSIS Pack Vendor :STMicroelectronics USB_HOST 2.0.0
2025-03-04 20:23:13,438 [INFO] ThirdParty:1030 - CMSIS Pack Vendor :STMicroelectronics FP-SNS-MOTENVWB1 1.4.0
2025-03-04 20:23:13,438 [INFO] ThirdParty:1030 - CMSIS Pack Vendor :STMicroelectronics X-CUBE-AZRTOS-F4 1.1.0
2025-03-04 20:23:13,438 [INFO] ThirdParty:1030 - CMSIS Pack Vendor :STMicroelectronics LIBJPEG 8.0.0
2025-03-04 20:23:13,438 [INFO] ThirdParty:1030 - CMSIS Pack Vendor :STMicroelectronics FP-ATR-ASTRA1 2.0.2
2025-03-04 20:23:13,438 [INFO] ThirdParty:1030 - CMSIS Pack Vendor :STMicroelectronics FP-ATR-ASTRA1 2.0.1
2025-03-04 20:23:13,439 [INFO] ThirdParty:1030 - CMSIS Pack Vendor :STMicroelectronics X-CUBE-BLE1 7.1.0
2025-03-04 20:23:13,439 [INFO] ThirdParty:1030 - CMSIS Pack Vendor :STMicroelectronics X-CUBE-SMBUS 2.1.0
2025-03-04 20:23:13,439 [INFO] ThirdParty:1030 - CMSIS Pack Vendor :STMicroelectronics X-CUBE-WB05N 1.1.0
2025-03-04 20:23:13,439 [INFO] ThirdParty:1030 - CMSIS Pack Vendor :STMicroelectronics USB_DEVICE 3.0.0
2025-03-04 20:23:13,439 [INFO] ThirdParty:1030 - CMSIS Pack Vendor :STMicroelectronics X-CUBE-TCPP 4.1.0
2025-03-04 20:23:13,439 [INFO] ThirdParty:1030 - CMSIS Pack Vendor :STMicroelectronics X-CUBE-ISPU 2.1.0
2025-03-04 20:23:13,439 [INFO] ThirdParty:1030 - CMSIS Pack Vendor :STMicroelectronics X-CUBE-FREERTOS 1.2.0
2025-03-04 20:23:13,439 [INFO] ThirdParty:1030 - CMSIS Pack Vendor :STMicroelectronics X-CUBE-AZRTOS-WB 2.0.0
2025-03-04 20:23:13,439 [INFO] ThirdParty:1030 - CMSIS Pack Vendor :wolfSSL I-CUBE-wolfSSL 5.6.6
2025-03-04 20:23:13,439 [INFO] ThirdParty:1030 - CMSIS Pack Vendor :STMicroelectronics X-CUBE-GNSS1 7.0.0
2025-03-04 20:23:13,439 [INFO] ThirdParty:1030 - CMSIS Pack Vendor :STMicroelectronics X-CUBE-GNSS1 7.0.1
2025-03-04 20:23:13,439 [INFO] ThirdParty:1030 - CMSIS Pack Vendor :STMicroelectronics X-CUBE-TOUCHGFX 4.23.1
2025-03-04 20:23:13,439 [INFO] ThirdParty:1030 - CMSIS Pack Vendor :STMicroelectronics X-CUBE-TOUCHGFX 4.23.0
2025-03-04 20:23:13,439 [INFO] ThirdParty:1030 - CMSIS Pack Vendor :STMicroelectronics X-CUBE-TOUCHGFX 4.23.2
2025-03-04 20:23:13,439 [INFO] ThirdParty:1030 - CMSIS Pack Vendor :STMicroelectronics X-CUBE-AZRTOS-F7 1.1.0
2025-03-04 20:23:13,439 [INFO] ThirdParty:1030 - CMSIS Pack Vendor :STMicroelectronics X-CUBE-AZRTOS-L5 2.0.0
2025-03-04 20:23:13,439 [INFO] ThirdParty:1030 - CMSIS Pack Vendor :STMicroelectronics USB_DEVICE 2.0.0
2025-03-04 20:23:13,439 [INFO] ThirdParty:1030 - CMSIS Pack Vendor :STMicroelectronics X-CUBE-NFC6 3.1.0
2025-03-04 20:23:13,439 [INFO] ThirdParty:1030 - CMSIS Pack Vendor :ITTIA_DB I-CUBE-ITTIADB 8.8.0
2025-03-04 20:23:13,439 [INFO] ThirdParty:1030 - CMSIS Pack Vendor :STMicroelectronics FP-SNS-MOTENV1 4.3.2
2025-03-04 20:23:13,439 [INFO] ThirdParty:1030 - CMSIS Pack Vendor :STMicroelectronics X-CUBE-ALGOBUILD 1.3.0
2025-03-04 20:23:13,439 [INFO] ThirdParty:1030 - CMSIS Pack Vendor :STMicroelectronics X-CUBE-MEMS1 11.0.0
2025-03-04 20:23:13,440 [INFO] ThirdParty:1030 - CMSIS Pack Vendor :STMicroelectronics FreeRTOS 0.0.1
2025-03-04 20:23:13,440 [INFO] ThirdParty:1030 - CMSIS Pack Vendor :STMicroelectronics X-CUBE-AZRTOS-G0 1.1.0
2025-03-04 20:23:13,440 [INFO] ThirdParty:1030 - CMSIS Pack Vendor :STMicroelectronics X-CUBE-SAFEA1 1.2.2
2025-03-04 20:23:13,440 [INFO] ThirdParty:1030 - CMSIS Pack Vendor :STMicroelectronics X-CUBE-NFC4 3.0.0
2025-03-04 20:23:13,440 [INFO] ThirdParty:1030 - CMSIS Pack Vendor :STMicroelectronics X-CUBE-SUBG2 5.0.0
2025-03-04 20:23:13,440 [INFO] ThirdParty:1030 - CMSIS Pack Vendor :STMicroelectronics STM32_WPAN 1.0.0
2025-03-04 20:23:13,440 [INFO] ThirdParty:1030 - CMSIS Pack Vendor :STMicroelectronics lwIP 2.0.3
2025-03-04 20:23:13,440 [INFO] ThirdParty:1030 - CMSIS Pack Vendor :STMicroelectronics FP-SNS-FLIGHT1 5.0.2
2025-03-04 20:23:13,440 [INFO] ThirdParty:1030 - CMSIS Pack Vendor :Cesanta I-CUBE-Mongoose 7.13.0
2025-03-04 20:23:13,440 [INFO] ThirdParty:1030 - CMSIS Pack Vendor :STMicroelectronics USB_HOST 1.0.0
2025-03-04 20:23:13,440 [INFO] ThirdParty:1030 - CMSIS Pack Vendor :STMicroelectronics X-CUBE-AI 9.0.0
2025-03-04 20:23:13,440 [INFO] ThirdParty:1030 - CMSIS Pack Vendor :STMicroelectronics X-CUBE-AZRTOS-G4 2.0.0
2025-03-04 20:23:13,440 [INFO] ThirdParty:1030 - CMSIS Pack Vendor :STMicroelectronics PDM2PCM 3.1.0
2025-03-04 20:23:13,440 [INFO] ThirdParty:1030 - CMSIS Pack Vendor :Infineon AIROC-Wi-Fi-Bluetooth-STM32 1.5.1
2025-03-04 20:23:13,440 [INFO] ThirdParty:1030 - CMSIS Pack Vendor :STMicroelectronics X-CUBE-BLEMGR 3.0.0
2025-03-04 20:23:13,441 [INFO] ThirdParty:1030 - CMSIS Pack Vendor :STMicroelectronics PDM2PCM 3.3.0
2025-03-04 20:23:13,441 [INFO] ThirdParty:1030 - CMSIS Pack Vendor :STMicroelectronics X-CUBE-DISPLAY 3.0.0
2025-03-04 20:23:13,441 [INFO] ThirdParty:1030 - CMSIS Pack Vendor :STMicroelectronics FP-SNS-MOTENVWB1 1.3.1
2025-03-04 20:23:13,441 [INFO] ThirdParty:1030 - CMSIS Pack Vendor :STMicroelectronics X-CUBE-BLE1 7.0.0
2025-03-04 20:23:13,441 [INFO] ThirdParty:1030 - CMSIS Pack Vendor :STMicroelectronics FP-ATR-SIGFOX1 3.2.0
2025-03-04 20:23:13,441 [INFO] ThirdParty:1030 - CMSIS Pack Vendor :STMicroelectronics X-CUBE-NFC10 1.0.0
2025-03-04 20:23:13,441 [INFO] ThirdParty:1030 - CMSIS Pack Vendor :STMicroelectronics X-CUBE-ISPU 2.0.0
2025-03-04 20:23:13,441 [INFO] ThirdParty:1030 - CMSIS Pack Vendor :STMicroelectronics X-CUBE-EEPRMA1 5.1.0
2025-03-04 20:23:13,441 [INFO] ThirdParty:1030 - CMSIS Pack Vendor :STMicroelectronics HAL Drivers 0.0.0
2025-03-04 20:23:13,441 [INFO] ThirdParty:1030 - CMSIS Pack Vendor :STMicroelectronics MBEDTLS 2.16.2
2025-03-04 20:23:13,441 [INFO] ThirdParty:1030 - CMSIS Pack Vendor :STMicroelectronics X-CUBE-ALS 1.0.2
2025-03-04 20:23:13,441 [INFO] ThirdParty:1030 - CMSIS Pack Vendor :emotas I-CUBE-CANOPEN 1.3.0
2025-03-04 20:23:13,441 [INFO] ThirdParty:1030 - CMSIS Pack Vendor :STMicroelectronics X-CUBE-FREERTOS 1.3.0
2025-03-04 20:23:13,442 [INFO] ThirdParty:1030 - CMSIS Pack Vendor :STMicroelectronics X-CUBE-MEMS1 10.0.0
2025-03-04 20:23:13,442 [INFO] ThirdParty:1030 - CMSIS Pack Vendor :STMicroelectronics X-CUBE-FREERTOS 1.1.0
2025-03-04 20:23:13,442 [INFO] ThirdParty:1030 - CMSIS Pack Vendor :STMicroelectronics X-CUBE-NFC7 1.0.1
2025-03-04 20:23:13,443 [INFO] ThirdParty:1030 - CMSIS Pack Vendor :STMicroelectronics MBEDTLS 2.14.1
2025-03-04 20:23:13,443 [INFO] ThirdParty:1030 - CMSIS Pack Vendor :STMicroelectronics X-CUBE-TOUCHGFX 4.24.2
2025-03-04 20:23:13,443 [INFO] ThirdParty:1030 - CMSIS Pack Vendor :STMicroelectronics X-CUBE-TOUCHGFX 4.24.1
2025-03-04 20:23:13,443 [INFO] ThirdParty:1030 - CMSIS Pack Vendor :STMicroelectronics X-CUBE-NFC6 3.0.0
2025-03-04 20:23:13,443 [INFO] ThirdParty:1030 - CMSIS Pack Vendor :wolfSSL I-CUBE-wolfTPM 3.4.0
2025-03-04 20:23:13,443 [INFO] ThirdParty:1030 - CMSIS Pack Vendor :portGmbH I-Cube-SoM-uGOAL 1.1.0
2025-03-04 20:23:13,443 [INFO] ThirdParty:1030 - CMSIS Pack Vendor :STMicroelectronics X-CUBE-ALS 1.0.1
2025-03-04 20:23:13,443 [INFO] ThirdParty:1030 - CMSIS Pack Vendor :STMicroelectronics X-CUBE-BLEMGR 3.1.0
2025-03-04 20:23:13,443 [INFO] ThirdParty:1030 - CMSIS Pack Vendor :STMicroelectronics X-CUBE-AI 10.0.0
2025-03-04 20:23:13,443 [INFO] ThirdParty:1030 - CMSIS Pack Vendor :STMicroelectronics ThreadX 1.0.0
2025-03-04 20:23:13,443 [INFO] ThirdParty:1030 - CMSIS Pack Vendor :STMicroelectronics FP-SNS-SMARTAG2 1.2.0
2025-03-04 20:23:13,443 [INFO] ThirdParty:1030 - CMSIS Pack Vendor :STMicroelectronics X-CUBE-MEMS1 11.1.0
2025-03-04 20:23:13,443 [INFO] ThirdParty:1030 - CMSIS Pack Vendor :STMicroelectronics X-CUBE-AZRTOS-WL 2.0.0
2025-03-04 20:23:13,443 [INFO] ThirdParty:1030 - CMSIS Pack Vendor :SEGGER I-CUBE-embOS 1.3.1
2025-03-04 20:23:13,443 [INFO] ThirdParty:1030 - CMSIS Pack Vendor :STMicroelectronics X-CUBE-ALGOBUILD 1.4.0
2025-03-04 20:23:13,443 [INFO] ThirdParty:1030 - CMSIS Pack Vendor :STMicroelectronics FP-SNS-MOTENV1 5.0.0
2025-03-04 20:23:13,443 [INFO] ThirdParty:1030 - CMSIS Pack Vendor :STMicroelectronics USB_DEVICE 1.0.0
2025-03-04 20:23:13,443 [INFO] ThirdParty:1030 - CMSIS Pack Vendor :STMicroelectronics X-CUBE-AI 8.1.0
2025-03-04 20:23:13,443 [INFO] ThirdParty:1030 - CMSIS Pack Vendor :STMicroelectronics X-CUBE-AZRTOS-H7RS 1.0.0
2025-03-04 20:23:13,443 [INFO] ThirdParty:1030 - CMSIS Pack Vendor :wolfSSL I-CUBE-wolfMQTT 1.19.0
2025-03-04 20:23:13,443 [INFO] ThirdParty:1030 - CMSIS Pack Vendor :STMicroelectronics X-CUBE-AZRTOS-L4 2.0.0
2025-03-04 20:23:13,443 [INFO] ThirdParty:1030 - CMSIS Pack Vendor :STMicroelectronics ThreadX 0.0.2
2025-03-04 20:23:13,443 [INFO] ThirdParty:1030 - CMSIS Pack Vendor :WES I-CUBE-Cesium 1.3.0
2025-03-04 20:23:13,443 [INFO] ThirdParty:1030 - CMSIS Pack Vendor :STMicroelectronics FP-ATR-ASTRA1 2.0.0
2025-03-04 20:23:13,443 [INFO] ThirdParty:1030 - CMSIS Pack Vendor :STMicroelectronics lwIP 2.1.2
2025-03-04 20:23:13,443 [INFO] ThirdParty:1030 - CMSIS Pack Vendor :STMicroelectronics X-CUBE-SFXS2LP1 4.0.0
2025-03-04 20:23:13,443 [INFO] ThirdParty:1030 - CMSIS Pack Vendor :STMicroelectronics X-CUBE-BLE2 3.3.0
2025-03-04 20:23:13,444 [INFO] ThirdParty:1030 - CMSIS Pack Vendor :STMicroelectronics X-CUBE-AI 9.1.0
2025-03-04 20:23:13,444 [INFO] ThirdParty:1030 - CMSIS Pack Vendor :STMicroelectronics X-CUBE-TOF1 3.4.0
2025-03-04 20:23:13,444 [INFO] ThirdParty:1030 - CMSIS Pack Vendor :STMicroelectronics X-CUBE-TOF1 3.4.1
2025-03-04 20:23:13,444 [INFO] ThirdParty:1030 - CMSIS Pack Vendor :STMicroelectronics X-CUBE-AZRTOS-H7 3.2.0
2025-03-04 20:23:13,444 [INFO] ThirdParty:1030 - CMSIS Pack Vendor :STMicroelectronics PDM2PCM 3.2.0
2025-03-04 20:23:13,444 [INFO] ThirdParty:1030 - CMSIS Pack Vendor :wolfSSL I-CUBE-wolfSSH 1.4.17
2025-03-04 20:23:13,444 [INFO] ThirdParty:841 - exiting critical section [change project]
2025-03-04 20:23:13,801 [INFO] PinOutPanel:1499 - setPackage(No Configuration,No Configuration)
2025-03-04 20:23:13,803 [INFO] PinOutPanel:1499 - setPackage(STM32F401RETx,LQFP64)
2025-03-04 20:23:14,792 [INFO] UtilMem:75 - Before build in PCC Used Memory: 761934336 Bytes (989855744)
2025-03-04 20:23:16,120 [INFO] UtilMem:75 - After build in PCC Used Memory: 636972728 Bytes (989855744)
2025-03-04 20:23:16,165 [INFO] IPUIPlugin:80 - create IPUIPlugin
2025-03-04 20:23:16,166 [INFO] IPUIPlugin:80 - create IPUIPlugin
2025-03-04 20:23:16,166 [INFO] IPUIPlugin:80 - create IPUIPlugin
2025-03-04 20:23:16,167 [INFO] IPUIPlugin:80 - create IPUIPlugin
2025-03-04 20:23:16,167 [INFO] IPUIPlugin:80 - create IPUIPlugin
2025-03-04 20:23:16,167 [INFO] IPUIPlugin:80 - create IPUIPlugin
2025-03-04 20:23:16,168 [INFO] IPUIPlugin:80 - create IPUIPlugin
2025-03-04 20:23:16,168 [INFO] IPUIPlugin:80 - create IPUIPlugin
2025-03-04 20:23:16,168 [INFO] IPUIPlugin:80 - create IPUIPlugin
2025-03-04 20:23:16,169 [INFO] IPUIPlugin:80 - create IPUIPlugin
2025-03-04 20:23:16,169 [INFO] IPUIPlugin:80 - create IPUIPlugin
2025-03-04 20:23:16,169 [INFO] IPUIPlugin:80 - create IPUIPlugin
2025-03-04 20:23:16,170 [INFO] IPUIPlugin:80 - create IPUIPlugin
2025-03-04 20:23:16,170 [INFO] IPUIPlugin:80 - create IPUIPlugin
2025-03-04 20:23:16,170 [INFO] IPUIPlugin:80 - create IPUIPlugin
2025-03-04 20:23:16,170 [INFO] IPUIPlugin:80 - create IPUIPlugin
2025-03-04 20:23:16,172 [INFO] IPUIPlugin:80 - create IPUIPlugin
2025-03-04 20:23:16,172 [INFO] IPUIPlugin:80 - create IPUIPlugin
2025-03-04 20:23:16,173 [INFO] IPUIPlugin:80 - create IPUIPlugin
2025-03-04 20:23:16,173 [INFO] IPUIPlugin:80 - create IPUIPlugin
2025-03-04 20:23:16,173 [INFO] IPUIPlugin:80 - create IPUIPlugin
2025-03-04 20:23:16,174 [INFO] IPUIPlugin:80 - create IPUIPlugin
2025-03-04 20:23:16,174 [INFO] IPUIPlugin:80 - create IPUIPlugin
2025-03-04 20:23:16,175 [INFO] IPUIPlugin:80 - create IPUIPlugin
2025-03-04 20:23:16,175 [INFO] IPUIPlugin:80 - create IPUIPlugin
2025-03-04 20:23:16,175 [INFO] IPUIPlugin:80 - create IPUIPlugin
2025-03-04 20:23:16,176 [INFO] IPUIPlugin:80 - create IPUIPlugin
2025-03-04 20:23:16,176 [INFO] IPUIPlugin:80 - create IPUIPlugin
2025-03-04 20:23:16,177 [INFO] IPUIPlugin:80 - create IPUIPlugin
2025-03-04 20:23:16,177 [INFO] IPUIPlugin:80 - create IPUIPlugin
2025-03-04 20:23:16,177 [INFO] IPUIPlugin:80 - create IPUIPlugin
2025-03-04 20:23:16,178 [INFO] IPUIPlugin:80 - create IPUIPlugin
2025-03-04 20:23:16,178 [INFO] IPUIPlugin:80 - create IPUIPlugin
2025-03-04 20:23:16,178 [INFO] IPUIPlugin:80 - create IPUIPlugin
2025-03-04 20:23:16,179 [INFO] IPUIPlugin:80 - create IPUIPlugin
2025-03-04 20:23:16,179 [INFO] IPUIPlugin:80 - create IPUIPlugin
2025-03-04 20:23:16,181 [INFO] IPUIPlugin:80 - create IPUIPlugin
2025-03-04 20:23:16,181 [INFO] IPUIPlugin:80 - create IPUIPlugin
2025-03-04 20:23:16,325 [INFO] ApiDbMcu:507 - Load IP Config File for PDM2PCM
2025-03-04 20:23:16,646 [INFO] CADModel:165 - CPN selected for project levelSTM32F401RET6
2025-03-04 20:23:16,647 [INFO] CADModel:114 - Register for checkConnection events
2025-03-04 20:23:16,731 [INFO] OpenFileManager:328 - Restore cursor
2025-03-04 20:41:24,032 [INFO] MainUpdater:2854 - connection check result : 10
2025-03-04 20:41:24,032 [INFO] MainUpdater:2854 - connection check result : 10
2025-03-04 20:41:24,169 [INFO] MicroXplorer:468 - Change Database Path : 
2025-03-04 20:41:24,169 [INFO] MicroXplorer:498 - Change Database Version : DB.6.0.81
2025-03-04 20:41:24,184 [WARN] ThirdParty:871 - waiting for thirdparty lock release [close project]
2025-03-04 20:41:24,184 [INFO] ThirdParty:873 - entering critical section [close project]
2025-03-04 20:41:24,185 [INFO] ThirdParty:883 - exiting critical section [close project]
2025-03-04 20:41:24,186 [INFO] PinOutPanel:1499 - setPackage(No Configuration,No Configuration)
2025-03-04 20:41:24,206 [WARN] IpParametersView:150 - Warning: This peripheral hasn't parameters
2025-03-04 20:41:24,219 [WARN] MainPanel:257 - <html><b><center>Warning: This peripheral has no parameters to be configured<br></b></html>
2025-03-04 20:41:24,239 [INFO] UtilMem:75 - Begin LoadConfig() Used Memory: 762651464 Bytes (989855744)
2025-03-04 20:41:24,239 [INFO] MicroXplorer:468 - Change Database Path : 
2025-03-04 20:41:24,239 [INFO] MicroXplorer:498 - Change Database Version : DB.6.0.81
2025-03-04 20:41:24,240 [INFO] OpenFileManager:308 - Change cursor
2025-03-04 20:41:24,246 [INFO] Mcu:1937 - Initializing MCU STM32F401R(D-E)Tx STM32F401RETx STM32F401RET6
2025-03-04 20:41:25,018 [INFO] Context:659 - Trying to add GPIOservice into a context  which must be forbidden
2025-03-04 20:41:25,390 [INFO] RtosManager:555 - Registered RTOS mode: class=CMSIS, group=RTOS, mode=CMSIS_V1, owner=FREERTOS
2025-03-04 20:41:25,391 [INFO] RtosManager:555 - Registered RTOS mode: class=CMSIS, group=RTOS2, mode=CMSIS_V2, owner=FREERTOS
2025-03-04 20:41:25,391 [INFO] RtosManager:555 - Registered RTOS mode: class=RTOS, group=Core, mode=CMSIS_V1, owner=FREERTOS
2025-03-04 20:41:25,391 [INFO] RtosManager:555 - Registered RTOS mode: class=RTOS, group=Core, mode=CMSIS_V2, owner=FREERTOS
2025-03-04 20:41:25,391 [WARN] ModelIntegratedComponent:184 - Missing modes for component STMicroelectronics:FreeRTOS:0.0.1:STMicroelectronics:RTOS:FreeRTOS:Core:::10.2.0:
2025-03-04 20:41:25,397 [WARN] ModelIntegratedComponent:63 - No mode defined for component null
2025-03-04 20:41:25,397 [WARN] ModelIntegratedComponent:63 - No mode defined for component null
2025-03-04 20:41:25,397 [WARN] ModelIntegratedComponent:63 - No mode defined for component null
2025-03-04 20:41:25,397 [WARN] ModelIntegratedComponent:63 - No mode defined for component null
2025-03-04 20:41:25,397 [WARN] ModelIntegratedComponent:63 - No mode defined for component null
2025-03-04 20:41:25,397 [WARN] ModelIntegratedComponent:63 - No mode defined for component null
2025-03-04 20:41:25,397 [WARN] ModelIntegratedComponent:63 - No mode defined for component null
2025-03-04 20:41:25,397 [WARN] ModelIntegratedComponent:63 - No mode defined for component null
2025-03-04 20:41:25,397 [WARN] ModelIntegratedComponent:63 - No mode defined for component null
2025-03-04 20:41:25,397 [WARN] ModelIntegratedComponent:63 - No mode defined for component null
2025-03-04 20:41:25,397 [WARN] ModelIntegratedComponent:63 - No mode defined for component null
2025-03-04 20:41:25,397 [WARN] ModelIntegratedComponent:63 - No mode defined for component null
2025-03-04 20:41:25,398 [WARN] ModelIntegratedComponent:63 - No mode defined for component null
2025-03-04 20:41:25,398 [WARN] ModelIntegratedComponent:63 - No mode defined for component null
2025-03-04 20:41:25,398 [WARN] ModelIntegratedComponent:63 - No mode defined for component null
2025-03-04 20:41:25,398 [WARN] ModelIntegratedComponent:63 - No mode defined for component null
2025-03-04 20:41:25,398 [WARN] ModelIntegratedComponent:63 - No mode defined for component null
2025-03-04 20:41:25,398 [WARN] ModelIntegratedComponent:63 - No mode defined for component null
2025-03-04 20:41:25,398 [WARN] ModelIntegratedComponent:63 - No mode defined for component null
2025-03-04 20:41:25,398 [WARN] ModelIntegratedComponent:63 - No mode defined for component null
2025-03-04 20:41:25,398 [WARN] ModelIntegratedComponent:63 - No mode defined for component null
2025-03-04 20:41:25,398 [WARN] ModelIntegratedComponent:63 - No mode defined for component null
2025-03-04 20:41:25,398 [WARN] ModelIntegratedComponent:63 - No mode defined for component null
2025-03-04 20:41:25,398 [WARN] ModelIntegratedComponent:63 - No mode defined for component null
2025-03-04 20:41:25,398 [WARN] ModelIntegratedComponent:63 - No mode defined for component null
2025-03-04 20:41:25,398 [WARN] ModelIntegratedComponent:63 - No mode defined for component null
2025-03-04 20:41:25,398 [WARN] ModelIntegratedComponent:63 - No mode defined for component null
2025-03-04 20:41:25,398 [WARN] ModelIntegratedComponent:63 - No mode defined for component null
2025-03-04 20:41:25,398 [WARN] ModelIntegratedComponent:63 - No mode defined for component null
2025-03-04 20:41:25,400 [WARN] ModelIntegratedComponent:63 - No mode defined for component null
2025-03-04 20:41:25,400 [WARN] ModelIntegratedComponent:63 - No mode defined for component null
2025-03-04 20:41:25,400 [WARN] ModelIntegratedComponent:63 - No mode defined for component null
2025-03-04 20:41:25,400 [WARN] ModelIntegratedComponent:63 - No mode defined for component null
2025-03-04 20:41:25,489 [INFO] ThirdPartyModel:298 - Start build external matchings
2025-03-04 20:41:26,237 [INFO] ThirdPartyModel:316 - End build external matchings
2025-03-04 20:41:26,268 [INFO] ImportTextPane:194 - (OptionalMessage_ERROR) IP (RCC) : Parameter (RTCHSEDivFreq_Value) has invalid value (4000000)
2025-03-04 20:41:26,456 [INFO] UtilMem:75 - End LoadConfig() Used Memory: 819961632 Bytes (989855744)
2025-03-04 20:41:26,493 [WARN] ThirdParty:833 - waiting for thirdparty lock release [change project]
2025-03-04 20:41:26,493 [INFO] ThirdParty:835 - entering critical section [change project]
2025-03-04 20:41:26,493 [INFO] ThirdParty:1030 - CMSIS Pack Vendor :STMicroelectronics X-CUBE-AZRTOS-H7 3.3.0
2025-03-04 20:41:26,493 [INFO] ThirdParty:1030 - CMSIS Pack Vendor :STMicroelectronics X-CUBE-NFC9 1.0.0
2025-03-04 20:41:26,493 [INFO] ThirdParty:1030 - CMSIS Pack Vendor :STMicroelectronics X-CUBE-GNSS1 6.0.0
2025-03-04 20:41:26,493 [INFO] ThirdParty:1030 - CMSIS Pack Vendor :STMicroelectronics USB_HOST 2.0.0
2025-03-04 20:41:26,493 [INFO] ThirdParty:1030 - CMSIS Pack Vendor :STMicroelectronics FP-SNS-MOTENVWB1 1.4.0
2025-03-04 20:41:26,493 [INFO] ThirdParty:1030 - CMSIS Pack Vendor :STMicroelectronics X-CUBE-AZRTOS-F4 1.1.0
2025-03-04 20:41:26,493 [INFO] ThirdParty:1030 - CMSIS Pack Vendor :STMicroelectronics LIBJPEG 8.0.0
2025-03-04 20:41:26,493 [INFO] ThirdParty:1030 - CMSIS Pack Vendor :STMicroelectronics FP-ATR-ASTRA1 2.0.2
2025-03-04 20:41:26,493 [INFO] ThirdParty:1030 - CMSIS Pack Vendor :STMicroelectronics FP-ATR-ASTRA1 2.0.1
2025-03-04 20:41:26,493 [INFO] ThirdParty:1030 - CMSIS Pack Vendor :STMicroelectronics X-CUBE-BLE1 7.1.0
2025-03-04 20:41:26,493 [INFO] ThirdParty:1030 - CMSIS Pack Vendor :STMicroelectronics X-CUBE-SMBUS 2.1.0
2025-03-04 20:41:26,493 [INFO] ThirdParty:1030 - CMSIS Pack Vendor :STMicroelectronics X-CUBE-WB05N 1.1.0
2025-03-04 20:41:26,493 [INFO] ThirdParty:1030 - CMSIS Pack Vendor :STMicroelectronics USB_DEVICE 3.0.0
2025-03-04 20:41:26,493 [INFO] ThirdParty:1030 - CMSIS Pack Vendor :STMicroelectronics X-CUBE-TCPP 4.1.0
2025-03-04 20:41:26,493 [INFO] ThirdParty:1030 - CMSIS Pack Vendor :STMicroelectronics X-CUBE-ISPU 2.1.0
2025-03-04 20:41:26,493 [INFO] ThirdParty:1030 - CMSIS Pack Vendor :STMicroelectronics X-CUBE-FREERTOS 1.2.0
2025-03-04 20:41:26,493 [INFO] ThirdParty:1030 - CMSIS Pack Vendor :STMicroelectronics X-CUBE-AZRTOS-WB 2.0.0
2025-03-04 20:41:26,493 [INFO] ThirdParty:1030 - CMSIS Pack Vendor :wolfSSL I-CUBE-wolfSSL 5.6.6
2025-03-04 20:41:26,493 [INFO] ThirdParty:1030 - CMSIS Pack Vendor :STMicroelectronics X-CUBE-GNSS1 7.0.0
2025-03-04 20:41:26,493 [INFO] ThirdParty:1030 - CMSIS Pack Vendor :STMicroelectronics X-CUBE-GNSS1 7.0.1
2025-03-04 20:41:26,494 [INFO] ThirdParty:1030 - CMSIS Pack Vendor :STMicroelectronics X-CUBE-TOUCHGFX 4.23.1
2025-03-04 20:41:26,494 [INFO] ThirdParty:1030 - CMSIS Pack Vendor :STMicroelectronics X-CUBE-TOUCHGFX 4.23.0
2025-03-04 20:41:26,494 [INFO] ThirdParty:1030 - CMSIS Pack Vendor :STMicroelectronics X-CUBE-TOUCHGFX 4.23.2
2025-03-04 20:41:26,494 [INFO] ThirdParty:1030 - CMSIS Pack Vendor :STMicroelectronics X-CUBE-AZRTOS-F7 1.1.0
2025-03-04 20:41:26,494 [INFO] ThirdParty:1030 - CMSIS Pack Vendor :STMicroelectronics X-CUBE-AZRTOS-L5 2.0.0
2025-03-04 20:41:26,494 [INFO] ThirdParty:1030 - CMSIS Pack Vendor :STMicroelectronics USB_DEVICE 2.0.0
2025-03-04 20:41:26,494 [INFO] ThirdParty:1030 - CMSIS Pack Vendor :STMicroelectronics X-CUBE-NFC6 3.1.0
2025-03-04 20:41:26,494 [INFO] ThirdParty:1030 - CMSIS Pack Vendor :ITTIA_DB I-CUBE-ITTIADB 8.8.0
2025-03-04 20:41:26,494 [INFO] ThirdParty:1030 - CMSIS Pack Vendor :STMicroelectronics FP-SNS-MOTENV1 4.3.2
2025-03-04 20:41:26,494 [INFO] ThirdParty:1030 - CMSIS Pack Vendor :STMicroelectronics X-CUBE-ALGOBUILD 1.3.0
2025-03-04 20:41:26,494 [INFO] ThirdParty:1030 - CMSIS Pack Vendor :STMicroelectronics X-CUBE-MEMS1 11.0.0
2025-03-04 20:41:26,494 [INFO] ThirdParty:1030 - CMSIS Pack Vendor :STMicroelectronics FreeRTOS 0.0.1
2025-03-04 20:41:26,494 [INFO] ThirdParty:1030 - CMSIS Pack Vendor :STMicroelectronics X-CUBE-AZRTOS-G0 1.1.0
2025-03-04 20:41:26,494 [INFO] ThirdParty:1030 - CMSIS Pack Vendor :STMicroelectronics X-CUBE-SAFEA1 1.2.2
2025-03-04 20:41:26,494 [INFO] ThirdParty:1030 - CMSIS Pack Vendor :STMicroelectronics X-CUBE-NFC4 3.0.0
2025-03-04 20:41:26,494 [INFO] ThirdParty:1030 - CMSIS Pack Vendor :STMicroelectronics X-CUBE-SUBG2 5.0.0
2025-03-04 20:41:26,494 [INFO] ThirdParty:1030 - CMSIS Pack Vendor :STMicroelectronics STM32_WPAN 1.0.0
2025-03-04 20:41:26,494 [INFO] ThirdParty:1030 - CMSIS Pack Vendor :STMicroelectronics lwIP 2.0.3
2025-03-04 20:41:26,494 [INFO] ThirdParty:1030 - CMSIS Pack Vendor :STMicroelectronics FP-SNS-FLIGHT1 5.0.2
2025-03-04 20:41:26,494 [INFO] ThirdParty:1030 - CMSIS Pack Vendor :Cesanta I-CUBE-Mongoose 7.13.0
2025-03-04 20:41:26,494 [INFO] ThirdParty:1030 - CMSIS Pack Vendor :STMicroelectronics USB_HOST 1.0.0
2025-03-04 20:41:26,494 [INFO] ThirdParty:1030 - CMSIS Pack Vendor :STMicroelectronics X-CUBE-AI 9.0.0
2025-03-04 20:41:26,494 [INFO] ThirdParty:1030 - CMSIS Pack Vendor :STMicroelectronics X-CUBE-AZRTOS-G4 2.0.0
2025-03-04 20:41:26,494 [INFO] ThirdParty:1030 - CMSIS Pack Vendor :STMicroelectronics PDM2PCM 3.1.0
2025-03-04 20:41:26,494 [INFO] ThirdParty:1030 - CMSIS Pack Vendor :Infineon AIROC-Wi-Fi-Bluetooth-STM32 1.5.1
2025-03-04 20:41:26,494 [INFO] ThirdParty:1030 - CMSIS Pack Vendor :STMicroelectronics X-CUBE-BLEMGR 3.0.0
2025-03-04 20:41:26,494 [INFO] ThirdParty:1030 - CMSIS Pack Vendor :STMicroelectronics PDM2PCM 3.3.0
2025-03-04 20:41:26,494 [INFO] ThirdParty:1030 - CMSIS Pack Vendor :STMicroelectronics X-CUBE-DISPLAY 3.0.0
2025-03-04 20:41:26,494 [INFO] ThirdParty:1030 - CMSIS Pack Vendor :STMicroelectronics FP-SNS-MOTENVWB1 1.3.1
2025-03-04 20:41:26,494 [INFO] ThirdParty:1030 - CMSIS Pack Vendor :STMicroelectronics X-CUBE-BLE1 7.0.0
2025-03-04 20:41:26,494 [INFO] ThirdParty:1030 - CMSIS Pack Vendor :STMicroelectronics FP-ATR-SIGFOX1 3.2.0
2025-03-04 20:41:26,494 [INFO] ThirdParty:1030 - CMSIS Pack Vendor :STMicroelectronics X-CUBE-NFC10 1.0.0
2025-03-04 20:41:26,494 [INFO] ThirdParty:1030 - CMSIS Pack Vendor :STMicroelectronics X-CUBE-ISPU 2.0.0
2025-03-04 20:41:26,494 [INFO] ThirdParty:1030 - CMSIS Pack Vendor :STMicroelectronics X-CUBE-EEPRMA1 5.1.0
2025-03-04 20:41:26,494 [INFO] ThirdParty:1030 - CMSIS Pack Vendor :STMicroelectronics HAL Drivers 0.0.0
2025-03-04 20:41:26,494 [INFO] ThirdParty:1030 - CMSIS Pack Vendor :STMicroelectronics MBEDTLS 2.16.2
2025-03-04 20:41:26,494 [INFO] ThirdParty:1030 - CMSIS Pack Vendor :STMicroelectronics X-CUBE-ALS 1.0.2
2025-03-04 20:41:26,494 [INFO] ThirdParty:1030 - CMSIS Pack Vendor :emotas I-CUBE-CANOPEN 1.3.0
2025-03-04 20:41:26,494 [INFO] ThirdParty:1030 - CMSIS Pack Vendor :STMicroelectronics X-CUBE-FREERTOS 1.3.0
2025-03-04 20:41:26,494 [INFO] ThirdParty:1030 - CMSIS Pack Vendor :STMicroelectronics X-CUBE-MEMS1 10.0.0
2025-03-04 20:41:26,494 [INFO] ThirdParty:1030 - CMSIS Pack Vendor :STMicroelectronics X-CUBE-FREERTOS 1.1.0
2025-03-04 20:41:26,494 [INFO] ThirdParty:1030 - CMSIS Pack Vendor :STMicroelectronics X-CUBE-NFC7 1.0.1
2025-03-04 20:41:26,495 [INFO] ThirdParty:1030 - CMSIS Pack Vendor :STMicroelectronics MBEDTLS 2.14.1
2025-03-04 20:41:26,495 [INFO] ThirdParty:1030 - CMSIS Pack Vendor :STMicroelectronics X-CUBE-TOUCHGFX 4.24.2
2025-03-04 20:41:26,495 [INFO] ThirdParty:1030 - CMSIS Pack Vendor :STMicroelectronics X-CUBE-TOUCHGFX 4.24.1
2025-03-04 20:41:26,495 [INFO] ThirdParty:1030 - CMSIS Pack Vendor :STMicroelectronics X-CUBE-NFC6 3.0.0
2025-03-04 20:41:26,495 [INFO] ThirdParty:1030 - CMSIS Pack Vendor :wolfSSL I-CUBE-wolfTPM 3.4.0
2025-03-04 20:41:26,495 [INFO] ThirdParty:1030 - CMSIS Pack Vendor :portGmbH I-Cube-SoM-uGOAL 1.1.0
2025-03-04 20:41:26,495 [INFO] ThirdParty:1030 - CMSIS Pack Vendor :STMicroelectronics X-CUBE-ALS 1.0.1
2025-03-04 20:41:26,495 [INFO] ThirdParty:1030 - CMSIS Pack Vendor :STMicroelectronics X-CUBE-BLEMGR 3.1.0
2025-03-04 20:41:26,495 [INFO] ThirdParty:1030 - CMSIS Pack Vendor :STMicroelectronics X-CUBE-AI 10.0.0
2025-03-04 20:41:26,495 [INFO] ThirdParty:1030 - CMSIS Pack Vendor :STMicroelectronics ThreadX 1.0.0
2025-03-04 20:41:26,495 [INFO] ThirdParty:1030 - CMSIS Pack Vendor :STMicroelectronics FP-SNS-SMARTAG2 1.2.0
2025-03-04 20:41:26,495 [INFO] ThirdParty:1030 - CMSIS Pack Vendor :STMicroelectronics X-CUBE-MEMS1 11.1.0
2025-03-04 20:41:26,495 [INFO] ThirdParty:1030 - CMSIS Pack Vendor :STMicroelectronics X-CUBE-AZRTOS-WL 2.0.0
2025-03-04 20:41:26,495 [INFO] ThirdParty:1030 - CMSIS Pack Vendor :SEGGER I-CUBE-embOS 1.3.1
2025-03-04 20:41:26,495 [INFO] ThirdParty:1030 - CMSIS Pack Vendor :STMicroelectronics X-CUBE-ALGOBUILD 1.4.0
2025-03-04 20:41:26,495 [INFO] ThirdParty:1030 - CMSIS Pack Vendor :STMicroelectronics FP-SNS-MOTENV1 5.0.0
2025-03-04 20:41:26,495 [INFO] ThirdParty:1030 - CMSIS Pack Vendor :STMicroelectronics USB_DEVICE 1.0.0
2025-03-04 20:41:26,496 [INFO] ThirdParty:1030 - CMSIS Pack Vendor :STMicroelectronics X-CUBE-AI 8.1.0
2025-03-04 20:41:26,496 [INFO] ThirdParty:1030 - CMSIS Pack Vendor :STMicroelectronics X-CUBE-AZRTOS-H7RS 1.0.0
2025-03-04 20:41:26,496 [INFO] ThirdParty:1030 - CMSIS Pack Vendor :wolfSSL I-CUBE-wolfMQTT 1.19.0
2025-03-04 20:41:26,496 [INFO] ThirdParty:1030 - CMSIS Pack Vendor :STMicroelectronics X-CUBE-AZRTOS-L4 2.0.0
2025-03-04 20:41:26,496 [INFO] ThirdParty:1030 - CMSIS Pack Vendor :STMicroelectronics ThreadX 0.0.2
2025-03-04 20:41:26,496 [INFO] ThirdParty:1030 - CMSIS Pack Vendor :WES I-CUBE-Cesium 1.3.0
2025-03-04 20:41:26,496 [INFO] ThirdParty:1030 - CMSIS Pack Vendor :STMicroelectronics FP-ATR-ASTRA1 2.0.0
2025-03-04 20:41:26,496 [INFO] ThirdParty:1030 - CMSIS Pack Vendor :STMicroelectronics lwIP 2.1.2
2025-03-04 20:41:26,496 [INFO] ThirdParty:1030 - CMSIS Pack Vendor :STMicroelectronics X-CUBE-SFXS2LP1 4.0.0
2025-03-04 20:41:26,496 [INFO] ThirdParty:1030 - CMSIS Pack Vendor :STMicroelectronics X-CUBE-BLE2 3.3.0
2025-03-04 20:41:26,496 [INFO] ThirdParty:1030 - CMSIS Pack Vendor :STMicroelectronics X-CUBE-AI 9.1.0
2025-03-04 20:41:26,498 [INFO] ThirdParty:1030 - CMSIS Pack Vendor :STMicroelectronics X-CUBE-TOF1 3.4.0
2025-03-04 20:41:26,498 [INFO] ThirdParty:1030 - CMSIS Pack Vendor :STMicroelectronics X-CUBE-TOF1 3.4.1
2025-03-04 20:41:26,498 [INFO] ThirdParty:1030 - CMSIS Pack Vendor :STMicroelectronics X-CUBE-AZRTOS-H7 3.2.0
2025-03-04 20:41:26,498 [INFO] ThirdParty:1030 - CMSIS Pack Vendor :STMicroelectronics PDM2PCM 3.2.0
2025-03-04 20:41:26,498 [INFO] ThirdParty:1030 - CMSIS Pack Vendor :wolfSSL I-CUBE-wolfSSH 1.4.17
2025-03-04 20:41:26,498 [INFO] ThirdParty:841 - exiting critical section [change project]
2025-03-04 20:41:26,629 [INFO] PinOutPanel:1499 - setPackage(No Configuration,No Configuration)
2025-03-04 20:41:26,629 [INFO] PinOutPanel:1499 - setPackage(STM32F401RETx,LQFP64)
2025-03-04 20:41:26,879 [INFO] UtilMem:75 - Before build in PCC Used Memory: 760411224 Bytes (989855744)
2025-03-04 20:41:27,101 [INFO] UtilMem:75 - After build in PCC Used Memory: 803925080 Bytes (989855744)
2025-03-04 20:41:27,121 [INFO] IPUIPlugin:80 - create IPUIPlugin
2025-03-04 20:41:27,121 [INFO] IPUIPlugin:80 - create IPUIPlugin
2025-03-04 20:41:27,121 [INFO] IPUIPlugin:80 - create IPUIPlugin
2025-03-04 20:41:27,121 [INFO] IPUIPlugin:80 - create IPUIPlugin
2025-03-04 20:41:27,121 [INFO] IPUIPlugin:80 - create IPUIPlugin
2025-03-04 20:41:27,122 [INFO] IPUIPlugin:80 - create IPUIPlugin
2025-03-04 20:41:27,122 [INFO] IPUIPlugin:80 - create IPUIPlugin
2025-03-04 20:41:27,122 [INFO] IPUIPlugin:80 - create IPUIPlugin
2025-03-04 20:41:27,122 [INFO] IPUIPlugin:80 - create IPUIPlugin
2025-03-04 20:41:27,122 [INFO] IPUIPlugin:80 - create IPUIPlugin
2025-03-04 20:41:27,122 [INFO] IPUIPlugin:80 - create IPUIPlugin
2025-03-04 20:41:27,122 [INFO] IPUIPlugin:80 - create IPUIPlugin
2025-03-04 20:41:27,122 [INFO] IPUIPlugin:80 - create IPUIPlugin
2025-03-04 20:41:27,122 [INFO] IPUIPlugin:80 - create IPUIPlugin
2025-03-04 20:41:27,122 [INFO] IPUIPlugin:80 - create IPUIPlugin
2025-03-04 20:41:27,123 [INFO] IPUIPlugin:80 - create IPUIPlugin
2025-03-04 20:41:27,123 [INFO] IPUIPlugin:80 - create IPUIPlugin
2025-03-04 20:41:27,123 [INFO] IPUIPlugin:80 - create IPUIPlugin
2025-03-04 20:41:27,123 [INFO] IPUIPlugin:80 - create IPUIPlugin
2025-03-04 20:41:27,123 [INFO] IPUIPlugin:80 - create IPUIPlugin
2025-03-04 20:41:27,123 [INFO] IPUIPlugin:80 - create IPUIPlugin
2025-03-04 20:41:27,125 [INFO] IPUIPlugin:80 - create IPUIPlugin
2025-03-04 20:41:27,125 [INFO] IPUIPlugin:80 - create IPUIPlugin
2025-03-04 20:41:27,125 [INFO] IPUIPlugin:80 - create IPUIPlugin
2025-03-04 20:41:27,125 [INFO] IPUIPlugin:80 - create IPUIPlugin
2025-03-04 20:41:27,125 [INFO] IPUIPlugin:80 - create IPUIPlugin
2025-03-04 20:41:27,125 [INFO] IPUIPlugin:80 - create IPUIPlugin
2025-03-04 20:41:27,125 [INFO] IPUIPlugin:80 - create IPUIPlugin
2025-03-04 20:41:27,125 [INFO] IPUIPlugin:80 - create IPUIPlugin
2025-03-04 20:41:27,126 [INFO] IPUIPlugin:80 - create IPUIPlugin
2025-03-04 20:41:27,126 [INFO] IPUIPlugin:80 - create IPUIPlugin
2025-03-04 20:41:27,126 [INFO] IPUIPlugin:80 - create IPUIPlugin
2025-03-04 20:41:27,126 [INFO] IPUIPlugin:80 - create IPUIPlugin
2025-03-04 20:41:27,127 [INFO] IPUIPlugin:80 - create IPUIPlugin
2025-03-04 20:41:27,127 [INFO] IPUIPlugin:80 - create IPUIPlugin
2025-03-04 20:41:27,127 [INFO] IPUIPlugin:80 - create IPUIPlugin
2025-03-04 20:41:27,127 [INFO] IPUIPlugin:80 - create IPUIPlugin
2025-03-04 20:41:27,127 [INFO] IPUIPlugin:80 - create IPUIPlugin
2025-03-04 20:41:27,131 [INFO] ApiDbMcu:507 - Load IP Config File for PDM2PCM
2025-03-04 20:41:27,171 [INFO] CADModel:165 - CPN selected for project levelSTM32F401RET6
2025-03-04 20:41:27,172 [INFO] CADModel:114 - Register for checkConnection events
2025-03-04 20:41:27,234 [INFO] OpenFileManager:328 - Restore cursor
2025-03-04 21:06:08,662 [INFO] UtilMem:75 - End SaveConfig() Used Memory: 707270104 Bytes (1011875840)
