2025-05-25 16:01:00,102 [INFO] Activator:176 - 


2025-05-25 16:01:00,111 [INFO] Activator:177 - !SESSION log4j initialized
2025-05-25 16:01:08,735 [INFO] LogOutputStream:77 - [STDOUT_REDIRECT] 
2025-05-25 16:01:32,016 [ERROR] LogOutputStream:75 - [STDERR_REDIRECT] SLF4J: Failed to load class "org.slf4j.impl.StaticLoggerBinder".
2025-05-25 16:01:32,016 [ERROR] LogOutputStream:75 - [STDERR_REDIRECT] SLF4J: Defaulting to no-operation (NOP) logger implementation
2025-05-25 16:01:32,018 [ERROR] LogOutputStream:75 - [STDERR_REDIRECT] SLF4J: See http://www.slf4j.org/codes.html#StaticLoggerBinder for further details.
2025-05-25 20:06:44,158 [INFO] Activator:176 - 


2025-05-25 20:06:44,161 [INFO] Activator:177 - !SESSION log4j initialized
2025-05-25 20:06:53,083 [INFO] LogOutputStream:77 - [STDOUT_REDIRECT] 
2025-05-25 20:07:16,433 [ERROR] LogOutputStream:75 - [STDERR_REDIRECT] SLF4J: Failed to load class "org.slf4j.impl.StaticLoggerBinder".
2025-05-25 20:07:16,434 [ERROR] LogOutputStream:75 - [STDERR_REDIRECT] SLF4J: Defaulting to no-operation (NOP) logger implementation
2025-05-25 20:07:16,435 [ERROR] LogOutputStream:75 - [STDERR_REDIRECT] SLF4J: See http://www.slf4j.org/codes.html#StaticLoggerBinder for further details.
2025-06-09 16:52:31,901 [INFO] Activator:176 - 


2025-06-09 16:52:31,903 [INFO] Activator:177 - !SESSION log4j initialized
2025-06-09 16:52:38,540 [INFO] LogOutputStream:77 - [STDOUT_REDIRECT] 
2025-06-09 16:53:00,981 [ERROR] LogOutputStream:75 - [STDERR_REDIRECT] SLF4J: Failed to load class "org.slf4j.impl.StaticLoggerBinder".
2025-06-09 16:53:00,983 [ERROR] LogOutputStream:75 - [STDERR_REDIRECT] SLF4J: Defaulting to no-operation (NOP) logger implementation
2025-06-09 16:53:00,984 [ERROR] LogOutputStream:75 - [STDERR_REDIRECT] SLF4J: See http://www.slf4j.org/codes.html#StaticLoggerBinder for further details.
2025-06-09 17:37:22,165 [INFO] Activator:176 - 


2025-06-09 17:37:22,166 [INFO] Activator:177 - !SESSION log4j initialized
2025-06-09 17:37:28,311 [INFO] LogOutputStream:77 - [STDOUT_REDIRECT] 
2025-06-09 17:37:49,635 [ERROR] LogOutputStream:75 - [STDERR_REDIRECT] SLF4J: Failed to load class "org.slf4j.impl.StaticLoggerBinder".
2025-06-09 17:37:49,635 [ERROR] LogOutputStream:75 - [STDERR_REDIRECT] SLF4J: Defaulting to no-operation (NOP) logger implementation
2025-06-09 17:37:49,637 [ERROR] LogOutputStream:75 - [STDERR_REDIRECT] SLF4J: See http://www.slf4j.org/codes.html#StaticLoggerBinder for further details.
