2024-11-18 12:05:17,225 [INFO] Activator:176 - 


2024-11-18 12:05:17,230 [INFO] Activator:177 - !SESSION log4j initialized
2024-11-18 12:05:23,817 [INFO] LogOutputStream:77 - [STDOUT_REDIRECT] 
2024-11-18 12:05:34,010 [INFO] ApplicationProperties:184 - Using Application install path: C:\ST\STM32CubeIDE_1.12.1\STM32CubeIDE\plugins\com.st.stm32cube.common.mx_6.8.1.202304191431
2024-11-18 12:05:34,030 [INFO] DbMcusXml:78 - Set database path to: C:\ST\STM32CubeIDE_1.12.1\STM32CubeIDE\plugins\com.st.stm32cube.common.mx_6.8.1.202304191431\\db\/mcu/
2024-11-18 12:05:34,030 [INFO] ApiDb:274 - Set plugin database path to: C:\ST\STM32CubeIDE_1.12.1\STM32CubeIDE\plugins\com.st.stm32cube.common.mx_6.8.1.202304191431\\db\/plugins/boardmanager/
2024-11-18 12:05:34,032 [WARN] ApiDb:259 - Overriding images path with different value:  => C:\ST\STM32CubeIDE_1.12.1\STM32CubeIDE\plugins\com.st.stm32cube.common.mx_6.8.1.202304191431\\db\/plugins/mcufinder/images/
2024-11-18 12:05:34,047 [INFO] ApiDb:250 - Set database path to: C:\Users\voine\.stmcufinder\plugins\mcufinder//mcu/
2024-11-18 12:05:34,049 [INFO] DbMcusAds:125 - Set database path to: C:\Users\voine\.stmcufinder\plugins\mcufinder//mcu/
2024-11-18 12:05:34,086 [INFO] CrossReferenceDbSqlite:203 - Set database path to: C:\Users\voine\.stmcufinder\plugins\mcufinder//mcu/cs/
2024-11-18 12:05:34,195 [INFO] RulesReader:64 - Compatibility file has been processed (293 Rules)
2024-11-18 12:05:34,306 [INFO] DbMcusXml:78 - Set database path to: C:\ST\STM32CubeIDE_1.12.1\STM32CubeIDE\plugins\com.st.stm32cube.common.mx_6.8.1.202304191431\\db\/mcu/
2024-11-18 12:05:34,306 [INFO] ApiDb:274 - Set plugin database path to: C:\ST\STM32CubeIDE_1.12.1\STM32CubeIDE\plugins\com.st.stm32cube.common.mx_6.8.1.202304191431\\db\/plugins/boardmanager/
2024-11-18 12:05:34,306 [INFO] ApiDb:261 - Set plugin images path to: C:\ST\STM32CubeIDE_1.12.1\STM32CubeIDE\plugins\com.st.stm32cube.common.mx_6.8.1.202304191431\\db\/plugins/mcufinder/images/
2024-11-18 12:05:34,307 [WARN] DbFile:41 - Overriding database path with different value: C:\Users\voine\.stmcufinder\plugins\mcufinder/ => C:\Users\voine\.stmcufinder\plugins\mcufinder
2024-11-18 12:05:34,307 [INFO] ApiDb:250 - Set database path to: C:\Users\voine\.stmcufinder\plugins\mcufinder//mcu/
2024-11-18 12:05:34,307 [WARN] DbFile:41 - Overriding database path with different value: C:\Users\voine\.stmcufinder\plugins\mcufinder/ => C:\Users\voine\.stmcufinder\plugins\mcufinder
2024-11-18 12:05:34,307 [INFO] DbMcusAds:125 - Set database path to: C:\Users\voine\.stmcufinder\plugins\mcufinder//mcu/
2024-11-18 12:05:34,307 [WARN] DbFile:41 - Overriding database path with different value: C:\Users\voine\.stmcufinder\plugins\mcufinder/ => C:\Users\voine\.stmcufinder\plugins\mcufinder
2024-11-18 12:05:34,307 [WARN] DbFile:41 - Overriding database path with different value: C:\Users\voine\.stmcufinder\plugins\mcufinder/ => C:\Users\voine\.stmcufinder\plugins\mcufinder
2024-11-18 12:05:34,307 [INFO] CrossReferenceDbSqlite:203 - Set database path to: C:\Users\voine\.stmcufinder\plugins\mcufinder//mcu/cs/
2024-11-18 12:05:34,389 [INFO] MainPanel:253 - HeapMemory: 268435456
2024-11-18 12:05:34,493 [INFO] DbMcusXml:78 - Set database path to: C:\ST\STM32CubeIDE_1.12.1\STM32CubeIDE\plugins\com.st.stm32cube.common.mx_6.8.1.202304191431\\db\/mcu/
2024-11-18 12:05:34,493 [INFO] ApiDb:274 - Set plugin database path to: C:\ST\STM32CubeIDE_1.12.1\STM32CubeIDE\plugins\com.st.stm32cube.common.mx_6.8.1.202304191431\\db\/plugins/boardmanager/
2024-11-18 12:05:34,493 [INFO] ApiDb:261 - Set plugin images path to: C:\ST\STM32CubeIDE_1.12.1\STM32CubeIDE\plugins\com.st.stm32cube.common.mx_6.8.1.202304191431\\db\/plugins/mcufinder/images/
2024-11-18 12:05:34,494 [WARN] DbFile:41 - Overriding database path with different value: C:\Users\voine\.stmcufinder\plugins\mcufinder/ => C:\Users\voine\.stmcufinder\plugins\mcufinder
2024-11-18 12:05:34,495 [INFO] ApiDb:250 - Set database path to: C:\Users\voine\.stmcufinder\plugins\mcufinder//mcu/
2024-11-18 12:05:34,495 [WARN] DbFile:41 - Overriding database path with different value: C:\Users\voine\.stmcufinder\plugins\mcufinder/ => C:\Users\voine\.stmcufinder\plugins\mcufinder
2024-11-18 12:05:34,495 [INFO] DbMcusAds:125 - Set database path to: C:\Users\voine\.stmcufinder\plugins\mcufinder//mcu/
2024-11-18 12:05:34,495 [WARN] DbFile:41 - Overriding database path with different value: C:\Users\voine\.stmcufinder\plugins\mcufinder/ => C:\Users\voine\.stmcufinder\plugins\mcufinder
2024-11-18 12:05:34,495 [WARN] DbFile:41 - Overriding database path with different value: C:\Users\voine\.stmcufinder\plugins\mcufinder/ => C:\Users\voine\.stmcufinder\plugins\mcufinder
2024-11-18 12:05:34,495 [INFO] CrossReferenceDbSqlite:203 - Set database path to: C:\Users\voine\.stmcufinder\plugins\mcufinder//mcu/cs/
2024-11-18 12:05:34,517 [INFO] ApplicationProperties:184 - Using Application install path: C:\ST\STM32CubeIDE_1.12.1\STM32CubeIDE\plugins\com.st.stm32cube.common.mx_6.8.1.202304191431
2024-11-18 12:05:34,519 [INFO] PluginManage:196 - Search for loadable plugins [exclusion list=, ]
2024-11-18 12:05:34,520 [INFO] PluginManage:310 - Check plugin analytics
2024-11-18 12:05:34,709 [INFO] AnalyticsPlugin:253 - Accepted Software Licenses: 
2024-11-18 12:05:34,709 [INFO] AnalyticsPlugin:255 - Accepted CMSIS Pack Licenses: 
2024-11-18 12:05:34,709 [INFO] AnalyticsPlugin:257 - Accepted Firmware Licenses: FW.F4.1.27.0
2024-11-18 12:05:34,735 [INFO] PluginManage:359 - Loaded plugin analytics (category:tool,tabindex:-1)
2024-11-18 12:05:34,735 [INFO] PluginManage:310 - Check plugin cadmodel
2024-11-18 12:05:34,751 [INFO] CADModel:105 - Init CAD model plugin
2024-11-18 12:05:34,751 [INFO] PluginManage:359 - Loaded plugin cadmodel (category:power,tabindex:5)
2024-11-18 12:05:34,752 [INFO] PluginManage:310 - Check plugin clock
2024-11-18 12:05:34,777 [INFO] PluginManage:359 - Loaded plugin clock (category:base,tabindex:2)
2024-11-18 12:05:34,777 [INFO] PluginManage:310 - Check plugin ddr
2024-11-18 12:05:34,780 [INFO] PluginManage:359 - Loaded plugin ddr (category:tool,tabindex:6)
2024-11-18 12:05:34,780 [INFO] PluginManage:310 - Check plugin filemanager
2024-11-18 12:05:34,909 [INFO] PluginManage:359 - Loaded plugin filemanager (category:base,tabindex:10)
2024-11-18 12:05:34,910 [INFO] PluginManage:310 - Check plugin ipmanager
2024-11-18 12:05:34,918 [INFO] PluginManage:359 - Loaded plugin ipmanager (category:base,tabindex:5)
2024-11-18 12:05:34,918 [INFO] PluginManage:310 - Check plugin lpbam
2024-11-18 12:05:34,936 [INFO] PluginManage:359 - Loaded plugin lpbam (category:base,tabindex:0)
2024-11-18 12:05:34,936 [INFO] PluginManage:310 - Check plugin pinoutandconfiguration
2024-11-18 12:05:34,954 [INFO] PluginManage:359 - Loaded plugin pinoutandconfiguration (category:base,tabindex:1)
2024-11-18 12:05:34,954 [INFO] PluginManage:310 - Check plugin pinoutconfig
2024-11-18 12:05:35,049 [WARN] SupportedApi:132 - Cannot load RTOS API schema: s4s-elt-must-match.1: The content of 'definitions' must match (annotation?, (simpleType | complexType)?, (unique | key | keyref)*)). A problem was found starting at: attribute.
2024-11-18 12:05:35,202 [INFO] PluginManage:359 - Loaded plugin pinoutconfig (category:base,tabindex:0)
2024-11-18 12:05:35,203 [INFO] PluginManage:310 - Check plugin power
2024-11-18 12:05:35,224 [INFO] PluginManage:359 - Loaded plugin power (category:power,tabindex:4)
2024-11-18 12:05:35,225 [INFO] PluginManage:310 - Check plugin projectmanager
2024-11-18 12:05:35,243 [INFO] PluginManage:359 - Loaded plugin projectmanager (category:projectmanager,tabindex:3)
2024-11-18 12:05:35,243 [INFO] PluginManage:310 - Check plugin thirdparty
2024-11-18 12:05:35,502 [INFO] PluginManage:359 - Loaded plugin thirdparty (category:base,tabindex:-1)
2024-11-18 12:05:35,502 [WARN] IntegrityCheckThread:84 - waiting for thirdparty lock release [integrity check]
2024-11-18 12:05:35,503 [INFO] PluginManage:310 - Check plugin tools
2024-11-18 12:05:35,503 [INFO] IntegrityCheckThread:86 - entering critical section [integrity check]
2024-11-18 12:05:35,504 [INFO] ThirdPartyUpdaterWithRetryManager:70 - Updater plugin not ready yet. [1/15]
2024-11-18 12:05:35,530 [INFO] PluginManage:359 - Loaded plugin tools (category:base,tabindex:7)
2024-11-18 12:05:35,530 [INFO] PluginManage:310 - Check plugin tutovideos
2024-11-18 12:05:35,741 [INFO] PluginManage:359 - Loaded plugin tutovideos (category:base,tabindex:-1)
2024-11-18 12:05:35,742 [INFO] PluginManage:310 - Check plugin updater
2024-11-18 12:05:35,757 [INFO] PluginManage:359 - Loaded plugin updater (category:base,tabindex:12)
2024-11-18 12:05:35,758 [INFO] PluginManage:283 - PluginManage : Loaded plugins [15]
2024-11-18 12:05:36,024 [INFO] PinOutPanel:1499 - setPackage(No Configuration,No Configuration)
2024-11-18 12:05:36,096 [INFO] CADModel:165 - CPN selected for project level
2024-11-18 12:05:36,097 [INFO] CADModel:114 - Register for checkConnection events
2024-11-18 12:05:36,127 [INFO] IPUIPlugin:80 - create IPUIPlugin
2024-11-18 12:05:36,127 [INFO] PluginManager:220 - loadIPPluginJar : add adc
2024-11-18 12:05:36,166 [INFO] IPUIPlugin:80 - create IPUIPlugin
2024-11-18 12:05:36,166 [INFO] PluginManager:220 - loadIPPluginJar : add aes
2024-11-18 12:05:36,209 [INFO] IPUIPlugin:80 - create IPUIPlugin
2024-11-18 12:05:36,209 [INFO] PluginManager:220 - loadIPPluginJar : add can
2024-11-18 12:05:36,232 [INFO] IPUIPlugin:80 - create IPUIPlugin
2024-11-18 12:05:36,233 [INFO] PluginManager:220 - loadIPPluginJar : add comp
2024-11-18 12:05:36,266 [INFO] IPUIPlugin:80 - create IPUIPlugin
2024-11-18 12:05:36,266 [INFO] PluginManager:220 - loadIPPluginJar : add cryp
2024-11-18 12:05:36,298 [INFO] IPUIPlugin:80 - create IPUIPlugin
2024-11-18 12:05:36,298 [INFO] PluginManager:220 - loadIPPluginJar : add dfsdm
2024-11-18 12:05:36,316 [INFO] IPUIPlugin:80 - create IPUIPlugin
2024-11-18 12:05:36,316 [INFO] PluginManager:220 - loadIPPluginJar : add dma
2024-11-18 12:05:36,360 [INFO] IPUIPlugin:80 - create IPUIPlugin
2024-11-18 12:05:36,360 [INFO] PluginManager:220 - loadIPPluginJar : add dma3
2024-11-18 12:05:36,381 [INFO] IPUIPlugin:80 - create IPUIPlugin
2024-11-18 12:05:36,381 [INFO] PluginManager:220 - loadIPPluginJar : add fatfs
2024-11-18 12:05:36,425 [INFO] IPUIPlugin:80 - create IPUIPlugin
2024-11-18 12:05:36,425 [INFO] PluginManager:220 - loadIPPluginJar : add fmc
2024-11-18 12:05:36,442 [INFO] IPUIPlugin:80 - create IPUIPlugin
2024-11-18 12:05:36,442 [INFO] PluginManager:220 - loadIPPluginJar : add freertos
2024-11-18 12:05:36,461 [INFO] IPUIPlugin:80 - create IPUIPlugin
2024-11-18 12:05:36,461 [INFO] PluginManager:220 - loadIPPluginJar : add genericplugin
2024-11-18 12:05:36,547 [INFO] IPUIPlugin:80 - create IPUIPlugin
2024-11-18 12:05:36,548 [INFO] PluginManager:220 - loadIPPluginJar : add gfxmmu
2024-11-18 12:05:36,667 [INFO] IPUIPlugin:80 - create IPUIPlugin
2024-11-18 12:05:36,667 [INFO] PluginManager:220 - loadIPPluginJar : add gic
2024-11-18 12:05:36,681 [INFO] IPUIPlugin:80 - create IPUIPlugin
2024-11-18 12:05:36,681 [INFO] PluginManager:220 - loadIPPluginJar : add gpio
2024-11-18 12:05:36,761 [INFO] IPUIPlugin:80 - create IPUIPlugin
2024-11-18 12:05:36,761 [INFO] PluginManager:220 - loadIPPluginJar : add gtzc
2024-11-18 12:05:36,791 [INFO] IPUIPlugin:80 - create IPUIPlugin
2024-11-18 12:05:36,791 [INFO] PluginManager:220 - loadIPPluginJar : add hash
2024-11-18 12:05:36,835 [INFO] IPUIPlugin:80 - create IPUIPlugin
2024-11-18 12:05:36,835 [INFO] PluginManager:220 - loadIPPluginJar : add i2c
2024-11-18 12:05:36,870 [INFO] IPUIPlugin:80 - create IPUIPlugin
2024-11-18 12:05:36,871 [INFO] PluginManager:220 - loadIPPluginJar : add i2s
2024-11-18 12:05:36,907 [INFO] IPUIPlugin:80 - create IPUIPlugin
2024-11-18 12:05:36,907 [INFO] PluginManager:220 - loadIPPluginJar : add i3c
2024-11-18 12:05:37,011 [INFO] IPUIPlugin:80 - create IPUIPlugin
2024-11-18 12:05:37,011 [INFO] PluginManager:220 - loadIPPluginJar : add ipddr
2024-11-18 12:05:37,116 [INFO] IPUIPlugin:80 - create IPUIPlugin
2024-11-18 12:05:37,117 [INFO] PluginManager:220 - loadIPPluginJar : add linkedlist
2024-11-18 12:05:37,150 [INFO] IPUIPlugin:80 - create IPUIPlugin
2024-11-18 12:05:37,150 [INFO] PluginManager:220 - loadIPPluginJar : add lorawan
2024-11-18 12:05:37,182 [INFO] IPUIPlugin:80 - create IPUIPlugin
2024-11-18 12:05:37,182 [INFO] PluginManager:220 - loadIPPluginJar : add ltdc
2024-11-18 12:05:37,195 [INFO] IPUIPlugin:80 - create IPUIPlugin
2024-11-18 12:05:37,195 [INFO] PluginManager:220 - loadIPPluginJar : add mdma
2024-11-18 12:05:37,208 [INFO] IPUIPlugin:80 - create IPUIPlugin
2024-11-18 12:05:37,209 [INFO] PluginManager:220 - loadIPPluginJar : add nvic
2024-11-18 12:05:37,245 [INFO] IPUIPlugin:80 - create IPUIPlugin
2024-11-18 12:05:37,245 [INFO] PluginManager:220 - loadIPPluginJar : add opamp
2024-11-18 12:05:37,301 [INFO] IPUIPlugin:80 - create IPUIPlugin
2024-11-18 12:05:37,302 [INFO] PluginManager:220 - loadIPPluginJar : add openamp
2024-11-18 12:05:37,342 [INFO] IPUIPlugin:80 - create IPUIPlugin
2024-11-18 12:05:37,342 [INFO] PluginManager:220 - loadIPPluginJar : add pdm2pcm
2024-11-18 12:05:37,357 [INFO] IPUIPlugin:80 - create IPUIPlugin
2024-11-18 12:05:37,361 [INFO] PluginManager:220 - loadIPPluginJar : add plateformsettings
2024-11-18 12:05:37,383 [INFO] IPUIPlugin:80 - create IPUIPlugin
2024-11-18 12:05:37,383 [INFO] PluginManager:220 - loadIPPluginJar : add quadspi
2024-11-18 12:05:37,395 [INFO] IPUIPlugin:80 - create IPUIPlugin
2024-11-18 12:05:37,395 [INFO] PluginManager:220 - loadIPPluginJar : add resmgrutility
2024-11-18 12:05:37,443 [INFO] IPUIPlugin:80 - create IPUIPlugin
2024-11-18 12:05:37,443 [INFO] PluginManager:220 - loadIPPluginJar : add sai
2024-11-18 12:05:37,479 [INFO] IPUIPlugin:80 - create IPUIPlugin
2024-11-18 12:05:37,479 [INFO] PluginManager:220 - loadIPPluginJar : add spi
2024-11-18 12:05:37,537 [INFO] IPUIPlugin:80 - create IPUIPlugin
2024-11-18 12:05:37,537 [INFO] PluginManager:220 - loadIPPluginJar : add stm32_wpan
2024-11-18 12:05:37,574 [INFO] IPUIPlugin:80 - create IPUIPlugin
2024-11-18 12:05:37,574 [INFO] PluginManager:220 - loadIPPluginJar : add tim
2024-11-18 12:05:37,659 [INFO] IPUIPlugin:80 - create IPUIPlugin
2024-11-18 12:05:37,659 [INFO] PluginManager:220 - loadIPPluginJar : add touchsensing
2024-11-18 12:05:37,688 [INFO] IPUIPlugin:80 - create IPUIPlugin
2024-11-18 12:05:37,688 [INFO] PluginManager:220 - loadIPPluginJar : add tracer_emb
2024-11-18 12:05:37,715 [INFO] IPUIPlugin:80 - create IPUIPlugin
2024-11-18 12:05:37,715 [INFO] PluginManager:220 - loadIPPluginJar : add ts
2024-11-18 12:05:37,741 [INFO] IPUIPlugin:80 - create IPUIPlugin
2024-11-18 12:05:37,741 [INFO] PluginManager:220 - loadIPPluginJar : add tsc
2024-11-18 12:05:37,765 [INFO] IPUIPlugin:80 - create IPUIPlugin
2024-11-18 12:05:37,765 [INFO] PluginManager:220 - loadIPPluginJar : add ucpd
2024-11-18 12:05:37,813 [INFO] IPUIPlugin:80 - create IPUIPlugin
2024-11-18 12:05:37,813 [INFO] PluginManager:220 - loadIPPluginJar : add usart
2024-11-18 12:05:37,858 [INFO] IPUIPlugin:80 - create IPUIPlugin
2024-11-18 12:05:37,858 [INFO] PluginManager:220 - loadIPPluginJar : add usbx
2024-11-18 12:05:37,992 [INFO] CADModel:165 - CPN selected for project level
2024-11-18 12:05:37,992 [INFO] CADModel:114 - Register for checkConnection events
2024-11-18 12:05:37,992 [FATAL] Updater:308 - Updater called before beeing initialized
2024-11-18 12:05:37,992 [ERROR] CADModel:125 - Updater not yet initialized, retry later 
2024-11-18 12:05:38,186 [INFO] CADModel:165 - CPN selected for project level
2024-11-18 12:05:38,188 [INFO] CADModel:114 - Register for checkConnection events
2024-11-18 12:05:38,188 [FATAL] Updater:308 - Updater called before beeing initialized
2024-11-18 12:05:38,188 [ERROR] CADModel:125 - Updater not yet initialized, retry later 
2024-11-18 12:05:38,193 [FATAL] Updater:308 - Updater called before beeing initialized
2024-11-18 12:05:38,355 [FATAL] Updater:308 - Updater called before beeing initialized
2024-11-18 12:05:38,374 [INFO] DbMcusAds:53 - JSON generation date=Fri Sep 20 16:04:23 EEST 2024 (1726837463113)
2024-11-18 12:05:38,374 [FATAL] Updater:308 - Updater called before beeing initialized
2024-11-18 12:05:38,457 [WARN] DetailPanel:346 - Failed to get advertising image, set to default
2024-11-18 12:05:38,509 [INFO] ThirdPartyUpdaterWithRetryManager:70 - Updater plugin not ready yet. [2/15]
2024-11-18 12:05:38,563 [FATAL] Updater:308 - Updater called before beeing initialized
2024-11-18 12:05:38,566 [FATAL] Updater:308 - Updater called before beeing initialized
2024-11-18 12:05:38,566 [FATAL] Updater:308 - Updater called before beeing initialized
2024-11-18 12:05:38,566 [WARN] DetailPanel:346 - Failed to get advertising image, set to default
2024-11-18 12:05:38,567 [FATAL] Updater:308 - Updater called before beeing initialized
2024-11-18 12:05:38,637 [ERROR] Updater:1120 - MainUpdater not yet initialized. External WinMGr cannot be set.
2024-11-18 12:05:38,647 [INFO] Updater:1056 - Updater Version found : 6.8.1
2024-11-18 12:05:38,666 [INFO] ApplicationProperties:184 - Using Application install path: C:\ST\STM32CubeIDE_1.12.1\STM32CubeIDE\plugins\com.st.stm32cube.common.mx_6.8.1.202304191431
2024-11-18 12:05:38,940 [INFO] MainUpdater:2854 - connection check result : 10
2024-11-18 12:05:38,940 [INFO] MainUpdater:3548 - Updater definition file requires update
2024-11-18 12:05:38,941 [INFO] MainUpdater:283 - Updater Check For Update Now.
2024-11-18 12:05:38,942 [INFO] MicroXplorer:498 - Change Database Version : DB.6.0.81
2024-11-18 12:05:39,101 [INFO] ServerAccessManage:473 - Download File updaters.zip
2024-11-18 12:05:39,156 [INFO] FileExtend:240 - Unzip File : updaters.zip
2024-11-18 12:05:39,157 [INFO] FileExtend:255 - Standard Zip Deflate
2024-11-18 12:05:40,010 [INFO] ServerAccessManage:473 - Download File PacksControlFlags.xml
2024-11-18 12:05:40,298 [INFO] ServerAccessManage:473 - Download File cubemx.pidx
2024-11-18 12:05:40,666 [INFO] ServerAccessManage:473 - Download File STMicroelectronics.FP-ATR-ASTRA1.pdsc
2024-11-18 12:05:41,521 [WARN] MainUpdater:1187 - Updater busy. Cannot search thirdparties
2024-11-18 12:05:41,522 [INFO] ThirdPartyUpdaterWithRetryManager:96 - Updater plugin is busy. [1/15]
2024-11-18 12:05:43,072 [INFO] ServerAccessManage:473 - Download File quantropi.X-CUBE-qispace-sdk-base.pdsc
2024-11-18 12:05:43,289 [WARN] PackLoader:240 - Cannot read IP mode file for STMicroelectronics.FP-ATR-ASTRA1.2.0.1
2024-11-18 12:05:43,293 [WARN] PopulateThirdPartyThread:106 - Error when creating pack: C:/Users/voine/.stm32cubemx/thirdparties/pdsc/quantropi.X-CUBE-qispace-sdk-base.pdsc
2024-11-18 12:05:43,293 [INFO] PopulateThirdPartyThread:66 - Ending populate Thread
2024-11-18 12:05:43,300 [INFO] ThirdParty:1030 - CMSIS Pack Vendor :STMicroelectronics FP-ATR-ASTRA1 2.0.1
2024-11-18 12:05:43,300 [INFO] LoadServerUpdatesThread:373 - End of LoadServerUpdate Thread
2024-11-18 12:05:43,447 [INFO] CheckServerUpdateThread:120 - End of CheckServer Thread
2024-11-18 12:05:43,505 [INFO] MainUpdater:2854 - connection check result : 10
2024-11-18 12:05:43,513 [INFO] MainUpdater:2854 - connection check result : 10
2024-11-18 12:05:43,711 [INFO] MicroXplorer:468 - Change Database Path : 
2024-11-18 12:05:43,711 [INFO] MicroXplorer:498 - Change Database Version : DB.6.0.81
2024-11-18 12:05:43,711 [WARN] ThirdParty:871 - waiting for thirdparty lock release [close project]
2024-11-18 12:05:44,727 [WARN] PackLoader:240 - Cannot read IP mode file for STMicroelectronics.FP-SNS-MOTENVWB1.1.4.0
2024-11-18 12:05:44,731 [WARN] PackLoader:240 - Cannot read IP mode file for STMicroelectronics.FP-ATR-ASTRA1.2.0.1
2024-11-18 12:05:44,750 [WARN] PackLoader:240 - Cannot read IP mode file for STMicroelectronics.X-CUBE-SMBUS.2.1.0
2024-11-18 12:05:44,766 [WARN] PackLoader:240 - Cannot read IP mode file for STMicroelectronics.X-CUBE-WB05N.1.1.0
2024-11-18 12:05:44,781 [WARN] PackLoader:240 - Cannot read IP mode file for STMicroelectronics.X-CUBE-TOUCHGFX.4.23.1
2024-11-18 12:05:44,792 [WARN] PackLoader:240 - Cannot read IP mode file for STMicroelectronics.X-CUBE-TOUCHGFX.4.23.0
2024-11-18 12:05:44,804 [WARN] PackLoader:240 - Cannot read IP mode file for STMicroelectronics.X-CUBE-TOUCHGFX.4.23.2
2024-11-18 12:05:44,838 [WARN] PackLoader:240 - Cannot read IP mode file for STMicroelectronics.X-CUBE-AZRTOS-F7.1.1.0
2024-11-18 12:05:44,859 [WARN] PackLoader:240 - Cannot read IP mode file for STMicroelectronics.FP-SNS-MOTENV1.4.3.2
2024-11-18 12:05:44,925 [WARN] PackLoader:240 - Cannot read IP mode file for STMicroelectronics.X-CUBE-MEMS1.11.0.0
2024-11-18 12:05:45,042 [WARN] PackLoader:240 - Cannot read IP mode file for STMicroelectronics.FP-SNS-FLIGHT1.5.0.2
2024-11-18 12:05:45,067 [WARN] PackLoader:240 - Cannot read IP mode file for STMicroelectronics.X-CUBE-DISPLAY.3.0.0
2024-11-18 12:05:45,087 [WARN] PackLoader:240 - Cannot read IP mode file for STMicroelectronics.X-CUBE-BLE1.7.0.0
2024-11-18 12:05:45,110 [WARN] PackLoader:240 - Cannot read IP mode file for STMicroelectronics.X-CUBE-NFC10.1.0.0
2024-11-18 12:05:45,134 [WARN] PackLoader:240 - Cannot read IP mode file for emotas.I-CUBE-CANOPEN.1.3.0
2024-11-18 12:05:45,158 [WARN] PackLoader:240 - Cannot read IP mode file for STMicroelectronics.X-CUBE-BLEMGR.3.1.0
2024-11-18 12:05:45,180 [WARN] PackLoader:240 - Cannot read IP mode file for STMicroelectronics.FP-SNS-SMARTAG2.1.2.0
2024-11-18 12:05:45,206 [INFO] LogOutputStream:77 - [STDOUT_REDIRECT] 1 : Invalid condition id : UX_CORESTACK_Condition cause : null
2024-11-18 12:05:45,207 [INFO] LogOutputStream:77 - [STDOUT_REDIRECT] 1 : Invalid condition id : UX_CORESTACK_Condition cause : null
2024-11-18 12:05:45,209 [INFO] LogOutputStream:77 - [STDOUT_REDIRECT] 1 : Invalid condition id : UX_CORESTACK_Condition cause : null
2024-11-18 12:05:45,211 [INFO] LogOutputStream:77 - [STDOUT_REDIRECT] 1 : Invalid condition id : UX_CORESTACK_Condition cause : null
2024-11-18 12:05:45,212 [INFO] LogOutputStream:77 - [STDOUT_REDIRECT] 1 : Invalid condition id : UX_CORESTACK_Condition cause : null
2024-11-18 12:05:45,216 [WARN] PackLoader:240 - Cannot read IP mode file for STMicroelectronics.X-CUBE-AZRTOS-WL.2.0.0
2024-11-18 12:05:45,243 [WARN] PackLoader:240 - Cannot read IP mode file for STMicroelectronics.FP-SNS-MOTENV1.5.0.0
2024-11-18 12:05:45,254 [WARN] PackLoader:240 - Cannot read IP mode file for wolfSSL.I-CUBE-wolfMQTT.1.19.0
2024-11-18 12:05:45,291 [WARN] PackLoader:240 - Cannot read IP mode file for WES.I-CUBE-Cesium.1.3.0
2024-11-18 12:05:45,320 [WARN] PackLoader:240 - Cannot read IP mode file for STMicroelectronics.X-CUBE-BLE2.3.3.0
2024-11-18 12:05:45,352 [WARN] PackLoader:240 - Cannot read IP mode file for STMicroelectronics.X-CUBE-NFC9.1.0.0
2024-11-18 12:05:45,377 [WARN] PackLoader:240 - Cannot read IP mode file for STMicroelectronics.X-CUBE-TCPP.4.1.0
2024-11-18 12:05:45,400 [WARN] PackLoader:240 - Cannot read IP mode file for STMicroelectronics.X-CUBE-ALGOBUILD.1.3.0
2024-11-18 12:05:45,435 [WARN] PackLoader:240 - Cannot read IP mode file for STMicroelectronics.X-CUBE-AZRTOS-G0.1.1.0
2024-11-18 12:05:45,466 [WARN] PackLoader:240 - Cannot read IP mode file for STMicroelectronics.X-CUBE-SAFEA1.1.2.2
2024-11-18 12:05:45,491 [WARN] PackLoader:240 - Cannot read IP mode file for STMicroelectronics.X-CUBE-NFC4.3.0.0
2024-11-18 12:05:45,517 [ERROR] Engine:466 - C:\Users\voine\.stm32cubemx\thirdparties\pdsc\EmbeddedOffice.I-CUBE-FS-RTOS.1.0.1.pdsc: PDSC version is not supported
2024-11-18 12:05:45,562 [WARN] PackLoader:240 - Cannot read IP mode file for STMicroelectronics.X-CUBE-BLEMGR.3.0.0
2024-11-18 12:05:45,593 [ERROR] Engine:466 - C:\Users\voine\.stm32cubemx\thirdparties\pdsc\RealThread.X-CUBE-RT-Thread_Nano.4.1.1.pdsc: PDSC version is not supported
2024-11-18 12:05:45,601 [WARN] PackLoader:240 - Cannot read IP mode file for STMicroelectronics.FP-ATR-SIGFOX1.3.2.0
2024-11-18 12:05:45,605 [ERROR] Engine:466 - C:\Users\voine\.stm32cubemx\thirdparties\pdsc\quantropi.X-CUBE-qispace-sdk-base.1.9.3.pdsc: PDSC version is not supported
2024-11-18 12:05:45,644 [WARN] PackLoader:240 - Cannot read IP mode file for STMicroelectronics.X-CUBE-EEPRMA1.5.1.0
2024-11-18 12:05:45,691 [WARN] PackLoader:240 - Cannot read IP mode file for SEGGER.I-CUBE-embOS.1.3.1
2024-11-18 12:05:45,752 [WARN] PackLoader:240 - Cannot read IP mode file for STMicroelectronics.X-CUBE-ALGOBUILD.1.4.0
2024-11-18 12:05:45,774 [WARN] PackLoader:240 - Cannot read IP mode file for STMicroelectronics.X-CUBE-AI.9.1.0
2024-11-18 12:05:45,795 [WARN] PackLoader:240 - Cannot read IP mode file for STMicroelectronics.X-CUBE-GNSS1.6.0.0
2024-11-18 12:05:45,834 [WARN] PackLoader:240 - Cannot read IP mode file for STMicroelectronics.X-CUBE-AZRTOS-F4.1.1.0
2024-11-18 12:05:45,860 [WARN] PackLoader:240 - Cannot read IP mode file for STMicroelectronics.X-CUBE-ISPU.2.1.0
2024-11-18 12:05:45,885 [WARN] PackLoader:240 - Cannot read IP mode file for STMicroelectronics.X-CUBE-FREERTOS.1.2.0
2024-11-18 12:05:45,901 [WARN] PackLoader:240 - Cannot read IP mode file for wolfSSL.I-CUBE-wolfSSL.5.6.6
2024-11-18 12:05:45,930 [WARN] PackLoader:240 - Cannot read IP mode file for STMicroelectronics.X-CUBE-AZRTOS-L5.2.0.0
2024-11-18 12:05:45,954 [WARN] PackLoader:240 - Cannot read IP mode file for STMicroelectronics.X-CUBE-NFC6.3.1.0
2024-11-18 12:05:45,975 [WARN] PackLoader:240 - Cannot read IP mode file for ITTIA_DB.I-CUBE-ITTIADB.8.8.0
2024-11-18 12:05:45,991 [ERROR] Engine:466 - C:\Users\voine\.stm32cubemx\thirdparties\pdsc\STMicroelectronics.X-CUBE-DPower.1.2.0.pdsc: PDSC version is not supported
2024-11-18 12:05:46,007 [WARN] PackLoader:240 - Cannot read IP mode file for STMicroelectronics.X-CUBE-AI.9.0.0
2024-11-18 12:05:46,026 [WARN] PackLoader:240 - Cannot read IP mode file for STMicroelectronics.X-CUBE-NFC7.1.0.1
2024-11-18 12:05:46,044 [WARN] PackLoader:240 - Cannot read IP mode file for STMicroelectronics.X-CUBE-NFC6.3.0.0
2024-11-18 12:05:46,061 [WARN] PackLoader:240 - Cannot read IP mode file for STMicroelectronics.X-CUBE-AI.8.1.0
2024-11-18 12:05:46,101 [WARN] ConditionMgr:438 - getConditionDescription Invalid condition id : LAN8742 Phy interface Condition cause : null
2024-11-18 12:05:46,102 [WARN] PackLoader:240 - Cannot read IP mode file for STMicroelectronics.X-CUBE-AZRTOS-L4.2.0.0
2024-11-18 12:05:46,105 [WARN] ConditionMgr:1039 - genDependencies : Invalid condition id : LAN8742 Phy interface Condition cause : null
2024-11-18 12:05:46,105 [WARN] ConditionMgr:1039 - genDependencies : Invalid condition id : LAN8742 Phy interface Condition cause : null
2024-11-18 12:05:46,106 [WARN] ConditionMgr:1039 - genDependencies : Invalid condition id : LAN8742 Phy interface Condition cause : null
2024-11-18 12:05:46,133 [WARN] PackLoader:240 - Cannot read IP mode file for STMicroelectronics.X-CUBE-SFXS2LP1.4.0.0
2024-11-18 12:05:46,166 [WARN] PackLoader:240 - Cannot read IP mode file for STMicroelectronics.X-CUBE-AZRTOS-H7.3.3.0
2024-11-18 12:05:46,185 [ERROR] Engine:466 - C:\Users\voine\.stm32cubemx\thirdparties\pdsc\STMicroelectronics.X-CUBE-IPS.3.0.0.pdsc: PDSC version is not supported
2024-11-18 12:05:46,211 [WARN] ConditionMgr:438 - getConditionDescription Invalid condition id : UX DEVICE CLASS RTOS Condition cause : null
2024-11-18 12:05:46,211 [WARN] ConditionMgr:438 - getConditionDescription Invalid condition id : UX DEVICE CLASS RTOS Condition cause : null
2024-11-18 12:05:46,213 [WARN] PackLoader:240 - Cannot read IP mode file for STMicroelectronics.X-CUBE-AZRTOS-WB.2.0.0
2024-11-18 12:05:46,215 [WARN] ConditionMgr:1039 - genDependencies : Invalid condition id : UX DEVICE CLASS RTOS Condition cause : null
2024-11-18 12:05:46,216 [WARN] ConditionMgr:1039 - genDependencies : Invalid condition id : UX DEVICE CLASS RTOS Condition cause : null
2024-11-18 12:05:46,216 [WARN] ConditionMgr:1039 - genDependencies : Invalid condition id : UX DEVICE CLASS RTOS Condition cause : null
2024-11-18 12:05:46,217 [WARN] ConditionMgr:1039 - genDependencies : Invalid condition id : UX DEVICE CLASS RTOS Condition cause : null
2024-11-18 12:05:46,217 [WARN] ConditionMgr:1039 - genDependencies : Invalid condition id : UX DEVICE CLASS RTOS Condition cause : null
2024-11-18 12:05:46,244 [WARN] PackLoader:240 - Cannot read IP mode file for STMicroelectronics.X-CUBE-GNSS1.7.0.0
2024-11-18 12:05:46,262 [ERROR] Engine:466 - C:\Users\voine\.stm32cubemx\thirdparties\pdsc\STMicroelectronics.FP-SNS-STBOX1.2.0.0.pdsc: PDSC version is not supported
2024-11-18 12:05:46,286 [WARN] PackLoader:240 - Cannot read IP mode file for STMicroelectronics.X-CUBE-SUBG2.5.0.0
2024-11-18 12:05:46,297 [WARN] PackLoader:240 - Cannot read IP mode file for Cesanta.I-CUBE-Mongoose.7.13.0
2024-11-18 12:05:46,322 [WARN] PackLoader:240 - Cannot read IP mode file for STMicroelectronics.X-CUBE-AZRTOS-G4.2.0.0
2024-11-18 12:05:46,365 [WARN] PackLoader:240 - Cannot read IP mode file for Infineon.AIROC-Wi-Fi-Bluetooth-STM32.1.5.1
2024-11-18 12:05:46,388 [WARN] PackLoader:240 - Cannot read IP mode file for STMicroelectronics.FP-SNS-MOTENVWB1.1.3.1
2024-11-18 12:05:46,407 [WARN] PackLoader:240 - Cannot read IP mode file for STMicroelectronics.X-CUBE-ISPU.2.0.0
2024-11-18 12:05:46,439 [WARN] PackLoader:240 - Cannot read IP mode file for STMicroelectronics.X-CUBE-ALS.1.0.2
2024-11-18 12:05:46,441 [ERROR] LogOutputStream:75 - [STDERR_REDIRECT] SLF4J: Failed to load class "org.slf4j.impl.StaticLoggerBinder".
2024-11-18 12:05:46,442 [ERROR] LogOutputStream:75 - [STDERR_REDIRECT] SLF4J: Defaulting to no-operation (NOP) logger implementation
2024-11-18 12:05:46,443 [ERROR] LogOutputStream:75 - [STDERR_REDIRECT] SLF4J: See http://www.slf4j.org/codes.html#StaticLoggerBinder for further details.
2024-11-18 12:05:46,493 [WARN] PackLoader:240 - Cannot read IP mode file for STMicroelectronics.X-CUBE-MEMS1.10.0.0
2024-11-18 12:05:46,585 [WARN] PackLoader:240 - Cannot read IP mode file for STMicroelectronics.X-CUBE-FREERTOS.1.1.0
2024-11-18 12:05:46,603 [WARN] PackLoader:240 - Cannot read IP mode file for STMicroelectronics.X-CUBE-TOUCHGFX.4.24.1
2024-11-18 12:05:46,609 [WARN] PackLoader:240 - Cannot read IP mode file for wolfSSL.I-CUBE-wolfTPM.3.4.0
2024-11-18 12:05:46,625 [WARN] PackLoader:240 - Cannot read IP mode file for portGmbH.I-Cube-SoM-uGOAL.1.1.0
2024-11-18 12:05:46,637 [WARN] PackLoader:240 - Cannot read IP mode file for STMicroelectronics.X-CUBE-ALS.1.0.1
2024-11-18 12:05:46,663 [WARN] PackLoader:240 - Cannot read IP mode file for STMicroelectronics.X-CUBE-AZRTOS-H7RS.1.0.0
2024-11-18 12:05:46,669 [WARN] PackLoader:240 - Cannot read IP mode file for STMicroelectronics.FP-ATR-ASTRA1.2.0.0
2024-11-18 12:05:46,685 [ERROR] Engine:466 - C:\Users\voine\.stm32cubemx\thirdparties\pdsc\STMicroelectronics.X-CUBE-TOF1.3.4.2.pdsc: PDSC version is not supported
2024-11-18 12:05:46,703 [WARN] PackLoader:240 - Cannot read IP mode file for STMicroelectronics.X-CUBE-TOF1.3.4.0
2024-11-18 12:05:46,739 [WARN] PackLoader:240 - Cannot read IP mode file for STMicroelectronics.X-CUBE-TOF1.3.4.1
2024-11-18 12:05:46,782 [WARN] PackLoader:240 - Cannot read IP mode file for STMicroelectronics.X-CUBE-AZRTOS-H7.3.2.0
2024-11-18 12:05:46,794 [WARN] PackLoader:240 - Cannot read IP mode file for wolfSSL.I-CUBE-wolfSSH.1.4.17
2024-11-18 12:05:46,796 [INFO] ThirdParty:978 - Integrity check success = true
2024-11-18 12:05:46,796 [INFO] IntegrityCheckThread:100 - exiting critical section [integrity check]
2024-11-18 12:05:46,796 [INFO] IntegrityCheckThread:103 - End integrity checks thread
2024-11-18 12:05:46,796 [INFO] ThirdParty:873 - entering critical section [close project]
2024-11-18 12:05:46,798 [INFO] ThirdParty:883 - exiting critical section [close project]
2024-11-18 12:05:46,809 [INFO] PinOutPanel:1499 - setPackage(No Configuration,No Configuration)
2024-11-18 12:05:46,817 [INFO] UtilMem:75 - Begin LoadConfig() Used Memory: 199852984 Bytes (268435456)
2024-11-18 12:05:46,819 [INFO] MicroXplorer:468 - Change Database Path : 
2024-11-18 12:05:46,819 [INFO] MicroXplorer:498 - Change Database Version : DB.6.0.81
2024-11-18 12:05:46,819 [INFO] OpenFileManager:308 - Change cursor
2024-11-18 12:05:46,890 [INFO] Mcu:1937 - Initializing MCU STM32F401R(D-E)Tx STM32F401RETx STM32F401RET6
2024-11-18 12:05:48,731 [INFO] Context:659 - Trying to add GPIOservice into a context  which must be forbidden
2024-11-18 12:05:49,289 [INFO] RtosManager:555 - Registered RTOS mode: class=CMSIS, group=RTOS, mode=CMSIS_V1, owner=FREERTOS
2024-11-18 12:05:49,290 [INFO] RtosManager:555 - Registered RTOS mode: class=CMSIS, group=RTOS2, mode=CMSIS_V2, owner=FREERTOS
2024-11-18 12:05:49,290 [INFO] RtosManager:555 - Registered RTOS mode: class=RTOS, group=Core, mode=CMSIS_V1, owner=FREERTOS
2024-11-18 12:05:49,290 [INFO] RtosManager:555 - Registered RTOS mode: class=RTOS, group=Core, mode=CMSIS_V2, owner=FREERTOS
2024-11-18 12:05:49,292 [WARN] ModelIntegratedComponent:184 - Missing modes for component STMicroelectronics:FreeRTOS:0.0.1:STMicroelectronics:RTOS:FreeRTOS:Core:::10.2.0:
2024-11-18 12:05:49,304 [WARN] ModelIntegratedComponent:63 - No mode defined for component null
2024-11-18 12:05:49,305 [WARN] ModelIntegratedComponent:63 - No mode defined for component null
2024-11-18 12:05:49,305 [WARN] ModelIntegratedComponent:63 - No mode defined for component null
2024-11-18 12:05:49,305 [WARN] ModelIntegratedComponent:63 - No mode defined for component null
2024-11-18 12:05:49,305 [WARN] ModelIntegratedComponent:63 - No mode defined for component null
2024-11-18 12:05:49,305 [WARN] ModelIntegratedComponent:63 - No mode defined for component null
2024-11-18 12:05:49,306 [WARN] ModelIntegratedComponent:63 - No mode defined for component null
2024-11-18 12:05:49,306 [WARN] ModelIntegratedComponent:63 - No mode defined for component null
2024-11-18 12:05:49,306 [WARN] ModelIntegratedComponent:63 - No mode defined for component null
2024-11-18 12:05:49,306 [WARN] ModelIntegratedComponent:63 - No mode defined for component null
2024-11-18 12:05:49,306 [WARN] ModelIntegratedComponent:63 - No mode defined for component null
2024-11-18 12:05:49,306 [WARN] ModelIntegratedComponent:63 - No mode defined for component null
2024-11-18 12:05:49,307 [WARN] ModelIntegratedComponent:63 - No mode defined for component null
2024-11-18 12:05:49,307 [WARN] ModelIntegratedComponent:63 - No mode defined for component null
2024-11-18 12:05:49,307 [WARN] ModelIntegratedComponent:63 - No mode defined for component null
2024-11-18 12:05:49,307 [WARN] ModelIntegratedComponent:63 - No mode defined for component null
2024-11-18 12:05:49,307 [WARN] ModelIntegratedComponent:63 - No mode defined for component null
2024-11-18 12:05:49,307 [WARN] ModelIntegratedComponent:63 - No mode defined for component null
2024-11-18 12:05:49,307 [WARN] ModelIntegratedComponent:63 - No mode defined for component null
2024-11-18 12:05:49,308 [WARN] ModelIntegratedComponent:63 - No mode defined for component null
2024-11-18 12:05:49,308 [WARN] ModelIntegratedComponent:63 - No mode defined for component null
2024-11-18 12:05:49,308 [WARN] ModelIntegratedComponent:63 - No mode defined for component null
2024-11-18 12:05:49,308 [WARN] ModelIntegratedComponent:63 - No mode defined for component null
2024-11-18 12:05:49,308 [WARN] ModelIntegratedComponent:63 - No mode defined for component null
2024-11-18 12:05:49,308 [WARN] ModelIntegratedComponent:63 - No mode defined for component null
2024-11-18 12:05:49,308 [WARN] ModelIntegratedComponent:63 - No mode defined for component null
2024-11-18 12:05:49,309 [WARN] ModelIntegratedComponent:63 - No mode defined for component null
2024-11-18 12:05:49,309 [WARN] ModelIntegratedComponent:63 - No mode defined for component null
2024-11-18 12:05:49,309 [WARN] ModelIntegratedComponent:63 - No mode defined for component null
2024-11-18 12:05:49,309 [WARN] ModelIntegratedComponent:63 - No mode defined for component null
2024-11-18 12:05:49,309 [WARN] ModelIntegratedComponent:63 - No mode defined for component null
2024-11-18 12:05:49,309 [WARN] ModelIntegratedComponent:63 - No mode defined for component null
2024-11-18 12:05:49,309 [WARN] ModelIntegratedComponent:63 - No mode defined for component null
2024-11-18 12:05:49,394 [INFO] ThirdPartyModel:298 - Start build external matchings
2024-11-18 12:05:49,854 [INFO] ThirdPartyModel:316 - End build external matchings
2024-11-18 12:05:49,890 [INFO] ImportTextPane:194 - (OptionalMessage_ERROR) IP (RCC) : Parameter (RTCHSEDivFreq_Value) has invalid value (4000000)
2024-11-18 12:05:50,114 [INFO] UtilMem:75 - End LoadConfig() Used Memory: 195259032 Bytes (268435456)
2024-11-18 12:05:50,235 [INFO] ApiDb:581 - Connected to CubeFinder SQLite database (C:\Users\voine\.stmcufinder\plugins\mcufinder\mcu\cube-finder-db.db)
2024-11-18 12:05:50,325 [INFO] ApiDb:668 - CubeFinder database Data Model version=2.1
2024-11-18 12:05:50,325 [INFO] ApiDb:669 - CubeFinder database Configuration version=3.0.39
2024-11-18 12:05:50,326 [INFO] ApiDb:670 - CubeFinder database generation date=2024-10-15 (1729006872)
2024-11-18 12:05:50,326 [INFO] ApiDb:671 - CubeFinder database FW Pack versions=[FP-ATR-ASTRA1_V2.0.0, FP-SNS-FLIGHT1_V5.0.2, FP-SNS-MOTENV1_V5.0.0, FP-SNS-MOTENVWB1_V1.4.0, FP-SNS-SMARTAG2_V1.2.0, FP-SNS-STBOX1_V2.0.0, STM32Cube_FW_C0_V1.2.0, STM32Cube_FW_F4_V1.28.1, STM32Cube_FW_F7_V1.17.2, STM32Cube_FW_G0_V1.6.2, STM32Cube_FW_G4_V1.6.0, STM32Cube_FW_H5_V1.3.0, STM32Cube_FW_H7RS_V1.1.0, STM32Cube_FW_H7_V1.11.2, STM32Cube_FW_L0_V1.12.2, STM32Cube_FW_L5_V1.5.1, STM32Cube_FW_U0_V1.1.0, STM32Cube_FW_U5_V1.6.0, STM32Cube_FW_WB0_V1.0.0, STM32Cube_FW_WBA_V1.4.1, STM32Cube_FW_WB_V1.20.0, STM32Cube_FW_WL_V1.3.0, X-CUBE-ALGOBUILD_V1.4.0, X-CUBE-ALS_V1.0.2, X-CUBE-AZRTOS-F4_V1.1.0, X-CUBE-AZRTOS-F7_V1.1.0, X-CUBE-AZRTOS-G0_V1.1.0, X-CUBE-AZRTOS-G4_V2.0.0, X-CUBE-AZRTOS-H7RS_V1.0.0, X-CUBE-AZRTOS-H7_V3.3.0, X-CUBE-AZRTOS-L4_V2.0.0, X-CUBE-AZRTOS-L5_V2.0.0, X-CUBE-AZRTOS-WB_V2.0.0, X-CUBE-AZRTOS-WL_V2.0.0, X-CUBE-BLE1_V7.0.0, X-CUBE-BLE2_V3.3.0, X-CUBE-BLEMGR_V3.1.0, X-CUBE-EEPRMA1_V5.1.0, X-CUBE-FREERTOS_V1.2.0, X-CUBE-GNSS1_V6.0.0, X-CUBE-MEMS1_V11.0.0, X-CUBE-NFC4_V3.0.0, X-CUBE-NFC7_V1.0.1, X-CUBE-SFXS2LP1_V4.0.0, X-CUBE-SUBG2_V5.0.0, X-CUBE-TOF1_V3.4.2]
2024-11-18 12:05:52,535 [INFO] ApiDb:240 - Found 297 in-development CPN: [B-G473E-ZEST1S, B-WB1M-WPAN1, B-WL5M-SUBG1, NUCLEO-C031C6, NUCLEO-H503RB, NUCLEO-H563ZI, NUCLEO-U545RE-Q, NUCLEO-U5A5ZJ-Q, NUCLEO-WBA52CG, STEVAL-PROTEUS1, STEVAL-STWINBX1, STM320518-EVAL, STM32C0116-DK, STM32C011D6Y3TR, STM32C011D6Y6TR, STM32C011F4P3, STM32C011F4P6, STM32C011F4U3, STM32C011F4U6TR, STM32C011F6P3, STM32C011F6P6, STM32C011F6U3, STM32C011F6U6TR, STM32C011J4M3, STM32C011J4M6, STM32C011J6M3, STM32C011J6M6, STM32C0316-DK, STM32C031C4T3, STM32C031C4T6, STM32C031C4U3, STM32C031C4U6, STM32C031C6T3, STM32C031C6T6, STM32C031C6U3, STM32C031C6U6, STM32C031F4P3, STM32C031F4P6, STM32C031F6P3, STM32C031F6P6, STM32C031G4U3, STM32C031G4U6, STM32C031G6U3, STM32C031G6U6, STM32C031K4T3, STM32C031K4T6, STM32C031K4U3, STM32C031K4U6, STM32C031K6T3, STM32C031K6T6, STM32C031K6U3, STM32C031K6U6, STM32G071K8TXN, STM32G071K8UXN, STM32G081GBU6N, STM32G081KBT6N, STM32G081KBUXN, STM32G0B1CCT6N, STM32G0B1KCT6, STM32G0B1NEY6TR, STM32G0B1RCT6N, STM32G0C1CCT6, STM32G0C1CCT6N, STM32G0C1CCU6N, STM32G0C1CET6N, STM32G0C1CEU6N, STM32G0C1KCT6, STM32G0C1NEY6TR, STM32G0C1RCI6N, STM32G0C1RCT6N, STM32G0C1REI6N, STM32G0C1RET6N, STM32G0C1VCI6, STM32G0C1VEI6, STM32G471CCT6, STM32G471CCU6, STM32G471CET3, STM32G471CET6, STM32G471CEU3, STM32G471CEU6, STM32G471MCT6, STM32G471MET3, STM32G471MET6, STM32G471MEY6TR, STM32G471QCT6, STM32G471QET3, STM32G471RCT6, STM32G471RET3, STM32G471RET6, STM32G471VCH6, STM32G471VCI6, STM32G471VCT6, STM32G471VEH3, STM32G471VEH6, STM32G471VEI3, STM32G471VEI6, STM32G471VET3, STM32G471VET6, STM32G474CCT6, STM32H503CBT6, STM32H503CBU6, STM32H503EBY6TR, STM32H503KBU6, STM32H503RBT6, STM32H562AGI6, STM32H562AII6, STM32H562IGK6, STM32H562IGT6, STM32H562IIK6, STM32H562IIT6, STM32H562RGT6, STM32H562RGV6, STM32H562RIT6, STM32H562RIV6, STM32H562VGT6, STM32H562VIT6, STM32H562ZGT6, STM32H562ZIT6, STM32H563AGI6, STM32H563AII3Q, STM32H563AII6, STM32H563IGK6, STM32H563IGT6, STM32H563IIK3Q, STM32H563IIK6, STM32H563IIT3Q, STM32H563IIT6, STM32H563MIY3QTR, STM32H563RGT6, STM32H563RGV6, STM32H563RIT6, STM32H563RIV6, STM32H563VGT6, STM32H563VIT3Q, STM32H563VIT6, STM32H563ZGT6, STM32H563ZIT3Q, STM32H563ZIT6, STM32H573AII3Q, STM32H573AII6, STM32H573I-DK, STM32H573IIK3Q, STM32H573IIK6, STM32H573IIT3Q, STM32H573IIT6, STM32H573MIY3QTR, STM32H573RIT6, STM32H573RIV6, STM32H573VIT3Q, STM32H573VIT6, STM32H573ZIT3Q, STM32H573ZIT6, STM32L4R5QGI6STR, STM32MP131AAE3, STM32MP131AAF3, STM32MP131AAG3, STM32MP131CAE3, STM32MP131CAF3, STM32MP131CAG3, STM32MP131DAE7, STM32MP131DAF7, STM32MP131DAG7, STM32MP131FAE7, STM32MP131FAF7, STM32MP131FAG7, STM32MP133AAE3, STM32MP133AAF3, STM32MP133AAG3, STM32MP133CAE3, STM32MP133CAF3, STM32MP133CAG3, STM32MP133DAE7, STM32MP133DAF7, STM32MP133DAG7, STM32MP133FAE7, STM32MP133FAF7, STM32MP133FAG7, STM32MP135AAE3, STM32MP135AAF3, STM32MP135AAG3, STM32MP135CAE3, STM32MP135CAF3, STM32MP135CAG3, STM32MP135DAE7, STM32MP135DAF7, STM32MP135DAG7, STM32MP135F-DK, STM32MP135FAE7, STM32MP135FAF7, STM32MP135FAF7T, STM32MP135FAF7U, STM32MP135FAG7, STM32U535CBT6, STM32U535CBT6Q, STM32U535CBU6, STM32U535CBU6Q, STM32U535CCT6, STM32U535CCT6Q, STM32U535CCU6, STM32U535CCU6Q, STM32U535CET6, STM32U535CET6Q, STM32U535CEU6, STM32U535CEU6Q, STM32U535JEY6QTR, STM32U535NCY6QTR, STM32U535NEY6QTR, STM32U535RBI6, STM32U535RBI6Q, STM32U535RBT6, STM32U535RBT6Q, STM32U535RCI6, STM32U535RCI6Q, STM32U535RCT6, STM32U535RCT6Q, STM32U535REI6, STM32U535REI6Q, STM32U535RET6, STM32U535RET6Q, STM32U535VCI6, STM32U535VCI6Q, STM32U535VCT6, STM32U535VCT6Q, STM32U535VEI6, STM32U535VEI6Q, STM32U535VET6, STM32U535VET6Q, STM32U545CET6, STM32U545CET6Q, STM32U545CEU6, STM32U545CEU6Q, STM32U545JEY6QTR, STM32U545NEY6QTR, STM32U545REI6, STM32U545REI6Q, STM32U545RET6, STM32U545RET6Q, STM32U545VEI6, STM32U545VEI6Q, STM32U545VET6, STM32U545VET6Q, STM32U595AIH6, STM32U595AIH6Q, STM32U595AJH6, STM32U595AJH6Q, STM32U595QII6, STM32U595QII6Q, STM32U595QJI6, STM32U595QJI6Q, STM32U595RIT6, STM32U595RIT6Q, STM32U595RJT6, STM32U595RJT6Q, STM32U595VIT6, STM32U595VIT6Q, STM32U595VJT6, STM32U595VJT6Q, STM32U595ZIT6, STM32U595ZIT6Q, STM32U595ZIY6QTR, STM32U595ZJT6, STM32U595ZJT6Q, STM32U595ZJY6QTR, STM32U599BJY6QTR, STM32U599NIH6Q, STM32U599NJH6Q, STM32U599VIT6Q, STM32U599VJT6, STM32U599VJT6Q, STM32U599ZIT6Q, STM32U599ZIY6QTR, STM32U599ZJT6Q, STM32U599ZJY6QTR, STM32U5A5AJH6, STM32U5A5AJH6Q, STM32U5A5QJI6, STM32U5A5QJI6Q, STM32U5A5RJT6, STM32U5A5RJT6Q, STM32U5A5VJT6, STM32U5A5VJT6Q, STM32U5A5ZJT6, STM32U5A5ZJT6Q, STM32U5A5ZJY6QTR, STM32U5A9BJY6QTR, STM32U5A9J-DK, STM32U5A9NJH6Q, STM32U5A9VJT6Q, STM32U5A9ZJT6Q, STM32U5A9ZJY6QTR, STM32WB1MMCH6, STM32WBA52CEU6, STM32WBA52CEU6T, STM32WBA52CGU6, STM32WBA52CGU6T, STM32WL5MOCH6, STM32WL5MOCH6TR]
2024-11-18 12:05:52,539 [INFO] DbMcus:216 - Found 4180 MCUs, 4180 are supported
2024-11-18 12:05:52,542 [INFO] ApiDb:423 - Load user favorites file C:\Users\voine/.stm32cubeide/favorites.mcus.txt: 0 item(s)
2024-11-18 12:05:52,542 [INFO] ApiDb:427 - User favorites MCUs=[]
2024-11-18 12:05:52,542 [INFO] DbMcus:222 - Set 0 / 0 favorites MCUs
2024-11-18 12:05:52,925 [WARN] ThirdParty:833 - waiting for thirdparty lock release [change project]
2024-11-18 12:05:52,925 [INFO] ThirdParty:835 - entering critical section [change project]
2024-11-18 12:05:52,925 [INFO] ThirdParty:1030 - CMSIS Pack Vendor :STMicroelectronics X-CUBE-AZRTOS-H7 3.3.0
2024-11-18 12:05:52,925 [INFO] ThirdParty:1030 - CMSIS Pack Vendor :STMicroelectronics X-CUBE-NFC9 1.0.0
2024-11-18 12:05:52,925 [INFO] ThirdParty:1030 - CMSIS Pack Vendor :STMicroelectronics X-CUBE-GNSS1 6.0.0
2024-11-18 12:05:52,925 [INFO] ThirdParty:1030 - CMSIS Pack Vendor :STMicroelectronics USB_HOST 2.0.0
2024-11-18 12:05:52,925 [INFO] ThirdParty:1030 - CMSIS Pack Vendor :STMicroelectronics FP-SNS-MOTENVWB1 1.4.0
2024-11-18 12:05:52,925 [INFO] ThirdParty:1030 - CMSIS Pack Vendor :STMicroelectronics X-CUBE-AZRTOS-F4 1.1.0
2024-11-18 12:05:52,927 [INFO] ThirdParty:1030 - CMSIS Pack Vendor :STMicroelectronics LIBJPEG 8.0.0
2024-11-18 12:05:52,927 [INFO] ThirdParty:1030 - CMSIS Pack Vendor :STMicroelectronics FP-ATR-ASTRA1 2.0.1
2024-11-18 12:05:52,927 [INFO] ThirdParty:1030 - CMSIS Pack Vendor :STMicroelectronics X-CUBE-SMBUS 2.1.0
2024-11-18 12:05:52,927 [INFO] ThirdParty:1030 - CMSIS Pack Vendor :STMicroelectronics X-CUBE-WB05N 1.1.0
2024-11-18 12:05:52,927 [INFO] ThirdParty:1030 - CMSIS Pack Vendor :STMicroelectronics USB_DEVICE 3.0.0
2024-11-18 12:05:52,927 [INFO] ThirdParty:1030 - CMSIS Pack Vendor :STMicroelectronics X-CUBE-TCPP 4.1.0
2024-11-18 12:05:52,927 [INFO] ThirdParty:1030 - CMSIS Pack Vendor :STMicroelectronics X-CUBE-ISPU 2.1.0
2024-11-18 12:05:52,927 [INFO] ThirdParty:1030 - CMSIS Pack Vendor :STMicroelectronics X-CUBE-FREERTOS 1.2.0
2024-11-18 12:05:52,927 [INFO] ThirdParty:1030 - CMSIS Pack Vendor :STMicroelectronics X-CUBE-AZRTOS-WB 2.0.0
2024-11-18 12:05:52,927 [INFO] ThirdParty:1030 - CMSIS Pack Vendor :wolfSSL I-CUBE-wolfSSL 5.6.6
2024-11-18 12:05:52,927 [INFO] ThirdParty:1030 - CMSIS Pack Vendor :STMicroelectronics X-CUBE-GNSS1 7.0.0
2024-11-18 12:05:52,927 [INFO] ThirdParty:1030 - CMSIS Pack Vendor :STMicroelectronics X-CUBE-TOUCHGFX 4.23.1
2024-11-18 12:05:52,927 [INFO] ThirdParty:1030 - CMSIS Pack Vendor :STMicroelectronics X-CUBE-TOUCHGFX 4.23.0
2024-11-18 12:05:52,927 [INFO] ThirdParty:1030 - CMSIS Pack Vendor :STMicroelectronics X-CUBE-TOUCHGFX 4.23.2
2024-11-18 12:05:52,927 [INFO] ThirdParty:1030 - CMSIS Pack Vendor :STMicroelectronics X-CUBE-AZRTOS-F7 1.1.0
2024-11-18 12:05:52,927 [INFO] ThirdParty:1030 - CMSIS Pack Vendor :STMicroelectronics X-CUBE-AZRTOS-L5 2.0.0
2024-11-18 12:05:52,927 [INFO] ThirdParty:1030 - CMSIS Pack Vendor :STMicroelectronics USB_DEVICE 2.0.0
2024-11-18 12:05:52,927 [INFO] ThirdParty:1030 - CMSIS Pack Vendor :STMicroelectronics X-CUBE-NFC6 3.1.0
2024-11-18 12:05:52,927 [INFO] ThirdParty:1030 - CMSIS Pack Vendor :ITTIA_DB I-CUBE-ITTIADB 8.8.0
2024-11-18 12:05:52,927 [INFO] ThirdParty:1030 - CMSIS Pack Vendor :STMicroelectronics FP-SNS-MOTENV1 4.3.2
2024-11-18 12:05:52,927 [INFO] ThirdParty:1030 - CMSIS Pack Vendor :STMicroelectronics X-CUBE-ALGOBUILD 1.3.0
2024-11-18 12:05:52,927 [INFO] ThirdParty:1030 - CMSIS Pack Vendor :STMicroelectronics X-CUBE-MEMS1 11.0.0
2024-11-18 12:05:52,927 [INFO] ThirdParty:1030 - CMSIS Pack Vendor :STMicroelectronics FreeRTOS 0.0.1
2024-11-18 12:05:52,927 [INFO] ThirdParty:1030 - CMSIS Pack Vendor :STMicroelectronics X-CUBE-AZRTOS-G0 1.1.0
2024-11-18 12:05:52,927 [INFO] ThirdParty:1030 - CMSIS Pack Vendor :STMicroelectronics X-CUBE-SAFEA1 1.2.2
2024-11-18 12:05:52,927 [INFO] ThirdParty:1030 - CMSIS Pack Vendor :STMicroelectronics X-CUBE-NFC4 3.0.0
2024-11-18 12:05:52,927 [INFO] ThirdParty:1030 - CMSIS Pack Vendor :STMicroelectronics X-CUBE-SUBG2 5.0.0
2024-11-18 12:05:52,927 [INFO] ThirdParty:1030 - CMSIS Pack Vendor :STMicroelectronics STM32_WPAN 1.0.0
2024-11-18 12:05:52,927 [INFO] ThirdParty:1030 - CMSIS Pack Vendor :STMicroelectronics lwIP 2.0.3
2024-11-18 12:05:52,927 [INFO] ThirdParty:1030 - CMSIS Pack Vendor :STMicroelectronics FP-SNS-FLIGHT1 5.0.2
2024-11-18 12:05:52,927 [INFO] ThirdParty:1030 - CMSIS Pack Vendor :Cesanta I-CUBE-Mongoose 7.13.0
2024-11-18 12:05:52,927 [INFO] ThirdParty:1030 - CMSIS Pack Vendor :STMicroelectronics USB_HOST 1.0.0
2024-11-18 12:05:52,927 [INFO] ThirdParty:1030 - CMSIS Pack Vendor :STMicroelectronics X-CUBE-AI 9.0.0
2024-11-18 12:05:52,927 [INFO] ThirdParty:1030 - CMSIS Pack Vendor :STMicroelectronics X-CUBE-AZRTOS-G4 2.0.0
2024-11-18 12:05:52,927 [INFO] ThirdParty:1030 - CMSIS Pack Vendor :STMicroelectronics PDM2PCM 3.1.0
2024-11-18 12:05:52,927 [INFO] ThirdParty:1030 - CMSIS Pack Vendor :Infineon AIROC-Wi-Fi-Bluetooth-STM32 1.5.1
2024-11-18 12:05:52,927 [INFO] ThirdParty:1030 - CMSIS Pack Vendor :STMicroelectronics X-CUBE-BLEMGR 3.0.0
2024-11-18 12:05:52,927 [INFO] ThirdParty:1030 - CMSIS Pack Vendor :STMicroelectronics PDM2PCM 3.3.0
2024-11-18 12:05:52,927 [INFO] ThirdParty:1030 - CMSIS Pack Vendor :STMicroelectronics X-CUBE-DISPLAY 3.0.0
2024-11-18 12:05:52,927 [INFO] ThirdParty:1030 - CMSIS Pack Vendor :STMicroelectronics FP-SNS-MOTENVWB1 1.3.1
2024-11-18 12:05:52,927 [INFO] ThirdParty:1030 - CMSIS Pack Vendor :STMicroelectronics X-CUBE-BLE1 7.0.0
2024-11-18 12:05:52,927 [INFO] ThirdParty:1030 - CMSIS Pack Vendor :STMicroelectronics FP-ATR-SIGFOX1 3.2.0
2024-11-18 12:05:52,927 [INFO] ThirdParty:1030 - CMSIS Pack Vendor :STMicroelectronics X-CUBE-NFC10 1.0.0
2024-11-18 12:05:52,927 [INFO] ThirdParty:1030 - CMSIS Pack Vendor :STMicroelectronics X-CUBE-ISPU 2.0.0
2024-11-18 12:05:52,927 [INFO] ThirdParty:1030 - CMSIS Pack Vendor :STMicroelectronics X-CUBE-EEPRMA1 5.1.0
2024-11-18 12:05:52,929 [INFO] ThirdParty:1030 - CMSIS Pack Vendor :STMicroelectronics HAL Drivers 0.0.0
2024-11-18 12:05:52,929 [INFO] ThirdParty:1030 - CMSIS Pack Vendor :STMicroelectronics MBEDTLS 2.16.2
2024-11-18 12:05:52,929 [INFO] ThirdParty:1030 - CMSIS Pack Vendor :STMicroelectronics X-CUBE-ALS 1.0.2
2024-11-18 12:05:52,929 [INFO] ThirdParty:1030 - CMSIS Pack Vendor :emotas I-CUBE-CANOPEN 1.3.0
2024-11-18 12:05:52,929 [INFO] ThirdParty:1030 - CMSIS Pack Vendor :STMicroelectronics X-CUBE-MEMS1 10.0.0
2024-11-18 12:05:52,929 [INFO] ThirdParty:1030 - CMSIS Pack Vendor :STMicroelectronics X-CUBE-FREERTOS 1.1.0
2024-11-18 12:05:52,929 [INFO] ThirdParty:1030 - CMSIS Pack Vendor :STMicroelectronics X-CUBE-NFC7 1.0.1
2024-11-18 12:05:52,929 [INFO] ThirdParty:1030 - CMSIS Pack Vendor :STMicroelectronics MBEDTLS 2.14.1
2024-11-18 12:05:52,929 [INFO] ThirdParty:1030 - CMSIS Pack Vendor :STMicroelectronics X-CUBE-TOUCHGFX 4.24.1
2024-11-18 12:05:52,929 [INFO] ThirdParty:1030 - CMSIS Pack Vendor :STMicroelectronics X-CUBE-NFC6 3.0.0
2024-11-18 12:05:52,929 [INFO] ThirdParty:1030 - CMSIS Pack Vendor :wolfSSL I-CUBE-wolfTPM 3.4.0
2024-11-18 12:05:52,929 [INFO] ThirdParty:1030 - CMSIS Pack Vendor :portGmbH I-Cube-SoM-uGOAL 1.1.0
2024-11-18 12:05:52,929 [INFO] ThirdParty:1030 - CMSIS Pack Vendor :STMicroelectronics X-CUBE-ALS 1.0.1
2024-11-18 12:05:52,929 [INFO] ThirdParty:1030 - CMSIS Pack Vendor :STMicroelectronics X-CUBE-BLEMGR 3.1.0
2024-11-18 12:05:52,929 [INFO] ThirdParty:1030 - CMSIS Pack Vendor :STMicroelectronics ThreadX 1.0.0
2024-11-18 12:05:52,929 [INFO] ThirdParty:1030 - CMSIS Pack Vendor :STMicroelectronics FP-SNS-SMARTAG2 1.2.0
2024-11-18 12:05:52,929 [INFO] ThirdParty:1030 - CMSIS Pack Vendor :STMicroelectronics X-CUBE-AZRTOS-WL 2.0.0
2024-11-18 12:05:52,929 [INFO] ThirdParty:1030 - CMSIS Pack Vendor :SEGGER I-CUBE-embOS 1.3.1
2024-11-18 12:05:52,929 [INFO] ThirdParty:1030 - CMSIS Pack Vendor :STMicroelectronics X-CUBE-ALGOBUILD 1.4.0
2024-11-18 12:05:52,929 [INFO] ThirdParty:1030 - CMSIS Pack Vendor :STMicroelectronics FP-SNS-MOTENV1 5.0.0
2024-11-18 12:05:52,929 [INFO] ThirdParty:1030 - CMSIS Pack Vendor :STMicroelectronics USB_DEVICE 1.0.0
2024-11-18 12:05:52,930 [INFO] ThirdParty:1030 - CMSIS Pack Vendor :STMicroelectronics X-CUBE-AI 8.1.0
2024-11-18 12:05:52,930 [INFO] ThirdParty:1030 - CMSIS Pack Vendor :STMicroelectronics X-CUBE-AZRTOS-H7RS 1.0.0
2024-11-18 12:05:52,930 [INFO] ThirdParty:1030 - CMSIS Pack Vendor :wolfSSL I-CUBE-wolfMQTT 1.19.0
2024-11-18 12:05:52,930 [INFO] ThirdParty:1030 - CMSIS Pack Vendor :STMicroelectronics X-CUBE-AZRTOS-L4 2.0.0
2024-11-18 12:05:52,930 [INFO] ThirdParty:1030 - CMSIS Pack Vendor :STMicroelectronics ThreadX 0.0.2
2024-11-18 12:05:52,930 [INFO] ThirdParty:1030 - CMSIS Pack Vendor :WES I-CUBE-Cesium 1.3.0
2024-11-18 12:05:52,930 [INFO] ThirdParty:1030 - CMSIS Pack Vendor :STMicroelectronics FP-ATR-ASTRA1 2.0.0
2024-11-18 12:05:52,930 [INFO] ThirdParty:1030 - CMSIS Pack Vendor :STMicroelectronics lwIP 2.1.2
2024-11-18 12:05:52,930 [INFO] ThirdParty:1030 - CMSIS Pack Vendor :STMicroelectronics X-CUBE-SFXS2LP1 4.0.0
2024-11-18 12:05:52,930 [INFO] ThirdParty:1030 - CMSIS Pack Vendor :STMicroelectronics X-CUBE-BLE2 3.3.0
2024-11-18 12:05:52,930 [INFO] ThirdParty:1030 - CMSIS Pack Vendor :STMicroelectronics X-CUBE-AI 9.1.0
2024-11-18 12:05:52,930 [INFO] ThirdParty:1030 - CMSIS Pack Vendor :STMicroelectronics X-CUBE-TOF1 3.4.0
2024-11-18 12:05:52,930 [INFO] ThirdParty:1030 - CMSIS Pack Vendor :STMicroelectronics X-CUBE-TOF1 3.4.1
2024-11-18 12:05:52,930 [INFO] ThirdParty:1030 - CMSIS Pack Vendor :STMicroelectronics X-CUBE-AZRTOS-H7 3.2.0
2024-11-18 12:05:52,930 [INFO] ThirdParty:1030 - CMSIS Pack Vendor :STMicroelectronics PDM2PCM 3.2.0
2024-11-18 12:05:52,930 [INFO] ThirdParty:1030 - CMSIS Pack Vendor :wolfSSL I-CUBE-wolfSSH 1.4.17
2024-11-18 12:05:52,931 [INFO] ThirdParty:841 - exiting critical section [change project]
2024-11-18 12:05:53,280 [INFO] PinOutPanel:1499 - setPackage(No Configuration,No Configuration)
2024-11-18 12:05:53,282 [INFO] PinOutPanel:1499 - setPackage(STM32F401RETx,LQFP64)
2024-11-18 12:05:54,178 [INFO] UtilMem:75 - Before build in PCC Used Memory: 220537976 Bytes (268435456)
2024-11-18 12:05:55,485 [INFO] UtilMem:75 - After build in PCC Used Memory: 203640384 Bytes (268435456)
2024-11-18 12:05:55,517 [INFO] IPUIPlugin:80 - create IPUIPlugin
2024-11-18 12:05:55,518 [INFO] IPUIPlugin:80 - create IPUIPlugin
2024-11-18 12:05:55,518 [INFO] IPUIPlugin:80 - create IPUIPlugin
2024-11-18 12:05:55,518 [INFO] IPUIPlugin:80 - create IPUIPlugin
2024-11-18 12:05:55,519 [INFO] IPUIPlugin:80 - create IPUIPlugin
2024-11-18 12:05:55,519 [INFO] IPUIPlugin:80 - create IPUIPlugin
2024-11-18 12:05:55,519 [INFO] IPUIPlugin:80 - create IPUIPlugin
2024-11-18 12:05:55,520 [INFO] IPUIPlugin:80 - create IPUIPlugin
2024-11-18 12:05:55,520 [INFO] IPUIPlugin:80 - create IPUIPlugin
2024-11-18 12:05:55,520 [INFO] IPUIPlugin:80 - create IPUIPlugin
2024-11-18 12:05:55,520 [INFO] IPUIPlugin:80 - create IPUIPlugin
2024-11-18 12:05:55,521 [INFO] IPUIPlugin:80 - create IPUIPlugin
2024-11-18 12:05:55,521 [INFO] IPUIPlugin:80 - create IPUIPlugin
2024-11-18 12:05:55,521 [INFO] IPUIPlugin:80 - create IPUIPlugin
2024-11-18 12:05:55,521 [INFO] IPUIPlugin:80 - create IPUIPlugin
2024-11-18 12:05:55,522 [INFO] IPUIPlugin:80 - create IPUIPlugin
2024-11-18 12:05:55,522 [INFO] IPUIPlugin:80 - create IPUIPlugin
2024-11-18 12:05:55,522 [INFO] IPUIPlugin:80 - create IPUIPlugin
2024-11-18 12:05:55,523 [INFO] IPUIPlugin:80 - create IPUIPlugin
2024-11-18 12:05:55,523 [INFO] IPUIPlugin:80 - create IPUIPlugin
2024-11-18 12:05:55,523 [INFO] IPUIPlugin:80 - create IPUIPlugin
2024-11-18 12:05:55,524 [INFO] IPUIPlugin:80 - create IPUIPlugin
2024-11-18 12:05:55,524 [INFO] IPUIPlugin:80 - create IPUIPlugin
2024-11-18 12:05:55,524 [INFO] IPUIPlugin:80 - create IPUIPlugin
2024-11-18 12:05:55,525 [INFO] IPUIPlugin:80 - create IPUIPlugin
2024-11-18 12:05:55,525 [INFO] IPUIPlugin:80 - create IPUIPlugin
2024-11-18 12:05:55,525 [INFO] IPUIPlugin:80 - create IPUIPlugin
2024-11-18 12:05:55,526 [INFO] IPUIPlugin:80 - create IPUIPlugin
2024-11-18 12:05:55,526 [INFO] IPUIPlugin:80 - create IPUIPlugin
2024-11-18 12:05:55,526 [INFO] IPUIPlugin:80 - create IPUIPlugin
2024-11-18 12:05:55,526 [INFO] IPUIPlugin:80 - create IPUIPlugin
2024-11-18 12:05:55,527 [INFO] IPUIPlugin:80 - create IPUIPlugin
2024-11-18 12:05:55,527 [INFO] IPUIPlugin:80 - create IPUIPlugin
2024-11-18 12:05:55,527 [INFO] IPUIPlugin:80 - create IPUIPlugin
2024-11-18 12:05:55,528 [INFO] IPUIPlugin:80 - create IPUIPlugin
2024-11-18 12:05:55,528 [INFO] IPUIPlugin:80 - create IPUIPlugin
2024-11-18 12:05:55,528 [INFO] IPUIPlugin:80 - create IPUIPlugin
2024-11-18 12:05:55,529 [INFO] IPUIPlugin:80 - create IPUIPlugin
2024-11-18 12:05:55,678 [INFO] ApiDbMcu:507 - Load IP Config File for PDM2PCM
2024-11-18 12:05:55,965 [INFO] CADModel:165 - CPN selected for project levelSTM32F401RET6
2024-11-18 12:05:55,965 [INFO] CADModel:114 - Register for checkConnection events
2024-11-18 12:05:56,013 [INFO] OpenFileManager:328 - Restore cursor
