2024-12-16 20:47:29,492 [INFO] Activator:176 - 


2024-12-16 20:47:29,498 [INFO] Activator:177 - !SESSION log4j initialized
2024-12-16 20:47:36,047 [INFO] LogOutputStream:77 - [STDOUT_REDIRECT] 
2024-12-16 20:47:58,090 [ERROR] LogOutputStream:75 - [STDERR_REDIRECT] SLF4J: Failed to load class "org.slf4j.impl.StaticLoggerBinder".
2024-12-16 20:47:58,090 [ERROR] LogOutputStream:75 - [STDERR_REDIRECT] SLF4J: Defaulting to no-operation (NOP) logger implementation
2024-12-16 20:47:58,091 [ERROR] LogOutputStream:75 - [STDERR_REDIRECT] SLF4J: See http://www.slf4j.org/codes.html#StaticLoggerBinder for further details.
2024-12-16 20:49:56,447 [INFO] ApplicationProperties:184 - Using Application install path: C:\ST\STM32CubeIDE_1.12.1\STM32CubeIDE\plugins\com.st.stm32cube.common.mx_6.8.1.202304191431
2024-12-16 20:49:56,470 [INFO] DbMcusXml:78 - Set database path to: C:\ST\STM32CubeIDE_1.12.1\STM32CubeIDE\plugins\com.st.stm32cube.common.mx_6.8.1.202304191431\\db\/mcu/
2024-12-16 20:49:56,470 [INFO] ApiDb:274 - Set plugin database path to: C:\ST\STM32CubeIDE_1.12.1\STM32CubeIDE\plugins\com.st.stm32cube.common.mx_6.8.1.202304191431\\db\/plugins/boardmanager/
2024-12-16 20:49:56,472 [WARN] ApiDb:259 - Overriding images path with different value:  => C:\ST\STM32CubeIDE_1.12.1\STM32CubeIDE\plugins\com.st.stm32cube.common.mx_6.8.1.202304191431\\db\/plugins/mcufinder/images/
2024-12-16 20:49:56,487 [INFO] ApiDb:250 - Set database path to: C:\Users\voine\.stmcufinder\plugins\mcufinder//mcu/
2024-12-16 20:49:56,490 [INFO] DbMcusAds:125 - Set database path to: C:\Users\voine\.stmcufinder\plugins\mcufinder//mcu/
2024-12-16 20:49:56,525 [INFO] CrossReferenceDbSqlite:203 - Set database path to: C:\Users\voine\.stmcufinder\plugins\mcufinder//mcu/cs/
2024-12-16 20:49:56,635 [INFO] RulesReader:64 - Compatibility file has been processed (293 Rules)
2024-12-16 20:49:56,730 [INFO] DbMcusXml:78 - Set database path to: C:\ST\STM32CubeIDE_1.12.1\STM32CubeIDE\plugins\com.st.stm32cube.common.mx_6.8.1.202304191431\\db\/mcu/
2024-12-16 20:49:56,731 [INFO] ApiDb:274 - Set plugin database path to: C:\ST\STM32CubeIDE_1.12.1\STM32CubeIDE\plugins\com.st.stm32cube.common.mx_6.8.1.202304191431\\db\/plugins/boardmanager/
2024-12-16 20:49:56,731 [INFO] ApiDb:261 - Set plugin images path to: C:\ST\STM32CubeIDE_1.12.1\STM32CubeIDE\plugins\com.st.stm32cube.common.mx_6.8.1.202304191431\\db\/plugins/mcufinder/images/
2024-12-16 20:49:56,731 [WARN] DbFile:41 - Overriding database path with different value: C:\Users\voine\.stmcufinder\plugins\mcufinder/ => C:\Users\voine\.stmcufinder\plugins\mcufinder
2024-12-16 20:49:56,731 [INFO] ApiDb:250 - Set database path to: C:\Users\voine\.stmcufinder\plugins\mcufinder//mcu/
2024-12-16 20:49:56,731 [WARN] DbFile:41 - Overriding database path with different value: C:\Users\voine\.stmcufinder\plugins\mcufinder/ => C:\Users\voine\.stmcufinder\plugins\mcufinder
2024-12-16 20:49:56,731 [INFO] DbMcusAds:125 - Set database path to: C:\Users\voine\.stmcufinder\plugins\mcufinder//mcu/
2024-12-16 20:49:56,731 [WARN] DbFile:41 - Overriding database path with different value: C:\Users\voine\.stmcufinder\plugins\mcufinder/ => C:\Users\voine\.stmcufinder\plugins\mcufinder
2024-12-16 20:49:56,731 [WARN] DbFile:41 - Overriding database path with different value: C:\Users\voine\.stmcufinder\plugins\mcufinder/ => C:\Users\voine\.stmcufinder\plugins\mcufinder
2024-12-16 20:49:56,732 [INFO] CrossReferenceDbSqlite:203 - Set database path to: C:\Users\voine\.stmcufinder\plugins\mcufinder//mcu/cs/
2024-12-16 20:49:56,823 [INFO] MainPanel:253 - HeapMemory: 618659840
2024-12-16 20:49:56,943 [INFO] DbMcusXml:78 - Set database path to: C:\ST\STM32CubeIDE_1.12.1\STM32CubeIDE\plugins\com.st.stm32cube.common.mx_6.8.1.202304191431\\db\/mcu/
2024-12-16 20:49:56,943 [INFO] ApiDb:274 - Set plugin database path to: C:\ST\STM32CubeIDE_1.12.1\STM32CubeIDE\plugins\com.st.stm32cube.common.mx_6.8.1.202304191431\\db\/plugins/boardmanager/
2024-12-16 20:49:56,943 [INFO] ApiDb:261 - Set plugin images path to: C:\ST\STM32CubeIDE_1.12.1\STM32CubeIDE\plugins\com.st.stm32cube.common.mx_6.8.1.202304191431\\db\/plugins/mcufinder/images/
2024-12-16 20:49:56,944 [WARN] DbFile:41 - Overriding database path with different value: C:\Users\voine\.stmcufinder\plugins\mcufinder/ => C:\Users\voine\.stmcufinder\plugins\mcufinder
2024-12-16 20:49:56,944 [INFO] ApiDb:250 - Set database path to: C:\Users\voine\.stmcufinder\plugins\mcufinder//mcu/
2024-12-16 20:49:56,944 [WARN] DbFile:41 - Overriding database path with different value: C:\Users\voine\.stmcufinder\plugins\mcufinder/ => C:\Users\voine\.stmcufinder\plugins\mcufinder
2024-12-16 20:49:56,944 [INFO] DbMcusAds:125 - Set database path to: C:\Users\voine\.stmcufinder\plugins\mcufinder//mcu/
2024-12-16 20:49:56,944 [WARN] DbFile:41 - Overriding database path with different value: C:\Users\voine\.stmcufinder\plugins\mcufinder/ => C:\Users\voine\.stmcufinder\plugins\mcufinder
2024-12-16 20:49:56,944 [WARN] DbFile:41 - Overriding database path with different value: C:\Users\voine\.stmcufinder\plugins\mcufinder/ => C:\Users\voine\.stmcufinder\plugins\mcufinder
2024-12-16 20:49:56,945 [INFO] CrossReferenceDbSqlite:203 - Set database path to: C:\Users\voine\.stmcufinder\plugins\mcufinder//mcu/cs/
2024-12-16 20:49:56,965 [INFO] ApplicationProperties:184 - Using Application install path: C:\ST\STM32CubeIDE_1.12.1\STM32CubeIDE\plugins\com.st.stm32cube.common.mx_6.8.1.202304191431
2024-12-16 20:49:56,966 [INFO] PluginManage:196 - Search for loadable plugins [exclusion list=, ]
2024-12-16 20:49:56,969 [INFO] PluginManage:310 - Check plugin analytics
2024-12-16 20:49:57,124 [INFO] AnalyticsPlugin:253 - Accepted Software Licenses: 
2024-12-16 20:49:57,124 [INFO] AnalyticsPlugin:255 - Accepted CMSIS Pack Licenses: 
2024-12-16 20:49:57,124 [INFO] AnalyticsPlugin:257 - Accepted Firmware Licenses: FW.F4.1.27.0
2024-12-16 20:49:57,138 [INFO] PluginManage:359 - Loaded plugin analytics (category:tool,tabindex:-1)
2024-12-16 20:49:57,138 [INFO] PluginManage:310 - Check plugin cadmodel
2024-12-16 20:49:57,156 [INFO] CADModel:105 - Init CAD model plugin
2024-12-16 20:49:57,156 [INFO] PluginManage:359 - Loaded plugin cadmodel (category:power,tabindex:5)
2024-12-16 20:49:57,156 [INFO] PluginManage:310 - Check plugin clock
2024-12-16 20:49:57,177 [INFO] PluginManage:359 - Loaded plugin clock (category:base,tabindex:2)
2024-12-16 20:49:57,178 [INFO] PluginManage:310 - Check plugin ddr
2024-12-16 20:49:57,181 [INFO] PluginManage:359 - Loaded plugin ddr (category:tool,tabindex:6)
2024-12-16 20:49:57,181 [INFO] PluginManage:310 - Check plugin filemanager
2024-12-16 20:49:57,310 [INFO] PluginManage:359 - Loaded plugin filemanager (category:base,tabindex:10)
2024-12-16 20:49:57,311 [INFO] PluginManage:310 - Check plugin ipmanager
2024-12-16 20:49:57,318 [INFO] PluginManage:359 - Loaded plugin ipmanager (category:base,tabindex:5)
2024-12-16 20:49:57,318 [INFO] PluginManage:310 - Check plugin lpbam
2024-12-16 20:49:57,338 [INFO] PluginManage:359 - Loaded plugin lpbam (category:base,tabindex:0)
2024-12-16 20:49:57,338 [INFO] PluginManage:310 - Check plugin pinoutandconfiguration
2024-12-16 20:49:57,357 [INFO] PluginManage:359 - Loaded plugin pinoutandconfiguration (category:base,tabindex:1)
2024-12-16 20:49:57,357 [INFO] PluginManage:310 - Check plugin pinoutconfig
2024-12-16 20:49:57,451 [WARN] SupportedApi:132 - Cannot load RTOS API schema: s4s-elt-must-match.1: The content of 'definitions' must match (annotation?, (simpleType | complexType)?, (unique | key | keyref)*)). A problem was found starting at: attribute.
2024-12-16 20:49:57,599 [INFO] PluginManage:359 - Loaded plugin pinoutconfig (category:base,tabindex:0)
2024-12-16 20:49:57,600 [INFO] PluginManage:310 - Check plugin power
2024-12-16 20:49:57,624 [INFO] PluginManage:359 - Loaded plugin power (category:power,tabindex:4)
2024-12-16 20:49:57,624 [INFO] PluginManage:310 - Check plugin projectmanager
2024-12-16 20:49:57,652 [INFO] PluginManage:359 - Loaded plugin projectmanager (category:projectmanager,tabindex:3)
2024-12-16 20:49:57,652 [INFO] PluginManage:310 - Check plugin thirdparty
2024-12-16 20:49:57,930 [INFO] PluginManage:359 - Loaded plugin thirdparty (category:base,tabindex:-1)
2024-12-16 20:49:57,931 [WARN] IntegrityCheckThread:84 - waiting for thirdparty lock release [integrity check]
2024-12-16 20:49:57,931 [INFO] PluginManage:310 - Check plugin tools
2024-12-16 20:49:57,931 [INFO] IntegrityCheckThread:86 - entering critical section [integrity check]
2024-12-16 20:49:57,932 [INFO] ThirdPartyUpdaterWithRetryManager:70 - Updater plugin not ready yet. [1/15]
2024-12-16 20:49:57,961 [INFO] PluginManage:359 - Loaded plugin tools (category:base,tabindex:7)
2024-12-16 20:49:57,961 [INFO] PluginManage:310 - Check plugin tutovideos
2024-12-16 20:49:58,175 [INFO] PluginManage:359 - Loaded plugin tutovideos (category:base,tabindex:-1)
2024-12-16 20:49:58,175 [INFO] PluginManage:310 - Check plugin updater
2024-12-16 20:49:58,192 [INFO] PluginManage:359 - Loaded plugin updater (category:base,tabindex:12)
2024-12-16 20:49:58,192 [INFO] PluginManage:283 - PluginManage : Loaded plugins [15]
2024-12-16 20:49:58,470 [INFO] PinOutPanel:1499 - setPackage(No Configuration,No Configuration)
2024-12-16 20:49:58,546 [INFO] CADModel:165 - CPN selected for project level
2024-12-16 20:49:58,546 [INFO] CADModel:114 - Register for checkConnection events
2024-12-16 20:49:58,577 [INFO] IPUIPlugin:80 - create IPUIPlugin
2024-12-16 20:49:58,577 [INFO] PluginManager:220 - loadIPPluginJar : add adc
2024-12-16 20:49:58,616 [INFO] IPUIPlugin:80 - create IPUIPlugin
2024-12-16 20:49:58,616 [INFO] PluginManager:220 - loadIPPluginJar : add aes
2024-12-16 20:49:58,666 [INFO] IPUIPlugin:80 - create IPUIPlugin
2024-12-16 20:49:58,667 [INFO] PluginManager:220 - loadIPPluginJar : add can
2024-12-16 20:49:58,694 [INFO] IPUIPlugin:80 - create IPUIPlugin
2024-12-16 20:49:58,694 [INFO] PluginManager:220 - loadIPPluginJar : add comp
2024-12-16 20:49:58,730 [INFO] IPUIPlugin:80 - create IPUIPlugin
2024-12-16 20:49:58,730 [INFO] PluginManager:220 - loadIPPluginJar : add cryp
2024-12-16 20:49:58,763 [INFO] IPUIPlugin:80 - create IPUIPlugin
2024-12-16 20:49:58,763 [INFO] PluginManager:220 - loadIPPluginJar : add dfsdm
2024-12-16 20:49:58,780 [INFO] IPUIPlugin:80 - create IPUIPlugin
2024-12-16 20:49:58,781 [INFO] PluginManager:220 - loadIPPluginJar : add dma
2024-12-16 20:49:58,826 [INFO] IPUIPlugin:80 - create IPUIPlugin
2024-12-16 20:49:58,826 [INFO] PluginManager:220 - loadIPPluginJar : add dma3
2024-12-16 20:49:58,850 [INFO] IPUIPlugin:80 - create IPUIPlugin
2024-12-16 20:49:58,850 [INFO] PluginManager:220 - loadIPPluginJar : add fatfs
2024-12-16 20:49:58,894 [INFO] IPUIPlugin:80 - create IPUIPlugin
2024-12-16 20:49:58,894 [INFO] PluginManager:220 - loadIPPluginJar : add fmc
2024-12-16 20:49:58,911 [INFO] IPUIPlugin:80 - create IPUIPlugin
2024-12-16 20:49:58,911 [INFO] PluginManager:220 - loadIPPluginJar : add freertos
2024-12-16 20:49:58,932 [INFO] IPUIPlugin:80 - create IPUIPlugin
2024-12-16 20:49:58,932 [INFO] PluginManager:220 - loadIPPluginJar : add genericplugin
2024-12-16 20:49:59,016 [INFO] IPUIPlugin:80 - create IPUIPlugin
2024-12-16 20:49:59,016 [INFO] PluginManager:220 - loadIPPluginJar : add gfxmmu
2024-12-16 20:49:59,132 [INFO] IPUIPlugin:80 - create IPUIPlugin
2024-12-16 20:49:59,132 [INFO] PluginManager:220 - loadIPPluginJar : add gic
2024-12-16 20:49:59,146 [INFO] IPUIPlugin:80 - create IPUIPlugin
2024-12-16 20:49:59,146 [INFO] PluginManager:220 - loadIPPluginJar : add gpio
2024-12-16 20:49:59,234 [INFO] IPUIPlugin:80 - create IPUIPlugin
2024-12-16 20:49:59,234 [INFO] PluginManager:220 - loadIPPluginJar : add gtzc
2024-12-16 20:49:59,264 [INFO] IPUIPlugin:80 - create IPUIPlugin
2024-12-16 20:49:59,264 [INFO] PluginManager:220 - loadIPPluginJar : add hash
2024-12-16 20:49:59,318 [INFO] IPUIPlugin:80 - create IPUIPlugin
2024-12-16 20:49:59,318 [INFO] PluginManager:220 - loadIPPluginJar : add i2c
2024-12-16 20:49:59,355 [INFO] IPUIPlugin:80 - create IPUIPlugin
2024-12-16 20:49:59,356 [INFO] PluginManager:220 - loadIPPluginJar : add i2s
2024-12-16 20:49:59,399 [INFO] IPUIPlugin:80 - create IPUIPlugin
2024-12-16 20:49:59,399 [INFO] PluginManager:220 - loadIPPluginJar : add i3c
2024-12-16 20:49:59,498 [INFO] IPUIPlugin:80 - create IPUIPlugin
2024-12-16 20:49:59,498 [INFO] PluginManager:220 - loadIPPluginJar : add ipddr
2024-12-16 20:49:59,583 [INFO] IPUIPlugin:80 - create IPUIPlugin
2024-12-16 20:49:59,583 [INFO] PluginManager:220 - loadIPPluginJar : add linkedlist
2024-12-16 20:49:59,616 [INFO] IPUIPlugin:80 - create IPUIPlugin
2024-12-16 20:49:59,617 [INFO] PluginManager:220 - loadIPPluginJar : add lorawan
2024-12-16 20:49:59,651 [INFO] IPUIPlugin:80 - create IPUIPlugin
2024-12-16 20:49:59,651 [INFO] PluginManager:220 - loadIPPluginJar : add ltdc
2024-12-16 20:49:59,665 [INFO] IPUIPlugin:80 - create IPUIPlugin
2024-12-16 20:49:59,665 [INFO] PluginManager:220 - loadIPPluginJar : add mdma
2024-12-16 20:49:59,678 [INFO] IPUIPlugin:80 - create IPUIPlugin
2024-12-16 20:49:59,679 [INFO] PluginManager:220 - loadIPPluginJar : add nvic
2024-12-16 20:49:59,715 [INFO] IPUIPlugin:80 - create IPUIPlugin
2024-12-16 20:49:59,715 [INFO] PluginManager:220 - loadIPPluginJar : add opamp
2024-12-16 20:49:59,771 [INFO] IPUIPlugin:80 - create IPUIPlugin
2024-12-16 20:49:59,772 [INFO] PluginManager:220 - loadIPPluginJar : add openamp
2024-12-16 20:49:59,813 [INFO] IPUIPlugin:80 - create IPUIPlugin
2024-12-16 20:49:59,814 [INFO] PluginManager:220 - loadIPPluginJar : add pdm2pcm
2024-12-16 20:49:59,830 [INFO] IPUIPlugin:80 - create IPUIPlugin
2024-12-16 20:49:59,833 [INFO] PluginManager:220 - loadIPPluginJar : add plateformsettings
2024-12-16 20:49:59,857 [INFO] IPUIPlugin:80 - create IPUIPlugin
2024-12-16 20:49:59,857 [INFO] PluginManager:220 - loadIPPluginJar : add quadspi
2024-12-16 20:49:59,871 [INFO] IPUIPlugin:80 - create IPUIPlugin
2024-12-16 20:49:59,872 [INFO] PluginManager:220 - loadIPPluginJar : add resmgrutility
2024-12-16 20:49:59,921 [INFO] IPUIPlugin:80 - create IPUIPlugin
2024-12-16 20:49:59,921 [INFO] PluginManager:220 - loadIPPluginJar : add sai
2024-12-16 20:49:59,957 [INFO] IPUIPlugin:80 - create IPUIPlugin
2024-12-16 20:49:59,957 [INFO] PluginManager:220 - loadIPPluginJar : add spi
2024-12-16 20:50:00,011 [INFO] IPUIPlugin:80 - create IPUIPlugin
2024-12-16 20:50:00,011 [INFO] PluginManager:220 - loadIPPluginJar : add stm32_wpan
2024-12-16 20:50:00,039 [INFO] IPUIPlugin:80 - create IPUIPlugin
2024-12-16 20:50:00,039 [INFO] PluginManager:220 - loadIPPluginJar : add tim
2024-12-16 20:50:00,091 [INFO] IPUIPlugin:80 - create IPUIPlugin
2024-12-16 20:50:00,092 [INFO] PluginManager:220 - loadIPPluginJar : add touchsensing
2024-12-16 20:50:00,113 [INFO] IPUIPlugin:80 - create IPUIPlugin
2024-12-16 20:50:00,114 [INFO] PluginManager:220 - loadIPPluginJar : add tracer_emb
2024-12-16 20:50:00,138 [INFO] IPUIPlugin:80 - create IPUIPlugin
2024-12-16 20:50:00,138 [INFO] PluginManager:220 - loadIPPluginJar : add ts
2024-12-16 20:50:00,161 [INFO] IPUIPlugin:80 - create IPUIPlugin
2024-12-16 20:50:00,161 [INFO] PluginManager:220 - loadIPPluginJar : add tsc
2024-12-16 20:50:00,182 [INFO] IPUIPlugin:80 - create IPUIPlugin
2024-12-16 20:50:00,182 [INFO] PluginManager:220 - loadIPPluginJar : add ucpd
2024-12-16 20:50:00,224 [INFO] IPUIPlugin:80 - create IPUIPlugin
2024-12-16 20:50:00,224 [INFO] PluginManager:220 - loadIPPluginJar : add usart
2024-12-16 20:50:00,265 [INFO] IPUIPlugin:80 - create IPUIPlugin
2024-12-16 20:50:00,265 [INFO] PluginManager:220 - loadIPPluginJar : add usbx
2024-12-16 20:50:00,395 [INFO] CADModel:165 - CPN selected for project level
2024-12-16 20:50:00,395 [INFO] CADModel:114 - Register for checkConnection events
2024-12-16 20:50:00,395 [FATAL] Updater:308 - Updater called before beeing initialized
2024-12-16 20:50:00,395 [ERROR] CADModel:125 - Updater not yet initialized, retry later 
2024-12-16 20:50:00,533 [INFO] CADModel:165 - CPN selected for project level
2024-12-16 20:50:00,533 [INFO] CADModel:114 - Register for checkConnection events
2024-12-16 20:50:00,533 [FATAL] Updater:308 - Updater called before beeing initialized
2024-12-16 20:50:00,533 [ERROR] CADModel:125 - Updater not yet initialized, retry later 
2024-12-16 20:50:00,536 [FATAL] Updater:308 - Updater called before beeing initialized
2024-12-16 20:50:00,662 [FATAL] Updater:308 - Updater called before beeing initialized
2024-12-16 20:50:00,677 [INFO] DbMcusAds:53 - JSON generation date=Fri Sep 20 16:04:23 EEST 2024 (1726837463113)
2024-12-16 20:50:00,677 [FATAL] Updater:308 - Updater called before beeing initialized
2024-12-16 20:50:00,754 [WARN] DetailPanel:346 - Failed to get advertising image, set to default
2024-12-16 20:50:00,862 [FATAL] Updater:308 - Updater called before beeing initialized
2024-12-16 20:50:00,865 [FATAL] Updater:308 - Updater called before beeing initialized
2024-12-16 20:50:00,865 [FATAL] Updater:308 - Updater called before beeing initialized
2024-12-16 20:50:00,865 [WARN] DetailPanel:346 - Failed to get advertising image, set to default
2024-12-16 20:50:00,866 [FATAL] Updater:308 - Updater called before beeing initialized
2024-12-16 20:50:00,934 [ERROR] Updater:1120 - MainUpdater not yet initialized. External WinMGr cannot be set.
2024-12-16 20:50:00,937 [INFO] ThirdPartyUpdaterWithRetryManager:70 - Updater plugin not ready yet. [2/15]
2024-12-16 20:50:00,944 [INFO] Updater:1056 - Updater Version found : 6.8.1
2024-12-16 20:50:00,963 [INFO] ApplicationProperties:184 - Using Application install path: C:\ST\STM32CubeIDE_1.12.1\STM32CubeIDE\plugins\com.st.stm32cube.common.mx_6.8.1.202304191431
2024-12-16 20:50:01,237 [INFO] MainUpdater:2854 - connection check result : 10
2024-12-16 20:50:01,238 [INFO] MainUpdater:283 - Updater Check For Update Now.
2024-12-16 20:50:01,238 [INFO] MicroXplorer:498 - Change Database Version : DB.6.0.81
2024-12-16 20:50:01,454 [INFO] CheckServerUpdateThread:120 - End of CheckServer Thread
2024-12-16 20:50:01,482 [INFO] MainUpdater:2854 - connection check result : 10
2024-12-16 20:50:01,490 [INFO] MainUpdater:2854 - connection check result : 10
2024-12-16 20:50:01,664 [INFO] MicroXplorer:468 - Change Database Path : 
2024-12-16 20:50:01,664 [INFO] MicroXplorer:498 - Change Database Version : DB.6.0.81
2024-12-16 20:50:01,665 [WARN] ThirdParty:871 - waiting for thirdparty lock release [close project]
2024-12-16 20:50:04,188 [WARN] PackLoader:240 - Cannot read IP mode file for STMicroelectronics.FP-SNS-MOTENVWB1.1.4.0
2024-12-16 20:50:04,203 [WARN] PackLoader:240 - Cannot read IP mode file for STMicroelectronics.FP-ATR-ASTRA1.2.0.1
2024-12-16 20:50:04,218 [WARN] PackLoader:240 - Cannot read IP mode file for STMicroelectronics.X-CUBE-SMBUS.2.1.0
2024-12-16 20:50:04,233 [WARN] PackLoader:240 - Cannot read IP mode file for STMicroelectronics.X-CUBE-WB05N.1.1.0
2024-12-16 20:50:04,246 [WARN] PackLoader:240 - Cannot read IP mode file for STMicroelectronics.X-CUBE-TOUCHGFX.4.23.1
2024-12-16 20:50:04,258 [WARN] PackLoader:240 - Cannot read IP mode file for STMicroelectronics.X-CUBE-TOUCHGFX.4.23.0
2024-12-16 20:50:04,269 [WARN] PackLoader:240 - Cannot read IP mode file for STMicroelectronics.X-CUBE-TOUCHGFX.4.23.2
2024-12-16 20:50:04,307 [WARN] PackLoader:240 - Cannot read IP mode file for STMicroelectronics.X-CUBE-AZRTOS-F7.1.1.0
2024-12-16 20:50:04,324 [WARN] PackLoader:240 - Cannot read IP mode file for STMicroelectronics.FP-SNS-MOTENV1.4.3.2
2024-12-16 20:50:04,406 [WARN] PackLoader:240 - Cannot read IP mode file for STMicroelectronics.X-CUBE-MEMS1.11.0.0
2024-12-16 20:50:04,577 [WARN] PackLoader:240 - Cannot read IP mode file for STMicroelectronics.FP-SNS-FLIGHT1.5.0.2
2024-12-16 20:50:04,595 [WARN] PackLoader:240 - Cannot read IP mode file for STMicroelectronics.X-CUBE-DISPLAY.3.0.0
2024-12-16 20:50:04,648 [WARN] PackLoader:240 - Cannot read IP mode file for STMicroelectronics.X-CUBE-BLE1.7.0.0
2024-12-16 20:50:04,669 [WARN] PackLoader:240 - Cannot read IP mode file for STMicroelectronics.X-CUBE-NFC10.1.0.0
2024-12-16 20:50:04,688 [ERROR] Engine:466 - C:\Users\voine\.stm32cubemx\thirdparties\pdsc\STMicroelectronics.X-CUBE-BLEMGR.4.0.0.pdsc: PDSC version is not supported
2024-12-16 20:50:04,705 [WARN] PackLoader:240 - Cannot read IP mode file for emotas.I-CUBE-CANOPEN.1.3.0
2024-12-16 20:50:04,730 [WARN] PackLoader:240 - Cannot read IP mode file for STMicroelectronics.X-CUBE-BLEMGR.3.1.0
2024-12-16 20:50:04,752 [WARN] PackLoader:240 - Cannot read IP mode file for STMicroelectronics.FP-SNS-SMARTAG2.1.2.0
2024-12-16 20:50:04,782 [INFO] LogOutputStream:77 - [STDOUT_REDIRECT] 1 : Invalid condition id : UX_CORESTACK_Condition cause : null
2024-12-16 20:50:04,783 [INFO] LogOutputStream:77 - [STDOUT_REDIRECT] 1 : Invalid condition id : UX_CORESTACK_Condition cause : null
2024-12-16 20:50:04,784 [INFO] LogOutputStream:77 - [STDOUT_REDIRECT] 1 : Invalid condition id : UX_CORESTACK_Condition cause : null
2024-12-16 20:50:04,785 [INFO] LogOutputStream:77 - [STDOUT_REDIRECT] 1 : Invalid condition id : UX_CORESTACK_Condition cause : null
2024-12-16 20:50:04,785 [INFO] LogOutputStream:77 - [STDOUT_REDIRECT] 1 : Invalid condition id : UX_CORESTACK_Condition cause : null
2024-12-16 20:50:04,790 [WARN] PackLoader:240 - Cannot read IP mode file for STMicroelectronics.X-CUBE-AZRTOS-WL.2.0.0
2024-12-16 20:50:04,815 [WARN] PackLoader:240 - Cannot read IP mode file for STMicroelectronics.FP-SNS-MOTENV1.5.0.0
2024-12-16 20:50:04,834 [WARN] PackLoader:240 - Cannot read IP mode file for wolfSSL.I-CUBE-wolfMQTT.1.19.0
2024-12-16 20:50:04,856 [WARN] PackLoader:240 - Cannot read IP mode file for WES.I-CUBE-Cesium.1.3.0
2024-12-16 20:50:04,873 [WARN] PackLoader:240 - Cannot read IP mode file for STMicroelectronics.X-CUBE-BLE2.3.3.0
2024-12-16 20:50:04,889 [WARN] PackLoader:240 - Cannot read IP mode file for STMicroelectronics.X-CUBE-NFC9.1.0.0
2024-12-16 20:50:04,905 [WARN] PackLoader:240 - Cannot read IP mode file for STMicroelectronics.X-CUBE-TCPP.4.1.0
2024-12-16 20:50:04,927 [WARN] PackLoader:240 - Cannot read IP mode file for STMicroelectronics.X-CUBE-ALGOBUILD.1.3.0
2024-12-16 20:50:04,949 [WARN] PackLoader:240 - Cannot read IP mode file for STMicroelectronics.X-CUBE-AZRTOS-G0.1.1.0
2024-12-16 20:50:04,968 [WARN] PackLoader:240 - Cannot read IP mode file for STMicroelectronics.X-CUBE-SAFEA1.1.2.2
2024-12-16 20:50:04,988 [WARN] PackLoader:240 - Cannot read IP mode file for STMicroelectronics.X-CUBE-NFC4.3.0.0
2024-12-16 20:50:05,002 [ERROR] Engine:466 - C:\Users\voine\.stm32cubemx\thirdparties\pdsc\EmbeddedOffice.I-CUBE-FS-RTOS.1.0.1.pdsc: PDSC version is not supported
2024-12-16 20:50:05,018 [WARN] PackLoader:240 - Cannot read IP mode file for STMicroelectronics.X-CUBE-BLEMGR.3.0.0
2024-12-16 20:50:05,035 [ERROR] Engine:466 - C:\Users\voine\.stm32cubemx\thirdparties\pdsc\STMicroelectronics.X-CUBE-TCPP.4.2.0.pdsc: PDSC version is not supported
2024-12-16 20:50:05,049 [ERROR] Engine:466 - C:\Users\voine\.stm32cubemx\thirdparties\pdsc\RealThread.X-CUBE-RT-Thread_Nano.4.1.1.pdsc: PDSC version is not supported
2024-12-16 20:50:05,064 [WARN] PackLoader:240 - Cannot read IP mode file for STMicroelectronics.FP-ATR-SIGFOX1.3.2.0
2024-12-16 20:50:05,075 [ERROR] Engine:466 - C:\Users\voine\.stm32cubemx\thirdparties\pdsc\quantropi.X-CUBE-qispace-sdk-base.1.9.3.pdsc: PDSC version is not supported
2024-12-16 20:50:05,092 [WARN] PackLoader:240 - Cannot read IP mode file for STMicroelectronics.X-CUBE-EEPRMA1.5.1.0
2024-12-16 20:50:05,133 [WARN] PackLoader:240 - Cannot read IP mode file for SEGGER.I-CUBE-embOS.1.3.1
2024-12-16 20:50:05,181 [WARN] PackLoader:240 - Cannot read IP mode file for STMicroelectronics.X-CUBE-ALGOBUILD.1.4.0
2024-12-16 20:50:05,201 [WARN] PackLoader:240 - Cannot read IP mode file for STMicroelectronics.X-CUBE-AI.9.1.0
2024-12-16 20:50:05,219 [WARN] PackLoader:240 - Cannot read IP mode file for STMicroelectronics.X-CUBE-GNSS1.6.0.0
2024-12-16 20:50:05,247 [WARN] PackLoader:240 - Cannot read IP mode file for STMicroelectronics.X-CUBE-AZRTOS-F4.1.1.0
2024-12-16 20:50:05,265 [WARN] PackLoader:240 - Cannot read IP mode file for STMicroelectronics.X-CUBE-ISPU.2.1.0
2024-12-16 20:50:05,282 [WARN] PackLoader:240 - Cannot read IP mode file for STMicroelectronics.X-CUBE-FREERTOS.1.2.0
2024-12-16 20:50:05,297 [WARN] PackLoader:240 - Cannot read IP mode file for wolfSSL.I-CUBE-wolfSSL.5.6.6
2024-12-16 20:50:05,328 [WARN] PackLoader:240 - Cannot read IP mode file for STMicroelectronics.X-CUBE-AZRTOS-L5.2.0.0
2024-12-16 20:50:05,360 [WARN] PackLoader:240 - Cannot read IP mode file for STMicroelectronics.X-CUBE-NFC6.3.1.0
2024-12-16 20:50:05,380 [WARN] PackLoader:240 - Cannot read IP mode file for ITTIA_DB.I-CUBE-ITTIADB.8.8.0
2024-12-16 20:50:05,394 [ERROR] Engine:466 - C:\Users\voine\.stm32cubemx\thirdparties\pdsc\STMicroelectronics.X-CUBE-DPower.1.2.0.pdsc: PDSC version is not supported
2024-12-16 20:50:05,409 [WARN] PackLoader:240 - Cannot read IP mode file for STMicroelectronics.X-CUBE-AI.9.0.0
2024-12-16 20:50:05,423 [WARN] PackLoader:240 - Cannot read IP mode file for STMicroelectronics.X-CUBE-FREERTOS.1.3.0
2024-12-16 20:50:05,443 [WARN] PackLoader:240 - Cannot read IP mode file for STMicroelectronics.X-CUBE-NFC7.1.0.1
2024-12-16 20:50:05,468 [WARN] PackLoader:240 - Cannot read IP mode file for STMicroelectronics.X-CUBE-NFC6.3.0.0
2024-12-16 20:50:05,486 [WARN] PackLoader:240 - Cannot read IP mode file for STMicroelectronics.X-CUBE-AI.8.1.0
2024-12-16 20:50:05,514 [WARN] ConditionMgr:438 - getConditionDescription Invalid condition id : LAN8742 Phy interface Condition cause : null
2024-12-16 20:50:05,516 [WARN] PackLoader:240 - Cannot read IP mode file for STMicroelectronics.X-CUBE-AZRTOS-L4.2.0.0
2024-12-16 20:50:05,518 [WARN] ConditionMgr:1039 - genDependencies : Invalid condition id : LAN8742 Phy interface Condition cause : null
2024-12-16 20:50:05,518 [WARN] ConditionMgr:1039 - genDependencies : Invalid condition id : LAN8742 Phy interface Condition cause : null
2024-12-16 20:50:05,519 [WARN] ConditionMgr:1039 - genDependencies : Invalid condition id : LAN8742 Phy interface Condition cause : null
2024-12-16 20:50:05,541 [WARN] PackLoader:240 - Cannot read IP mode file for STMicroelectronics.X-CUBE-SFXS2LP1.4.0.0
2024-12-16 20:50:05,578 [WARN] PackLoader:240 - Cannot read IP mode file for STMicroelectronics.X-CUBE-AZRTOS-H7.3.3.0
2024-12-16 20:50:05,600 [ERROR] Engine:466 - C:\Users\voine\.stm32cubemx\thirdparties\pdsc\STMicroelectronics.X-CUBE-IPS.3.0.0.pdsc: PDSC version is not supported
2024-12-16 20:50:05,622 [WARN] ConditionMgr:438 - getConditionDescription Invalid condition id : UX DEVICE CLASS RTOS Condition cause : null
2024-12-16 20:50:05,622 [WARN] ConditionMgr:438 - getConditionDescription Invalid condition id : UX DEVICE CLASS RTOS Condition cause : null
2024-12-16 20:50:05,623 [WARN] PackLoader:240 - Cannot read IP mode file for STMicroelectronics.X-CUBE-AZRTOS-WB.2.0.0
2024-12-16 20:50:05,624 [WARN] ConditionMgr:1039 - genDependencies : Invalid condition id : UX DEVICE CLASS RTOS Condition cause : null
2024-12-16 20:50:05,624 [WARN] ConditionMgr:1039 - genDependencies : Invalid condition id : UX DEVICE CLASS RTOS Condition cause : null
2024-12-16 20:50:05,624 [WARN] ConditionMgr:1039 - genDependencies : Invalid condition id : UX DEVICE CLASS RTOS Condition cause : null
2024-12-16 20:50:05,625 [WARN] ConditionMgr:1039 - genDependencies : Invalid condition id : UX DEVICE CLASS RTOS Condition cause : null
2024-12-16 20:50:05,625 [WARN] ConditionMgr:1039 - genDependencies : Invalid condition id : UX DEVICE CLASS RTOS Condition cause : null
2024-12-16 20:50:05,640 [WARN] PackLoader:240 - Cannot read IP mode file for STMicroelectronics.X-CUBE-GNSS1.7.0.0
2024-12-16 20:50:05,655 [ERROR] Engine:466 - C:\Users\voine\.stm32cubemx\thirdparties\pdsc\STMicroelectronics.FP-SNS-STBOX1.2.0.0.pdsc: PDSC version is not supported
2024-12-16 20:50:05,671 [WARN] PackLoader:240 - Cannot read IP mode file for STMicroelectronics.X-CUBE-SUBG2.5.0.0
2024-12-16 20:50:05,687 [WARN] PackLoader:240 - Cannot read IP mode file for Cesanta.I-CUBE-Mongoose.7.13.0
2024-12-16 20:50:05,706 [WARN] PackLoader:240 - Cannot read IP mode file for STMicroelectronics.X-CUBE-AZRTOS-G4.2.0.0
2024-12-16 20:50:05,735 [WARN] PackLoader:240 - Cannot read IP mode file for Infineon.AIROC-Wi-Fi-Bluetooth-STM32.1.5.1
2024-12-16 20:50:05,748 [WARN] PackLoader:240 - Cannot read IP mode file for STMicroelectronics.FP-SNS-MOTENVWB1.1.3.1
2024-12-16 20:50:05,759 [WARN] PackLoader:240 - Cannot read IP mode file for STMicroelectronics.X-CUBE-ISPU.2.0.0
2024-12-16 20:50:05,770 [WARN] PackLoader:240 - Cannot read IP mode file for STMicroelectronics.X-CUBE-ALS.1.0.2
2024-12-16 20:50:05,814 [WARN] PackLoader:240 - Cannot read IP mode file for STMicroelectronics.X-CUBE-MEMS1.10.0.0
2024-12-16 20:50:05,882 [WARN] PackLoader:240 - Cannot read IP mode file for STMicroelectronics.X-CUBE-FREERTOS.1.1.0
2024-12-16 20:50:05,896 [WARN] PackLoader:240 - Cannot read IP mode file for STMicroelectronics.X-CUBE-TOUCHGFX.4.24.1
2024-12-16 20:50:05,915 [WARN] PackLoader:240 - Cannot read IP mode file for wolfSSL.I-CUBE-wolfTPM.3.4.0
2024-12-16 20:50:05,933 [WARN] PackLoader:240 - Cannot read IP mode file for portGmbH.I-Cube-SoM-uGOAL.1.1.0
2024-12-16 20:50:05,945 [WARN] PackLoader:240 - Cannot read IP mode file for STMicroelectronics.X-CUBE-ALS.1.0.1
2024-12-16 20:50:05,975 [WARN] PackLoader:240 - Cannot read IP mode file for STMicroelectronics.X-CUBE-AZRTOS-H7RS.1.0.0
2024-12-16 20:50:05,989 [WARN] PackLoader:240 - Cannot read IP mode file for STMicroelectronics.FP-ATR-ASTRA1.2.0.0
2024-12-16 20:50:06,005 [ERROR] Engine:466 - C:\Users\voine\.stm32cubemx\thirdparties\pdsc\STMicroelectronics.X-CUBE-TOF1.3.4.2.pdsc: PDSC version is not supported
2024-12-16 20:50:06,027 [WARN] PackLoader:240 - Cannot read IP mode file for STMicroelectronics.X-CUBE-TOF1.3.4.0
2024-12-16 20:50:06,047 [WARN] PackLoader:240 - Cannot read IP mode file for STMicroelectronics.X-CUBE-TOF1.3.4.1
2024-12-16 20:50:06,079 [WARN] PackLoader:240 - Cannot read IP mode file for STMicroelectronics.X-CUBE-AZRTOS-H7.3.2.0
2024-12-16 20:50:06,092 [WARN] PackLoader:240 - Cannot read IP mode file for wolfSSL.I-CUBE-wolfSSH.1.4.17
2024-12-16 20:50:06,093 [INFO] ThirdParty:978 - Integrity check success = true
2024-12-16 20:50:06,093 [INFO] IntegrityCheckThread:100 - exiting critical section [integrity check]
2024-12-16 20:50:06,093 [INFO] IntegrityCheckThread:103 - End integrity checks thread
2024-12-16 20:50:06,093 [INFO] ThirdParty:873 - entering critical section [close project]
2024-12-16 20:50:06,094 [INFO] ThirdParty:883 - exiting critical section [close project]
2024-12-16 20:50:06,097 [INFO] PinOutPanel:1499 - setPackage(No Configuration,No Configuration)
2024-12-16 20:50:06,101 [INFO] UtilMem:75 - Begin LoadConfig() Used Memory: 591806664 Bytes (618659840)
2024-12-16 20:50:06,102 [INFO] MicroXplorer:468 - Change Database Path : 
2024-12-16 20:50:06,102 [INFO] MicroXplorer:498 - Change Database Version : DB.6.0.81
2024-12-16 20:50:06,102 [INFO] OpenFileManager:308 - Change cursor
2024-12-16 20:50:06,158 [INFO] Mcu:1937 - Initializing MCU STM32F401R(D-E)Tx STM32F401RETx STM32F401RET6
2024-12-16 20:50:07,356 [INFO] Context:659 - Trying to add GPIOservice into a context  which must be forbidden
2024-12-16 20:50:07,968 [INFO] RtosManager:555 - Registered RTOS mode: class=CMSIS, group=RTOS, mode=CMSIS_V1, owner=FREERTOS
2024-12-16 20:50:07,968 [INFO] RtosManager:555 - Registered RTOS mode: class=CMSIS, group=RTOS2, mode=CMSIS_V2, owner=FREERTOS
2024-12-16 20:50:07,968 [INFO] RtosManager:555 - Registered RTOS mode: class=RTOS, group=Core, mode=CMSIS_V1, owner=FREERTOS
2024-12-16 20:50:07,968 [INFO] RtosManager:555 - Registered RTOS mode: class=RTOS, group=Core, mode=CMSIS_V2, owner=FREERTOS
2024-12-16 20:50:07,969 [WARN] ModelIntegratedComponent:184 - Missing modes for component STMicroelectronics:FreeRTOS:0.0.1:STMicroelectronics:RTOS:FreeRTOS:Core:::10.2.0:
2024-12-16 20:50:07,991 [WARN] ModelIntegratedComponent:63 - No mode defined for component null
2024-12-16 20:50:07,991 [WARN] ModelIntegratedComponent:63 - No mode defined for component null
2024-12-16 20:50:07,991 [WARN] ModelIntegratedComponent:63 - No mode defined for component null
2024-12-16 20:50:07,992 [WARN] ModelIntegratedComponent:63 - No mode defined for component null
2024-12-16 20:50:07,992 [WARN] ModelIntegratedComponent:63 - No mode defined for component null
2024-12-16 20:50:07,992 [WARN] ModelIntegratedComponent:63 - No mode defined for component null
2024-12-16 20:50:07,992 [WARN] ModelIntegratedComponent:63 - No mode defined for component null
2024-12-16 20:50:07,992 [WARN] ModelIntegratedComponent:63 - No mode defined for component null
2024-12-16 20:50:07,993 [WARN] ModelIntegratedComponent:63 - No mode defined for component null
2024-12-16 20:50:07,993 [WARN] ModelIntegratedComponent:63 - No mode defined for component null
2024-12-16 20:50:07,993 [WARN] ModelIntegratedComponent:63 - No mode defined for component null
2024-12-16 20:50:07,993 [WARN] ModelIntegratedComponent:63 - No mode defined for component null
2024-12-16 20:50:07,993 [WARN] ModelIntegratedComponent:63 - No mode defined for component null
2024-12-16 20:50:07,993 [WARN] ModelIntegratedComponent:63 - No mode defined for component null
2024-12-16 20:50:07,994 [WARN] ModelIntegratedComponent:63 - No mode defined for component null
2024-12-16 20:50:07,994 [WARN] ModelIntegratedComponent:63 - No mode defined for component null
2024-12-16 20:50:07,994 [WARN] ModelIntegratedComponent:63 - No mode defined for component null
2024-12-16 20:50:07,994 [WARN] ModelIntegratedComponent:63 - No mode defined for component null
2024-12-16 20:50:07,994 [WARN] ModelIntegratedComponent:63 - No mode defined for component null
2024-12-16 20:50:07,995 [WARN] ModelIntegratedComponent:63 - No mode defined for component null
2024-12-16 20:50:07,995 [WARN] ModelIntegratedComponent:63 - No mode defined for component null
2024-12-16 20:50:07,995 [WARN] ModelIntegratedComponent:63 - No mode defined for component null
2024-12-16 20:50:07,995 [WARN] ModelIntegratedComponent:63 - No mode defined for component null
2024-12-16 20:50:07,995 [WARN] ModelIntegratedComponent:63 - No mode defined for component null
2024-12-16 20:50:07,996 [WARN] ModelIntegratedComponent:63 - No mode defined for component null
2024-12-16 20:50:07,996 [WARN] ModelIntegratedComponent:63 - No mode defined for component null
2024-12-16 20:50:07,996 [WARN] ModelIntegratedComponent:63 - No mode defined for component null
2024-12-16 20:50:07,996 [WARN] ModelIntegratedComponent:63 - No mode defined for component null
2024-12-16 20:50:07,996 [WARN] ModelIntegratedComponent:63 - No mode defined for component null
2024-12-16 20:50:07,996 [WARN] ModelIntegratedComponent:63 - No mode defined for component null
2024-12-16 20:50:07,997 [WARN] ModelIntegratedComponent:63 - No mode defined for component null
2024-12-16 20:50:07,997 [WARN] ModelIntegratedComponent:63 - No mode defined for component null
2024-12-16 20:50:07,997 [WARN] ModelIntegratedComponent:63 - No mode defined for component null
2024-12-16 20:50:08,119 [INFO] ThirdPartyModel:298 - Start build external matchings
2024-12-16 20:50:08,599 [INFO] ThirdPartyModel:316 - End build external matchings
2024-12-16 20:50:08,625 [INFO] ImportTextPane:194 - (OptionalMessage_ERROR) IP (RCC) : Parameter (RTCHSEDivFreq_Value) has invalid value (4000000)
2024-12-16 20:50:08,913 [INFO] UtilMem:75 - End LoadConfig() Used Memory: 612979976 Bytes (654311424)
2024-12-16 20:50:09,035 [INFO] ApiDb:581 - Connected to CubeFinder SQLite database (C:\Users\voine\.stmcufinder\plugins\mcufinder\mcu\cube-finder-db.db)
2024-12-16 20:50:09,162 [INFO] ApiDb:668 - CubeFinder database Data Model version=2.1
2024-12-16 20:50:09,162 [INFO] ApiDb:669 - CubeFinder database Configuration version=3.0.39
2024-12-16 20:50:09,163 [INFO] ApiDb:670 - CubeFinder database generation date=2024-11-21 (1732182206)
2024-12-16 20:50:09,163 [INFO] ApiDb:671 - CubeFinder database FW Pack versions=[FP-ATR-ASTRA1_V2.0.0, FP-SNS-FLIGHT1_V5.0.2, FP-SNS-MOTENV1_V5.0.0, FP-SNS-MOTENVWB1_V1.4.0, FP-SNS-SMARTAG2_V1.2.0, FP-SNS-STBOX1_V2.0.0, STM32Cube_FW_C0_V1.3.0, STM32Cube_FW_F4_V1.28.1, STM32Cube_FW_F7_V1.17.2, STM32Cube_FW_G0_V1.6.2, STM32Cube_FW_G4_V1.6.1, STM32Cube_FW_H5_V1.4.0, STM32Cube_FW_H7RS_V1.1.0, STM32Cube_FW_H7_V1.12.0, STM32Cube_FW_L0_V1.12.2, STM32Cube_FW_L4_V1.18.1, STM32Cube_FW_L5_V1.5.1, STM32Cube_FW_N6_V1.0.0, STM32Cube_FW_U0_V1.2.0, STM32Cube_FW_U3_V1.0.0, STM32Cube_FW_U5_V1.7.0, STM32Cube_FW_WB0_V1.1.0, STM32Cube_FW_WBA_V1.5.0, STM32Cube_FW_WB_V1.21.0, STM32Cube_FW_WL3_V1.0.0, STM32Cube_FW_WL_V1.3.0, X-CUBE-ALGOBUILD_V1.4.0, X-CUBE-ALS_V1.0.2, X-CUBE-AZRTOS-F4_V1.1.0, X-CUBE-AZRTOS-F7_V1.1.0, X-CUBE-AZRTOS-G0_V1.1.0, X-CUBE-AZRTOS-G4_V2.0.0, X-CUBE-AZRTOS-H7RS_V1.0.0, X-CUBE-AZRTOS-H7_V3.3.0, X-CUBE-AZRTOS-L4_V2.0.0, X-CUBE-AZRTOS-L5_V2.0.0, X-CUBE-AZRTOS-WB_V2.0.0, X-CUBE-AZRTOS-WL_V2.0.0, X-CUBE-BLE1_V7.0.0, X-CUBE-BLE2_V3.3.0, X-CUBE-BLEMGR_V3.1.0, X-CUBE-EEPRMA1_V5.1.0, X-CUBE-FREERTOS_V1.2.0, X-CUBE-GNSS1_V6.0.0, X-CUBE-MEMS1_V11.0.0, X-CUBE-NFC4_V3.0.0, X-CUBE-NFC7_V1.0.1, X-CUBE-SFXS2LP1_V4.0.0, X-CUBE-SUBG2_V5.0.0, X-CUBE-TOF1_V3.4.2]
2024-12-16 20:50:11,527 [INFO] ApiDb:240 - Found 297 in-development CPN: [B-G473E-ZEST1S, B-WB1M-WPAN1, B-WL5M-SUBG1, NUCLEO-C031C6, NUCLEO-H503RB, NUCLEO-H563ZI, NUCLEO-U545RE-Q, NUCLEO-U5A5ZJ-Q, NUCLEO-WBA52CG, STEVAL-PROTEUS1, STEVAL-STWINBX1, STM320518-EVAL, STM32C0116-DK, STM32C011D6Y3TR, STM32C011D6Y6TR, STM32C011F4P3, STM32C011F4P6, STM32C011F4U3, STM32C011F4U6TR, STM32C011F6P3, STM32C011F6P6, STM32C011F6U3, STM32C011F6U6TR, STM32C011J4M3, STM32C011J4M6, STM32C011J6M3, STM32C011J6M6, STM32C0316-DK, STM32C031C4T3, STM32C031C4T6, STM32C031C4U3, STM32C031C4U6, STM32C031C6T3, STM32C031C6T6, STM32C031C6U3, STM32C031C6U6, STM32C031F4P3, STM32C031F4P6, STM32C031F6P3, STM32C031F6P6, STM32C031G4U3, STM32C031G4U6, STM32C031G6U3, STM32C031G6U6, STM32C031K4T3, STM32C031K4T6, STM32C031K4U3, STM32C031K4U6, STM32C031K6T3, STM32C031K6T6, STM32C031K6U3, STM32C031K6U6, STM32G071K8TXN, STM32G071K8UXN, STM32G081GBU6N, STM32G081KBT6N, STM32G081KBUXN, STM32G0B1CCT6N, STM32G0B1KCT6, STM32G0B1NEY6TR, STM32G0B1RCT6N, STM32G0C1CCT6, STM32G0C1CCT6N, STM32G0C1CCU6N, STM32G0C1CET6N, STM32G0C1CEU6N, STM32G0C1KCT6, STM32G0C1NEY6TR, STM32G0C1RCI6N, STM32G0C1RCT6N, STM32G0C1REI6N, STM32G0C1RET6N, STM32G0C1VCI6, STM32G0C1VEI6, STM32G471CCT6, STM32G471CCU6, STM32G471CET3, STM32G471CET6, STM32G471CEU3, STM32G471CEU6, STM32G471MCT6, STM32G471MET3, STM32G471MET6, STM32G471MEY6TR, STM32G471QCT6, STM32G471QET3, STM32G471RCT6, STM32G471RET3, STM32G471RET6, STM32G471VCH6, STM32G471VCI6, STM32G471VCT6, STM32G471VEH3, STM32G471VEH6, STM32G471VEI3, STM32G471VEI6, STM32G471VET3, STM32G471VET6, STM32G474CCT6, STM32H503CBT6, STM32H503CBU6, STM32H503EBY6TR, STM32H503KBU6, STM32H503RBT6, STM32H562AGI6, STM32H562AII6, STM32H562IGK6, STM32H562IGT6, STM32H562IIK6, STM32H562IIT6, STM32H562RGT6, STM32H562RGV6, STM32H562RIT6, STM32H562RIV6, STM32H562VGT6, STM32H562VIT6, STM32H562ZGT6, STM32H562ZIT6, STM32H563AGI6, STM32H563AII3Q, STM32H563AII6, STM32H563IGK6, STM32H563IGT6, STM32H563IIK3Q, STM32H563IIK6, STM32H563IIT3Q, STM32H563IIT6, STM32H563MIY3QTR, STM32H563RGT6, STM32H563RGV6, STM32H563RIT6, STM32H563RIV6, STM32H563VGT6, STM32H563VIT3Q, STM32H563VIT6, STM32H563ZGT6, STM32H563ZIT3Q, STM32H563ZIT6, STM32H573AII3Q, STM32H573AII6, STM32H573I-DK, STM32H573IIK3Q, STM32H573IIK6, STM32H573IIT3Q, STM32H573IIT6, STM32H573MIY3QTR, STM32H573RIT6, STM32H573RIV6, STM32H573VIT3Q, STM32H573VIT6, STM32H573ZIT3Q, STM32H573ZIT6, STM32L4R5QGI6STR, STM32MP131AAE3, STM32MP131AAF3, STM32MP131AAG3, STM32MP131CAE3, STM32MP131CAF3, STM32MP131CAG3, STM32MP131DAE7, STM32MP131DAF7, STM32MP131DAG7, STM32MP131FAE7, STM32MP131FAF7, STM32MP131FAG7, STM32MP133AAE3, STM32MP133AAF3, STM32MP133AAG3, STM32MP133CAE3, STM32MP133CAF3, STM32MP133CAG3, STM32MP133DAE7, STM32MP133DAF7, STM32MP133DAG7, STM32MP133FAE7, STM32MP133FAF7, STM32MP133FAG7, STM32MP135AAE3, STM32MP135AAF3, STM32MP135AAG3, STM32MP135CAE3, STM32MP135CAF3, STM32MP135CAG3, STM32MP135DAE7, STM32MP135DAF7, STM32MP135DAG7, STM32MP135F-DK, STM32MP135FAE7, STM32MP135FAF7, STM32MP135FAF7T, STM32MP135FAF7U, STM32MP135FAG7, STM32U535CBT6, STM32U535CBT6Q, STM32U535CBU6, STM32U535CBU6Q, STM32U535CCT6, STM32U535CCT6Q, STM32U535CCU6, STM32U535CCU6Q, STM32U535CET6, STM32U535CET6Q, STM32U535CEU6, STM32U535CEU6Q, STM32U535JEY6QTR, STM32U535NCY6QTR, STM32U535NEY6QTR, STM32U535RBI6, STM32U535RBI6Q, STM32U535RBT6, STM32U535RBT6Q, STM32U535RCI6, STM32U535RCI6Q, STM32U535RCT6, STM32U535RCT6Q, STM32U535REI6, STM32U535REI6Q, STM32U535RET6, STM32U535RET6Q, STM32U535VCI6, STM32U535VCI6Q, STM32U535VCT6, STM32U535VCT6Q, STM32U535VEI6, STM32U535VEI6Q, STM32U535VET6, STM32U535VET6Q, STM32U545CET6, STM32U545CET6Q, STM32U545CEU6, STM32U545CEU6Q, STM32U545JEY6QTR, STM32U545NEY6QTR, STM32U545REI6, STM32U545REI6Q, STM32U545RET6, STM32U545RET6Q, STM32U545VEI6, STM32U545VEI6Q, STM32U545VET6, STM32U545VET6Q, STM32U595AIH6, STM32U595AIH6Q, STM32U595AJH6, STM32U595AJH6Q, STM32U595QII6, STM32U595QII6Q, STM32U595QJI6, STM32U595QJI6Q, STM32U595RIT6, STM32U595RIT6Q, STM32U595RJT6, STM32U595RJT6Q, STM32U595VIT6, STM32U595VIT6Q, STM32U595VJT6, STM32U595VJT6Q, STM32U595ZIT6, STM32U595ZIT6Q, STM32U595ZIY6QTR, STM32U595ZJT6, STM32U595ZJT6Q, STM32U595ZJY6QTR, STM32U599BJY6QTR, STM32U599NIH6Q, STM32U599NJH6Q, STM32U599VIT6Q, STM32U599VJT6, STM32U599VJT6Q, STM32U599ZIT6Q, STM32U599ZIY6QTR, STM32U599ZJT6Q, STM32U599ZJY6QTR, STM32U5A5AJH6, STM32U5A5AJH6Q, STM32U5A5QJI6, STM32U5A5QJI6Q, STM32U5A5RJT6, STM32U5A5RJT6Q, STM32U5A5VJT6, STM32U5A5VJT6Q, STM32U5A5ZJT6, STM32U5A5ZJT6Q, STM32U5A5ZJY6QTR, STM32U5A9BJY6QTR, STM32U5A9J-DK, STM32U5A9NJH6Q, STM32U5A9VJT6Q, STM32U5A9ZJT6Q, STM32U5A9ZJY6QTR, STM32WB1MMCH6, STM32WBA52CEU6, STM32WBA52CEU6T, STM32WBA52CGU6, STM32WBA52CGU6T, STM32WL5MOCH6, STM32WL5MOCH6TR]
2024-12-16 20:50:11,530 [INFO] DbMcus:216 - Found 4366 MCUs, 4366 are supported
2024-12-16 20:50:11,533 [INFO] ApiDb:423 - Load user favorites file C:\Users\voine/.stm32cubeide/favorites.mcus.txt: 0 item(s)
2024-12-16 20:50:11,533 [INFO] ApiDb:427 - User favorites MCUs=[]
2024-12-16 20:50:11,533 [INFO] DbMcus:222 - Set 0 / 0 favorites MCUs
2024-12-16 20:50:12,027 [WARN] ThirdParty:833 - waiting for thirdparty lock release [change project]
2024-12-16 20:50:12,027 [INFO] ThirdParty:835 - entering critical section [change project]
2024-12-16 20:50:12,027 [INFO] ThirdParty:1030 - CMSIS Pack Vendor :STMicroelectronics X-CUBE-AZRTOS-H7 3.3.0
2024-12-16 20:50:12,027 [INFO] ThirdParty:1030 - CMSIS Pack Vendor :STMicroelectronics X-CUBE-NFC9 1.0.0
2024-12-16 20:50:12,027 [INFO] ThirdParty:1030 - CMSIS Pack Vendor :STMicroelectronics X-CUBE-GNSS1 6.0.0
2024-12-16 20:50:12,027 [INFO] ThirdParty:1030 - CMSIS Pack Vendor :STMicroelectronics USB_HOST 2.0.0
2024-12-16 20:50:12,027 [INFO] ThirdParty:1030 - CMSIS Pack Vendor :STMicroelectronics FP-SNS-MOTENVWB1 1.4.0
2024-12-16 20:50:12,027 [INFO] ThirdParty:1030 - CMSIS Pack Vendor :STMicroelectronics X-CUBE-AZRTOS-F4 1.1.0
2024-12-16 20:50:12,027 [INFO] ThirdParty:1030 - CMSIS Pack Vendor :STMicroelectronics LIBJPEG 8.0.0
2024-12-16 20:50:12,028 [INFO] ThirdParty:1030 - CMSIS Pack Vendor :STMicroelectronics FP-ATR-ASTRA1 2.0.1
2024-12-16 20:50:12,028 [INFO] ThirdParty:1030 - CMSIS Pack Vendor :STMicroelectronics X-CUBE-SMBUS 2.1.0
2024-12-16 20:50:12,028 [INFO] ThirdParty:1030 - CMSIS Pack Vendor :STMicroelectronics X-CUBE-WB05N 1.1.0
2024-12-16 20:50:12,028 [INFO] ThirdParty:1030 - CMSIS Pack Vendor :STMicroelectronics USB_DEVICE 3.0.0
2024-12-16 20:50:12,028 [INFO] ThirdParty:1030 - CMSIS Pack Vendor :STMicroelectronics X-CUBE-TCPP 4.1.0
2024-12-16 20:50:12,028 [INFO] ThirdParty:1030 - CMSIS Pack Vendor :STMicroelectronics X-CUBE-ISPU 2.1.0
2024-12-16 20:50:12,028 [INFO] ThirdParty:1030 - CMSIS Pack Vendor :STMicroelectronics X-CUBE-FREERTOS 1.2.0
2024-12-16 20:50:12,028 [INFO] ThirdParty:1030 - CMSIS Pack Vendor :STMicroelectronics X-CUBE-AZRTOS-WB 2.0.0
2024-12-16 20:50:12,028 [INFO] ThirdParty:1030 - CMSIS Pack Vendor :wolfSSL I-CUBE-wolfSSL 5.6.6
2024-12-16 20:50:12,028 [INFO] ThirdParty:1030 - CMSIS Pack Vendor :STMicroelectronics X-CUBE-GNSS1 7.0.0
2024-12-16 20:50:12,028 [INFO] ThirdParty:1030 - CMSIS Pack Vendor :STMicroelectronics X-CUBE-TOUCHGFX 4.23.1
2024-12-16 20:50:12,028 [INFO] ThirdParty:1030 - CMSIS Pack Vendor :STMicroelectronics X-CUBE-TOUCHGFX 4.23.0
2024-12-16 20:50:12,028 [INFO] ThirdParty:1030 - CMSIS Pack Vendor :STMicroelectronics X-CUBE-TOUCHGFX 4.23.2
2024-12-16 20:50:12,028 [INFO] ThirdParty:1030 - CMSIS Pack Vendor :STMicroelectronics X-CUBE-AZRTOS-F7 1.1.0
2024-12-16 20:50:12,028 [INFO] ThirdParty:1030 - CMSIS Pack Vendor :STMicroelectronics X-CUBE-AZRTOS-L5 2.0.0
2024-12-16 20:50:12,028 [INFO] ThirdParty:1030 - CMSIS Pack Vendor :STMicroelectronics USB_DEVICE 2.0.0
2024-12-16 20:50:12,028 [INFO] ThirdParty:1030 - CMSIS Pack Vendor :STMicroelectronics X-CUBE-NFC6 3.1.0
2024-12-16 20:50:12,028 [INFO] ThirdParty:1030 - CMSIS Pack Vendor :ITTIA_DB I-CUBE-ITTIADB 8.8.0
2024-12-16 20:50:12,028 [INFO] ThirdParty:1030 - CMSIS Pack Vendor :STMicroelectronics FP-SNS-MOTENV1 4.3.2
2024-12-16 20:50:12,028 [INFO] ThirdParty:1030 - CMSIS Pack Vendor :STMicroelectronics X-CUBE-ALGOBUILD 1.3.0
2024-12-16 20:50:12,028 [INFO] ThirdParty:1030 - CMSIS Pack Vendor :STMicroelectronics X-CUBE-MEMS1 11.0.0
2024-12-16 20:50:12,028 [INFO] ThirdParty:1030 - CMSIS Pack Vendor :STMicroelectronics FreeRTOS 0.0.1
2024-12-16 20:50:12,028 [INFO] ThirdParty:1030 - CMSIS Pack Vendor :STMicroelectronics X-CUBE-AZRTOS-G0 1.1.0
2024-12-16 20:50:12,028 [INFO] ThirdParty:1030 - CMSIS Pack Vendor :STMicroelectronics X-CUBE-SAFEA1 1.2.2
2024-12-16 20:50:12,028 [INFO] ThirdParty:1030 - CMSIS Pack Vendor :STMicroelectronics X-CUBE-NFC4 3.0.0
2024-12-16 20:50:12,028 [INFO] ThirdParty:1030 - CMSIS Pack Vendor :STMicroelectronics X-CUBE-SUBG2 5.0.0
2024-12-16 20:50:12,028 [INFO] ThirdParty:1030 - CMSIS Pack Vendor :STMicroelectronics STM32_WPAN 1.0.0
2024-12-16 20:50:12,028 [INFO] ThirdParty:1030 - CMSIS Pack Vendor :STMicroelectronics lwIP 2.0.3
2024-12-16 20:50:12,028 [INFO] ThirdParty:1030 - CMSIS Pack Vendor :STMicroelectronics FP-SNS-FLIGHT1 5.0.2
2024-12-16 20:50:12,028 [INFO] ThirdParty:1030 - CMSIS Pack Vendor :Cesanta I-CUBE-Mongoose 7.13.0
2024-12-16 20:50:12,028 [INFO] ThirdParty:1030 - CMSIS Pack Vendor :STMicroelectronics USB_HOST 1.0.0
2024-12-16 20:50:12,028 [INFO] ThirdParty:1030 - CMSIS Pack Vendor :STMicroelectronics X-CUBE-AI 9.0.0
2024-12-16 20:50:12,028 [INFO] ThirdParty:1030 - CMSIS Pack Vendor :STMicroelectronics X-CUBE-AZRTOS-G4 2.0.0
2024-12-16 20:50:12,028 [INFO] ThirdParty:1030 - CMSIS Pack Vendor :STMicroelectronics PDM2PCM 3.1.0
2024-12-16 20:50:12,028 [INFO] ThirdParty:1030 - CMSIS Pack Vendor :Infineon AIROC-Wi-Fi-Bluetooth-STM32 1.5.1
2024-12-16 20:50:12,028 [INFO] ThirdParty:1030 - CMSIS Pack Vendor :STMicroelectronics X-CUBE-BLEMGR 3.0.0
2024-12-16 20:50:12,028 [INFO] ThirdParty:1030 - CMSIS Pack Vendor :STMicroelectronics PDM2PCM 3.3.0
2024-12-16 20:50:12,028 [INFO] ThirdParty:1030 - CMSIS Pack Vendor :STMicroelectronics X-CUBE-DISPLAY 3.0.0
2024-12-16 20:50:12,029 [INFO] ThirdParty:1030 - CMSIS Pack Vendor :STMicroelectronics FP-SNS-MOTENVWB1 1.3.1
2024-12-16 20:50:12,029 [INFO] ThirdParty:1030 - CMSIS Pack Vendor :STMicroelectronics X-CUBE-BLE1 7.0.0
2024-12-16 20:50:12,029 [INFO] ThirdParty:1030 - CMSIS Pack Vendor :STMicroelectronics FP-ATR-SIGFOX1 3.2.0
2024-12-16 20:50:12,029 [INFO] ThirdParty:1030 - CMSIS Pack Vendor :STMicroelectronics X-CUBE-NFC10 1.0.0
2024-12-16 20:50:12,029 [INFO] ThirdParty:1030 - CMSIS Pack Vendor :STMicroelectronics X-CUBE-ISPU 2.0.0
2024-12-16 20:50:12,029 [INFO] ThirdParty:1030 - CMSIS Pack Vendor :STMicroelectronics X-CUBE-EEPRMA1 5.1.0
2024-12-16 20:50:12,038 [INFO] ThirdParty:1030 - CMSIS Pack Vendor :STMicroelectronics HAL Drivers 0.0.0
2024-12-16 20:50:12,038 [INFO] ThirdParty:1030 - CMSIS Pack Vendor :STMicroelectronics MBEDTLS 2.16.2
2024-12-16 20:50:12,038 [INFO] ThirdParty:1030 - CMSIS Pack Vendor :STMicroelectronics X-CUBE-ALS 1.0.2
2024-12-16 20:50:12,038 [INFO] ThirdParty:1030 - CMSIS Pack Vendor :emotas I-CUBE-CANOPEN 1.3.0
2024-12-16 20:50:12,038 [INFO] ThirdParty:1030 - CMSIS Pack Vendor :STMicroelectronics X-CUBE-FREERTOS 1.3.0
2024-12-16 20:50:12,039 [INFO] ThirdParty:1030 - CMSIS Pack Vendor :STMicroelectronics X-CUBE-MEMS1 10.0.0
2024-12-16 20:50:12,039 [INFO] ThirdParty:1030 - CMSIS Pack Vendor :STMicroelectronics X-CUBE-FREERTOS 1.1.0
2024-12-16 20:50:12,039 [INFO] ThirdParty:1030 - CMSIS Pack Vendor :STMicroelectronics X-CUBE-NFC7 1.0.1
2024-12-16 20:50:12,039 [INFO] ThirdParty:1030 - CMSIS Pack Vendor :STMicroelectronics MBEDTLS 2.14.1
2024-12-16 20:50:12,039 [INFO] ThirdParty:1030 - CMSIS Pack Vendor :STMicroelectronics X-CUBE-TOUCHGFX 4.24.1
2024-12-16 20:50:12,039 [INFO] ThirdParty:1030 - CMSIS Pack Vendor :STMicroelectronics X-CUBE-NFC6 3.0.0
2024-12-16 20:50:12,039 [INFO] ThirdParty:1030 - CMSIS Pack Vendor :wolfSSL I-CUBE-wolfTPM 3.4.0
2024-12-16 20:50:12,039 [INFO] ThirdParty:1030 - CMSIS Pack Vendor :portGmbH I-Cube-SoM-uGOAL 1.1.0
2024-12-16 20:50:12,040 [INFO] ThirdParty:1030 - CMSIS Pack Vendor :STMicroelectronics X-CUBE-ALS 1.0.1
2024-12-16 20:50:12,040 [INFO] ThirdParty:1030 - CMSIS Pack Vendor :STMicroelectronics X-CUBE-BLEMGR 3.1.0
2024-12-16 20:50:12,040 [INFO] ThirdParty:1030 - CMSIS Pack Vendor :STMicroelectronics ThreadX 1.0.0
2024-12-16 20:50:12,040 [INFO] ThirdParty:1030 - CMSIS Pack Vendor :STMicroelectronics FP-SNS-SMARTAG2 1.2.0
2024-12-16 20:50:12,040 [INFO] ThirdParty:1030 - CMSIS Pack Vendor :STMicroelectronics X-CUBE-AZRTOS-WL 2.0.0
2024-12-16 20:50:12,040 [INFO] ThirdParty:1030 - CMSIS Pack Vendor :SEGGER I-CUBE-embOS 1.3.1
2024-12-16 20:50:12,040 [INFO] ThirdParty:1030 - CMSIS Pack Vendor :STMicroelectronics X-CUBE-ALGOBUILD 1.4.0
2024-12-16 20:50:12,040 [INFO] ThirdParty:1030 - CMSIS Pack Vendor :STMicroelectronics FP-SNS-MOTENV1 5.0.0
2024-12-16 20:50:12,040 [INFO] ThirdParty:1030 - CMSIS Pack Vendor :STMicroelectronics USB_DEVICE 1.0.0
2024-12-16 20:50:12,041 [INFO] ThirdParty:1030 - CMSIS Pack Vendor :STMicroelectronics X-CUBE-AI 8.1.0
2024-12-16 20:50:12,041 [INFO] ThirdParty:1030 - CMSIS Pack Vendor :STMicroelectronics X-CUBE-AZRTOS-H7RS 1.0.0
2024-12-16 20:50:12,041 [INFO] ThirdParty:1030 - CMSIS Pack Vendor :wolfSSL I-CUBE-wolfMQTT 1.19.0
2024-12-16 20:50:12,041 [INFO] ThirdParty:1030 - CMSIS Pack Vendor :STMicroelectronics X-CUBE-AZRTOS-L4 2.0.0
2024-12-16 20:50:12,041 [INFO] ThirdParty:1030 - CMSIS Pack Vendor :STMicroelectronics ThreadX 0.0.2
2024-12-16 20:50:12,041 [INFO] ThirdParty:1030 - CMSIS Pack Vendor :WES I-CUBE-Cesium 1.3.0
2024-12-16 20:50:12,041 [INFO] ThirdParty:1030 - CMSIS Pack Vendor :STMicroelectronics FP-ATR-ASTRA1 2.0.0
2024-12-16 20:50:12,041 [INFO] ThirdParty:1030 - CMSIS Pack Vendor :STMicroelectronics lwIP 2.1.2
2024-12-16 20:50:12,042 [INFO] ThirdParty:1030 - CMSIS Pack Vendor :STMicroelectronics X-CUBE-SFXS2LP1 4.0.0
2024-12-16 20:50:12,042 [INFO] ThirdParty:1030 - CMSIS Pack Vendor :STMicroelectronics X-CUBE-BLE2 3.3.0
2024-12-16 20:50:12,042 [INFO] ThirdParty:1030 - CMSIS Pack Vendor :STMicroelectronics X-CUBE-AI 9.1.0
2024-12-16 20:50:12,042 [INFO] ThirdParty:1030 - CMSIS Pack Vendor :STMicroelectronics X-CUBE-TOF1 3.4.0
2024-12-16 20:50:12,042 [INFO] ThirdParty:1030 - CMSIS Pack Vendor :STMicroelectronics X-CUBE-TOF1 3.4.1
2024-12-16 20:50:12,042 [INFO] ThirdParty:1030 - CMSIS Pack Vendor :STMicroelectronics X-CUBE-AZRTOS-H7 3.2.0
2024-12-16 20:50:12,042 [INFO] ThirdParty:1030 - CMSIS Pack Vendor :STMicroelectronics PDM2PCM 3.2.0
2024-12-16 20:50:12,042 [INFO] ThirdParty:1030 - CMSIS Pack Vendor :wolfSSL I-CUBE-wolfSSH 1.4.17
2024-12-16 20:50:12,042 [INFO] ThirdParty:841 - exiting critical section [change project]
2024-12-16 20:50:12,400 [INFO] PinOutPanel:1499 - setPackage(No Configuration,No Configuration)
2024-12-16 20:50:12,403 [INFO] PinOutPanel:1499 - setPackage(STM32F401RETx,LQFP64)
2024-12-16 20:50:13,340 [INFO] UtilMem:75 - Before build in PCC Used Memory: 602515008 Bytes (654311424)
2024-12-16 20:50:14,684 [INFO] UtilMem:75 - After build in PCC Used Memory: 629627272 Bytes (654311424)
2024-12-16 20:50:14,720 [INFO] IPUIPlugin:80 - create IPUIPlugin
2024-12-16 20:50:14,721 [INFO] IPUIPlugin:80 - create IPUIPlugin
2024-12-16 20:50:14,721 [INFO] IPUIPlugin:80 - create IPUIPlugin
2024-12-16 20:50:14,722 [INFO] IPUIPlugin:80 - create IPUIPlugin
2024-12-16 20:50:14,722 [INFO] IPUIPlugin:80 - create IPUIPlugin
2024-12-16 20:50:14,722 [INFO] IPUIPlugin:80 - create IPUIPlugin
2024-12-16 20:50:14,722 [INFO] IPUIPlugin:80 - create IPUIPlugin
2024-12-16 20:50:14,723 [INFO] IPUIPlugin:80 - create IPUIPlugin
2024-12-16 20:50:14,723 [INFO] IPUIPlugin:80 - create IPUIPlugin
2024-12-16 20:50:14,723 [INFO] IPUIPlugin:80 - create IPUIPlugin
2024-12-16 20:50:14,724 [INFO] IPUIPlugin:80 - create IPUIPlugin
2024-12-16 20:50:14,724 [INFO] IPUIPlugin:80 - create IPUIPlugin
2024-12-16 20:50:14,724 [INFO] IPUIPlugin:80 - create IPUIPlugin
2024-12-16 20:50:14,725 [INFO] IPUIPlugin:80 - create IPUIPlugin
2024-12-16 20:50:14,725 [INFO] IPUIPlugin:80 - create IPUIPlugin
2024-12-16 20:50:14,725 [INFO] IPUIPlugin:80 - create IPUIPlugin
2024-12-16 20:50:14,726 [INFO] IPUIPlugin:80 - create IPUIPlugin
2024-12-16 20:50:14,726 [INFO] IPUIPlugin:80 - create IPUIPlugin
2024-12-16 20:50:14,726 [INFO] IPUIPlugin:80 - create IPUIPlugin
2024-12-16 20:50:14,727 [INFO] IPUIPlugin:80 - create IPUIPlugin
2024-12-16 20:50:14,727 [INFO] IPUIPlugin:80 - create IPUIPlugin
2024-12-16 20:50:14,727 [INFO] IPUIPlugin:80 - create IPUIPlugin
2024-12-16 20:50:14,728 [INFO] IPUIPlugin:80 - create IPUIPlugin
2024-12-16 20:50:14,728 [INFO] IPUIPlugin:80 - create IPUIPlugin
2024-12-16 20:50:14,728 [INFO] IPUIPlugin:80 - create IPUIPlugin
2024-12-16 20:50:14,730 [INFO] IPUIPlugin:80 - create IPUIPlugin
2024-12-16 20:50:14,730 [INFO] IPUIPlugin:80 - create IPUIPlugin
2024-12-16 20:50:14,730 [INFO] IPUIPlugin:80 - create IPUIPlugin
2024-12-16 20:50:14,731 [INFO] IPUIPlugin:80 - create IPUIPlugin
2024-12-16 20:50:14,731 [INFO] IPUIPlugin:80 - create IPUIPlugin
2024-12-16 20:50:14,732 [INFO] IPUIPlugin:80 - create IPUIPlugin
2024-12-16 20:50:14,732 [INFO] IPUIPlugin:80 - create IPUIPlugin
2024-12-16 20:50:14,732 [INFO] IPUIPlugin:80 - create IPUIPlugin
2024-12-16 20:50:14,733 [INFO] IPUIPlugin:80 - create IPUIPlugin
2024-12-16 20:50:14,733 [INFO] IPUIPlugin:80 - create IPUIPlugin
2024-12-16 20:50:14,734 [INFO] IPUIPlugin:80 - create IPUIPlugin
2024-12-16 20:50:14,734 [INFO] IPUIPlugin:80 - create IPUIPlugin
2024-12-16 20:50:14,735 [INFO] IPUIPlugin:80 - create IPUIPlugin
2024-12-16 20:50:14,866 [INFO] ApiDbMcu:507 - Load IP Config File for PDM2PCM
2024-12-16 20:50:15,146 [INFO] CADModel:165 - CPN selected for project levelSTM32F401RET6
2024-12-16 20:50:15,147 [INFO] CADModel:114 - Register for checkConnection events
2024-12-16 20:50:15,199 [INFO] OpenFileManager:328 - Restore cursor
2024-12-16 20:55:16,748 [INFO] Gpio:273 - dependency for GPIO [RCC, SYS, USART2]
2024-12-16 20:55:32,756 [INFO] Gpio:273 - dependency for GPIO [RCC, SYS, USART2]
2024-12-16 20:55:37,915 [INFO] UtilMem:75 - End SaveConfig() Used Memory: 636502208 Bytes (735051776)
2024-12-16 20:55:39,304 [INFO] UtilMem:75 - End SaveConfig() Used Memory: 612311448 Bytes (735051776)
2024-12-16 20:55:41,128 [INFO] UtilMem:75 - End SaveConfig() Used Memory: 646392216 Bytes (735051776)
2024-12-16 20:55:41,693 [INFO] BlockDiagram:2759 - set Specific Code input for plugin: NVIC
2024-12-16 20:55:41,693 [INFO] BlockDiagram:2759 - set Specific Code input for plugin: USART
2024-12-16 20:55:41,693 [INFO] BlockDiagram:2759 - set Specific Code input for plugin: TIM1_8
2024-12-16 20:55:41,693 [INFO] BlockDiagram:2759 - set Specific Code input for plugin: SYS
2024-12-16 20:55:41,693 [INFO] BlockDiagram:2759 - set Specific Code input for plugin: GPIO
2024-12-16 20:55:41,693 [INFO] BlockDiagram:2759 - set Specific Code input for plugin: RCC
2024-12-16 20:55:41,693 [INFO] CodeGenerator:793 - code generatio: config db path: C:\ST\STM32CubeIDE_1.12.1\STM32CubeIDE\plugins\com.st.stm32cube.common.mx_6.8.1.202304191431\\db\
2024-12-16 20:55:42,144 [INFO] CodeEngine:255 - oldGeneratedFile, C:\Users\voine\STM32CubeIDE\DegreeWS\HAL_Playground\MXTmpFiles\license.tmp_save
2024-12-16 20:55:42,521 [INFO] CodeEngine:279 - Generated code: C:\Users\voine\STM32CubeIDE\DegreeWS\HAL_Playground\MXTmpFiles\license.tmp
2024-12-16 20:55:42,615 [INFO] CodeEngine:255 - oldGeneratedFile, C:\Users\voine\STM32CubeIDE\DegreeWS\HAL_Playground\MXTmpFiles\gpio.tmp_save
2024-12-16 20:55:42,835 [INFO] CodeEngine:279 - Generated code: C:\Users\voine\STM32CubeIDE\DegreeWS\HAL_Playground\MXTmpFiles\gpio.tmp
2024-12-16 20:55:43,038 [INFO] CodeEngine:255 - oldGeneratedFile, C:\Users\voine\STM32CubeIDE\DegreeWS\HAL_Playground\Core\Src\stm32f4xx_it.c_save
2024-12-16 20:55:43,285 [INFO] CodeEngine:279 - Generated code: C:\Users\voine\STM32CubeIDE\DegreeWS\HAL_Playground\Core\Src\stm32f4xx_it.c
2024-12-16 20:55:43,316 [INFO] CodeEngine:255 - oldGeneratedFile, C:\Users\voine\STM32CubeIDE\DegreeWS\HAL_Playground\Core\Inc\stm32f4xx_it.h_save
2024-12-16 20:55:43,442 [INFO] CodeEngine:279 - Generated code: C:\Users\voine\STM32CubeIDE\DegreeWS\HAL_Playground\Core\Inc\stm32f4xx_it.h
2024-12-16 20:55:43,489 [INFO] CodeEngine:255 - oldGeneratedFile, C:\Users\voine\STM32CubeIDE\DegreeWS\HAL_Playground\Core\Src\stm32f4xx_hal_msp.c_save
2024-12-16 20:55:43,709 [INFO] CodeEngine:279 - Generated code: C:\Users\voine\STM32CubeIDE\DegreeWS\HAL_Playground\Core\Src\stm32f4xx_hal_msp.c
2024-12-16 20:55:43,724 [INFO] CodeEngine:255 - oldGeneratedFile, C:\Users\voine\STM32CubeIDE\DegreeWS\HAL_Playground\MXTmpFiles\system.tmp_save
2024-12-16 20:55:43,803 [INFO] CodeEngine:279 - Generated code: C:\Users\voine\STM32CubeIDE\DegreeWS\HAL_Playground\MXTmpFiles\system.tmp
2024-12-16 20:55:43,834 [INFO] CodeEngine:311 - oldGeneratedFile, C:\Users\voine\STM32CubeIDE\DegreeWS\HAL_Playground\Core\Inc\stm32f4xx_hal_conf.h_save
2024-12-16 20:55:43,944 [INFO] CodeEngine:335 - Generated code: C:\Users\voine\STM32CubeIDE\DegreeWS\HAL_Playground\Core\Inc\stm32f4xx_hal_conf.h
2024-12-16 20:55:43,975 [WARN] IPConfigManager:3431 - IP not found : TIM
2024-12-16 20:55:43,975 [WARN] CodeGenerator:3754 - IP not found : null
2024-12-16 20:55:44,007 [INFO] CodeEngine:255 - oldGeneratedFile, C:\Users\voine\STM32CubeIDE\DegreeWS\HAL_Playground\Core\Inc\main.h_save
2024-12-16 20:55:44,130 [INFO] CodeEngine:279 - Generated code: C:\Users\voine\STM32CubeIDE\DegreeWS\HAL_Playground\Core\Inc\main.h
2024-12-16 20:55:44,146 [INFO] CodeEngine:255 - oldGeneratedFile, C:\Users\voine\STM32CubeIDE\DegreeWS\HAL_Playground\Core\Src\main.c_save
2024-12-16 20:55:44,303 [INFO] CodeEngine:279 - Generated code: C:\Users\voine\STM32CubeIDE\DegreeWS\HAL_Playground\Core\Src\main.c
2024-12-16 20:55:45,064 [INFO] ProjectBuilder:2996 - Time for Copy HAL[1] : 226mS.
2024-12-16 20:55:45,067 [INFO] ProjectBuilder:4304 - Project Generator version: 3.19.2
2024-12-16 20:55:45,333 [INFO] ConfigFileManager:1483 - The Die is : DIE433
2024-12-16 20:55:45,349 [INFO] ApiDbMcu:507 - Load IP Config File for FATFS
2024-12-16 20:55:45,364 [INFO] ApiDbMcu:507 - Load IP Config File for FREERTOS
2024-12-16 20:55:45,380 [INFO] ApiDbMcu:507 - Load IP Config File for LIBJPEG
2024-12-16 20:55:45,396 [INFO] ApiDbMcu:507 - Load IP Config File for MBEDTLS
2024-12-16 20:55:45,411 [INFO] ApiDbMcu:507 - Load IP Config File for USB_DEVICE
2024-12-16 20:55:45,427 [INFO] ApiDbMcu:507 - Load IP Config File for USB_HOST
2024-12-16 20:55:46,522 [INFO] LogOutputStream:77 - [STDOUT_REDIRECT] 
2024-12-16 20:55:48,287 [INFO] ProjectBuilder:4505 - Time for Generating toolchain IDE Files: 3204mS.
2024-12-16 20:55:48,287 [INFO] ProjectBuilder:2867 - Time for Copy CMSIS : 0mS.
2024-12-16 20:55:48,287 [INFO] ProjectBuilder:2867 - Time for Copy CMSIS : 0mS.
