2025-03-26 10:14:20,791 [INFO] Activator:176 - 


2025-03-26 10:14:20,807 [INFO] Activator:177 - !SESSION log4j initialized
2025-03-26 10:14:35,826 [INFO] LogOutputStream:77 - [STDOUT_REDIRECT] 
2025-03-26 10:15:02,385 [ERROR] LogOutputStream:75 - [STDERR_REDIRECT] SLF4J: Failed to load class "org.slf4j.impl.StaticLoggerBinder".
2025-03-26 10:15:02,385 [ERROR] LogOutputStream:75 - [STDERR_REDIRECT] SLF4J: Defaulting to no-operation (NOP) logger implementation
2025-03-26 10:15:02,385 [ERROR] LogOutputStream:75 - [STDERR_REDIRECT] SLF4J: See http://www.slf4j.org/codes.html#StaticLoggerBinder for further details.
2025-03-26 10:30:15,720 [INFO] Activator:176 - 


2025-03-26 10:30:15,724 [INFO] Activator:177 - !SESSION log4j initialized
2025-03-26 10:30:28,856 [INFO] LogOutputStream:77 - [STDOUT_REDIRECT] 
2025-03-26 10:30:52,915 [ERROR] LogOutputStream:75 - [STDERR_REDIRECT] SLF4J: Failed to load class "org.slf4j.impl.StaticLoggerBinder".
2025-03-26 10:30:52,918 [ERROR] LogOutputStream:75 - [STDERR_REDIRECT] SLF4J: Defaulting to no-operation (NOP) logger implementation
2025-03-26 10:30:52,924 [ERROR] LogOutputStream:75 - [STDERR_REDIRECT] SLF4J: See http://www.slf4j.org/codes.html#StaticLoggerBinder for further details.
2025-03-26 10:34:02,493 [INFO] ApplicationProperties:184 - Using Application install path: C:\ST\STM32CubeIDE_1.12.1\STM32CubeIDE\plugins\com.st.stm32cube.common.mx_6.8.1.202304191431
2025-03-26 10:34:02,555 [INFO] DbMcusXml:78 - Set database path to: C:\ST\STM32CubeIDE_1.12.1\STM32CubeIDE\plugins\com.st.stm32cube.common.mx_6.8.1.202304191431\\db\/mcu/
2025-03-26 10:34:02,556 [INFO] ApiDb:274 - Set plugin database path to: C:\ST\STM32CubeIDE_1.12.1\STM32CubeIDE\plugins\com.st.stm32cube.common.mx_6.8.1.202304191431\\db\/plugins/boardmanager/
2025-03-26 10:34:02,564 [WARN] ApiDb:259 - Overriding images path with different value:  => C:\ST\STM32CubeIDE_1.12.1\STM32CubeIDE\plugins\com.st.stm32cube.common.mx_6.8.1.202304191431\\db\/plugins/mcufinder/images/
2025-03-26 10:34:02,617 [INFO] ApiDb:250 - Set database path to: C:\Users\voine\.stmcufinder\plugins\mcufinder//mcu/
2025-03-26 10:34:02,623 [INFO] DbMcusAds:125 - Set database path to: C:\Users\voine\.stmcufinder\plugins\mcufinder//mcu/
2025-03-26 10:34:02,675 [INFO] CrossReferenceDbSqlite:203 - Set database path to: C:\Users\voine\.stmcufinder\plugins\mcufinder//mcu/cs/
2025-03-26 10:34:02,917 [INFO] RulesReader:64 - Compatibility file has been processed (293 Rules)
2025-03-26 10:34:03,138 [INFO] DbMcusXml:78 - Set database path to: C:\ST\STM32CubeIDE_1.12.1\STM32CubeIDE\plugins\com.st.stm32cube.common.mx_6.8.1.202304191431\\db\/mcu/
2025-03-26 10:34:03,138 [INFO] ApiDb:274 - Set plugin database path to: C:\ST\STM32CubeIDE_1.12.1\STM32CubeIDE\plugins\com.st.stm32cube.common.mx_6.8.1.202304191431\\db\/plugins/boardmanager/
2025-03-26 10:34:03,138 [INFO] ApiDb:261 - Set plugin images path to: C:\ST\STM32CubeIDE_1.12.1\STM32CubeIDE\plugins\com.st.stm32cube.common.mx_6.8.1.202304191431\\db\/plugins/mcufinder/images/
2025-03-26 10:34:03,139 [WARN] DbFile:41 - Overriding database path with different value: C:\Users\voine\.stmcufinder\plugins\mcufinder/ => C:\Users\voine\.stmcufinder\plugins\mcufinder
2025-03-26 10:34:03,139 [INFO] ApiDb:250 - Set database path to: C:\Users\voine\.stmcufinder\plugins\mcufinder//mcu/
2025-03-26 10:34:03,139 [WARN] DbFile:41 - Overriding database path with different value: C:\Users\voine\.stmcufinder\plugins\mcufinder/ => C:\Users\voine\.stmcufinder\plugins\mcufinder
2025-03-26 10:34:03,140 [INFO] DbMcusAds:125 - Set database path to: C:\Users\voine\.stmcufinder\plugins\mcufinder//mcu/
2025-03-26 10:34:03,140 [WARN] DbFile:41 - Overriding database path with different value: C:\Users\voine\.stmcufinder\plugins\mcufinder/ => C:\Users\voine\.stmcufinder\plugins\mcufinder
2025-03-26 10:34:03,140 [WARN] DbFile:41 - Overriding database path with different value: C:\Users\voine\.stmcufinder\plugins\mcufinder/ => C:\Users\voine\.stmcufinder\plugins\mcufinder
2025-03-26 10:34:03,140 [INFO] CrossReferenceDbSqlite:203 - Set database path to: C:\Users\voine\.stmcufinder\plugins\mcufinder//mcu/cs/
2025-03-26 10:34:03,334 [INFO] MainPanel:253 - HeapMemory: 637534208
2025-03-26 10:34:03,580 [INFO] DbMcusXml:78 - Set database path to: C:\ST\STM32CubeIDE_1.12.1\STM32CubeIDE\plugins\com.st.stm32cube.common.mx_6.8.1.202304191431\\db\/mcu/
2025-03-26 10:34:03,580 [INFO] ApiDb:274 - Set plugin database path to: C:\ST\STM32CubeIDE_1.12.1\STM32CubeIDE\plugins\com.st.stm32cube.common.mx_6.8.1.202304191431\\db\/plugins/boardmanager/
2025-03-26 10:34:03,580 [INFO] ApiDb:261 - Set plugin images path to: C:\ST\STM32CubeIDE_1.12.1\STM32CubeIDE\plugins\com.st.stm32cube.common.mx_6.8.1.202304191431\\db\/plugins/mcufinder/images/
2025-03-26 10:34:03,583 [WARN] DbFile:41 - Overriding database path with different value: C:\Users\voine\.stmcufinder\plugins\mcufinder/ => C:\Users\voine\.stmcufinder\plugins\mcufinder
2025-03-26 10:34:03,583 [INFO] ApiDb:250 - Set database path to: C:\Users\voine\.stmcufinder\plugins\mcufinder//mcu/
2025-03-26 10:34:03,583 [WARN] DbFile:41 - Overriding database path with different value: C:\Users\voine\.stmcufinder\plugins\mcufinder/ => C:\Users\voine\.stmcufinder\plugins\mcufinder
2025-03-26 10:34:03,583 [INFO] DbMcusAds:125 - Set database path to: C:\Users\voine\.stmcufinder\plugins\mcufinder//mcu/
2025-03-26 10:34:03,583 [WARN] DbFile:41 - Overriding database path with different value: C:\Users\voine\.stmcufinder\plugins\mcufinder/ => C:\Users\voine\.stmcufinder\plugins\mcufinder
2025-03-26 10:34:03,584 [WARN] DbFile:41 - Overriding database path with different value: C:\Users\voine\.stmcufinder\plugins\mcufinder/ => C:\Users\voine\.stmcufinder\plugins\mcufinder
2025-03-26 10:34:03,584 [INFO] CrossReferenceDbSqlite:203 - Set database path to: C:\Users\voine\.stmcufinder\plugins\mcufinder//mcu/cs/
2025-03-26 10:34:03,628 [INFO] ApplicationProperties:184 - Using Application install path: C:\ST\STM32CubeIDE_1.12.1\STM32CubeIDE\plugins\com.st.stm32cube.common.mx_6.8.1.202304191431
2025-03-26 10:34:03,631 [INFO] PluginManage:196 - Search for loadable plugins [exclusion list=, ]
2025-03-26 10:34:03,634 [INFO] PluginManage:310 - Check plugin analytics
2025-03-26 10:34:04,062 [INFO] AnalyticsPlugin:253 - Accepted Software Licenses: 
2025-03-26 10:34:04,063 [INFO] AnalyticsPlugin:255 - Accepted CMSIS Pack Licenses: 
2025-03-26 10:34:04,064 [INFO] AnalyticsPlugin:257 - Accepted Firmware Licenses: FW.F4.1.27.0
2025-03-26 10:34:04,108 [INFO] PluginManage:359 - Loaded plugin analytics (category:tool,tabindex:-1)
2025-03-26 10:34:04,109 [INFO] PluginManage:310 - Check plugin cadmodel
2025-03-26 10:34:04,147 [INFO] CADModel:105 - Init CAD model plugin
2025-03-26 10:34:04,147 [INFO] PluginManage:359 - Loaded plugin cadmodel (category:power,tabindex:5)
2025-03-26 10:34:04,148 [INFO] PluginManage:310 - Check plugin clock
2025-03-26 10:34:04,189 [INFO] PluginManage:359 - Loaded plugin clock (category:base,tabindex:2)
2025-03-26 10:34:04,190 [INFO] PluginManage:310 - Check plugin ddr
2025-03-26 10:34:04,195 [INFO] PluginManage:359 - Loaded plugin ddr (category:tool,tabindex:6)
2025-03-26 10:34:04,195 [INFO] PluginManage:310 - Check plugin filemanager
2025-03-26 10:34:04,497 [INFO] PluginManage:359 - Loaded plugin filemanager (category:base,tabindex:10)
2025-03-26 10:34:04,497 [INFO] PluginManage:310 - Check plugin ipmanager
2025-03-26 10:34:04,515 [INFO] PluginManage:359 - Loaded plugin ipmanager (category:base,tabindex:5)
2025-03-26 10:34:04,516 [INFO] PluginManage:310 - Check plugin lpbam
2025-03-26 10:34:04,555 [INFO] PluginManage:359 - Loaded plugin lpbam (category:base,tabindex:0)
2025-03-26 10:34:04,555 [INFO] PluginManage:310 - Check plugin pinoutandconfiguration
2025-03-26 10:34:04,596 [INFO] PluginManage:359 - Loaded plugin pinoutandconfiguration (category:base,tabindex:1)
2025-03-26 10:34:04,597 [INFO] PluginManage:310 - Check plugin pinoutconfig
2025-03-26 10:34:04,799 [WARN] SupportedApi:132 - Cannot load RTOS API schema: s4s-elt-must-match.1: The content of 'definitions' must match (annotation?, (simpleType | complexType)?, (unique | key | keyref)*)). A problem was found starting at: attribute.
2025-03-26 10:34:05,103 [INFO] PluginManage:359 - Loaded plugin pinoutconfig (category:base,tabindex:0)
2025-03-26 10:34:05,103 [INFO] PluginManage:310 - Check plugin power
2025-03-26 10:34:05,155 [INFO] PluginManage:359 - Loaded plugin power (category:power,tabindex:4)
2025-03-26 10:34:05,156 [INFO] PluginManage:310 - Check plugin projectmanager
2025-03-26 10:34:05,202 [INFO] PluginManage:359 - Loaded plugin projectmanager (category:projectmanager,tabindex:3)
2025-03-26 10:34:05,202 [INFO] PluginManage:310 - Check plugin thirdparty
2025-03-26 10:34:05,801 [INFO] PluginManage:359 - Loaded plugin thirdparty (category:base,tabindex:-1)
2025-03-26 10:34:05,801 [WARN] IntegrityCheckThread:84 - waiting for thirdparty lock release [integrity check]
2025-03-26 10:34:05,802 [INFO] PluginManage:310 - Check plugin tools
2025-03-26 10:34:05,803 [INFO] IntegrityCheckThread:86 - entering critical section [integrity check]
2025-03-26 10:34:05,805 [INFO] ThirdPartyUpdaterWithRetryManager:70 - Updater plugin not ready yet. [1/15]
2025-03-26 10:34:05,879 [INFO] PluginManage:359 - Loaded plugin tools (category:base,tabindex:7)
2025-03-26 10:34:05,879 [INFO] PluginManage:310 - Check plugin tutovideos
2025-03-26 10:34:06,379 [INFO] PluginManage:359 - Loaded plugin tutovideos (category:base,tabindex:-1)
2025-03-26 10:34:06,380 [INFO] PluginManage:310 - Check plugin updater
2025-03-26 10:34:06,411 [INFO] PluginManage:359 - Loaded plugin updater (category:base,tabindex:12)
2025-03-26 10:34:06,412 [INFO] PluginManage:283 - PluginManage : Loaded plugins [15]
2025-03-26 10:34:07,047 [INFO] PinOutPanel:1499 - setPackage(No Configuration,No Configuration)
2025-03-26 10:34:07,209 [INFO] CADModel:165 - CPN selected for project level
2025-03-26 10:34:07,210 [INFO] CADModel:114 - Register for checkConnection events
2025-03-26 10:34:07,276 [INFO] IPUIPlugin:80 - create IPUIPlugin
2025-03-26 10:34:07,276 [INFO] PluginManager:220 - loadIPPluginJar : add adc
2025-03-26 10:34:07,361 [INFO] IPUIPlugin:80 - create IPUIPlugin
2025-03-26 10:34:07,362 [INFO] PluginManager:220 - loadIPPluginJar : add aes
2025-03-26 10:34:07,462 [INFO] IPUIPlugin:80 - create IPUIPlugin
2025-03-26 10:34:07,462 [INFO] PluginManager:220 - loadIPPluginJar : add can
2025-03-26 10:34:07,517 [INFO] IPUIPlugin:80 - create IPUIPlugin
2025-03-26 10:34:07,518 [INFO] PluginManager:220 - loadIPPluginJar : add comp
2025-03-26 10:34:07,595 [INFO] IPUIPlugin:80 - create IPUIPlugin
2025-03-26 10:34:07,596 [INFO] PluginManager:220 - loadIPPluginJar : add cryp
2025-03-26 10:34:07,672 [INFO] IPUIPlugin:80 - create IPUIPlugin
2025-03-26 10:34:07,672 [INFO] PluginManager:220 - loadIPPluginJar : add dfsdm
2025-03-26 10:34:07,703 [INFO] IPUIPlugin:80 - create IPUIPlugin
2025-03-26 10:34:07,705 [INFO] PluginManager:220 - loadIPPluginJar : add dma
2025-03-26 10:34:07,812 [INFO] IPUIPlugin:80 - create IPUIPlugin
2025-03-26 10:34:07,812 [INFO] PluginManager:220 - loadIPPluginJar : add dma3
2025-03-26 10:34:07,861 [INFO] IPUIPlugin:80 - create IPUIPlugin
2025-03-26 10:34:07,862 [INFO] PluginManager:220 - loadIPPluginJar : add fatfs
2025-03-26 10:34:07,971 [INFO] IPUIPlugin:80 - create IPUIPlugin
2025-03-26 10:34:07,972 [INFO] PluginManager:220 - loadIPPluginJar : add fmc
2025-03-26 10:34:08,008 [INFO] IPUIPlugin:80 - create IPUIPlugin
2025-03-26 10:34:08,008 [INFO] PluginManager:220 - loadIPPluginJar : add freertos
2025-03-26 10:34:08,057 [INFO] IPUIPlugin:80 - create IPUIPlugin
2025-03-26 10:34:08,057 [INFO] PluginManager:220 - loadIPPluginJar : add genericplugin
2025-03-26 10:34:08,275 [INFO] IPUIPlugin:80 - create IPUIPlugin
2025-03-26 10:34:08,276 [INFO] PluginManager:220 - loadIPPluginJar : add gfxmmu
2025-03-26 10:34:08,582 [INFO] IPUIPlugin:80 - create IPUIPlugin
2025-03-26 10:34:08,583 [INFO] PluginManager:220 - loadIPPluginJar : add gic
2025-03-26 10:34:08,619 [INFO] IPUIPlugin:80 - create IPUIPlugin
2025-03-26 10:34:08,619 [INFO] PluginManager:220 - loadIPPluginJar : add gpio
2025-03-26 10:34:08,809 [INFO] ThirdPartyUpdaterWithRetryManager:70 - Updater plugin not ready yet. [2/15]
2025-03-26 10:34:08,837 [INFO] IPUIPlugin:80 - create IPUIPlugin
2025-03-26 10:34:08,837 [INFO] PluginManager:220 - loadIPPluginJar : add gtzc
2025-03-26 10:34:08,913 [INFO] IPUIPlugin:80 - create IPUIPlugin
2025-03-26 10:34:08,913 [INFO] PluginManager:220 - loadIPPluginJar : add hash
2025-03-26 10:34:09,035 [INFO] IPUIPlugin:80 - create IPUIPlugin
2025-03-26 10:34:09,035 [INFO] PluginManager:220 - loadIPPluginJar : add i2c
2025-03-26 10:34:09,128 [INFO] IPUIPlugin:80 - create IPUIPlugin
2025-03-26 10:34:09,128 [INFO] PluginManager:220 - loadIPPluginJar : add i2s
2025-03-26 10:34:09,223 [INFO] IPUIPlugin:80 - create IPUIPlugin
2025-03-26 10:34:09,223 [INFO] PluginManager:220 - loadIPPluginJar : add i3c
2025-03-26 10:34:09,477 [INFO] IPUIPlugin:80 - create IPUIPlugin
2025-03-26 10:34:09,477 [INFO] PluginManager:220 - loadIPPluginJar : add ipddr
2025-03-26 10:34:09,698 [INFO] IPUIPlugin:80 - create IPUIPlugin
2025-03-26 10:34:09,698 [INFO] PluginManager:220 - loadIPPluginJar : add linkedlist
2025-03-26 10:34:09,789 [INFO] IPUIPlugin:80 - create IPUIPlugin
2025-03-26 10:34:09,790 [INFO] PluginManager:220 - loadIPPluginJar : add lorawan
2025-03-26 10:34:09,877 [INFO] IPUIPlugin:80 - create IPUIPlugin
2025-03-26 10:34:09,878 [INFO] PluginManager:220 - loadIPPluginJar : add ltdc
2025-03-26 10:34:09,913 [INFO] IPUIPlugin:80 - create IPUIPlugin
2025-03-26 10:34:09,914 [INFO] PluginManager:220 - loadIPPluginJar : add mdma
2025-03-26 10:34:09,943 [INFO] IPUIPlugin:80 - create IPUIPlugin
2025-03-26 10:34:09,943 [INFO] PluginManager:220 - loadIPPluginJar : add nvic
2025-03-26 10:34:10,039 [INFO] IPUIPlugin:80 - create IPUIPlugin
2025-03-26 10:34:10,039 [INFO] PluginManager:220 - loadIPPluginJar : add opamp
2025-03-26 10:34:10,189 [INFO] IPUIPlugin:80 - create IPUIPlugin
2025-03-26 10:34:10,189 [INFO] PluginManager:220 - loadIPPluginJar : add openamp
2025-03-26 10:34:10,307 [INFO] IPUIPlugin:80 - create IPUIPlugin
2025-03-26 10:34:10,307 [INFO] PluginManager:220 - loadIPPluginJar : add pdm2pcm
2025-03-26 10:34:10,341 [INFO] IPUIPlugin:80 - create IPUIPlugin
2025-03-26 10:34:10,372 [INFO] PluginManager:220 - loadIPPluginJar : add plateformsettings
2025-03-26 10:34:10,430 [INFO] IPUIPlugin:80 - create IPUIPlugin
2025-03-26 10:34:10,431 [INFO] PluginManager:220 - loadIPPluginJar : add quadspi
2025-03-26 10:34:10,461 [INFO] IPUIPlugin:80 - create IPUIPlugin
2025-03-26 10:34:10,461 [INFO] PluginManager:220 - loadIPPluginJar : add resmgrutility
2025-03-26 10:34:10,576 [INFO] IPUIPlugin:80 - create IPUIPlugin
2025-03-26 10:34:10,576 [INFO] PluginManager:220 - loadIPPluginJar : add sai
2025-03-26 10:34:10,668 [INFO] IPUIPlugin:80 - create IPUIPlugin
2025-03-26 10:34:10,668 [INFO] PluginManager:220 - loadIPPluginJar : add spi
2025-03-26 10:34:10,824 [INFO] IPUIPlugin:80 - create IPUIPlugin
2025-03-26 10:34:10,825 [INFO] PluginManager:220 - loadIPPluginJar : add stm32_wpan
2025-03-26 10:34:10,898 [INFO] IPUIPlugin:80 - create IPUIPlugin
2025-03-26 10:34:10,898 [INFO] PluginManager:220 - loadIPPluginJar : add tim
2025-03-26 10:34:11,043 [INFO] IPUIPlugin:80 - create IPUIPlugin
2025-03-26 10:34:11,043 [INFO] PluginManager:220 - loadIPPluginJar : add touchsensing
2025-03-26 10:34:11,099 [INFO] IPUIPlugin:80 - create IPUIPlugin
2025-03-26 10:34:11,099 [INFO] PluginManager:220 - loadIPPluginJar : add tracer_emb
2025-03-26 10:34:11,158 [INFO] IPUIPlugin:80 - create IPUIPlugin
2025-03-26 10:34:11,158 [INFO] PluginManager:220 - loadIPPluginJar : add ts
2025-03-26 10:34:11,222 [INFO] IPUIPlugin:80 - create IPUIPlugin
2025-03-26 10:34:11,222 [INFO] PluginManager:220 - loadIPPluginJar : add tsc
2025-03-26 10:34:11,275 [INFO] IPUIPlugin:80 - create IPUIPlugin
2025-03-26 10:34:11,275 [INFO] PluginManager:220 - loadIPPluginJar : add ucpd
2025-03-26 10:34:11,385 [INFO] IPUIPlugin:80 - create IPUIPlugin
2025-03-26 10:34:11,385 [INFO] PluginManager:220 - loadIPPluginJar : add usart
2025-03-26 10:34:11,487 [INFO] IPUIPlugin:80 - create IPUIPlugin
2025-03-26 10:34:11,487 [INFO] PluginManager:220 - loadIPPluginJar : add usbx
2025-03-26 10:34:11,696 [INFO] CADModel:165 - CPN selected for project level
2025-03-26 10:34:11,696 [INFO] CADModel:114 - Register for checkConnection events
2025-03-26 10:34:11,697 [FATAL] Updater:308 - Updater called before beeing initialized
2025-03-26 10:34:11,697 [ERROR] CADModel:125 - Updater not yet initialized, retry later 
2025-03-26 10:34:11,817 [INFO] ThirdPartyUpdaterWithRetryManager:70 - Updater plugin not ready yet. [3/15]
2025-03-26 10:34:12,059 [INFO] CADModel:165 - CPN selected for project level
2025-03-26 10:34:12,059 [INFO] CADModel:114 - Register for checkConnection events
2025-03-26 10:34:12,059 [FATAL] Updater:308 - Updater called before beeing initialized
2025-03-26 10:34:12,060 [ERROR] CADModel:125 - Updater not yet initialized, retry later 
2025-03-26 10:34:12,067 [FATAL] Updater:308 - Updater called before beeing initialized
2025-03-26 10:34:12,343 [FATAL] Updater:308 - Updater called before beeing initialized
2025-03-26 10:34:12,380 [INFO] DbMcusAds:53 - JSON generation date=Tue Dec 17 18:01:15 EET 2024 (1734451275111)
2025-03-26 10:34:12,380 [FATAL] Updater:308 - Updater called before beeing initialized
2025-03-26 10:34:12,548 [WARN] DetailPanel:346 - Failed to get advertising image, set to default
2025-03-26 10:34:12,810 [FATAL] Updater:308 - Updater called before beeing initialized
2025-03-26 10:34:12,816 [FATAL] Updater:308 - Updater called before beeing initialized
2025-03-26 10:34:12,816 [FATAL] Updater:308 - Updater called before beeing initialized
2025-03-26 10:34:12,816 [WARN] DetailPanel:346 - Failed to get advertising image, set to default
2025-03-26 10:34:12,818 [FATAL] Updater:308 - Updater called before beeing initialized
2025-03-26 10:34:12,969 [ERROR] Updater:1120 - MainUpdater not yet initialized. External WinMGr cannot be set.
2025-03-26 10:34:12,992 [INFO] Updater:1056 - Updater Version found : 6.8.1
2025-03-26 10:34:13,026 [INFO] ApplicationProperties:184 - Using Application install path: C:\ST\STM32CubeIDE_1.12.1\STM32CubeIDE\plugins\com.st.stm32cube.common.mx_6.8.1.202304191431
2025-03-26 10:34:13,553 [INFO] MainUpdater:2854 - connection check result : 10
2025-03-26 10:34:13,555 [INFO] MainUpdater:283 - Updater Check For Update Now.
2025-03-26 10:34:13,555 [INFO] MicroXplorer:498 - Change Database Version : DB.6.0.81
2025-03-26 10:34:13,947 [INFO] CheckServerUpdateThread:120 - End of CheckServer Thread
2025-03-26 10:34:14,047 [INFO] MainUpdater:2854 - connection check result : 10
2025-03-26 10:34:14,063 [INFO] MainUpdater:2854 - connection check result : 10
2025-03-26 10:34:14,463 [INFO] MicroXplorer:468 - Change Database Path : 
2025-03-26 10:34:14,464 [INFO] MicroXplorer:498 - Change Database Version : DB.6.0.81
2025-03-26 10:34:14,466 [WARN] ThirdParty:871 - waiting for thirdparty lock release [close project]
2025-03-26 10:34:15,614 [WARN] PackLoader:240 - Cannot read IP mode file for STMicroelectronics.FP-SNS-MOTENVWB1.1.4.0
2025-03-26 10:34:15,656 [WARN] PackLoader:240 - Cannot read IP mode file for STMicroelectronics.FP-ATR-ASTRA1.2.0.2
2025-03-26 10:34:15,680 [WARN] PackLoader:240 - Cannot read IP mode file for STMicroelectronics.FP-ATR-ASTRA1.2.0.1
2025-03-26 10:34:15,716 [WARN] PackLoader:240 - Cannot read IP mode file for STMicroelectronics.X-CUBE-SMBUS.2.1.0
2025-03-26 10:34:15,749 [WARN] PackLoader:240 - Cannot read IP mode file for STMicroelectronics.X-CUBE-WB05N.1.1.0
2025-03-26 10:34:15,780 [WARN] PackLoader:240 - Cannot read IP mode file for STMicroelectronics.X-CUBE-TOUCHGFX.4.23.1
2025-03-26 10:34:15,805 [WARN] PackLoader:240 - Cannot read IP mode file for STMicroelectronics.X-CUBE-TOUCHGFX.4.23.0
2025-03-26 10:34:15,828 [WARN] PackLoader:240 - Cannot read IP mode file for STMicroelectronics.X-CUBE-TOUCHGFX.4.23.2
2025-03-26 10:34:15,905 [WARN] PackLoader:240 - Cannot read IP mode file for STMicroelectronics.X-CUBE-AZRTOS-F7.1.1.0
2025-03-26 10:34:15,977 [WARN] PackLoader:240 - Cannot read IP mode file for STMicroelectronics.FP-SNS-MOTENV1.4.3.2
2025-03-26 10:34:16,168 [WARN] PackLoader:240 - Cannot read IP mode file for STMicroelectronics.X-CUBE-MEMS1.11.0.0
2025-03-26 10:34:16,514 [WARN] PackLoader:240 - Cannot read IP mode file for STMicroelectronics.FP-SNS-FLIGHT1.5.0.2
2025-03-26 10:34:16,563 [WARN] PackLoader:240 - Cannot read IP mode file for STMicroelectronics.X-CUBE-DISPLAY.3.0.0
2025-03-26 10:34:16,682 [WARN] PackLoader:240 - Cannot read IP mode file for STMicroelectronics.X-CUBE-BLE1.7.0.0
2025-03-26 10:34:16,723 [WARN] PackLoader:240 - Cannot read IP mode file for STMicroelectronics.X-CUBE-NFC10.1.0.0
2025-03-26 10:34:16,764 [ERROR] Engine:466 - C:\Users\voine\.stm32cubemx\thirdparties\pdsc\STMicroelectronics.X-CUBE-BLEMGR.4.0.0.pdsc: PDSC version is not supported
2025-03-26 10:34:16,797 [WARN] PackLoader:240 - Cannot read IP mode file for emotas.I-CUBE-CANOPEN.1.3.0
2025-03-26 10:34:16,835 [WARN] PackLoader:240 - Cannot read IP mode file for STMicroelectronics.X-CUBE-BLEMGR.3.1.0
2025-03-26 10:34:16,867 [WARN] PackLoader:240 - Cannot read IP mode file for STMicroelectronics.X-CUBE-AI.10.0.0
2025-03-26 10:34:16,896 [WARN] PackLoader:240 - Cannot read IP mode file for STMicroelectronics.FP-SNS-SMARTAG2.1.2.0
2025-03-26 10:34:16,919 [ERROR] Engine:466 - C:\Users\voine\.stm32cubemx\thirdparties\pdsc\STMicroelectronics.FP-SNS-FLIGHT1.5.1.0.pdsc: PDSC version is not supported
2025-03-26 10:34:17,063 [WARN] PackLoader:240 - Cannot read IP mode file for STMicroelectronics.X-CUBE-MEMS1.11.1.0
2025-03-26 10:34:17,347 [INFO] LogOutputStream:77 - [STDOUT_REDIRECT] 1 : Invalid condition id : UX_CORESTACK_Condition cause : null
2025-03-26 10:34:17,350 [INFO] LogOutputStream:77 - [STDOUT_REDIRECT] 1 : Invalid condition id : UX_CORESTACK_Condition cause : null
2025-03-26 10:34:17,354 [INFO] LogOutputStream:77 - [STDOUT_REDIRECT] 1 : Invalid condition id : UX_CORESTACK_Condition cause : null
2025-03-26 10:34:17,357 [INFO] LogOutputStream:77 - [STDOUT_REDIRECT] 1 : Invalid condition id : UX_CORESTACK_Condition cause : null
2025-03-26 10:34:17,362 [INFO] LogOutputStream:77 - [STDOUT_REDIRECT] 1 : Invalid condition id : UX_CORESTACK_Condition cause : null
2025-03-26 10:34:17,367 [WARN] PackLoader:240 - Cannot read IP mode file for STMicroelectronics.X-CUBE-AZRTOS-WL.2.0.0
2025-03-26 10:34:17,402 [WARN] PackLoader:240 - Cannot read IP mode file for STMicroelectronics.FP-SNS-MOTENV1.5.0.0
2025-03-26 10:34:17,432 [WARN] PackLoader:240 - Cannot read IP mode file for wolfSSL.I-CUBE-wolfMQTT.1.19.0
2025-03-26 10:34:17,475 [WARN] PackLoader:240 - Cannot read IP mode file for WES.I-CUBE-Cesium.1.3.0
2025-03-26 10:34:17,505 [WARN] PackLoader:240 - Cannot read IP mode file for STMicroelectronics.X-CUBE-BLE2.3.3.0
2025-03-26 10:34:17,538 [WARN] PackLoader:240 - Cannot read IP mode file for STMicroelectronics.X-CUBE-NFC9.1.0.0
2025-03-26 10:34:17,566 [WARN] PackLoader:240 - Cannot read IP mode file for STMicroelectronics.X-CUBE-BLE1.7.1.0
2025-03-26 10:34:17,600 [WARN] PackLoader:240 - Cannot read IP mode file for STMicroelectronics.X-CUBE-TCPP.4.1.0
2025-03-26 10:34:17,635 [WARN] PackLoader:240 - Cannot read IP mode file for STMicroelectronics.X-CUBE-ALGOBUILD.1.3.0
2025-03-26 10:34:17,703 [WARN] PackLoader:240 - Cannot read IP mode file for STMicroelectronics.X-CUBE-AZRTOS-G0.1.1.0
2025-03-26 10:34:17,742 [WARN] PackLoader:240 - Cannot read IP mode file for STMicroelectronics.X-CUBE-SAFEA1.1.2.2
2025-03-26 10:34:17,772 [WARN] PackLoader:240 - Cannot read IP mode file for STMicroelectronics.X-CUBE-NFC4.3.0.0
2025-03-26 10:34:17,796 [ERROR] Engine:466 - C:\Users\voine\.stm32cubemx\thirdparties\pdsc\EmbeddedOffice.I-CUBE-FS-RTOS.1.0.1.pdsc: PDSC version is not supported
2025-03-26 10:34:17,848 [WARN] PackLoader:240 - Cannot read IP mode file for STMicroelectronics.X-CUBE-BLEMGR.3.0.0
2025-03-26 10:34:17,880 [ERROR] Engine:466 - C:\Users\voine\.stm32cubemx\thirdparties\pdsc\STMicroelectronics.X-CUBE-TCPP.4.2.0.pdsc: PDSC version is not supported
2025-03-26 10:34:17,904 [ERROR] Engine:466 - C:\Users\voine\.stm32cubemx\thirdparties\pdsc\RealThread.X-CUBE-RT-Thread_Nano.4.1.1.pdsc: PDSC version is not supported
2025-03-26 10:34:17,932 [WARN] PackLoader:240 - Cannot read IP mode file for STMicroelectronics.FP-ATR-SIGFOX1.3.2.0
2025-03-26 10:34:17,957 [ERROR] Engine:466 - C:\Users\voine\.stm32cubemx\thirdparties\pdsc\quantropi.X-CUBE-qispace-sdk-base.1.9.3.pdsc: PDSC version is not supported
2025-03-26 10:34:17,994 [WARN] PackLoader:240 - Cannot read IP mode file for STMicroelectronics.X-CUBE-EEPRMA1.5.1.0
2025-03-26 10:34:18,105 [WARN] PackLoader:240 - Cannot read IP mode file for SEGGER.I-CUBE-embOS.1.3.1
2025-03-26 10:34:18,216 [WARN] PackLoader:240 - Cannot read IP mode file for STMicroelectronics.X-CUBE-ALGOBUILD.1.4.0
2025-03-26 10:34:18,246 [WARN] PackLoader:240 - Cannot read IP mode file for STMicroelectronics.X-CUBE-AI.9.1.0
2025-03-26 10:34:18,274 [WARN] PackLoader:240 - Cannot read IP mode file for STMicroelectronics.X-CUBE-GNSS1.6.0.0
2025-03-26 10:34:18,341 [WARN] PackLoader:240 - Cannot read IP mode file for STMicroelectronics.X-CUBE-AZRTOS-F4.1.1.0
2025-03-26 10:34:18,393 [WARN] PackLoader:240 - Cannot read IP mode file for STMicroelectronics.X-CUBE-ISPU.2.1.0
2025-03-26 10:34:18,423 [WARN] PackLoader:240 - Cannot read IP mode file for STMicroelectronics.X-CUBE-FREERTOS.1.2.0
2025-03-26 10:34:18,544 [WARN] PackLoader:240 - Cannot read IP mode file for wolfSSL.I-CUBE-wolfSSL.5.6.6
2025-03-26 10:34:18,608 [WARN] PackLoader:240 - Cannot read IP mode file for STMicroelectronics.X-CUBE-AZRTOS-L5.2.0.0
2025-03-26 10:34:18,651 [WARN] PackLoader:240 - Cannot read IP mode file for STMicroelectronics.X-CUBE-NFC6.3.1.0
2025-03-26 10:34:18,687 [WARN] PackLoader:240 - Cannot read IP mode file for ITTIA_DB.I-CUBE-ITTIADB.8.8.0
2025-03-26 10:34:18,714 [ERROR] Engine:466 - C:\Users\voine\.stm32cubemx\thirdparties\pdsc\STMicroelectronics.X-CUBE-DPower.1.2.0.pdsc: PDSC version is not supported
2025-03-26 10:34:18,744 [WARN] PackLoader:240 - Cannot read IP mode file for STMicroelectronics.X-CUBE-AI.9.0.0
2025-03-26 10:34:18,773 [WARN] PackLoader:240 - Cannot read IP mode file for STMicroelectronics.X-CUBE-FREERTOS.1.3.0
2025-03-26 10:34:18,801 [WARN] PackLoader:240 - Cannot read IP mode file for STMicroelectronics.X-CUBE-NFC7.1.0.1
2025-03-26 10:34:18,834 [WARN] PackLoader:240 - Cannot read IP mode file for STMicroelectronics.X-CUBE-NFC6.3.0.0
2025-03-26 10:34:18,865 [WARN] PackLoader:240 - Cannot read IP mode file for STMicroelectronics.X-CUBE-AI.8.1.0
2025-03-26 10:34:18,921 [WARN] ConditionMgr:438 - getConditionDescription Invalid condition id : LAN8742 Phy interface Condition cause : null
2025-03-26 10:34:18,922 [WARN] PackLoader:240 - Cannot read IP mode file for STMicroelectronics.X-CUBE-AZRTOS-L4.2.0.0
2025-03-26 10:34:18,925 [WARN] ConditionMgr:1039 - genDependencies : Invalid condition id : LAN8742 Phy interface Condition cause : null
2025-03-26 10:34:18,925 [WARN] ConditionMgr:1039 - genDependencies : Invalid condition id : LAN8742 Phy interface Condition cause : null
2025-03-26 10:34:18,926 [WARN] ConditionMgr:1039 - genDependencies : Invalid condition id : LAN8742 Phy interface Condition cause : null
2025-03-26 10:34:18,957 [WARN] PackLoader:240 - Cannot read IP mode file for STMicroelectronics.X-CUBE-SFXS2LP1.4.0.0
2025-03-26 10:34:19,015 [WARN] PackLoader:240 - Cannot read IP mode file for STMicroelectronics.X-CUBE-AZRTOS-H7.3.3.0
2025-03-26 10:34:19,051 [ERROR] Engine:466 - C:\Users\voine\.stm32cubemx\thirdparties\pdsc\STMicroelectronics.X-CUBE-IPS.3.0.0.pdsc: PDSC version is not supported
2025-03-26 10:34:19,100 [WARN] ConditionMgr:438 - getConditionDescription Invalid condition id : UX DEVICE CLASS RTOS Condition cause : null
2025-03-26 10:34:19,101 [WARN] ConditionMgr:438 - getConditionDescription Invalid condition id : UX DEVICE CLASS RTOS Condition cause : null
2025-03-26 10:34:19,104 [WARN] PackLoader:240 - Cannot read IP mode file for STMicroelectronics.X-CUBE-AZRTOS-WB.2.0.0
2025-03-26 10:34:19,106 [WARN] ConditionMgr:1039 - genDependencies : Invalid condition id : UX DEVICE CLASS RTOS Condition cause : null
2025-03-26 10:34:19,107 [WARN] ConditionMgr:1039 - genDependencies : Invalid condition id : UX DEVICE CLASS RTOS Condition cause : null
2025-03-26 10:34:19,108 [WARN] ConditionMgr:1039 - genDependencies : Invalid condition id : UX DEVICE CLASS RTOS Condition cause : null
2025-03-26 10:34:19,109 [WARN] ConditionMgr:1039 - genDependencies : Invalid condition id : UX DEVICE CLASS RTOS Condition cause : null
2025-03-26 10:34:19,110 [WARN] ConditionMgr:1039 - genDependencies : Invalid condition id : UX DEVICE CLASS RTOS Condition cause : null
2025-03-26 10:34:19,142 [WARN] PackLoader:240 - Cannot read IP mode file for STMicroelectronics.X-CUBE-GNSS1.7.0.0
2025-03-26 10:34:19,172 [WARN] PackLoader:240 - Cannot read IP mode file for STMicroelectronics.X-CUBE-GNSS1.7.0.1
2025-03-26 10:34:19,201 [WARN] PackLoader:240 - Cannot read IP mode file for STMicroelectronics.X-CUBE-TOUCHGFX.4.25.0
2025-03-26 10:34:19,227 [ERROR] Engine:466 - C:\Users\voine\.stm32cubemx\thirdparties\pdsc\STMicroelectronics.FP-SNS-STBOX1.2.0.0.pdsc: PDSC version is not supported
2025-03-26 10:34:19,272 [WARN] PackLoader:240 - Cannot read IP mode file for STMicroelectronics.X-CUBE-SUBG2.5.0.0
2025-03-26 10:34:19,344 [WARN] PackLoader:240 - Cannot read IP mode file for STMicroelectronics.X-CUBE-AZRTOS-H7RS.1.1.0
2025-03-26 10:34:19,379 [WARN] PackLoader:240 - Cannot read IP mode file for Cesanta.I-CUBE-Mongoose.7.13.0
2025-03-26 10:34:19,432 [WARN] PackLoader:240 - Cannot read IP mode file for STMicroelectronics.X-CUBE-AZRTOS-G4.2.0.0
2025-03-26 10:34:19,487 [WARN] PackLoader:240 - Cannot read IP mode file for Infineon.AIROC-Wi-Fi-Bluetooth-STM32.1.5.1
2025-03-26 10:34:19,523 [WARN] PackLoader:240 - Cannot read IP mode file for STMicroelectronics.FP-SNS-MOTENVWB1.1.3.1
2025-03-26 10:34:19,551 [WARN] PackLoader:240 - Cannot read IP mode file for STMicroelectronics.X-CUBE-ISPU.2.0.0
2025-03-26 10:34:19,591 [ERROR] Engine:466 - C:\Users\voine\.stm32cubemx\thirdparties\pdsc\STMicroelectronics.X-CUBE-IPS.3.1.0.pdsc: PDSC version is not supported
2025-03-26 10:34:19,618 [WARN] PackLoader:240 - Cannot read IP mode file for STMicroelectronics.X-CUBE-ALS.1.0.2
2025-03-26 10:34:19,699 [WARN] PackLoader:240 - Cannot read IP mode file for STMicroelectronics.X-CUBE-MEMS1.10.0.0
2025-03-26 10:34:19,958 [WARN] PackLoader:240 - Cannot read IP mode file for STMicroelectronics.X-CUBE-FREERTOS.1.1.0
2025-03-26 10:34:19,987 [WARN] PackLoader:240 - Cannot read IP mode file for STMicroelectronics.X-CUBE-TOUCHGFX.4.24.2
2025-03-26 10:34:20,013 [WARN] PackLoader:240 - Cannot read IP mode file for STMicroelectronics.X-CUBE-TOUCHGFX.4.24.1
2025-03-26 10:34:20,039 [WARN] PackLoader:240 - Cannot read IP mode file for wolfSSL.I-CUBE-wolfTPM.3.4.0
2025-03-26 10:34:20,075 [WARN] PackLoader:240 - Cannot read IP mode file for portGmbH.I-Cube-SoM-uGOAL.1.1.0
2025-03-26 10:34:20,104 [WARN] PackLoader:240 - Cannot read IP mode file for STMicroelectronics.X-CUBE-ALS.1.0.1
2025-03-26 10:34:20,180 [WARN] PackLoader:240 - Cannot read IP mode file for STMicroelectronics.X-CUBE-AZRTOS-H7RS.1.0.0
2025-03-26 10:34:20,210 [WARN] PackLoader:240 - Cannot read IP mode file for STMicroelectronics.FP-ATR-ASTRA1.2.0.0
2025-03-26 10:34:20,241 [ERROR] Engine:466 - C:\Users\voine\.stm32cubemx\thirdparties\pdsc\STMicroelectronics.X-CUBE-TOF1.3.4.2.pdsc: PDSC version is not supported
2025-03-26 10:34:20,282 [WARN] PackLoader:240 - Cannot read IP mode file for STMicroelectronics.X-CUBE-TOF1.3.4.0
2025-03-26 10:34:20,345 [WARN] PackLoader:240 - Cannot read IP mode file for STMicroelectronics.X-CUBE-TOF1.3.4.1
2025-03-26 10:34:20,491 [WARN] PackLoader:240 - Cannot read IP mode file for STMicroelectronics.X-CUBE-AZRTOS-H7.3.2.0
2025-03-26 10:34:20,527 [WARN] PackLoader:240 - Cannot read IP mode file for wolfSSL.I-CUBE-wolfSSH.1.4.17
2025-03-26 10:34:20,529 [INFO] ThirdParty:978 - Integrity check success = true
2025-03-26 10:34:20,530 [INFO] IntegrityCheckThread:100 - exiting critical section [integrity check]
2025-03-26 10:34:20,531 [INFO] IntegrityCheckThread:103 - End integrity checks thread
2025-03-26 10:34:20,531 [INFO] ThirdParty:873 - entering critical section [close project]
2025-03-26 10:34:20,550 [INFO] ThirdParty:883 - exiting critical section [close project]
2025-03-26 10:34:20,710 [INFO] PinOutPanel:1499 - setPackage(No Configuration,No Configuration)
2025-03-26 10:34:20,758 [INFO] UtilMem:75 - Begin LoadConfig() Used Memory: 600268680 Bytes (639631360)
2025-03-26 10:34:20,763 [INFO] MicroXplorer:468 - Change Database Path : 
2025-03-26 10:34:20,764 [INFO] MicroXplorer:498 - Change Database Version : DB.6.0.81
2025-03-26 10:34:20,764 [INFO] OpenFileManager:308 - Change cursor
2025-03-26 10:34:21,161 [INFO] Mcu:1937 - Initializing MCU STM32F401R(D-E)Tx STM32F401RETx STM32F401RET6
2025-03-26 10:34:25,467 [INFO] Context:659 - Trying to add GPIOservice into a context  which must be forbidden
2025-03-26 10:34:27,084 [INFO] RtosManager:555 - Registered RTOS mode: class=CMSIS, group=RTOS, mode=CMSIS_V1, owner=FREERTOS
2025-03-26 10:34:27,085 [INFO] RtosManager:555 - Registered RTOS mode: class=CMSIS, group=RTOS2, mode=CMSIS_V2, owner=FREERTOS
2025-03-26 10:34:27,086 [INFO] RtosManager:555 - Registered RTOS mode: class=RTOS, group=Core, mode=CMSIS_V1, owner=FREERTOS
2025-03-26 10:34:27,086 [INFO] RtosManager:555 - Registered RTOS mode: class=RTOS, group=Core, mode=CMSIS_V2, owner=FREERTOS
2025-03-26 10:34:27,087 [WARN] ModelIntegratedComponent:184 - Missing modes for component STMicroelectronics:FreeRTOS:0.0.1:STMicroelectronics:RTOS:FreeRTOS:Core:::10.2.0:
2025-03-26 10:34:27,114 [WARN] ModelIntegratedComponent:63 - No mode defined for component null
2025-03-26 10:34:27,114 [WARN] ModelIntegratedComponent:63 - No mode defined for component null
2025-03-26 10:34:27,115 [WARN] ModelIntegratedComponent:63 - No mode defined for component null
2025-03-26 10:34:27,115 [WARN] ModelIntegratedComponent:63 - No mode defined for component null
2025-03-26 10:34:27,116 [WARN] ModelIntegratedComponent:63 - No mode defined for component null
2025-03-26 10:34:27,116 [WARN] ModelIntegratedComponent:63 - No mode defined for component null
2025-03-26 10:34:27,116 [WARN] ModelIntegratedComponent:63 - No mode defined for component null
2025-03-26 10:34:27,117 [WARN] ModelIntegratedComponent:63 - No mode defined for component null
2025-03-26 10:34:27,117 [WARN] ModelIntegratedComponent:63 - No mode defined for component null
2025-03-26 10:34:27,117 [WARN] ModelIntegratedComponent:63 - No mode defined for component null
2025-03-26 10:34:27,117 [WARN] ModelIntegratedComponent:63 - No mode defined for component null
2025-03-26 10:34:27,117 [WARN] ModelIntegratedComponent:63 - No mode defined for component null
2025-03-26 10:34:27,118 [WARN] ModelIntegratedComponent:63 - No mode defined for component null
2025-03-26 10:34:27,118 [WARN] ModelIntegratedComponent:63 - No mode defined for component null
2025-03-26 10:34:27,118 [WARN] ModelIntegratedComponent:63 - No mode defined for component null
2025-03-26 10:34:27,118 [WARN] ModelIntegratedComponent:63 - No mode defined for component null
2025-03-26 10:34:27,118 [WARN] ModelIntegratedComponent:63 - No mode defined for component null
2025-03-26 10:34:27,118 [WARN] ModelIntegratedComponent:63 - No mode defined for component null
2025-03-26 10:34:27,119 [WARN] ModelIntegratedComponent:63 - No mode defined for component null
2025-03-26 10:34:27,119 [WARN] ModelIntegratedComponent:63 - No mode defined for component null
2025-03-26 10:34:27,120 [WARN] ModelIntegratedComponent:63 - No mode defined for component null
2025-03-26 10:34:27,120 [WARN] ModelIntegratedComponent:63 - No mode defined for component null
2025-03-26 10:34:27,121 [WARN] ModelIntegratedComponent:63 - No mode defined for component null
2025-03-26 10:34:27,121 [WARN] ModelIntegratedComponent:63 - No mode defined for component null
2025-03-26 10:34:27,122 [WARN] ModelIntegratedComponent:63 - No mode defined for component null
2025-03-26 10:34:27,122 [WARN] ModelIntegratedComponent:63 - No mode defined for component null
2025-03-26 10:34:27,123 [WARN] ModelIntegratedComponent:63 - No mode defined for component null
2025-03-26 10:34:27,123 [WARN] ModelIntegratedComponent:63 - No mode defined for component null
2025-03-26 10:34:27,124 [WARN] ModelIntegratedComponent:63 - No mode defined for component null
2025-03-26 10:34:27,124 [WARN] ModelIntegratedComponent:63 - No mode defined for component null
2025-03-26 10:34:27,124 [WARN] ModelIntegratedComponent:63 - No mode defined for component null
2025-03-26 10:34:27,124 [WARN] ModelIntegratedComponent:63 - No mode defined for component null
2025-03-26 10:34:27,124 [WARN] ModelIntegratedComponent:63 - No mode defined for component null
2025-03-26 10:34:27,517 [INFO] ThirdPartyModel:298 - Start build external matchings
2025-03-26 10:34:29,336 [INFO] ThirdPartyModel:316 - End build external matchings
2025-03-26 10:34:29,401 [INFO] ImportTextPane:194 - (OptionalMessage_ERROR) IP (RCC) : Parameter (48MHZClocksFreq_Value) has invalid value (57142857.14285714)
2025-03-26 10:34:29,403 [INFO] ImportTextPane:194 - (OptionalMessage_ERROR) IP (RCC) : Parameter (RTCHSEDivFreq_Value) has invalid value (4000000)
2025-03-26 10:34:30,033 [INFO] UtilMem:75 - End LoadConfig() Used Memory: 606359232 Bytes (639631360)
2025-03-26 10:34:30,342 [INFO] ApiDb:581 - Connected to CubeFinder SQLite database (C:\Users\voine\.stmcufinder\plugins\mcufinder\mcu\cube-finder-db.db)
2025-03-26 10:34:30,578 [INFO] ApiDb:668 - CubeFinder database Data Model version=2.1
2025-03-26 10:34:30,578 [INFO] ApiDb:669 - CubeFinder database Configuration version=3.0.39
2025-03-26 10:34:30,579 [INFO] ApiDb:670 - CubeFinder database generation date=2024-12-10 (1733817889)
2025-03-26 10:34:30,579 [INFO] ApiDb:671 - CubeFinder database FW Pack versions=[FP-ATR-ASTRA1_V2.0.0, FP-SNS-FLIGHT1_V5.0.2, FP-SNS-MOTENV1_V5.0.0, FP-SNS-MOTENVWB1_V1.4.0, FP-SNS-SMARTAG2_V1.2.0, FP-SNS-STBOX1_V2.0.0, STM32Cube_FW_C0_V1.3.0, STM32Cube_FW_F4_V1.28.1, STM32Cube_FW_F7_V1.17.2, STM32Cube_FW_G0_V1.6.2, STM32Cube_FW_G4_V1.6.1, STM32Cube_FW_H5_V1.4.0, STM32Cube_FW_H7RS_V1.1.0, STM32Cube_FW_H7_V1.12.0, STM32Cube_FW_L0_V1.12.2, STM32Cube_FW_L4_V1.18.1, STM32Cube_FW_L5_V1.5.1, STM32Cube_FW_N6_V1.0.0, STM32Cube_FW_U0_V1.2.0, STM32Cube_FW_U3_V1.0.0, STM32Cube_FW_U5_V1.7.0, STM32Cube_FW_WB0_V1.1.0, STM32Cube_FW_WBA_V1.5.0, STM32Cube_FW_WB_V1.21.0, STM32Cube_FW_WL3_V1.0.0, STM32Cube_FW_WL_V1.3.0, X-CUBE-ALGOBUILD_V1.4.0, X-CUBE-ALS_V1.0.2, X-CUBE-AZRTOS-F4_V1.1.0, X-CUBE-AZRTOS-F7_V1.1.0, X-CUBE-AZRTOS-G0_V1.1.0, X-CUBE-AZRTOS-G4_V2.0.0, X-CUBE-AZRTOS-H7RS_V1.0.0, X-CUBE-AZRTOS-H7_V3.3.0, X-CUBE-AZRTOS-L4_V2.0.0, X-CUBE-AZRTOS-L5_V2.0.0, X-CUBE-AZRTOS-WB_V2.0.0, X-CUBE-AZRTOS-WL_V2.0.0, X-CUBE-BLE1_V7.0.0, X-CUBE-BLE2_V3.3.0, X-CUBE-BLEMGR_V3.1.0, X-CUBE-EEPRMA1_V5.1.0, X-CUBE-FREERTOS_V1.2.0, X-CUBE-GNSS1_V6.0.0, X-CUBE-MEMS1_V11.0.0, X-CUBE-NFC4_V3.0.0, X-CUBE-NFC7_V1.0.1, X-CUBE-SFXS2LP1_V4.0.0, X-CUBE-SUBG2_V5.0.0, X-CUBE-TOF1_V3.4.2]
2025-03-26 10:34:36,361 [INFO] ApiDb:240 - Found 297 in-development CPN: [B-G473E-ZEST1S, B-WB1M-WPAN1, B-WL5M-SUBG1, NUCLEO-C031C6, NUCLEO-H503RB, NUCLEO-H563ZI, NUCLEO-U545RE-Q, NUCLEO-U5A5ZJ-Q, NUCLEO-WBA52CG, STEVAL-PROTEUS1, STEVAL-STWINBX1, STM320518-EVAL, STM32C0116-DK, STM32C011D6Y3TR, STM32C011D6Y6TR, STM32C011F4P3, STM32C011F4P6, STM32C011F4U3, STM32C011F4U6TR, STM32C011F6P3, STM32C011F6P6, STM32C011F6U3, STM32C011F6U6TR, STM32C011J4M3, STM32C011J4M6, STM32C011J6M3, STM32C011J6M6, STM32C0316-DK, STM32C031C4T3, STM32C031C4T6, STM32C031C4U3, STM32C031C4U6, STM32C031C6T3, STM32C031C6T6, STM32C031C6U3, STM32C031C6U6, STM32C031F4P3, STM32C031F4P6, STM32C031F6P3, STM32C031F6P6, STM32C031G4U3, STM32C031G4U6, STM32C031G6U3, STM32C031G6U6, STM32C031K4T3, STM32C031K4T6, STM32C031K4U3, STM32C031K4U6, STM32C031K6T3, STM32C031K6T6, STM32C031K6U3, STM32C031K6U6, STM32G071K8TXN, STM32G071K8UXN, STM32G081GBU6N, STM32G081KBT6N, STM32G081KBUXN, STM32G0B1CCT6N, STM32G0B1KCT6, STM32G0B1NEY6TR, STM32G0B1RCT6N, STM32G0C1CCT6, STM32G0C1CCT6N, STM32G0C1CCU6N, STM32G0C1CET6N, STM32G0C1CEU6N, STM32G0C1KCT6, STM32G0C1NEY6TR, STM32G0C1RCI6N, STM32G0C1RCT6N, STM32G0C1REI6N, STM32G0C1RET6N, STM32G0C1VCI6, STM32G0C1VEI6, STM32G471CCT6, STM32G471CCU6, STM32G471CET3, STM32G471CET6, STM32G471CEU3, STM32G471CEU6, STM32G471MCT6, STM32G471MET3, STM32G471MET6, STM32G471MEY6TR, STM32G471QCT6, STM32G471QET3, STM32G471RCT6, STM32G471RET3, STM32G471RET6, STM32G471VCH6, STM32G471VCI6, STM32G471VCT6, STM32G471VEH3, STM32G471VEH6, STM32G471VEI3, STM32G471VEI6, STM32G471VET3, STM32G471VET6, STM32G474CCT6, STM32H503CBT6, STM32H503CBU6, STM32H503EBY6TR, STM32H503KBU6, STM32H503RBT6, STM32H562AGI6, STM32H562AII6, STM32H562IGK6, STM32H562IGT6, STM32H562IIK6, STM32H562IIT6, STM32H562RGT6, STM32H562RGV6, STM32H562RIT6, STM32H562RIV6, STM32H562VGT6, STM32H562VIT6, STM32H562ZGT6, STM32H562ZIT6, STM32H563AGI6, STM32H563AII3Q, STM32H563AII6, STM32H563IGK6, STM32H563IGT6, STM32H563IIK3Q, STM32H563IIK6, STM32H563IIT3Q, STM32H563IIT6, STM32H563MIY3QTR, STM32H563RGT6, STM32H563RGV6, STM32H563RIT6, STM32H563RIV6, STM32H563VGT6, STM32H563VIT3Q, STM32H563VIT6, STM32H563ZGT6, STM32H563ZIT3Q, STM32H563ZIT6, STM32H573AII3Q, STM32H573AII6, STM32H573I-DK, STM32H573IIK3Q, STM32H573IIK6, STM32H573IIT3Q, STM32H573IIT6, STM32H573MIY3QTR, STM32H573RIT6, STM32H573RIV6, STM32H573VIT3Q, STM32H573VIT6, STM32H573ZIT3Q, STM32H573ZIT6, STM32L4R5QGI6STR, STM32MP131AAE3, STM32MP131AAF3, STM32MP131AAG3, STM32MP131CAE3, STM32MP131CAF3, STM32MP131CAG3, STM32MP131DAE7, STM32MP131DAF7, STM32MP131DAG7, STM32MP131FAE7, STM32MP131FAF7, STM32MP131FAG7, STM32MP133AAE3, STM32MP133AAF3, STM32MP133AAG3, STM32MP133CAE3, STM32MP133CAF3, STM32MP133CAG3, STM32MP133DAE7, STM32MP133DAF7, STM32MP133DAG7, STM32MP133FAE7, STM32MP133FAF7, STM32MP133FAG7, STM32MP135AAE3, STM32MP135AAF3, STM32MP135AAG3, STM32MP135CAE3, STM32MP135CAF3, STM32MP135CAG3, STM32MP135DAE7, STM32MP135DAF7, STM32MP135DAG7, STM32MP135F-DK, STM32MP135FAE7, STM32MP135FAF7, STM32MP135FAF7T, STM32MP135FAF7U, STM32MP135FAG7, STM32U535CBT6, STM32U535CBT6Q, STM32U535CBU6, STM32U535CBU6Q, STM32U535CCT6, STM32U535CCT6Q, STM32U535CCU6, STM32U535CCU6Q, STM32U535CET6, STM32U535CET6Q, STM32U535CEU6, STM32U535CEU6Q, STM32U535JEY6QTR, STM32U535NCY6QTR, STM32U535NEY6QTR, STM32U535RBI6, STM32U535RBI6Q, STM32U535RBT6, STM32U535RBT6Q, STM32U535RCI6, STM32U535RCI6Q, STM32U535RCT6, STM32U535RCT6Q, STM32U535REI6, STM32U535REI6Q, STM32U535RET6, STM32U535RET6Q, STM32U535VCI6, STM32U535VCI6Q, STM32U535VCT6, STM32U535VCT6Q, STM32U535VEI6, STM32U535VEI6Q, STM32U535VET6, STM32U535VET6Q, STM32U545CET6, STM32U545CET6Q, STM32U545CEU6, STM32U545CEU6Q, STM32U545JEY6QTR, STM32U545NEY6QTR, STM32U545REI6, STM32U545REI6Q, STM32U545RET6, STM32U545RET6Q, STM32U545VEI6, STM32U545VEI6Q, STM32U545VET6, STM32U545VET6Q, STM32U595AIH6, STM32U595AIH6Q, STM32U595AJH6, STM32U595AJH6Q, STM32U595QII6, STM32U595QII6Q, STM32U595QJI6, STM32U595QJI6Q, STM32U595RIT6, STM32U595RIT6Q, STM32U595RJT6, STM32U595RJT6Q, STM32U595VIT6, STM32U595VIT6Q, STM32U595VJT6, STM32U595VJT6Q, STM32U595ZIT6, STM32U595ZIT6Q, STM32U595ZIY6QTR, STM32U595ZJT6, STM32U595ZJT6Q, STM32U595ZJY6QTR, STM32U599BJY6QTR, STM32U599NIH6Q, STM32U599NJH6Q, STM32U599VIT6Q, STM32U599VJT6, STM32U599VJT6Q, STM32U599ZIT6Q, STM32U599ZIY6QTR, STM32U599ZJT6Q, STM32U599ZJY6QTR, STM32U5A5AJH6, STM32U5A5AJH6Q, STM32U5A5QJI6, STM32U5A5QJI6Q, STM32U5A5RJT6, STM32U5A5RJT6Q, STM32U5A5VJT6, STM32U5A5VJT6Q, STM32U5A5ZJT6, STM32U5A5ZJT6Q, STM32U5A5ZJY6QTR, STM32U5A9BJY6QTR, STM32U5A9J-DK, STM32U5A9NJH6Q, STM32U5A9VJT6Q, STM32U5A9ZJT6Q, STM32U5A9ZJY6QTR, STM32WB1MMCH6, STM32WBA52CEU6, STM32WBA52CEU6T, STM32WBA52CGU6, STM32WBA52CGU6T, STM32WL5MOCH6, STM32WL5MOCH6TR]
2025-03-26 10:34:36,370 [INFO] DbMcus:216 - Found 4381 MCUs, 4381 are supported
2025-03-26 10:34:36,375 [INFO] ApiDb:423 - Load user favorites file C:\Users\voine/.stm32cubeide/favorites.mcus.txt: 0 item(s)
2025-03-26 10:34:36,376 [INFO] ApiDb:427 - User favorites MCUs=[]
2025-03-26 10:34:36,376 [INFO] DbMcus:222 - Set 0 / 0 favorites MCUs
2025-03-26 10:34:37,516 [WARN] ThirdParty:833 - waiting for thirdparty lock release [change project]
2025-03-26 10:34:37,517 [INFO] ThirdParty:835 - entering critical section [change project]
2025-03-26 10:34:37,517 [INFO] ThirdParty:1030 - CMSIS Pack Vendor :STMicroelectronics X-CUBE-GNSS1 6.0.0
2025-03-26 10:34:37,517 [INFO] ThirdParty:1030 - CMSIS Pack Vendor :STMicroelectronics USB_HOST 2.0.0
2025-03-26 10:34:37,517 [INFO] ThirdParty:1030 - CMSIS Pack Vendor :STMicroelectronics FP-SNS-MOTENVWB1 1.4.0
2025-03-26 10:34:37,517 [INFO] ThirdParty:1030 - CMSIS Pack Vendor :STMicroelectronics X-CUBE-AZRTOS-F4 1.1.0
2025-03-26 10:34:37,518 [INFO] ThirdParty:1030 - CMSIS Pack Vendor :STMicroelectronics LIBJPEG 8.0.0
2025-03-26 10:34:37,518 [INFO] ThirdParty:1030 - CMSIS Pack Vendor :STMicroelectronics FP-ATR-ASTRA1 2.0.2
2025-03-26 10:34:37,518 [INFO] ThirdParty:1030 - CMSIS Pack Vendor :STMicroelectronics FP-ATR-ASTRA1 2.0.1
2025-03-26 10:34:37,518 [INFO] ThirdParty:1030 - CMSIS Pack Vendor :STMicroelectronics X-CUBE-SMBUS 2.1.0
2025-03-26 10:34:37,518 [INFO] ThirdParty:1030 - CMSIS Pack Vendor :STMicroelectronics X-CUBE-WB05N 1.1.0
2025-03-26 10:34:37,518 [INFO] ThirdParty:1030 - CMSIS Pack Vendor :STMicroelectronics X-CUBE-ISPU 2.1.0
2025-03-26 10:34:37,519 [INFO] ThirdParty:1030 - CMSIS Pack Vendor :STMicroelectronics X-CUBE-FREERTOS 1.2.0
2025-03-26 10:34:37,519 [INFO] ThirdParty:1030 - CMSIS Pack Vendor :wolfSSL I-CUBE-wolfSSL 5.6.6
2025-03-26 10:34:37,519 [INFO] ThirdParty:1030 - CMSIS Pack Vendor :STMicroelectronics X-CUBE-TOUCHGFX 4.23.1
2025-03-26 10:34:37,519 [INFO] ThirdParty:1030 - CMSIS Pack Vendor :STMicroelectronics X-CUBE-TOUCHGFX 4.23.0
2025-03-26 10:34:37,519 [INFO] ThirdParty:1030 - CMSIS Pack Vendor :STMicroelectronics X-CUBE-TOUCHGFX 4.23.2
2025-03-26 10:34:37,519 [INFO] ThirdParty:1030 - CMSIS Pack Vendor :STMicroelectronics X-CUBE-AZRTOS-F7 1.1.0
2025-03-26 10:34:37,519 [INFO] ThirdParty:1030 - CMSIS Pack Vendor :STMicroelectronics X-CUBE-AZRTOS-L5 2.0.0
2025-03-26 10:34:37,519 [INFO] ThirdParty:1030 - CMSIS Pack Vendor :STMicroelectronics USB_DEVICE 2.0.0
2025-03-26 10:34:37,520 [INFO] ThirdParty:1030 - CMSIS Pack Vendor :STMicroelectronics X-CUBE-NFC6 3.1.0
2025-03-26 10:34:37,520 [INFO] ThirdParty:1030 - CMSIS Pack Vendor :ITTIA_DB I-CUBE-ITTIADB 8.8.0
2025-03-26 10:34:37,520 [INFO] ThirdParty:1030 - CMSIS Pack Vendor :STMicroelectronics FP-SNS-MOTENV1 4.3.2
2025-03-26 10:34:37,520 [INFO] ThirdParty:1030 - CMSIS Pack Vendor :STMicroelectronics X-CUBE-MEMS1 11.0.0
2025-03-26 10:34:37,520 [INFO] ThirdParty:1030 - CMSIS Pack Vendor :STMicroelectronics FreeRTOS 0.0.1
2025-03-26 10:34:37,520 [INFO] ThirdParty:1030 - CMSIS Pack Vendor :STMicroelectronics FP-SNS-FLIGHT1 5.0.2
2025-03-26 10:34:37,521 [INFO] ThirdParty:1030 - CMSIS Pack Vendor :STMicroelectronics X-CUBE-AI 9.0.0
2025-03-26 10:34:37,521 [INFO] ThirdParty:1030 - CMSIS Pack Vendor :STMicroelectronics PDM2PCM 3.3.0
2025-03-26 10:34:37,521 [INFO] ThirdParty:1030 - CMSIS Pack Vendor :STMicroelectronics X-CUBE-DISPLAY 3.0.0
2025-03-26 10:34:37,521 [INFO] ThirdParty:1030 - CMSIS Pack Vendor :STMicroelectronics X-CUBE-BLE1 7.0.0
2025-03-26 10:34:37,521 [INFO] ThirdParty:1030 - CMSIS Pack Vendor :STMicroelectronics X-CUBE-NFC10 1.0.0
2025-03-26 10:34:37,521 [INFO] ThirdParty:1030 - CMSIS Pack Vendor :STMicroelectronics HAL Drivers 0.0.0
2025-03-26 10:34:37,522 [INFO] ThirdParty:1030 - CMSIS Pack Vendor :emotas I-CUBE-CANOPEN 1.3.0
2025-03-26 10:34:37,522 [INFO] ThirdParty:1030 - CMSIS Pack Vendor :STMicroelectronics X-CUBE-FREERTOS 1.3.0
2025-03-26 10:34:37,522 [INFO] ThirdParty:1030 - CMSIS Pack Vendor :STMicroelectronics X-CUBE-NFC7 1.0.1
2025-03-26 10:34:37,522 [INFO] ThirdParty:1030 - CMSIS Pack Vendor :STMicroelectronics MBEDTLS 2.14.1
2025-03-26 10:34:37,522 [INFO] ThirdParty:1030 - CMSIS Pack Vendor :STMicroelectronics X-CUBE-NFC6 3.0.0
2025-03-26 10:34:37,523 [INFO] ThirdParty:1030 - CMSIS Pack Vendor :STMicroelectronics X-CUBE-BLEMGR 3.1.0
2025-03-26 10:34:37,523 [INFO] ThirdParty:1030 - CMSIS Pack Vendor :STMicroelectronics X-CUBE-AI 10.0.0
2025-03-26 10:34:37,523 [INFO] ThirdParty:1030 - CMSIS Pack Vendor :STMicroelectronics FP-SNS-SMARTAG2 1.2.0
2025-03-26 10:34:37,524 [INFO] ThirdParty:1030 - CMSIS Pack Vendor :STMicroelectronics X-CUBE-MEMS1 11.1.0
2025-03-26 10:34:37,525 [INFO] ThirdParty:1030 - CMSIS Pack Vendor :STMicroelectronics X-CUBE-AZRTOS-WL 2.0.0
2025-03-26 10:34:37,526 [INFO] ThirdParty:1030 - CMSIS Pack Vendor :STMicroelectronics FP-SNS-MOTENV1 5.0.0
2025-03-26 10:34:37,527 [INFO] ThirdParty:1030 - CMSIS Pack Vendor :STMicroelectronics USB_DEVICE 1.0.0
2025-03-26 10:34:37,528 [INFO] ThirdParty:1030 - CMSIS Pack Vendor :STMicroelectronics X-CUBE-AI 8.1.0
2025-03-26 10:34:37,529 [INFO] ThirdParty:1030 - CMSIS Pack Vendor :wolfSSL I-CUBE-wolfMQTT 1.19.0
2025-03-26 10:34:37,529 [INFO] ThirdParty:1030 - CMSIS Pack Vendor :STMicroelectronics X-CUBE-AZRTOS-L4 2.0.0
2025-03-26 10:34:37,529 [INFO] ThirdParty:1030 - CMSIS Pack Vendor :STMicroelectronics ThreadX 0.0.2
2025-03-26 10:34:37,529 [INFO] ThirdParty:1030 - CMSIS Pack Vendor :WES I-CUBE-Cesium 1.3.0
2025-03-26 10:34:37,530 [INFO] ThirdParty:1030 - CMSIS Pack Vendor :STMicroelectronics lwIP 2.1.2
2025-03-26 10:34:37,530 [INFO] ThirdParty:1030 - CMSIS Pack Vendor :STMicroelectronics X-CUBE-SFXS2LP1 4.0.0
2025-03-26 10:34:37,530 [INFO] ThirdParty:1030 - CMSIS Pack Vendor :STMicroelectronics X-CUBE-BLE2 3.3.0
2025-03-26 10:34:37,530 [INFO] ThirdParty:1030 - CMSIS Pack Vendor :STMicroelectronics PDM2PCM 3.2.0
2025-03-26 10:34:37,530 [INFO] ThirdParty:1030 - CMSIS Pack Vendor :STMicroelectronics X-CUBE-AZRTOS-H7 3.3.0
2025-03-26 10:34:37,530 [INFO] ThirdParty:1030 - CMSIS Pack Vendor :STMicroelectronics X-CUBE-NFC9 1.0.0
2025-03-26 10:34:37,530 [INFO] ThirdParty:1030 - CMSIS Pack Vendor :STMicroelectronics X-CUBE-BLE1 7.1.0
2025-03-26 10:34:37,531 [INFO] ThirdParty:1030 - CMSIS Pack Vendor :STMicroelectronics USB_DEVICE 3.0.0
2025-03-26 10:34:37,531 [INFO] ThirdParty:1030 - CMSIS Pack Vendor :STMicroelectronics X-CUBE-TCPP 4.1.0
2025-03-26 10:34:37,531 [INFO] ThirdParty:1030 - CMSIS Pack Vendor :STMicroelectronics X-CUBE-AZRTOS-WB 2.0.0
2025-03-26 10:34:37,531 [INFO] ThirdParty:1030 - CMSIS Pack Vendor :STMicroelectronics X-CUBE-GNSS1 7.0.0
2025-03-26 10:34:37,531 [INFO] ThirdParty:1030 - CMSIS Pack Vendor :STMicroelectronics X-CUBE-GNSS1 7.0.1
2025-03-26 10:34:37,531 [INFO] ThirdParty:1030 - CMSIS Pack Vendor :STMicroelectronics X-CUBE-TOUCHGFX 4.25.0
2025-03-26 10:34:37,531 [INFO] ThirdParty:1030 - CMSIS Pack Vendor :STMicroelectronics X-CUBE-ALGOBUILD 1.3.0
2025-03-26 10:34:37,531 [INFO] ThirdParty:1030 - CMSIS Pack Vendor :STMicroelectronics X-CUBE-AZRTOS-G0 1.1.0
2025-03-26 10:34:37,532 [INFO] ThirdParty:1030 - CMSIS Pack Vendor :STMicroelectronics X-CUBE-SAFEA1 1.2.2
2025-03-26 10:34:37,532 [INFO] ThirdParty:1030 - CMSIS Pack Vendor :STMicroelectronics X-CUBE-NFC4 3.0.0
2025-03-26 10:34:37,532 [INFO] ThirdParty:1030 - CMSIS Pack Vendor :STMicroelectronics X-CUBE-SUBG2 5.0.0
2025-03-26 10:34:37,532 [INFO] ThirdParty:1030 - CMSIS Pack Vendor :STMicroelectronics X-CUBE-AZRTOS-H7RS 1.1.0
2025-03-26 10:34:37,532 [INFO] ThirdParty:1030 - CMSIS Pack Vendor :STMicroelectronics STM32_WPAN 1.0.0
2025-03-26 10:34:37,532 [INFO] ThirdParty:1030 - CMSIS Pack Vendor :STMicroelectronics lwIP 2.0.3
2025-03-26 10:34:37,532 [INFO] ThirdParty:1030 - CMSIS Pack Vendor :Cesanta I-CUBE-Mongoose 7.13.0
2025-03-26 10:34:37,533 [INFO] ThirdParty:1030 - CMSIS Pack Vendor :STMicroelectronics USB_HOST 1.0.0
2025-03-26 10:34:37,533 [INFO] ThirdParty:1030 - CMSIS Pack Vendor :STMicroelectronics X-CUBE-AZRTOS-G4 2.0.0
2025-03-26 10:34:37,533 [INFO] ThirdParty:1030 - CMSIS Pack Vendor :STMicroelectronics PDM2PCM 3.1.0
2025-03-26 10:34:37,533 [INFO] ThirdParty:1030 - CMSIS Pack Vendor :Infineon AIROC-Wi-Fi-Bluetooth-STM32 1.5.1
2025-03-26 10:34:37,533 [INFO] ThirdParty:1030 - CMSIS Pack Vendor :STMicroelectronics X-CUBE-BLEMGR 3.0.0
2025-03-26 10:34:37,533 [INFO] ThirdParty:1030 - CMSIS Pack Vendor :STMicroelectronics FP-SNS-MOTENVWB1 1.3.1
2025-03-26 10:34:37,533 [INFO] ThirdParty:1030 - CMSIS Pack Vendor :STMicroelectronics FP-ATR-SIGFOX1 3.2.0
2025-03-26 10:34:37,533 [INFO] ThirdParty:1030 - CMSIS Pack Vendor :STMicroelectronics X-CUBE-ISPU 2.0.0
2025-03-26 10:34:37,534 [INFO] ThirdParty:1030 - CMSIS Pack Vendor :STMicroelectronics X-CUBE-EEPRMA1 5.1.0
2025-03-26 10:34:37,534 [INFO] ThirdParty:1030 - CMSIS Pack Vendor :STMicroelectronics MBEDTLS 2.16.2
2025-03-26 10:34:37,534 [INFO] ThirdParty:1030 - CMSIS Pack Vendor :STMicroelectronics X-CUBE-ALS 1.0.2
2025-03-26 10:34:37,534 [INFO] ThirdParty:1030 - CMSIS Pack Vendor :STMicroelectronics X-CUBE-MEMS1 10.0.0
2025-03-26 10:34:37,534 [INFO] ThirdParty:1030 - CMSIS Pack Vendor :STMicroelectronics X-CUBE-FREERTOS 1.1.0
2025-03-26 10:34:37,534 [INFO] ThirdParty:1030 - CMSIS Pack Vendor :STMicroelectronics X-CUBE-TOUCHGFX 4.24.2
2025-03-26 10:34:37,534 [INFO] ThirdParty:1030 - CMSIS Pack Vendor :STMicroelectronics X-CUBE-TOUCHGFX 4.24.1
2025-03-26 10:34:37,535 [INFO] ThirdParty:1030 - CMSIS Pack Vendor :wolfSSL I-CUBE-wolfTPM 3.4.0
2025-03-26 10:34:37,535 [INFO] ThirdParty:1030 - CMSIS Pack Vendor :portGmbH I-Cube-SoM-uGOAL 1.1.0
2025-03-26 10:34:37,535 [INFO] ThirdParty:1030 - CMSIS Pack Vendor :STMicroelectronics X-CUBE-ALS 1.0.1
2025-03-26 10:34:37,535 [INFO] ThirdParty:1030 - CMSIS Pack Vendor :STMicroelectronics ThreadX 1.0.0
2025-03-26 10:34:37,535 [INFO] ThirdParty:1030 - CMSIS Pack Vendor :SEGGER I-CUBE-embOS 1.3.1
2025-03-26 10:34:37,536 [INFO] ThirdParty:1030 - CMSIS Pack Vendor :STMicroelectronics X-CUBE-ALGOBUILD 1.4.0
2025-03-26 10:34:37,536 [INFO] ThirdParty:1030 - CMSIS Pack Vendor :STMicroelectronics X-CUBE-AZRTOS-H7RS 1.0.0
2025-03-26 10:34:37,536 [INFO] ThirdParty:1030 - CMSIS Pack Vendor :STMicroelectronics FP-ATR-ASTRA1 2.0.0
2025-03-26 10:34:37,536 [INFO] ThirdParty:1030 - CMSIS Pack Vendor :STMicroelectronics X-CUBE-AI 9.1.0
2025-03-26 10:34:37,536 [INFO] ThirdParty:1030 - CMSIS Pack Vendor :STMicroelectronics X-CUBE-TOF1 3.4.0
2025-03-26 10:34:37,537 [INFO] ThirdParty:1030 - CMSIS Pack Vendor :STMicroelectronics X-CUBE-TOF1 3.4.1
2025-03-26 10:34:37,537 [INFO] ThirdParty:1030 - CMSIS Pack Vendor :STMicroelectronics X-CUBE-AZRTOS-H7 3.2.0
2025-03-26 10:34:37,537 [INFO] ThirdParty:1030 - CMSIS Pack Vendor :wolfSSL I-CUBE-wolfSSH 1.4.17
2025-03-26 10:34:37,537 [INFO] ThirdParty:841 - exiting critical section [change project]
2025-03-26 10:34:38,550 [INFO] PinOutPanel:1499 - setPackage(No Configuration,No Configuration)
2025-03-26 10:34:38,556 [INFO] PinOutPanel:1499 - setPackage(STM32F401RETx,LQFP64)
2025-03-26 10:34:41,112 [INFO] UtilMem:75 - Before build in PCC Used Memory: 632796824 Bytes (658505728)
2025-03-26 10:34:44,407 [INFO] UtilMem:75 - After build in PCC Used Memory: 636295728 Bytes (658505728)
2025-03-26 10:34:44,486 [INFO] IPUIPlugin:80 - create IPUIPlugin
2025-03-26 10:34:44,487 [INFO] IPUIPlugin:80 - create IPUIPlugin
2025-03-26 10:34:44,488 [INFO] IPUIPlugin:80 - create IPUIPlugin
2025-03-26 10:34:44,489 [INFO] IPUIPlugin:80 - create IPUIPlugin
2025-03-26 10:34:44,490 [INFO] IPUIPlugin:80 - create IPUIPlugin
2025-03-26 10:34:44,491 [INFO] IPUIPlugin:80 - create IPUIPlugin
2025-03-26 10:34:44,491 [INFO] IPUIPlugin:80 - create IPUIPlugin
2025-03-26 10:34:44,492 [INFO] IPUIPlugin:80 - create IPUIPlugin
2025-03-26 10:34:44,493 [INFO] IPUIPlugin:80 - create IPUIPlugin
2025-03-26 10:34:44,494 [INFO] IPUIPlugin:80 - create IPUIPlugin
2025-03-26 10:34:44,494 [INFO] IPUIPlugin:80 - create IPUIPlugin
2025-03-26 10:34:44,495 [INFO] IPUIPlugin:80 - create IPUIPlugin
2025-03-26 10:34:44,496 [INFO] IPUIPlugin:80 - create IPUIPlugin
2025-03-26 10:34:44,497 [INFO] IPUIPlugin:80 - create IPUIPlugin
2025-03-26 10:34:44,498 [INFO] IPUIPlugin:80 - create IPUIPlugin
2025-03-26 10:34:44,499 [INFO] IPUIPlugin:80 - create IPUIPlugin
2025-03-26 10:34:44,500 [INFO] IPUIPlugin:80 - create IPUIPlugin
2025-03-26 10:34:44,501 [INFO] IPUIPlugin:80 - create IPUIPlugin
2025-03-26 10:34:44,502 [INFO] IPUIPlugin:80 - create IPUIPlugin
2025-03-26 10:34:44,503 [INFO] IPUIPlugin:80 - create IPUIPlugin
2025-03-26 10:34:44,504 [INFO] IPUIPlugin:80 - create IPUIPlugin
2025-03-26 10:34:44,505 [INFO] IPUIPlugin:80 - create IPUIPlugin
2025-03-26 10:34:44,506 [INFO] IPUIPlugin:80 - create IPUIPlugin
2025-03-26 10:34:44,507 [INFO] IPUIPlugin:80 - create IPUIPlugin
2025-03-26 10:34:44,508 [INFO] IPUIPlugin:80 - create IPUIPlugin
2025-03-26 10:34:44,509 [INFO] IPUIPlugin:80 - create IPUIPlugin
2025-03-26 10:34:44,510 [INFO] IPUIPlugin:80 - create IPUIPlugin
2025-03-26 10:34:44,511 [INFO] IPUIPlugin:80 - create IPUIPlugin
2025-03-26 10:34:44,512 [INFO] IPUIPlugin:80 - create IPUIPlugin
2025-03-26 10:34:44,513 [INFO] IPUIPlugin:80 - create IPUIPlugin
2025-03-26 10:34:44,514 [INFO] IPUIPlugin:80 - create IPUIPlugin
2025-03-26 10:34:44,515 [INFO] IPUIPlugin:80 - create IPUIPlugin
2025-03-26 10:34:44,516 [INFO] IPUIPlugin:80 - create IPUIPlugin
2025-03-26 10:34:44,517 [INFO] IPUIPlugin:80 - create IPUIPlugin
2025-03-26 10:34:44,518 [INFO] IPUIPlugin:80 - create IPUIPlugin
2025-03-26 10:34:44,519 [INFO] IPUIPlugin:80 - create IPUIPlugin
2025-03-26 10:34:44,520 [INFO] IPUIPlugin:80 - create IPUIPlugin
2025-03-26 10:34:44,520 [INFO] IPUIPlugin:80 - create IPUIPlugin
2025-03-26 10:34:44,828 [INFO] ApiDbMcu:507 - Load IP Config File for PDM2PCM
2025-03-26 10:34:45,400 [INFO] CADModel:165 - CPN selected for project levelSTM32F401RET6
2025-03-26 10:34:45,400 [INFO] CADModel:114 - Register for checkConnection events
2025-03-26 10:34:45,498 [INFO] OpenFileManager:328 - Restore cursor
